#
# There is insufficient memory for the Java Runtime Environment to continue.
# Native memory allocation (malloc) failed to allocate 540656 bytes for Chunk::new
# Possible reasons:
#   The system is out of physical RAM or swap space
#   In 32 bit mode, the process size limit was hit
# Possible solutions:
#   Reduce memory load on the system
#   Increase physical memory or swap space
#   Check if swap backing store is full
#   Use 64 bit Java on a 64 bit OS
#   Decrease Java heap size (-Xmx/-Xms)
#   Decrease number of Java threads
#   Decrease Java thread stack sizes (-Xss)
#   Set larger code cache with -XX:ReservedCodeCacheSize=
# This output file may be truncated or incomplete.
#
#  Out of Memory Error (allocation.cpp:390), pid=7664, tid=0x00000000000013e0
#
# JRE version: OpenJDK Runtime Environment (8.0_76-b03) (build 1.8.0_76-release-b03)
# Java VM: OpenJDK 64-Bit Server VM (25.76-b03 mixed mode windows-amd64 compressed oops)
# Failed to write core dump. Minidumps are not enabled by default on client versions of Windows
#

---------------  T H R E A D  ---------------

Current thread (0x0000000015a4c800):  JavaThread "C2 CompilerThread1" daemon [_thread_in_native, id=5088, stack(0x0000000017450000,0x0000000017550000)]

Stack: [0x0000000017450000,0x0000000017550000]
[error occurred during error reporting (printing stack bounds), id 0xc0000005]

Native frames: (J=compiled Java code, j=interpreted, Vv=VM code, C=native code)


Current CompileTask:
C2:  71012 2641   !   4       com.android.dx.cf.code.BytecodeArray::parseInstruction (2764 bytes)


---------------  P R O C E S S  ---------------

Java Threads: ( => current thread )
  0x0000000017082000 JavaThread "Service Thread" daemon [_thread_blocked, id=6868, stack(0x0000000017650000,0x0000000017750000)]
  0x0000000017055000 JavaThread "C1 CompilerThread2" daemon [_thread_blocked, id=4820, stack(0x0000000017550000,0x0000000017650000)]
=>0x0000000015a4c800 JavaThread "C2 CompilerThread1" daemon [_thread_in_native, id=5088, stack(0x0000000017450000,0x0000000017550000)]
  0x0000000015a49800 JavaThread "C2 CompilerThread0" daemon [_thread_in_native, id=1056, stack(0x0000000016f50000,0x0000000017050000)]
  0x0000000015a48000 JavaThread "Attach Listener" daemon [_thread_blocked, id=7652, stack(0x0000000016e50000,0x0000000016f50000)]
  0x00000000159fd800 JavaThread "Signal Dispatcher" daemon [_thread_blocked, id=856, stack(0x0000000016d50000,0x0000000016e50000)]
  0x00000000159d8800 JavaThread "Finalizer" daemon [_thread_blocked, id=10612, stack(0x0000000016c50000,0x0000000016d50000)]
  0x0000000003312800 JavaThread "Reference Handler" daemon [_thread_blocked, id=6792, stack(0x0000000016b50000,0x0000000016c50000)]
  0x0000000003220800 JavaThread "main" [_thread_in_Java, id=8760, stack(0x0000000002ce0000,0x0000000002de0000)]

Other Threads:
  0x00000000159b5000 VMThread [stack: 0x0000000016a50000,0x0000000016b50000] [id=1456]
  0x0000000017084000 WatcherThread [stack: 0x0000000017750000,0x0000000017850000] [id=8028]

VM state:not at safepoint (normal execution)

VM Mutex/Monitor currently owned by a thread: None

Heap:
 PSYoungGen      total 242176K, used 165398K [0x00000000eab00000, 0x00000000fe380000, 0x0000000100000000)
  eden space 183808K, 83% used [0x00000000eab00000,0x00000000f419ebc0,0x00000000f5e80000)
  from space 58368K, 19% used [0x00000000f5e80000,0x00000000f6966f28,0x00000000f9780000)
  to   space 55296K, 0% used [0x00000000fad80000,0x00000000fad80000,0x00000000fe380000)
 ParOldGen       total 354304K, used 220294K [0x00000000c0000000, 0x00000000d5a00000, 0x00000000eab00000)
  object space 354304K, 62% used [0x00000000c0000000,0x00000000cd721bf0,0x00000000d5a00000)
 Metaspace       used 6298K, capacity 7216K, committed 7296K, reserved 1056768K
  class space    used 578K, capacity 616K, committed 640K, reserved 1048576K

Card table byte_map: [0x00000000126e0000,0x00000000128f0000] byte_map_base: 0x00000000120e0000

Marking Bits: (ParMarkBitMap*) 0x0000000065869d00
 Begin Bits: [0x0000000012e50000, 0x0000000013e50000)
 End Bits:   [0x0000000013e50000, 0x0000000014e50000)

Polling page: 0x0000000001720000

CodeCache: size=245760Kb used=11580Kb max_used=11580Kb free=234179Kb
 bounds [0x0000000003320000, 0x0000000003ea0000, 0x0000000012320000]
 total_blobs=2408 nmethods=2140 adapters=182
 compilation: enabled

Compilation events (10 events):
Event: 70.844 Thread 0x0000000017055000 2711       3       com.android.dx.dex.file.EncodedMethod::addContents (35 bytes)
Event: 70.845 Thread 0x0000000017055000 nmethod 2711 0x0000000003c31950 code [0x0000000003c31ac0, 0x0000000003c31f18]
Event: 70.849 Thread 0x0000000017055000 2712       3       java.util.Collections::sort (8 bytes)
Event: 70.849 Thread 0x0000000017055000 nmethod 2712 0x0000000003c31510 code [0x0000000003c31680, 0x0000000003c31888]
Event: 70.851 Thread 0x0000000017055000 2713       3       com.android.dx.dex.file.EncodedField::addContents (15 bytes)
Event: 70.852 Thread 0x0000000017055000 nmethod 2713 0x0000000003c31010 code [0x0000000003c31180, 0x0000000003c31428]
Event: 70.853 Thread 0x0000000017055000 2714       3       com.android.dx.dex.file.ClassDataItem::getStaticValuesConstant (30 bytes)
Event: 70.854 Thread 0x0000000017055000 nmethod 2714 0x0000000003c30b90 code [0x0000000003c30d00, 0x0000000003c30f48]
Event: 70.858 Thread 0x0000000017055000 2715       3       com.android.dx.dex.file.ClassDataItem::addContents (207 bytes)
Event: 70.866 Thread 0x0000000017055000 nmethod 2715 0x0000000003c2cc50 code [0x0000000003c2d080, 0x0000000003c2f978]

GC Heap History (10 events):
Event: 46.798 GC heap before
{Heap before GC invocations=17 (full 3):
 PSYoungGen      total 207872K, used 38382K [0x00000000eab00000, 0x00000000fbc80000, 0x0000000100000000)
  eden space 169472K, 0% used [0x00000000eab00000,0x00000000eab00000,0x00000000f5080000)
  from space 38400K, 99% used [0x00000000f8080000,0x00000000fa5fba08,0x00000000fa600000)
  to   space 49152K, 0% used [0x00000000f5080000,0x00000000f5080000,0x00000000f8080000)
 ParOldGen       total 132608K, used 122294K [0x00000000c0000000, 0x00000000c8180000, 0x00000000eab00000)
  object space 132608K, 92% used [0x00000000c0000000,0x00000000c776da68,0x00000000c8180000)
 Metaspace       used 6209K, capacity 7216K, committed 7296K, reserved 1056768K
  class space    used 573K, capacity 616K, committed 640K, reserved 1048576K
Event: 50.379 GC heap after
Heap after GC invocations=17 (full 3):
 PSYoungGen      total 207872K, used 25999K [0x00000000eab00000, 0x00000000fbc80000, 0x0000000100000000)
  eden space 169472K, 0% used [0x00000000eab00000,0x00000000eab00000,0x00000000f5080000)
  from space 38400K, 67% used [0x00000000f8080000,0x00000000f99e3f40,0x00000000fa600000)
  to   space 49152K, 0% used [0x00000000f5080000,0x00000000f5080000,0x00000000f8080000)
 ParOldGen       total 220672K, used 132240K [0x00000000c0000000, 0x00000000cd780000, 0x00000000eab00000)
  object space 220672K, 59% used [0x00000000c0000000,0x00000000c8124148,0x00000000cd780000)
 Metaspace       used 6209K, capacity 7216K, committed 7296K, reserved 1056768K
  class space    used 573K, capacity 616K, committed 640K, reserved 1048576K
}
Event: 55.595 GC heap before
{Heap before GC invocations=18 (full 3):
 PSYoungGen      total 207872K, used 195471K [0x00000000eab00000, 0x00000000fbc80000, 0x0000000100000000)
  eden space 169472K, 100% used [0x00000000eab00000,0x00000000f5080000,0x00000000f5080000)
  from space 38400K, 67% used [0x00000000f8080000,0x00000000f99e3f40,0x00000000fa600000)
  to   space 49152K, 0% used [0x00000000f5080000,0x00000000f5080000,0x00000000f8080000)
 ParOldGen       total 220672K, used 132240K [0x00000000c0000000, 0x00000000cd780000, 0x00000000eab00000)
  object space 220672K, 59% used [0x00000000c0000000,0x00000000c8124148,0x00000000cd780000)
 Metaspace       used 6213K, capacity 7216K, committed 7296K, reserved 1056768K
  class space    used 573K, capacity 616K, committed 640K, reserved 1048576K
Event: 55.991 GC heap after
Heap after GC invocations=18 (full 3):
 PSYoungGen      total 218624K, used 27328K [0x00000000eab00000, 0x00000000fc780000, 0x0000000100000000)
  eden space 169472K, 0% used [0x00000000eab00000,0x00000000eab00000,0x00000000f5080000)
  from space 49152K, 55% used [0x00000000f5080000,0x00000000f6b30000,0x00000000f8080000)
  to   space 49152K, 0% used [0x00000000f9780000,0x00000000f9780000,0x00000000fc780000)
 ParOldGen       total 220672K, used 158491K [0x00000000c0000000, 0x00000000cd780000, 0x00000000eab00000)
  object space 220672K, 71% used [0x00000000c0000000,0x00000000c9ac6c38,0x00000000cd780000)
 Metaspace       used 6213K, capacity 7216K, committed 7296K, reserved 1056768K
  class space    used 573K, capacity 616K, committed 640K, reserved 1048576K
}
Event: 59.443 GC heap before
{Heap before GC invocations=19 (full 3):
 PSYoungGen      total 218624K, used 196800K [0x00000000eab00000, 0x00000000fc780000, 0x0000000100000000)
  eden space 169472K, 100% used [0x00000000eab00000,0x00000000f5080000,0x00000000f5080000)
  from space 49152K, 55% used [0x00000000f5080000,0x00000000f6b30000,0x00000000f8080000)
  to   space 49152K, 0% used [0x00000000f9780000,0x00000000f9780000,0x00000000fc780000)
 ParOldGen       total 220672K, used 158491K [0x00000000c0000000, 0x00000000cd780000, 0x00000000eab00000)
  object space 220672K, 71% used [0x00000000c0000000,0x00000000c9ac6c38,0x00000000cd780000)
 Metaspace       used 6226K, capacity 7216K, committed 7296K, reserved 1056768K
  class space    used 573K, capacity 616K, committed 640K, reserved 1048576K
Event: 59.853 GC heap after
Heap after GC invocations=19 (full 3):
 PSYoungGen      total 232960K, used 49120K [0x00000000eab00000, 0x00000000fde80000, 0x0000000100000000)
  eden space 183808K, 0% used [0x00000000eab00000,0x00000000eab00000,0x00000000f5e80000)
  from space 49152K, 99% used [0x00000000f9780000,0x00000000fc7782a0,0x00000000fc780000)
  to   space 58368K, 0% used [0x00000000f5e80000,0x00000000f5e80000,0x00000000f9780000)
 ParOldGen       total 220672K, used 162201K [0x00000000c0000000, 0x00000000cd780000, 0x00000000eab00000)
  object space 220672K, 73% used [0x00000000c0000000,0x00000000c9e664d0,0x00000000cd780000)
 Metaspace       used 6226K, capacity 7216K, committed 7296K, reserved 1056768K
  class space    used 573K, capacity 616K, committed 640K, reserved 1048576K
}
Event: 62.216 GC heap before
{Heap before GC invocations=20 (full 3):
 PSYoungGen      total 232960K, used 232928K [0x00000000eab00000, 0x00000000fde80000, 0x0000000100000000)
  eden space 183808K, 100% used [0x00000000eab00000,0x00000000f5e80000,0x00000000f5e80000)
  from space 49152K, 99% used [0x00000000f9780000,0x00000000fc7782a0,0x00000000fc780000)
  to   space 58368K, 0% used [0x00000000f5e80000,0x00000000f5e80000,0x00000000f9780000)
 ParOldGen       total 220672K, used 162201K [0x00000000c0000000, 0x00000000cd780000, 0x00000000eab00000)
  object space 220672K, 73% used [0x00000000c0000000,0x00000000c9e664d0,0x00000000cd780000)
 Metaspace       used 6226K, capacity 7216K, committed 7296K, reserved 1056768K
  class space    used 573K, capacity 616K, committed 640K, reserved 1048576K
Event: 62.648 GC heap after
Heap after GC invocations=20 (full 3):
 PSYoungGen      total 242176K, used 22584K [0x00000000eab00000, 0x00000000fe380000, 0x0000000100000000)
  eden space 183808K, 0% used [0x00000000eab00000,0x00000000eab00000,0x00000000f5e80000)
  from space 58368K, 38% used [0x00000000f5e80000,0x00000000f748e198,0x00000000f9780000)
  to   space 55296K, 0% used [0x00000000fad80000,0x00000000fad80000,0x00000000fe380000)
 ParOldGen       total 220672K, used 211536K [0x00000000c0000000, 0x00000000cd780000, 0x00000000eab00000)
  object space 220672K, 95% used [0x00000000c0000000,0x00000000cce94048,0x00000000cd780000)
 Metaspace       used 6226K, capacity 7216K, committed 7296K, reserved 1056768K
  class space    used 573K, capacity 616K, committed 640K, reserved 1048576K
}
Event: 62.648 GC heap before
{Heap before GC invocations=21 (full 4):
 PSYoungGen      total 242176K, used 22584K [0x00000000eab00000, 0x00000000fe380000, 0x0000000100000000)
  eden space 183808K, 0% used [0x00000000eab00000,0x00000000eab00000,0x00000000f5e80000)
  from space 58368K, 38% used [0x00000000f5e80000,0x00000000f748e198,0x00000000f9780000)
  to   space 55296K, 0% used [0x00000000fad80000,0x00000000fad80000,0x00000000fe380000)
 ParOldGen       total 220672K, used 211536K [0x00000000c0000000, 0x00000000cd780000, 0x00000000eab00000)
  object space 220672K, 95% used [0x00000000c0000000,0x00000000cce94048,0x00000000cd780000)
 Metaspace       used 6226K, capacity 7216K, committed 7296K, reserved 1056768K
  class space    used 573K, capacity 616K, committed 640K, reserved 1048576K
Event: 68.592 GC heap after
Heap after GC invocations=21 (full 4):
 PSYoungGen      total 242176K, used 11163K [0x00000000eab00000, 0x00000000fe380000, 0x0000000100000000)
  eden space 183808K, 0% used [0x00000000eab00000,0x00000000eab00000,0x00000000f5e80000)
  from space 58368K, 19% used [0x00000000f5e80000,0x00000000f6966f28,0x00000000f9780000)
  to   space 55296K, 0% used [0x00000000fad80000,0x00000000fad80000,0x00000000fe380000)
 ParOldGen       total 354304K, used 220294K [0x00000000c0000000, 0x00000000d5a00000, 0x00000000eab00000)
  object space 354304K, 62% used [0x00000000c0000000,0x00000000cd721bf0,0x00000000d5a00000)
 Metaspace       used 6226K, capacity 7216K, committed 7296K, reserved 1056768K
  class space    used 573K, capacity 616K, committed 640K, reserved 1048576K
}

Deoptimization events (10 events):
Event: 61.927 Thread 0x0000000003220800 Uncommon trap: reason=unstable_if action=reinterpret pc=0x00000000037282f0 method=com.android.dx.rop.code.LocalItem.compareHandlesNulls(Lcom/android/dx/rop/cst/CstString;Lcom/android/dx/rop/cst/CstString;)I @ 8
Event: 61.946 Thread 0x0000000003220800 Uncommon trap: reason=unstable_if action=reinterpret pc=0x000000000377513c method=com.android.dx.rop.code.LocalItem.compareHandlesNulls(Lcom/android/dx/rop/cst/CstString;Lcom/android/dx/rop/cst/CstString;)I @ 8
Event: 61.946 Thread 0x0000000003220800 Uncommon trap: reason=unstable_if action=reinterpret pc=0x000000000384aee8 method=com.android.dx.rop.code.LocalItem.compareHandlesNulls(Lcom/android/dx/rop/cst/CstString;Lcom/android/dx/rop/cst/CstString;)I @ 8
Event: 70.292 Thread 0x0000000003220800 Uncommon trap: reason=bimorphic action=maybe_recompile pc=0x0000000003e635dc method=com.android.dx.cf.code.BytecodeArray.parseInstruction(ILcom/android/dx/cf/code/BytecodeArray$Visitor;)I @ 891
Event: 70.292 Thread 0x0000000003220800 Uncommon trap: reason=bimorphic action=maybe_recompile pc=0x0000000003e635dc method=com.android.dx.cf.code.BytecodeArray.parseInstruction(ILcom/android/dx/cf/code/BytecodeArray$Visitor;)I @ 891
Event: 70.611 Thread 0x0000000003220800 Uncommon trap: reason=class_check action=maybe_recompile pc=0x00000000039270c4 method=java.util.Arrays.hashCode([Ljava/lang/Object;)I @ 43
Event: 70.611 Thread 0x0000000003220800 Uncommon trap: reason=class_check action=maybe_recompile pc=0x00000000039270c4 method=java.util.Arrays.hashCode([Ljava/lang/Object;)I @ 43
Event: 70.611 Thread 0x0000000003220800 Uncommon trap: reason=class_check action=maybe_recompile pc=0x00000000039270c4 method=java.util.Arrays.hashCode([Ljava/lang/Object;)I @ 43
Event: 70.616 Thread 0x0000000003220800 Uncommon trap: reason=class_check action=maybe_recompile pc=0x00000000039270c4 method=java.util.Arrays.hashCode([Ljava/lang/Object;)I @ 43
Event: 70.616 Thread 0x0000000003220800 Uncommon trap: reason=class_check action=maybe_recompile pc=0x000000000393e4b0 method=java.util.Arrays.hashCode([Ljava/lang/Object;)I @ 43

Internal exceptions (10 events):
Event: 5.974 Thread 0x0000000003220800 Exception <a 'java/lang/ArrayIndexOutOfBoundsException': 18> (0x00000000eace3a50) thrown at [C:\src\android\AOSP-openjdk\external\jetbrains\jdk\hotspot\src\share\vm\interpreter\interpreterRuntime.cpp, line 366]
Event: 5.976 Thread 0x0000000003220800 Exception <a 'java/lang/ArrayIndexOutOfBoundsException'> (0x00000000eace55d0) thrown at [C:\src\android\AOSP-openjdk\external\jetbrains\jdk\hotspot\src\share\vm\runtime\sharedRuntime.cpp, line 605]
Event: 5.980 Thread 0x0000000003220800 Exception <a 'java/lang/ArrayIndexOutOfBoundsException'> (0x00000000eace68b8) thrown at [C:\src\android\AOSP-openjdk\external\jetbrains\jdk\hotspot\src\share\vm\runtime\sharedRuntime.cpp, line 605]
Event: 9.464 Thread 0x0000000003220800 Implicit null exception at 0x00000000038332e2 to 0x0000000003835c2d
Event: 9.465 Thread 0x0000000003220800 Implicit null exception at 0x0000000003817f80 to 0x00000000038195d5
Event: 54.297 Thread 0x0000000003220800 Implicit null exception at 0x00000000038d1ee9 to 0x00000000038d353d
Event: 61.927 Thread 0x0000000003220800 Implicit null exception at 0x0000000003574d12 to 0x0000000003575b99
Event: 61.927 Thread 0x0000000003220800 Implicit null exception at 0x0000000003728088 to 0x00000000037282dd
Event: 61.946 Thread 0x0000000003220800 Implicit null exception at 0x0000000003774fcf to 0x0000000003775129
Event: 61.946 Thread 0x0000000003220800 Implicit null exception at 0x000000000384add8 to 0x000000000384aed5

Events (10 events):
Event: 70.616 Thread 0x0000000003220800 Uncommon trap: trap_request=0xffffffde fr.pc=0x00000000039270c4
Event: 70.616 Thread 0x0000000003220800 DEOPT PACKING pc=0x00000000039270c4 sp=0x0000000002ddeb90
Event: 70.616 Thread 0x0000000003220800 DEOPT UNPACKING pc=0x000000000336556a sp=0x0000000002ddeac0 mode 2
Event: 70.616 Thread 0x0000000003220800 Uncommon trap: trap_request=0xffffffde fr.pc=0x000000000393e4b0
Event: 70.616 Thread 0x0000000003220800 DEOPT PACKING pc=0x000000000393e4b0 sp=0x0000000002ddeb40
Event: 70.616 Thread 0x0000000003220800 DEOPT UNPACKING pc=0x000000000336556a sp=0x0000000002ddeac8 mode 2
Event: 70.628 loading class java/util/ComparableTimSort
Event: 70.629 loading class java/util/ComparableTimSort done
Event: 70.631 loading class com/android/dx/rop/cst/Zeroes
Event: 70.631 loading class com/android/dx/rop/cst/Zeroes done


Dynamic libraries:
0x00007ff750280000 - 0x00007ff7502b1000 	C:\Program Files\Android\Android Studio\jre\bin\java.exe
0x00007ff9a3cf0000 - 0x00007ff9a3ec1000 	C:\WINDOWS\SYSTEM32\ntdll.dll
0x00007ff9a14f0000 - 0x00007ff9a159b000 	C:\WINDOWS\System32\KERNEL32.DLL
0x00007ff9a0d40000 - 0x00007ff9a0f5d000 	C:\WINDOWS\System32\KERNELBASE.dll
0x00007ff9a1b40000 - 0x00007ff9a1be2000 	C:\WINDOWS\System32\ADVAPI32.dll
0x00007ff9a3c30000 - 0x00007ff9a3cce000 	C:\WINDOWS\System32\msvcrt.dll
0x00007ff9a3a30000 - 0x00007ff9a3a89000 	C:\WINDOWS\System32\sechost.dll
0x00007ff9a3900000 - 0x00007ff9a3a21000 	C:\WINDOWS\System32\RPCRT4.dll
0x00007ff9a1380000 - 0x00007ff9a14e5000 	C:\WINDOWS\System32\USER32.dll
0x00007ff9a0b30000 - 0x00007ff9a0b4e000 	C:\WINDOWS\System32\win32u.dll
0x00007ff9a15c0000 - 0x00007ff9a15f4000 	C:\WINDOWS\System32\GDI32.dll
0x00007ff9a0b50000 - 0x00007ff9a0cd2000 	C:\WINDOWS\System32\gdi32full.dll
0x00007ff994f00000 - 0x00007ff995179000 	C:\WINDOWS\WinSxS\amd64_microsoft.windows.common-controls_6595b64144ccf1df_6.0.14393.447_none_42191651c6827bb3\COMCTL32.dll
0x00007ff9a1700000 - 0x00007ff9a19c8000 	C:\WINDOWS\System32\combase.dll
0x00007ff9a0350000 - 0x00007ff9a0445000 	C:\WINDOWS\System32\ucrtbase.dll
0x00007ff9a0290000 - 0x00007ff9a02fa000 	C:\WINDOWS\System32\bcryptPrimitives.dll
0x00007ff9a1b10000 - 0x00007ff9a1b3e000 	C:\WINDOWS\System32\IMM32.DLL
0x0000000064ba0000 - 0x0000000064c72000 	C:\Program Files\Android\Android Studio\jre\jre\bin\msvcr100.dll
0x00000000650b0000 - 0x00000000658e4000 	C:\Program Files\Android\Android Studio\jre\jre\bin\server\jvm.dll
0x00007ff9a3ce0000 - 0x00007ff9a3ce8000 	C:\WINDOWS\System32\PSAPI.DLL
0x00007ff994e90000 - 0x00007ff994e99000 	C:\WINDOWS\SYSTEM32\WSOCK32.dll
0x00007ff99e4d0000 - 0x00007ff99e4f3000 	C:\WINDOWS\SYSTEM32\WINMM.dll
0x00007ff99c8d0000 - 0x00007ff99c8da000 	C:\WINDOWS\SYSTEM32\VERSION.dll
0x00007ff9a3820000 - 0x00007ff9a388a000 	C:\WINDOWS\System32\WS2_32.dll
0x0000000001140000 - 0x000000000116b000 	C:\WINDOWS\SYSTEM32\WINMMBASE.dll
0x00007ff9a0300000 - 0x00007ff9a0342000 	C:\WINDOWS\System32\cfgmgr32.dll
0x00007ff99c890000 - 0x00007ff99c89f000 	C:\Program Files\Android\Android Studio\jre\jre\bin\verify.dll
0x00007ff9957b0000 - 0x00007ff9957d9000 	C:\Program Files\Android\Android Studio\jre\jre\bin\java.dll
0x00007ff995700000 - 0x00007ff995716000 	C:\Program Files\Android\Android Studio\jre\jre\bin\zip.dll
0x00007ff9a1e10000 - 0x00007ff9a3319000 	C:\WINDOWS\System32\SHELL32.dll
0x00007ff9a0450000 - 0x00007ff9a0b2a000 	C:\WINDOWS\System32\windows.storage.dll
0x00007ff9a0190000 - 0x00007ff9a01dc000 	C:\WINDOWS\System32\powrprof.dll
0x00007ff9a3320000 - 0x00007ff9a3372000 	C:\WINDOWS\System32\shlwapi.dll
0x00007ff9a0180000 - 0x00007ff9a018f000 	C:\WINDOWS\System32\kernel.appcore.dll
0x00007ff9a01e0000 - 0x00007ff9a0289000 	C:\WINDOWS\System32\shcore.dll
0x00007ff9a0150000 - 0x00007ff9a0164000 	C:\WINDOWS\System32\profapi.dll

VM Arguments:
jvm_args: -Djava.awt.headless=true -Xmx1024M -Dfile.encoding=x-windows-949 -Duser.country=KR -Duser.language=ko -Duser.variant 
java_command: com.android.dx.command.Main --dex --multi-dex --main-dex-list C:\GitHub\project\TravelPlanner\app\build\intermediates\multi-dex\debug\maindexlist.txt --output C:\GitHub\project\TravelPlanner\app\build\intermediates\transforms\dex\debug\folders\1000\1f\main C:\GitHub\project\TravelPlanner\app\build\intermediates\transforms\jarMerging\debug\jars\1\1f\combined.jar
java_class_path (initial): C:\Users\a0104\AppData\Local\Android\sdk\build-tools\21.1.2\lib\dx.jar
Launcher Type: SUN_STANDARD

Environment Variables:
JAVA_HOME=C:\Program Files\Java\jdk1.8.0_73
PATH=C:\ProgramData\Oracle\Java\javapath;C:\WINDOWS\system32;C:\WINDOWS;C:\WINDOWS\System32\Wbem;C:\WINDOWS\System32\WindowsPowerShell\v1.0\;C:\Program Files\Java\jdk1.8.0_73\bin;C:\Program Files\Bandizip\7z;C:\Users\a0104\AppData\Local\Microsoft\WindowsApps;
USERNAME=a0104
OS=Windows_NT
PROCESSOR_IDENTIFIER=AMD64 Family 22 Model 0 Stepping 1, AuthenticAMD



---------------  S Y S T E M  ---------------

OS: Windows 10.0 , 64 bit Build 14393 (10.0.14393.0)

CPU:total 4 (4 cores per cpu, 1 threads per core) family 22 model 0 stepping 1, cmov, cx8, fxsr, mmx, sse, sse2, sse3, ssse3, sse4.1, sse4.2, popcnt, avx, aes, clmul, mmxext, 3dnowpref, lzcnt, sse4a, tsc, tscinvbit, tscinv, bmi1

Memory: 4k page, physical 3611584k(437996k free), swap 5708736k(5436k free)

vm_info: OpenJDK 64-Bit Server VM (25.76-b03) for windows-amd64 JRE (1.8.0_76-release-b03), built on Jun 29 2016 19:09:20 by "ralucas" with MS VC++ 10.0 (VS2010)

time: Mon Feb 13 14:13:17 2017
elapsed time: 70 seconds (0d 0h 1m 10s)

