#
# There is insufficient memory for the Java Runtime Environment to continue.
# Native memory allocation (malloc) failed to allocate 1093536 bytes for Chunk::new
# Possible reasons:
#   The system is out of physical RAM or swap space
#   In 32 bit mode, the process size limit was hit
# Possible solutions:
#   Reduce memory load on the system
#   Increase physical memory or swap space
#   Check if swap backing store is full
#   Use 64 bit Java on a 64 bit OS
#   Decrease Java heap size (-Xmx/-Xms)
#   Decrease number of Java threads
#   Decrease Java thread stack sizes (-Xss)
#   Set larger code cache with -XX:ReservedCodeCacheSize=
# This output file may be truncated or incomplete.
#
#  Out of Memory Error (allocation.cpp:390), pid=8200, tid=0x0000000000002204
#
# JRE version: OpenJDK Runtime Environment (8.0_76-b03) (build 1.8.0_76-release-b03)
# Java VM: OpenJDK 64-Bit Server VM (25.76-b03 mixed mode windows-amd64 compressed oops)
# Failed to write core dump. Minidumps are not enabled by default on client versions of Windows
#

---------------  T H R E A D  ---------------

Current thread (0x00000000154c9800):  JavaThread "C2 CompilerThread0" daemon [_thread_in_native, id=8708, stack(0x0000000016a20000,0x0000000016b20000)]

Stack: [0x0000000016a20000,0x0000000016b20000]
[error occurred during error reporting (printing stack bounds), id 0xc0000005]

Native frames: (J=compiled Java code, j=interpreted, Vv=VM code, C=native code)


Current CompileTask:
C2:  78628 3042       4       com.android.dx.dex.code.LocalList::make (102 bytes)


---------------  P R O C E S S  ---------------

Java Threads: ( => current thread )
  0x0000000016c9e000 JavaThread "Service Thread" daemon [_thread_blocked, id=6052, stack(0x0000000017120000,0x0000000017220000)]
  0x0000000016c71000 JavaThread "C1 CompilerThread2" daemon [_thread_blocked, id=8140, stack(0x0000000017020000,0x0000000017120000)]
  0x000000001551b000 JavaThread "C2 CompilerThread1" daemon [_thread_in_native, id=7988, stack(0x0000000016b20000,0x0000000016c20000)]
=>0x00000000154c9800 JavaThread "C2 CompilerThread0" daemon [_thread_in_native, id=8708, stack(0x0000000016a20000,0x0000000016b20000)]
  0x00000000154c8000 JavaThread "Attach Listener" daemon [_thread_blocked, id=7868, stack(0x0000000016920000,0x0000000016a20000)]
  0x0000000015519000 JavaThread "Signal Dispatcher" daemon [_thread_blocked, id=3256, stack(0x0000000016820000,0x0000000016920000)]
  0x00000000154a8800 JavaThread "Finalizer" daemon [_thread_blocked, id=6428, stack(0x0000000016720000,0x0000000016820000)]
  0x0000000002de1000 JavaThread "Reference Handler" daemon [_thread_blocked, id=8980, stack(0x0000000016620000,0x0000000016720000)]
  0x0000000002cf0800 JavaThread "main" [_thread_in_vm, id=2592, stack(0x0000000002bf0000,0x0000000002cf0000)]

Other Threads:
  0x0000000015485000 VMThread [stack: 0x0000000016520000,0x0000000016620000] [id=8968]
  0x0000000016c9f800 WatcherThread [stack: 0x0000000017220000,0x0000000017320000] [id=8804]

VM state:not at safepoint (normal execution)

VM Mutex/Monitor currently owned by a thread: None

Heap:
 PSYoungGen      total 243712K, used 149292K [0x00000000eab00000, 0x00000000fec00000, 0x0000000100000000)
  eden space 201728K, 74% used [0x00000000eab00000,0x00000000f3ccb2a0,0x00000000f7000000)
  from space 41984K, 0% used [0x00000000fa580000,0x00000000fa580000,0x00000000fce80000)
  to   space 54784K, 36% used [0x00000000f7000000,0x00000000f8361ec8,0x00000000fa580000)
 ParOldGen       total 219136K, used 218852K [0x00000000c0000000, 0x00000000cd600000, 0x00000000eab00000)
  object space 219136K, 99% used [0x00000000c0000000,0x00000000cd5b9188,0x00000000cd600000)
 Metaspace       used 6635K, capacity 7536K, committed 7808K, reserved 1056768K
  class space    used 594K, capacity 616K, committed 640K, reserved 1048576K

Card table byte_map: [0x00000000121b0000,0x00000000123c0000] byte_map_base: 0x0000000011bb0000

Marking Bits: (ParMarkBitMap*) 0x0000000065929d00
 Begin Bits: [0x0000000012920000, 0x0000000013920000)
 End Bits:   [0x0000000013920000, 0x0000000014920000)

Polling page: 0x0000000001050000

CodeCache: size=245760Kb used=13920Kb max_used=13920Kb free=231839Kb
 bounds [0x0000000002df0000, 0x0000000003ba0000, 0x0000000011df0000]
 total_blobs=2983 nmethods=2714 adapters=183
 compilation: enabled

Compilation events (10 events):
Event: 78.540 Thread 0x0000000016c71000 3175       2       com.android.dx.dex.file.DebugInfoEncoder$2::compare (13 bytes)
Event: 78.541 Thread 0x0000000016c71000 nmethod 3175 0x0000000003b8e190 code [0x0000000003b8e300, 0x0000000003b8e4d0]
Event: 78.542 Thread 0x0000000016c71000 3176       2       com.android.dx.dex.file.DebugInfoEncoder::emitTypeIndex (45 bytes)
Event: 78.544 Thread 0x0000000016c71000 nmethod 3176 0x0000000003b8e690 code [0x0000000003b8e840, 0x0000000003b8eb98]
Event: 78.546 Thread 0x0000000016c71000 3177       2       com.android.dx.dex.file.DebugInfoEncoder::emitLocalStart (108 bytes)
Event: 78.549 Thread 0x0000000016c71000 nmethod 3177 0x0000000003b8ee50 code [0x0000000003b8f060, 0x0000000003b8f678]
Event: 78.552 Thread 0x0000000016c71000 3178       2       com.android.dx.dex.file.DebugInfoEncoder::buildSortedPositions (68 bytes)
Event: 78.555 Thread 0x0000000016c71000 nmethod 3178 0x0000000003b8fc90 code [0x0000000003b8fe40, 0x0000000003b90318]
Event: 78.555 Thread 0x0000000016c71000 3179       2       com.android.dx.dex.file.DebugInfoEncoder::extractMethodArguments (132 bytes)
Event: 78.558 Thread 0x0000000016c71000 nmethod 3179 0x0000000003b90750 code [0x0000000003b90940, 0x0000000003b90fb8]

GC Heap History (10 events):
Event: 51.746 GC heap before
{Heap before GC invocations=14 (full 3):
 PSYoungGen      total 197120K, used 172032K [0x00000000eab00000, 0x00000000fa580000, 0x0000000100000000)
  eden space 172032K, 100% used [0x00000000eab00000,0x00000000f5300000,0x00000000f5300000)
  from space 25088K, 0% used [0x00000000f8800000,0x00000000f8800000,0x00000000fa080000)
  to   space 5120K, 0% used [0x00000000fa080000,0x00000000fa080000,0x00000000fa580000)
 ParOldGen       total 217600K, used 134756K [0x00000000c0000000, 0x00000000cd480000, 0x00000000eab00000)
  object space 217600K, 61% used [0x00000000c0000000,0x00000000c83991d8,0x00000000cd480000)
 Metaspace       used 6210K, capacity 7216K, committed 7296K, reserved 1056768K
  class space    used 574K, capacity 616K, committed 640K, reserved 1048576K
Event: 52.024 GC heap after
Heap after GC invocations=14 (full 3):
 PSYoungGen      total 195584K, used 5092K [0x00000000eab00000, 0x00000000fb100000, 0x0000000100000000)
  eden space 190464K, 0% used [0x00000000eab00000,0x00000000eab00000,0x00000000f6500000)
  from space 5120K, 99% used [0x00000000fa080000,0x00000000fa579200,0x00000000fa580000)
  to   space 38912K, 0% used [0x00000000f6500000,0x00000000f6500000,0x00000000f8b00000)
 ParOldGen       total 217600K, used 157595K [0x00000000c0000000, 0x00000000cd480000, 0x00000000eab00000)
  object space 217600K, 72% used [0x00000000c0000000,0x00000000c99e6f30,0x00000000cd480000)
 Metaspace       used 6210K, capacity 7216K, committed 7296K, reserved 1056768K
  class space    used 574K, capacity 616K, committed 640K, reserved 1048576K
}
Event: 57.233 GC heap before
{Heap before GC invocations=15 (full 3):
 PSYoungGen      total 195584K, used 195556K [0x00000000eab00000, 0x00000000fb100000, 0x0000000100000000)
  eden space 190464K, 100% used [0x00000000eab00000,0x00000000f6500000,0x00000000f6500000)
  from space 5120K, 99% used [0x00000000fa080000,0x00000000fa579200,0x00000000fa580000)
  to   space 38912K, 0% used [0x00000000f6500000,0x00000000f6500000,0x00000000f8b00000)
 ParOldGen       total 217600K, used 157595K [0x00000000c0000000, 0x00000000cd480000, 0x00000000eab00000)
  object space 217600K, 72% used [0x00000000c0000000,0x00000000c99e6f30,0x00000000cd480000)
 Metaspace       used 6214K, capacity 7216K, committed 7296K, reserved 1056768K
  class space    used 574K, capacity 616K, committed 640K, reserved 1048576K
Event: 57.694 GC heap after
Heap after GC invocations=15 (full 3):
 PSYoungGen      total 229376K, used 30593K [0x00000000eab00000, 0x00000000fce80000, 0x0000000100000000)
  eden space 190464K, 0% used [0x00000000eab00000,0x00000000eab00000,0x00000000f6500000)
  from space 38912K, 78% used [0x00000000f6500000,0x00000000f82e0738,0x00000000f8b00000)
  to   space 41984K, 0% used [0x00000000fa580000,0x00000000fa580000,0x00000000fce80000)
 ParOldGen       total 217600K, used 162719K [0x00000000c0000000, 0x00000000cd480000, 0x00000000eab00000)
  object space 217600K, 74% used [0x00000000c0000000,0x00000000c9ee7c10,0x00000000cd480000)
 Metaspace       used 6214K, capacity 7216K, committed 7296K, reserved 1056768K
  class space    used 574K, capacity 616K, committed 640K, reserved 1048576K
}
Event: 61.349 GC heap before
{Heap before GC invocations=16 (full 3):
 PSYoungGen      total 229376K, used 221057K [0x00000000eab00000, 0x00000000fce80000, 0x0000000100000000)
  eden space 190464K, 100% used [0x00000000eab00000,0x00000000f6500000,0x00000000f6500000)
  from space 38912K, 78% used [0x00000000f6500000,0x00000000f82e0738,0x00000000f8b00000)
  to   space 41984K, 0% used [0x00000000fa580000,0x00000000fa580000,0x00000000fce80000)
 ParOldGen       total 217600K, used 162719K [0x00000000c0000000, 0x00000000cd480000, 0x00000000eab00000)
  object space 217600K, 74% used [0x00000000c0000000,0x00000000c9ee7c10,0x00000000cd480000)
 Metaspace       used 6227K, capacity 7216K, committed 7296K, reserved 1056768K
  class space    used 574K, capacity 616K, committed 640K, reserved 1048576K
Event: 61.768 GC heap after
Heap after GC invocations=16 (full 3):
 PSYoungGen      total 243712K, used 41953K [0x00000000eab00000, 0x00000000fec00000, 0x0000000100000000)
  eden space 201728K, 0% used [0x00000000eab00000,0x00000000eab00000,0x00000000f7000000)
  from space 41984K, 99% used [0x00000000fa580000,0x00000000fce78520,0x00000000fce80000)
  to   space 54784K, 0% used [0x00000000f7000000,0x00000000f7000000,0x00000000fa580000)
 ParOldGen       total 217600K, used 179788K [0x00000000c0000000, 0x00000000cd480000, 0x00000000eab00000)
  object space 217600K, 82% used [0x00000000c0000000,0x00000000caf930a0,0x00000000cd480000)
 Metaspace       used 6227K, capacity 7216K, committed 7296K, reserved 1056768K
  class space    used 574K, capacity 616K, committed 640K, reserved 1048576K
}
Event: 64.326 GC heap before
{Heap before GC invocations=17 (full 3):
 PSYoungGen      total 243712K, used 243681K [0x00000000eab00000, 0x00000000fec00000, 0x0000000100000000)
  eden space 201728K, 100% used [0x00000000eab00000,0x00000000f7000000,0x00000000f7000000)
  from space 41984K, 99% used [0x00000000fa580000,0x00000000fce78520,0x00000000fce80000)
  to   space 54784K, 0% used [0x00000000f7000000,0x00000000f7000000,0x00000000fa580000)
 ParOldGen       total 217600K, used 179788K [0x00000000c0000000, 0x00000000cd480000, 0x00000000eab00000)
  object space 217600K, 82% used [0x00000000c0000000,0x00000000caf930a0,0x00000000cd480000)
 Metaspace       used 6228K, capacity 7216K, committed 7296K, reserved 1056768K
  class space    used 574K, capacity 616K, committed 640K, reserved 1048576K
Event: 64.891 GC heap after
Heap after GC invocations=17 (full 3):
 PSYoungGen      total 243712K, used 243681K [0x00000000eab00000, 0x00000000fec00000, 0x0000000100000000)
  eden space 201728K, 100% used [0x00000000eab00000,0x00000000f7000000,0x00000000f7000000)
  from space 41984K, 99% used [0x00000000fa580000,0x00000000fce78520,0x00000000fce80000)
  to   space 54784K, 36% used [0x00000000f7000000,0x00000000f839fb28,0x00000000fa580000)
 ParOldGen       total 219136K, used 219135K [0x00000000c0000000, 0x00000000cd600000, 0x00000000eab00000)
  object space 219136K, 99% used [0x00000000c0000000,0x00000000cd5ffda8,0x00000000cd600000)
 Metaspace       used 6228K, capacity 7216K, committed 7296K, reserved 1056768K
  class space    used 574K, capacity 616K, committed 640K, reserved 1048576K
}
Event: 64.891 GC heap before
{Heap before GC invocations=18 (full 4):
 PSYoungGen      total 243712K, used 243681K [0x00000000eab00000, 0x00000000fec00000, 0x0000000100000000)
  eden space 201728K, 100% used [0x00000000eab00000,0x00000000f7000000,0x00000000f7000000)
  from space 41984K, 99% used [0x00000000fa580000,0x00000000fce78520,0x00000000fce80000)
  to   space 54784K, 36% used [0x00000000f7000000,0x00000000f839fb28,0x00000000fa580000)
 ParOldGen       total 219136K, used 219135K [0x00000000c0000000, 0x00000000cd600000, 0x00000000eab00000)
  object space 219136K, 99% used [0x00000000c0000000,0x00000000cd5ffda8,0x00000000cd600000)
 Metaspace       used 6228K, capacity 7216K, committed 7296K, reserved 1056768K
  class space    used 574K, capacity 616K, committed 640K, reserved 1048576K
Event: 70.608 GC heap after
Heap after GC invocations=18 (full 4):
 PSYoungGen      total 243712K, used 0K [0x00000000eab00000, 0x00000000fec00000, 0x0000000100000000)
  eden space 201728K, 0% used [0x00000000eab00000,0x00000000eab00000,0x00000000f7000000)
  from space 41984K, 0% used [0x00000000fa580000,0x00000000fa580000,0x00000000fce80000)
  to   space 54784K, 36% used [0x00000000f7000000,0x00000000f8361ec8,0x00000000fa580000)
 ParOldGen       total 219136K, used 218852K [0x00000000c0000000, 0x00000000cd600000, 0x00000000eab00000)
  object space 219136K, 99% used [0x00000000c0000000,0x00000000cd5b9188,0x00000000cd600000)
 Metaspace       used 6228K, capacity 7216K, committed 7296K, reserved 1056768K
  class space    used 574K, capacity 616K, committed 640K, reserved 1048576K
}

Deoptimization events (10 events):
Event: 74.592 Thread 0x0000000002cf0800 Uncommon trap: reason=array_check action=maybe_recompile pc=0x0000000003a55964 method=java.util.ComparableTimSort.binarySort([Ljava/lang/Object;III)V @ 193
Event: 74.675 Thread 0x0000000002cf0800 Uncommon trap: reason=unstable_if action=reinterpret pc=0x0000000003a7c8e8 method=com.android.dx.rop.code.RegisterSpec.matchesVariable(Lcom/android/dx/rop/code/RegisterSpec;)Z @ 59
Event: 74.678 Thread 0x0000000002cf0800 Uncommon trap: reason=array_check action=maybe_recompile pc=0x0000000003a55964 method=java.util.ComparableTimSort.binarySort([Ljava/lang/Object;III)V @ 193
Event: 74.767 Thread 0x0000000002cf0800 Uncommon trap: reason=array_check action=maybe_recompile pc=0x0000000003ad9d60 method=java.util.ComparableTimSort.binarySort([Ljava/lang/Object;III)V @ 215
Event: 74.801 Thread 0x0000000002cf0800 Uncommon trap: reason=array_check action=maybe_recompile pc=0x0000000003ad9d60 method=java.util.ComparableTimSort.binarySort([Ljava/lang/Object;III)V @ 215
Event: 74.943 Thread 0x0000000002cf0800 Uncommon trap: reason=unstable_if action=reinterpret pc=0x0000000003ad39d8 method=com.android.dx.dex.code.OutputFinisher.align64bits([Lcom/android/dx/dex/code/Dop;)V @ 205
Event: 75.083 Thread 0x0000000002cf0800 Uncommon trap: reason=array_check action=maybe_recompile pc=0x0000000003af8aa0 method=java.util.ComparableTimSort.binarySort([Ljava/lang/Object;III)V @ 215
Event: 75.176 Thread 0x0000000002cf0800 Uncommon trap: reason=unstable_if action=reinterpret pc=0x0000000003a8c51c method=com.android.dx.dex.code.LocalList$MakeState.filterSpec(Lcom/android/dx/rop/code/RegisterSpec;)Lcom/android/dx/rop/code/RegisterSpec; @ 11
Event: 75.176 Thread 0x0000000002cf0800 Uncommon trap: reason=unstable_if action=reinterpret pc=0x0000000003a71cec method=com.android.dx.dex.code.LocalList$MakeState.filterSpec(Lcom/android/dx/rop/code/RegisterSpec;)Lcom/android/dx/rop/code/RegisterSpec; @ 11
Event: 76.485 Thread 0x0000000002cf0800 Uncommon trap: reason=null_check action=make_not_entrant pc=0x0000000003b2c7f8 method=com.android.dx.dex.code.LocalList$MakeState.checkForEmptyRange(ILcom/android/dx/rop/code/RegisterSpec;)Z @ 119

Internal exceptions (10 events):
Event: 5.679 Thread 0x0000000002cf0800 Exception <a 'java/lang/ArrayIndexOutOfBoundsException'> (0x00000000eace3040) thrown at [C:\src\android\AOSP-openjdk\external\jetbrains\jdk\hotspot\src\share\vm\runtime\sharedRuntime.cpp, line 605]
Event: 5.682 Thread 0x0000000002cf0800 Exception <a 'java/lang/ArrayIndexOutOfBoundsException'> (0x00000000eace4328) thrown at [C:\src\android\AOSP-openjdk\external\jetbrains\jdk\hotspot\src\share\vm\runtime\sharedRuntime.cpp, line 605]
Event: 8.809 Thread 0x0000000002cf0800 Implicit null exception at 0x00000000032ed9be to 0x00000000032ee679
Event: 8.811 Thread 0x0000000002cf0800 Implicit null exception at 0x00000000033034a9 to 0x0000000003305f25
Event: 55.190 Thread 0x0000000002cf0800 Implicit null exception at 0x00000000033ed1d1 to 0x00000000033ee83d
Event: 63.128 Thread 0x0000000002cf0800 Implicit null exception at 0x00000000033a872c to 0x00000000033a959d
Event: 63.129 Thread 0x0000000002cf0800 Implicit null exception at 0x000000000368dd6c to 0x000000000368ded9
Event: 63.146 Thread 0x0000000002cf0800 Implicit null exception at 0x00000000032989d4 to 0x0000000003298b31
Event: 63.146 Thread 0x0000000002cf0800 Implicit null exception at 0x00000000034a9fd8 to 0x00000000034aa0d5
Event: 76.485 Thread 0x0000000002cf0800 Implicit null exception at 0x0000000003b2b0a2 to 0x0000000003b2c7dd

Events (10 events):
Event: 77.953 loading class com/android/dx/rop/code/RegisterSpecList$1
Event: 77.953 loading class com/android/dx/rop/code/RegisterSpecList$1 done
Event: 78.372 Thread 0x0000000002cf0800 DEOPT PACKING pc=0x000000000376d7dc sp=0x0000000002ceee10
Event: 78.372 Thread 0x0000000002cf0800 DEOPT UNPACKING pc=0x0000000002e371bf sp=0x0000000002ceeb78 mode 0
Event: 78.378 loading class com/android/dx/dex/file/DebugInfoEncoder
Event: 78.378 loading class com/android/dx/dex/file/DebugInfoEncoder done
Event: 78.404 loading class com/android/dx/dex/file/DebugInfoEncoder$1
Event: 78.404 loading class com/android/dx/dex/file/DebugInfoEncoder$1 done
Event: 78.408 loading class com/android/dx/dex/file/DebugInfoEncoder$2
Event: 78.408 loading class com/android/dx/dex/file/DebugInfoEncoder$2 done


Dynamic libraries:
0x00007ff65b4f0000 - 0x00007ff65b521000 	C:\Program Files\Android\Android Studio\jre\bin\java.exe
0x00007ff9a3cf0000 - 0x00007ff9a3ec1000 	C:\WINDOWS\SYSTEM32\ntdll.dll
0x00007ff9a14f0000 - 0x00007ff9a159b000 	C:\WINDOWS\System32\KERNEL32.DLL
0x00007ff9a0d40000 - 0x00007ff9a0f5d000 	C:\WINDOWS\System32\KERNELBASE.dll
0x00007ff9a1b40000 - 0x00007ff9a1be2000 	C:\WINDOWS\System32\ADVAPI32.dll
0x00007ff9a3c30000 - 0x00007ff9a3cce000 	C:\WINDOWS\System32\msvcrt.dll
0x00007ff9a3a30000 - 0x00007ff9a3a89000 	C:\WINDOWS\System32\sechost.dll
0x00007ff9a3900000 - 0x00007ff9a3a21000 	C:\WINDOWS\System32\RPCRT4.dll
0x00007ff9a1380000 - 0x00007ff9a14e5000 	C:\WINDOWS\System32\USER32.dll
0x00007ff9a0b30000 - 0x00007ff9a0b4e000 	C:\WINDOWS\System32\win32u.dll
0x00007ff9a15c0000 - 0x00007ff9a15f4000 	C:\WINDOWS\System32\GDI32.dll
0x00007ff9a0b50000 - 0x00007ff9a0cd2000 	C:\WINDOWS\System32\gdi32full.dll
0x00007ff994f00000 - 0x00007ff995179000 	C:\WINDOWS\WinSxS\amd64_microsoft.windows.common-controls_6595b64144ccf1df_6.0.14393.447_none_42191651c6827bb3\COMCTL32.dll
0x00007ff9a1700000 - 0x00007ff9a19c8000 	C:\WINDOWS\System32\combase.dll
0x00007ff9a0350000 - 0x00007ff9a0445000 	C:\WINDOWS\System32\ucrtbase.dll
0x00007ff9a0290000 - 0x00007ff9a02fa000 	C:\WINDOWS\System32\bcryptPrimitives.dll
0x00007ff9a1b10000 - 0x00007ff9a1b3e000 	C:\WINDOWS\System32\IMM32.DLL
0x0000000064e30000 - 0x0000000064f02000 	C:\Program Files\Android\Android Studio\jre\jre\bin\msvcr100.dll
0x0000000065170000 - 0x00000000659a4000 	C:\Program Files\Android\Android Studio\jre\jre\bin\server\jvm.dll
0x00007ff9a3ce0000 - 0x00007ff9a3ce8000 	C:\WINDOWS\System32\PSAPI.DLL
0x00007ff99c8d0000 - 0x00007ff99c8da000 	C:\WINDOWS\SYSTEM32\VERSION.dll
0x00007ff99e4d0000 - 0x00007ff99e4f3000 	C:\WINDOWS\SYSTEM32\WINMM.dll
0x00007ff99ae70000 - 0x00007ff99ae79000 	C:\WINDOWS\SYSTEM32\WSOCK32.dll
0x00007ff9a3820000 - 0x00007ff9a388a000 	C:\WINDOWS\System32\WS2_32.dll
0x00007ff99e0d0000 - 0x00007ff99e0fb000 	C:\WINDOWS\SYSTEM32\WINMMBASE.dll
0x00007ff9a0300000 - 0x00007ff9a0342000 	C:\WINDOWS\System32\cfgmgr32.dll
0x00007ff9960a0000 - 0x00007ff9960af000 	C:\Program Files\Android\Android Studio\jre\jre\bin\verify.dll
0x00007ff992b30000 - 0x00007ff992b59000 	C:\Program Files\Android\Android Studio\jre\jre\bin\java.dll
0x00007ff98bce0000 - 0x00007ff98bcf6000 	C:\Program Files\Android\Android Studio\jre\jre\bin\zip.dll
0x00007ff9a1e10000 - 0x00007ff9a3319000 	C:\WINDOWS\System32\SHELL32.dll
0x00007ff9a0450000 - 0x00007ff9a0b2a000 	C:\WINDOWS\System32\windows.storage.dll
0x00007ff9a0190000 - 0x00007ff9a01dc000 	C:\WINDOWS\System32\powrprof.dll
0x00007ff9a3320000 - 0x00007ff9a3372000 	C:\WINDOWS\System32\shlwapi.dll
0x00007ff9a0180000 - 0x00007ff9a018f000 	C:\WINDOWS\System32\kernel.appcore.dll
0x00007ff9a01e0000 - 0x00007ff9a0289000 	C:\WINDOWS\System32\shcore.dll
0x00007ff9a0150000 - 0x00007ff9a0164000 	C:\WINDOWS\System32\profapi.dll

VM Arguments:
jvm_args: -Djava.awt.headless=true -Xmx1024M -Dfile.encoding=x-windows-949 -Duser.country=KR -Duser.language=ko -Duser.variant 
java_command: com.android.dx.command.Main --dex --multi-dex --main-dex-list C:\GitHub\project\TravelPlanner\app\build\intermediates\multi-dex\debug\maindexlist.txt --output C:\GitHub\project\TravelPlanner\app\build\intermediates\transforms\dex\debug\folders\1000\1f\main C:\GitHub\project\TravelPlanner\app\build\intermediates\transforms\jarMerging\debug\jars\1\1f\combined.jar
java_class_path (initial): C:\Users\a0104\AppData\Local\Android\sdk\build-tools\21.1.2\lib\dx.jar
Launcher Type: SUN_STANDARD

Environment Variables:
JAVA_HOME=C:\Program Files\Java\jdk1.8.0_73
PATH=C:\ProgramData\Oracle\Java\javapath;C:\WINDOWS\system32;C:\WINDOWS;C:\WINDOWS\System32\Wbem;C:\WINDOWS\System32\WindowsPowerShell\v1.0\;C:\Program Files\Java\jdk1.8.0_73\bin;C:\Program Files\Bandizip\7z;C:\Users\a0104\AppData\Local\Microsoft\WindowsApps;
USERNAME=a0104
OS=Windows_NT
PROCESSOR_IDENTIFIER=AMD64 Family 22 Model 0 Stepping 1, AuthenticAMD



---------------  S Y S T E M  ---------------

OS: Windows 10.0 , 64 bit Build 14393 (10.0.14393.0)

CPU:total 4 (4 cores per cpu, 1 threads per core) family 22 model 0 stepping 1, cmov, cx8, fxsr, mmx, sse, sse2, sse3, ssse3, sse4.1, sse4.2, popcnt, avx, aes, clmul, mmxext, 3dnowpref, lzcnt, sse4a, tsc, tscinvbit, tscinv, bmi1

Memory: 4k page, physical 3611584k(135456k free), swap 5708736k(5704k free)

vm_info: OpenJDK 64-Bit Server VM (25.76-b03) for windows-amd64 JRE (1.8.0_76-release-b03), built on Jun 29 2016 19:09:20 by "ralucas" with MS VC++ 10.0 (VS2010)

time: Mon Feb 13 01:36:37 2017
elapsed time: 78 seconds (0d 0h 1m 18s)

