#
# There is insufficient memory for the Java Runtime Environment to continue.
# Native memory allocation (malloc) failed to allocate 149168 bytes for Chunk::new
# Possible reasons:
#   The system is out of physical RAM or swap space
#   In 32 bit mode, the process size limit was hit
# Possible solutions:
#   Reduce memory load on the system
#   Increase physical memory or swap space
#   Check if swap backing store is full
#   Use 64 bit Java on a 64 bit OS
#   Decrease Java heap size (-Xmx/-Xms)
#   Decrease number of Java threads
#   Decrease Java thread stack sizes (-Xss)
#   Set larger code cache with -XX:ReservedCodeCacheSize=
# This output file may be truncated or incomplete.
#
#  Out of Memory Error (allocation.cpp:390), pid=7896, tid=0x0000000000002b90
#
# JRE version: OpenJDK Runtime Environment (8.0_76-b03) (build 1.8.0_76-release-b03)
# Java VM: OpenJDK 64-Bit Server VM (25.76-b03 mixed mode windows-amd64 compressed oops)
# Failed to write core dump. Minidumps are not enabled by default on client versions of Windows
#

---------------  T H R E A D  ---------------

Current thread (0x0000000015a28000):  JavaThread "C2 CompilerThread0" daemon [_thread_in_native, id=11152, stack(0x0000000016f20000,0x0000000017020000)]

Stack: [0x0000000016f20000,0x0000000017020000]
[error occurred during error reporting (printing stack bounds), id 0xc0000005]

Native frames: (J=compiled Java code, j=interpreted, Vv=VM code, C=native code)


Current CompileTask:
C2:  13641 1242       4       com.android.dx.ssa.SCCP::simulateBranch (666 bytes)


---------------  P R O C E S S  ---------------

Java Threads: ( => current thread )
  0x000000001707d800 JavaThread "Service Thread" daemon [_thread_blocked, id=6956, stack(0x0000000017620000,0x0000000017720000)]
  0x0000000017079800 JavaThread "C1 CompilerThread2" daemon [_thread_blocked, id=10128, stack(0x0000000017520000,0x0000000017620000)]
  0x0000000017076000 JavaThread "C2 CompilerThread1" daemon [_thread_blocked, id=6756, stack(0x0000000017420000,0x0000000017520000)]
=>0x0000000015a28000 JavaThread "C2 CompilerThread0" daemon [_thread_in_native, id=11152, stack(0x0000000016f20000,0x0000000017020000)]
  0x00000000159db000 JavaThread "Attach Listener" daemon [_thread_blocked, id=10420, stack(0x0000000016e20000,0x0000000016f20000)]
  0x0000000015a27800 JavaThread "Signal Dispatcher" daemon [_thread_blocked, id=5532, stack(0x0000000016d20000,0x0000000016e20000)]
  0x00000000032f6800 JavaThread "Finalizer" daemon [_thread_blocked, id=6108, stack(0x0000000016c20000,0x0000000016d20000)]
  0x00000000032f1000 JavaThread "Reference Handler" daemon [_thread_blocked, id=9236, stack(0x0000000016b20000,0x0000000016c20000)]
  0x0000000003200800 JavaThread "main" [_thread_in_Java, id=6784, stack(0x0000000003100000,0x0000000003200000)]

Other Threads:
  0x0000000015995000 VMThread [stack: 0x0000000016a20000,0x0000000016b20000] [id=5496]
  0x0000000017080000 WatcherThread [stack: 0x0000000017720000,0x0000000017820000] [id=10036]

VM state:not at safepoint (normal execution)

VM Mutex/Monitor currently owned by a thread: None

Heap:
 PSYoungGen      total 16896K, used 13740K [0x00000000eab00000, 0x00000000ebd80000, 0x0000000100000000)
  eden space 14848K, 78% used [0x00000000eab00000,0x00000000eb673048,0x00000000eb980000)
  from space 2048K, 98% used [0x00000000eb980000,0x00000000ebb78288,0x00000000ebb80000)
  to   space 2048K, 0% used [0x00000000ebb80000,0x00000000ebb80000,0x00000000ebd80000)
 ParOldGen       total 38400K, used 2244K [0x00000000c0000000, 0x00000000c2580000, 0x00000000eab00000)
  object space 38400K, 5% used [0x00000000c0000000,0x00000000c0231318,0x00000000c2580000)
 Metaspace       used 5724K, capacity 6896K, committed 7040K, reserved 1062912K
  class space    used 543K, capacity 616K, committed 640K, reserved 1048576K

Card table byte_map: [0x00000000126c0000,0x00000000128d0000] byte_map_base: 0x00000000120c0000

Marking Bits: (ParMarkBitMap*) 0x0000000061739d00
 Begin Bits: [0x0000000012e30000, 0x0000000013e30000)
 End Bits:   [0x0000000013e30000, 0x0000000014e30000)

Polling page: 0x0000000002cb0000

CodeCache: size=245760Kb used=5345Kb max_used=5363Kb free=240414Kb
 bounds [0x0000000003300000, 0x0000000003850000, 0x0000000012300000]
 total_blobs=1507 nmethods=1242 adapters=180
 compilation: enabled

Compilation events (10 events):
Event: 13.300 Thread 0x0000000017079800 nmethod 1244 0x0000000003827490 code [0x0000000003827780, 0x0000000003828d18]
Event: 13.319 Thread 0x0000000017079800 1245       3       com.android.dx.cf.code.Simulator$SimVisitor::visitBranch (341 bytes)
Event: 13.323 Thread 0x0000000017079800 nmethod 1245 0x0000000003823e50 code [0x00000000038240e0, 0x00000000038251c8]
Event: 13.512 Thread 0x0000000017076000 nmethod 1223 0x0000000003832250 code [0x0000000003833820, 0x00000000038398b0]
Event: 13.513 Thread 0x0000000017076000 1243   !   4       com.android.dx.rop.code.BasicBlock::<init> (273 bytes)
Event: 13.541 Thread 0x0000000017076000 nmethod 1243 0x000000000382e010 code [0x000000000382e180, 0x000000000382e7f8]
Event: 13.570 Thread 0x0000000017079800 1246       3       com.android.dx.ssa.SCCP::simulateMath (424 bytes)
Event: 13.573 Thread 0x0000000017079800 nmethod 1246 0x000000000382fb90 code [0x000000000382fe40, 0x0000000003831788]
Event: 13.573 Thread 0x0000000017079800 1247       1       java.lang.Integer::intValue (5 bytes)
Event: 13.574 Thread 0x0000000017079800 nmethod 1247 0x000000000381a890 code [0x000000000381a9e0, 0x000000000381aaf0]

GC Heap History (2 events):
Event: 9.580 GC heap before
{Heap before GC invocations=1 (full 0):
 PSYoungGen      total 16896K, used 14848K [0x00000000eab00000, 0x00000000ebd80000, 0x0000000100000000)
  eden space 14848K, 100% used [0x00000000eab00000,0x00000000eb980000,0x00000000eb980000)
  from space 2048K, 0% used [0x00000000ebb80000,0x00000000ebb80000,0x00000000ebd80000)
  to   space 2048K, 0% used [0x00000000eb980000,0x00000000eb980000,0x00000000ebb80000)
 ParOldGen       total 38400K, used 0K [0x00000000c0000000, 0x00000000c2580000, 0x00000000eab00000)
  object space 38400K, 0% used [0x00000000c0000000,0x00000000c0000000,0x00000000c2580000)
 Metaspace       used 5577K, capacity 6768K, committed 7040K, reserved 1062912K
  class space    used 541K, capacity 616K, committed 640K, reserved 1048576K
Event: 9.613 GC heap after
Heap after GC invocations=1 (full 0):
 PSYoungGen      total 16896K, used 2016K [0x00000000eab00000, 0x00000000ebd80000, 0x0000000100000000)
  eden space 14848K, 0% used [0x00000000eab00000,0x00000000eab00000,0x00000000eb980000)
  from space 2048K, 98% used [0x00000000eb980000,0x00000000ebb78288,0x00000000ebb80000)
  to   space 2048K, 0% used [0x00000000ebb80000,0x00000000ebb80000,0x00000000ebd80000)
 ParOldGen       total 38400K, used 2244K [0x00000000c0000000, 0x00000000c2580000, 0x00000000eab00000)
  object space 38400K, 5% used [0x00000000c0000000,0x00000000c0231318,0x00000000c2580000)
 Metaspace       used 5577K, capacity 6768K, committed 7040K, reserved 1062912K
  class space    used 541K, capacity 616K, committed 640K, reserved 1048576K
}

Deoptimization events (9 events):
Event: 8.231 Thread 0x0000000003200800 Uncommon trap: reason=null_check action=make_not_entrant pc=0x000000000367e554 method=com.android.dx.ssa.SsaRenamer.getLocalForNewReg(I)Lcom/android/dx/rop/code/LocalItem; @ 19
Event: 8.237 Thread 0x0000000003200800 Uncommon trap: reason=unstable_if action=reinterpret pc=0x000000000350be24 method=java.util.HashMap.getNode(ILjava/lang/Object;)Ljava/util/HashMap$Node; @ 129
Event: 8.629 Thread 0x0000000003200800 Uncommon trap: reason=unstable_if action=reinterpret pc=0x0000000003663554 method=java.lang.String.<init>([CII)V @ 18
Event: 10.468 Thread 0x0000000003200800 Uncommon trap: reason=unstable_if action=reinterpret pc=0x0000000003666158 method=java.util.HashMap.getNode(ILjava/lang/Object;)Ljava/util/HashMap$Node; @ 129
Event: 11.400 Thread 0x0000000003200800 Uncommon trap: reason=unstable_if action=reinterpret pc=0x00000000035babb4 method=java.util.BitSet.ensureCapacity(I)V @ 6
Event: 11.401 Thread 0x0000000003200800 Uncommon trap: reason=unstable_if action=reinterpret pc=0x00000000035aecb0 method=java.util.BitSet.ensureCapacity(I)V @ 6
Event: 11.402 Thread 0x0000000003200800 Uncommon trap: reason=unstable_if action=reinterpret pc=0x000000000353f8f0 method=java.util.BitSet.nextSetBit(I)I @ 87
Event: 11.931 Thread 0x0000000003200800 Uncommon trap: reason=unstable_if action=reinterpret pc=0x00000000036ebbdc method=com.android.dx.rop.cst.Constant.compareTo(Lcom/android/dx/rop/cst/Constant;)I @ 12
Event: 13.331 Thread 0x0000000003200800 Uncommon trap: reason=unstable_if action=reinterpret pc=0x0000000003687218 method=com.android.dx.rop.code.RegisterSpec.equals(ILcom/android/dx/rop/type/TypeBearer;Lcom/android/dx/rop/code/LocalItem;)Z @ 42

Internal exceptions (3 events):
Event: 1.221 Thread 0x0000000003200800 Exception <a 'java/lang/NoSuchMethodError': Method sun.misc.Unsafe.defineClass(Ljava/lang/String;[BII)Ljava/lang/Class; name or signature does not match> (0x00000000eab07cc0) thrown at [C:\src\android\AOSP-openjdk\external\jetbrains\jdk\hotspot\src\share\v#Ë–~âÛ?
Event: 1.221 Thread 0x0000000003200800 Exception <a 'java/lang/NoSuchMethodError': Method sun.misc.Unsafe.prefetchRead(Ljava/lang/Object;J)V name or signature does not match> (0x00000000eab07fa8) thrown at [C:\src\android\AOSP-openjdk\external\jetbrains\jdk\hotspot\src\share\vm\prims\jni.cpp, lhåDÌAv @
Event: 8.231 Thread 0x0000000003200800 Implicit null exception at 0x000000000367c2af to 0x000000000367e531

Events (10 events):
Event: 11.401 Thread 0x0000000003200800 DEOPT UNPACKING pc=0x000000000334556a sp=0x00000000031fe6b0 mode 2
Event: 11.402 Thread 0x0000000003200800 Uncommon trap: trap_request=0xffffff65 fr.pc=0x000000000353f8f0
Event: 11.402 Thread 0x0000000003200800 DEOPT PACKING pc=0x000000000353f8f0 sp=0x00000000031fe8b0
Event: 11.402 Thread 0x0000000003200800 DEOPT UNPACKING pc=0x000000000334556a sp=0x00000000031fe848 mode 2
Event: 11.931 Thread 0x0000000003200800 Uncommon trap: trap_request=0xffffff65 fr.pc=0x00000000036ebbdc
Event: 11.931 Thread 0x0000000003200800 DEOPT PACKING pc=0x00000000036ebbdc sp=0x00000000031fe3e0
Event: 11.931 Thread 0x0000000003200800 DEOPT UNPACKING pc=0x000000000334556a sp=0x00000000031fe380 mode 2
Event: 13.331 Thread 0x0000000003200800 Uncommon trap: trap_request=0xffffff65 fr.pc=0x0000000003687218
Event: 13.331 Thread 0x0000000003200800 DEOPT PACKING pc=0x0000000003687218 sp=0x00000000031fe710
Event: 13.331 Thread 0x0000000003200800 DEOPT UNPACKING pc=0x000000000334556a sp=0x00000000031fe698 mode 2


Dynamic libraries:
0x00007ff68c230000 - 0x00007ff68c261000 	C:\Program Files\Android\Android Studio\jre\bin\java.exe
0x00007ffd9ae40000 - 0x00007ffd9b011000 	C:\WINDOWS\SYSTEM32\ntdll.dll
0x00007ffd9ad90000 - 0x00007ffd9ae3b000 	C:\WINDOWS\System32\KERNEL32.DLL
0x00007ffd98160000 - 0x00007ffd9837d000 	C:\WINDOWS\System32\KERNELBASE.dll
0x00007ffd9aba0000 - 0x00007ffd9ac42000 	C:\WINDOWS\System32\ADVAPI32.dll
0x00007ffd9ac50000 - 0x00007ffd9acee000 	C:\WINDOWS\System32\msvcrt.dll
0x00007ffd9a730000 - 0x00007ffd9a789000 	C:\WINDOWS\System32\sechost.dll
0x00007ffd9a530000 - 0x00007ffd9a651000 	C:\WINDOWS\System32\RPCRT4.dll
0x00007ffd98800000 - 0x00007ffd98965000 	C:\WINDOWS\System32\USER32.dll
0x00007ffd97330000 - 0x00007ffd9734e000 	C:\WINDOWS\System32\win32u.dll
0x00007ffd98970000 - 0x00007ffd989a4000 	C:\WINDOWS\System32\GDI32.dll
0x00007ffd97460000 - 0x00007ffd975e2000 	C:\WINDOWS\System32\gdi32full.dll
0x00007ffd8c050000 - 0x00007ffd8c2c9000 	C:\WINDOWS\WinSxS\amd64_microsoft.windows.common-controls_6595b64144ccf1df_6.0.14393.447_none_42191651c6827bb3\COMCTL32.dll
0x00007ffd9a130000 - 0x00007ffd9a3f8000 	C:\WINDOWS\System32\combase.dll
0x00007ffd97860000 - 0x00007ffd97955000 	C:\WINDOWS\System32\ucrtbase.dll
0x00007ffd97a10000 - 0x00007ffd97a7a000 	C:\WINDOWS\System32\bcryptPrimitives.dll
0x00007ffd9aa10000 - 0x00007ffd9aa3e000 	C:\WINDOWS\System32\IMM32.DLL
0x0000000060dc0000 - 0x0000000060e92000 	C:\Program Files\Android\Android Studio\jre\jre\bin\msvcr100.dll
0x0000000060f80000 - 0x00000000617b4000 	C:\Program Files\Android\Android Studio\jre\jre\bin\server\jvm.dll
0x00007ffd9a4c0000 - 0x00007ffd9a4c8000 	C:\WINDOWS\System32\PSAPI.DLL
0x00007ffd84d80000 - 0x00007ffd84d89000 	C:\WINDOWS\SYSTEM32\WSOCK32.dll
0x00007ffd9a9a0000 - 0x00007ffd9aa0a000 	C:\WINDOWS\System32\WS2_32.dll
0x00007ffd95730000 - 0x00007ffd95753000 	C:\WINDOWS\SYSTEM32\WINMM.dll
0x00007ffd939c0000 - 0x00007ffd939ca000 	C:\WINDOWS\SYSTEM32\VERSION.dll
0x00007ffd956a0000 - 0x00007ffd956cb000 	C:\WINDOWS\SYSTEM32\WINMMBASE.dll
0x00007ffd98380000 - 0x00007ffd983c2000 	C:\WINDOWS\System32\cfgmgr32.dll
0x00007ffd93d60000 - 0x00007ffd93d6f000 	C:\Program Files\Android\Android Studio\jre\jre\bin\verify.dll
0x00007ffd93d30000 - 0x00007ffd93d59000 	C:\Program Files\Android\Android Studio\jre\jre\bin\java.dll
0x00007ffd904a0000 - 0x00007ffd904b6000 	C:\Program Files\Android\Android Studio\jre\jre\bin\zip.dll
0x00007ffd98c00000 - 0x00007ffd9a109000 	C:\WINDOWS\System32\SHELL32.dll
0x00007ffd97a80000 - 0x00007ffd9815a000 	C:\WINDOWS\System32\windows.storage.dll
0x00007ffd972c0000 - 0x00007ffd9730c000 	C:\WINDOWS\System32\powrprof.dll
0x00007ffd9a660000 - 0x00007ffd9a6b2000 	C:\WINDOWS\System32\shlwapi.dll
0x00007ffd972a0000 - 0x00007ffd972af000 	C:\WINDOWS\System32\kernel.appcore.dll
0x00007ffd97960000 - 0x00007ffd97a09000 	C:\WINDOWS\System32\shcore.dll
0x00007ffd97310000 - 0x00007ffd97324000 	C:\WINDOWS\System32\profapi.dll

VM Arguments:
jvm_args: -Djava.awt.headless=true -Xmx1024M -Dfile.encoding=x-windows-949 -Duser.country=KR -Duser.language=ko -Duser.variant 
java_command: com.android.dx.command.Main --dex --force-jumbo --output C:\GitHub\project\TravelPlanner\app\build\intermediates\pre-dexed\debug\com.android.support-support-v4-23.2.0_59d2e8a9b40687896450839ee01d896dc8238d24.jar C:\GitHub\project\TravelPlanner\app\build\intermediates\exploded-aar\com.android.support\support-v4\23.2.0\jars\classes.jar
java_class_path (initial): C:\Users\a0104\AppData\Local\Android\sdk\build-tools\21.1.2\lib\dx.jar
Launcher Type: SUN_STANDARD

Environment Variables:
JAVA_HOME=C:\Program Files\Java\jdk1.8.0_73
PATH=C:\ProgramData\Oracle\Java\javapath;C:\WINDOWS\system32;C:\WINDOWS;C:\WINDOWS\System32\Wbem;C:\WINDOWS\System32\WindowsPowerShell\v1.0\;C:\Program Files\Java\jdk1.8.0_73\bin;C:\Program Files\Bandizip\7z;C:\Users\a0104\AppData\Local\Microsoft\WindowsApps;
USERNAME=a0104
OS=Windows_NT
PROCESSOR_IDENTIFIER=AMD64 Family 22 Model 0 Stepping 1, AuthenticAMD



---------------  S Y S T E M  ---------------

OS: Windows 10.0 , 64 bit Build 14393 (10.0.14393.0)

CPU:total 4 (4 cores per cpu, 1 threads per core) family 22 model 0 stepping 1, cmov, cx8, fxsr, mmx, sse, sse2, sse3, ssse3, sse4.1, sse4.2, popcnt, avx, aes, clmul, mmxext, 3dnowpref, lzcnt, sse4a, tsc, tscinvbit, tscinv, bmi1

Memory: 4k page, physical 3611584k(329240k free), swap 5708736k(4084k free)

vm_info: OpenJDK 64-Bit Server VM (25.76-b03) for windows-amd64 JRE (1.8.0_76-release-b03), built on Jun 29 2016 19:09:20 by "ralucas" with MS VC++ 10.0 (VS2010)

time: Wed Feb 08 02:12:53 2017
elapsed time: 13 seconds (0d 0h 0m 13s)

