#
# There is insufficient memory for the Java Runtime Environment to continue.
# Native memory allocation (malloc) failed to allocate 131088 bytes for Chunk::new
# Possible reasons:
#   The system is out of physical RAM or swap space
#   In 32 bit mode, the process size limit was hit
# Possible solutions:
#   Reduce memory load on the system
#   Increase physical memory or swap space
#   Check if swap backing store is full
#   Use 64 bit Java on a 64 bit OS
#   Decrease Java heap size (-Xmx/-Xms)
#   Decrease number of Java threads
#   Decrease Java thread stack sizes (-Xss)
#   Set larger code cache with -XX:ReservedCodeCacheSize=
# This output file may be truncated or incomplete.
#
#  Out of Memory Error (allocation.cpp:390), pid=9876, tid=0x0000000000002458
#
# JRE version: OpenJDK Runtime Environment (8.0_76-b03) (build 1.8.0_76-release-b03)
# Java VM: OpenJDK 64-Bit Server VM (25.76-b03 mixed mode windows-amd64 compressed oops)
# Failed to write core dump. Minidumps are not enabled by default on client versions of Windows
#

---------------  T H R E A D  ---------------

Current thread (0x00000000151ab000):  JavaThread "C2 CompilerThread1" daemon [_thread_in_native, id=9304, stack(0x0000000016840000,0x0000000016940000)]

Stack: [0x0000000016840000,0x0000000016940000]
[error occurred during error reporting (printing stack bounds), id 0xc0000005]

Native frames: (J=compiled Java code, j=interpreted, Vv=VM code, C=native code)


Current CompileTask:
C2:  90970 2427   !   4       com.android.dx.cf.code.Ropper::processBlock (1101 bytes)


---------------  P R O C E S S  ---------------

Java Threads: ( => current thread )
  0x00000000169be000 JavaThread "Service Thread" daemon [_thread_blocked, id=11944, stack(0x0000000016e40000,0x0000000016f40000)]
  0x0000000016940800 JavaThread "C1 CompilerThread2" daemon [_thread_blocked, id=9872, stack(0x0000000016d40000,0x0000000016e40000)]
=>0x00000000151ab000 JavaThread "C2 CompilerThread1" daemon [_thread_in_native, id=9304, stack(0x0000000016840000,0x0000000016940000)]
  0x00000000151a8000 JavaThread "C2 CompilerThread0" daemon [_thread_in_native, id=9428, stack(0x0000000016740000,0x0000000016840000)]
  0x000000001515a000 JavaThread "Attach Listener" daemon [_thread_blocked, id=11500, stack(0x0000000016640000,0x0000000016740000)]
  0x00000000151a7800 JavaThread "Signal Dispatcher" daemon [_thread_blocked, id=9192, stack(0x0000000016540000,0x0000000016640000)]
  0x0000000015138800 JavaThread "Finalizer" daemon [_thread_blocked, id=2976, stack(0x00000000163c0000,0x00000000164c0000)]
  0x0000000002a71000 JavaThread "Reference Handler" daemon [_thread_blocked, id=6876, stack(0x00000000162c0000,0x00000000163c0000)]
  0x0000000002980800 JavaThread "main" [_thread_in_Java, id=3504, stack(0x0000000002880000,0x0000000002980000)]

Other Threads:
  0x0000000015115800 VMThread [stack: 0x00000000161c0000,0x00000000162c0000] [id=8784]
  0x00000000169c0000 WatcherThread [stack: 0x0000000016f40000,0x0000000017040000] [id=10384]

VM state:not at safepoint (normal execution)

VM Mutex/Monitor currently owned by a thread: None

Heap:
 PSYoungGen      total 197120K, used 7892K [0x00000000eab00000, 0x00000000f8e00000, 0x0000000100000000)
  eden space 168960K, 1% used [0x00000000eab00000,0x00000000eae4c8e0,0x00000000f5000000)
  from space 28160K, 16% used [0x00000000f5000000,0x00000000f54688e8,0x00000000f6b80000)
  to   space 30208K, 0% used [0x00000000f7080000,0x00000000f7080000,0x00000000f8e00000)
 ParOldGen       total 133632K, used 133232K [0x00000000c0000000, 0x00000000c8280000, 0x00000000eab00000)
  object space 133632K, 99% used [0x00000000c0000000,0x00000000c821c260,0x00000000c8280000)
 Metaspace       used 6234K, capacity 7216K, committed 7296K, reserved 1056768K
  class space    used 573K, capacity 616K, committed 640K, reserved 1048576K

Card table byte_map: [0x0000000011e40000,0x0000000012050000] byte_map_base: 0x0000000011840000

Marking Bits: (ParMarkBitMap*) 0x0000000053589d00
 Begin Bits: [0x00000000125b0000, 0x00000000135b0000)
 End Bits:   [0x00000000135b0000, 0x00000000145b0000)

Polling page: 0x0000000000980000

CodeCache: size=245760Kb used=10677Kb max_used=11291Kb free=235082Kb
 bounds [0x0000000002a80000, 0x00000000035c0000, 0x0000000011a80000]
 total_blobs=2225 nmethods=1958 adapters=182
 compilation: enabled

Compilation events (10 events):
Event: 84.658 Thread 0x00000000151a8000 2488       4       com.android.dx.cf.code.Ropper::addOrReplaceBlock (66 bytes)
Event: 84.709 Thread 0x00000000151a8000 nmethod 2488 0x0000000002e1cb10 code [0x0000000002e1cca0, 0x0000000002e1d628]
Event: 84.709 Thread 0x00000000151a8000 2489       4       com.android.dx.cf.code.BaseMachine::popArgs (137 bytes)
Event: 84.754 Thread 0x0000000016940800 2490       1       com.android.dx.dex.code.BlockAddresses::getStart (7 bytes)
Event: 84.755 Thread 0x0000000016940800 nmethod 2490 0x00000000031cad90 code [0x00000000031caee0, 0x00000000031cb010]
Event: 84.812 Thread 0x0000000016940800 2491       3       java.util.BitSet::nextClearBit (116 bytes)
Event: 84.815 Thread 0x0000000016940800 nmethod 2491 0x0000000002de8f10 code [0x0000000002de9120, 0x0000000002de9bf8]
Event: 84.829 Thread 0x00000000151a8000 nmethod 2489 0x0000000002e57b90 code [0x0000000002e57e20, 0x0000000002e58fa8]
Event: 84.875 Thread 0x0000000016940800 2492       3       com.android.dx.ssa.back.FirstFitLocalCombiningAllocator::addMapping (76 bytes)
Event: 90.891 Thread 0x0000000016940800 nmethod 2492 0x0000000002f71290 code [0x0000000002f71520, 0x0000000002f725f8]

GC Heap History (10 events):
Event: 64.090 GC heap before
{Heap before GC invocations=12 (full 1):
 PSYoungGen      total 158208K, used 158177K [0x00000000eab00000, 0x00000000f8700000, 0x0000000100000000)
  eden space 135680K, 100% used [0x00000000eab00000,0x00000000f2f80000,0x00000000f2f80000)
  from space 22528K, 99% used [0x00000000f7100000,0x00000000f86f8580,0x00000000f8700000)
  to   space 28160K, 0% used [0x00000000f5000000,0x00000000f5000000,0x00000000f6b80000)
 ParOldGen       total 72704K, used 44135K [0x00000000c0000000, 0x00000000c4700000, 0x00000000eab00000)
  object space 72704K, 60% used [0x00000000c0000000,0x00000000c2b19f18,0x00000000c4700000)
 Metaspace       used 6226K, capacity 7216K, committed 7296K, reserved 1056768K
  class space    used 573K, capacity 616K, committed 640K, reserved 1048576K
Event: 64.726 GC heap after
Heap after GC invocations=12 (full 1):
 PSYoungGen      total 197120K, used 21368K [0x00000000eab00000, 0x00000000f8e00000, 0x0000000100000000)
  eden space 168960K, 0% used [0x00000000eab00000,0x00000000eab00000,0x00000000f5000000)
  from space 28160K, 75% used [0x00000000f5000000,0x00000000f64de128,0x00000000f6b80000)
  to   space 30208K, 0% used [0x00000000f7080000,0x00000000f7080000,0x00000000f8e00000)
 ParOldGen       total 72704K, used 66609K [0x00000000c0000000, 0x00000000c4700000, 0x00000000eab00000)
  object space 72704K, 91% used [0x00000000c0000000,0x00000000c410c640,0x00000000c4700000)
 Metaspace       used 6226K, capacity 7216K, committed 7296K, reserved 1056768K
  class space    used 573K, capacity 616K, committed 640K, reserved 1048576K
}
Event: 64.726 GC heap before
{Heap before GC invocations=13 (full 2):
 PSYoungGen      total 197120K, used 21368K [0x00000000eab00000, 0x00000000f8e00000, 0x0000000100000000)
  eden space 168960K, 0% used [0x00000000eab00000,0x00000000eab00000,0x00000000f5000000)
  from space 28160K, 75% used [0x00000000f5000000,0x00000000f64de128,0x00000000f6b80000)
  to   space 30208K, 0% used [0x00000000f7080000,0x00000000f7080000,0x00000000f8e00000)
 ParOldGen       total 72704K, used 66609K [0x00000000c0000000, 0x00000000c4700000, 0x00000000eab00000)
  object space 72704K, 91% used [0x00000000c0000000,0x00000000c410c640,0x00000000c4700000)
 Metaspace       used 6226K, capacity 7216K, committed 7296K, reserved 1056768K
  class space    used 573K, capacity 616K, committed 640K, reserved 1048576K
Event: 70.148 GC heap after
Heap after GC invocations=13 (full 2):
 PSYoungGen      total 197120K, used 12997K [0x00000000eab00000, 0x00000000f8e00000, 0x0000000100000000)
  eden space 168960K, 0% used [0x00000000eab00000,0x00000000eab00000,0x00000000f5000000)
  from space 28160K, 46% used [0x00000000f5000000,0x00000000f5cb17d0,0x00000000f6b80000)
  to   space 30208K, 0% used [0x00000000f7080000,0x00000000f7080000,0x00000000f8e00000)
 ParOldGen       total 133632K, used 72598K [0x00000000c0000000, 0x00000000c8280000, 0x00000000eab00000)
  object space 133632K, 54% used [0x00000000c0000000,0x00000000c46e5b90,0x00000000c8280000)
 Metaspace       used 6226K, capacity 7216K, committed 7296K, reserved 1056768K
  class space    used 573K, capacity 616K, committed 640K, reserved 1048576K
}
Event: 76.403 GC heap before
{Heap before GC invocations=14 (full 2):
 PSYoungGen      total 197120K, used 181957K [0x00000000eab00000, 0x00000000f8e00000, 0x0000000100000000)
  eden space 168960K, 100% used [0x00000000eab00000,0x00000000f5000000,0x00000000f5000000)
  from space 28160K, 46% used [0x00000000f5000000,0x00000000f5cb17d0,0x00000000f6b80000)
  to   space 30208K, 0% used [0x00000000f7080000,0x00000000f7080000,0x00000000f8e00000)
 ParOldGen       total 133632K, used 72598K [0x00000000c0000000, 0x00000000c8280000, 0x00000000eab00000)
  object space 133632K, 54% used [0x00000000c0000000,0x00000000c46e5b90,0x00000000c8280000)
 Metaspace       used 6231K, capacity 7216K, committed 7296K, reserved 1056768K
  class space    used 573K, capacity 616K, committed 640K, reserved 1048576K
Event: 76.772 GC heap after
Heap after GC invocations=14 (full 2):
 PSYoungGen      total 199168K, used 30204K [0x00000000eab00000, 0x00000000f8e00000, 0x0000000100000000)
  eden space 168960K, 0% used [0x00000000eab00000,0x00000000eab00000,0x00000000f5000000)
  from space 30208K, 99% used [0x00000000f7080000,0x00000000f8dff1e0,0x00000000f8e00000)
  to   space 28160K, 0% used [0x00000000f5000000,0x00000000f5000000,0x00000000f6b80000)
 ParOldGen       total 133632K, used 81599K [0x00000000c0000000, 0x00000000c8280000, 0x00000000eab00000)
  object space 133632K, 61% used [0x00000000c0000000,0x00000000c4faff80,0x00000000c8280000)
 Metaspace       used 6231K, capacity 7216K, committed 7296K, reserved 1056768K
  class space    used 573K, capacity 616K, committed 640K, reserved 1048576K
}
Event: 84.879 GC heap before
{Heap before GC invocations=15 (full 2):
 PSYoungGen      total 199168K, used 199164K [0x00000000eab00000, 0x00000000f8e00000, 0x0000000100000000)
  eden space 168960K, 100% used [0x00000000eab00000,0x00000000f5000000,0x00000000f5000000)
  from space 30208K, 99% used [0x00000000f7080000,0x00000000f8dff1e0,0x00000000f8e00000)
  to   space 28160K, 0% used [0x00000000f5000000,0x00000000f5000000,0x00000000f6b80000)
 ParOldGen       total 133632K, used 81599K [0x00000000c0000000, 0x00000000c8280000, 0x00000000eab00000)
  object space 133632K, 61% used [0x00000000c0000000,0x00000000c4faff80,0x00000000c8280000)
 Metaspace       used 6234K, capacity 7216K, committed 7296K, reserved 1056768K
  class space    used 573K, capacity 616K, committed 640K, reserved 1048576K
Event: 85.495 GC heap after
Heap after GC invocations=15 (full 2):
 PSYoungGen      total 197120K, used 27776K [0x00000000eab00000, 0x00000000f8e00000, 0x0000000100000000)
  eden space 168960K, 0% used [0x00000000eab00000,0x00000000eab00000,0x00000000f5000000)
  from space 28160K, 98% used [0x00000000f5000000,0x00000000f6b20010,0x00000000f6b80000)
  to   space 30208K, 0% used [0x00000000f7080000,0x00000000f7080000,0x00000000f8e00000)
 ParOldGen       total 133632K, used 111966K [0x00000000c0000000, 0x00000000c8280000, 0x00000000eab00000)
  object space 133632K, 83% used [0x00000000c0000000,0x00000000c6d579d0,0x00000000c8280000)
 Metaspace       used 6234K, capacity 7216K, committed 7296K, reserved 1056768K
  class space    used 573K, capacity 616K, committed 640K, reserved 1048576K
}
Event: 85.495 GC heap before
{Heap before GC invocations=16 (full 3):
 PSYoungGen      total 197120K, used 27776K [0x00000000eab00000, 0x00000000f8e00000, 0x0000000100000000)
  eden space 168960K, 0% used [0x00000000eab00000,0x00000000eab00000,0x00000000f5000000)
  from space 28160K, 98% used [0x00000000f5000000,0x00000000f6b20010,0x00000000f6b80000)
  to   space 30208K, 0% used [0x00000000f7080000,0x00000000f7080000,0x00000000f8e00000)
 ParOldGen       total 133632K, used 111966K [0x00000000c0000000, 0x00000000c8280000, 0x00000000eab00000)
  object space 133632K, 83% used [0x00000000c0000000,0x00000000c6d579d0,0x00000000c8280000)
 Metaspace       used 6234K, capacity 7216K, committed 7296K, reserved 1056768K
  class space    used 573K, capacity 616K, committed 640K, reserved 1048576K
Event: 90.891 GC heap after
Heap after GC invocations=16 (full 3):
 PSYoungGen      total 197120K, used 4514K [0x00000000eab00000, 0x00000000f8e00000, 0x0000000100000000)
  eden space 168960K, 0% used [0x00000000eab00000,0x00000000eab00000,0x00000000f5000000)
  from space 28160K, 16% used [0x00000000f5000000,0x00000000f54688e8,0x00000000f6b80000)
  to   space 30208K, 0% used [0x00000000f7080000,0x00000000f7080000,0x00000000f8e00000)
 ParOldGen       total 133632K, used 133232K [0x00000000c0000000, 0x00000000c8280000, 0x00000000eab00000)
  object space 133632K, 99% used [0x00000000c0000000,0x00000000c821c260,0x00000000c8280000)
 Metaspace       used 6234K, capacity 7216K, committed 7296K, reserved 1056768K
  class space    used 573K, capacity 616K, committed 640K, reserved 1048576K
}

Deoptimization events (10 events):
Event: 78.890 Thread 0x0000000002980800 Uncommon trap: reason=class_check action=maybe_recompile pc=0x0000000002fa3194 method=com.android.dx.cf.attrib.AttConstantValue.<init>(Lcom/android/dx/rop/cst/TypedConstant;)V @ 28
Event: 78.890 Thread 0x0000000002980800 Uncommon trap: reason=class_check action=maybe_recompile pc=0x0000000002fa3194 method=com.android.dx.cf.attrib.AttConstantValue.<init>(Lcom/android/dx/rop/cst/TypedConstant;)V @ 28
Event: 78.901 Thread 0x0000000002980800 Uncommon trap: reason=unstable_if action=reinterpret pc=0x00000000032e7450 method=com.android.dx.ssa.SCCP.simulateStmt(Lcom/android/dx/ssa/SsaInsn;)V @ 435
Event: 82.602 Thread 0x0000000002980800 Uncommon trap: reason=unstable_if action=reinterpret pc=0x0000000003403d90 method=com.android.dx.cf.code.Ropper.addOrReplaceBlock(Lcom/android/dx/rop/code/BasicBlock;Lcom/android/dx/util/IntList;)Z @ 24
Event: 83.192 Thread 0x0000000002980800 Uncommon trap: reason=unstable_if action=reinterpret pc=0x0000000002fe4934 method=com.android.dx.rop.code.LocalItem.compareHandlesNulls(Lcom/android/dx/rop/cst/CstString;Lcom/android/dx/rop/cst/CstString;)I @ 14
Event: 83.192 Thread 0x0000000002980800 Uncommon trap: reason=unstable_if action=reinterpret pc=0x0000000002c4037c method=com.android.dx.rop.code.LocalItem.compareHandlesNulls(Lcom/android/dx/rop/cst/CstString;Lcom/android/dx/rop/cst/CstString;)I @ 14
Event: 84.811 Thread 0x0000000002980800 Uncommon trap: reason=unstable_if action=reinterpret pc=0x0000000002c66004 method=java.util.BitSet.nextClearBit(I)I @ 70
Event: 84.840 Thread 0x0000000002980800 Uncommon trap: reason=unstable_if action=reinterpret pc=0x000000000324eabc method=java.util.BitSet.set(II)V @ 48
Event: 84.840 Thread 0x0000000002980800 Uncommon trap: reason=unstable_if action=reinterpret pc=0x00000000033b8904 method=java.util.BitSet.set(II)V @ 48
Event: 84.875 Thread 0x0000000002980800 Uncommon trap: reason=unstable_if action=reinterpret pc=0x00000000031e904c method=java.util.BitSet.set(II)V @ 48

Internal exceptions (10 events):
Event: 0.152 Thread 0x0000000002980800 Exception <a 'java/lang/NoSuchMethodError': Method sun.misc.Unsafe.defineClass(Ljava/lang/String;[BII)Ljava/lang/Class; name or signature does not match> (0x00000000eab07cc0) thrown at [C:\src\android\AOSP-openjdk\external\jetbrains\jdk\hotspot\src\share\vó#ÿ“x√?
Event: 0.152 Thread 0x0000000002980800 Exception <a 'java/lang/NoSuchMethodError': Method sun.misc.Unsafe.prefetchRead(Ljava/lang/Object;J)V name or signature does not match> (0x00000000eab07fa8) thrown at [C:\src\android\AOSP-openjdk\external\jetbrains\jdk\hotspot\src\share\vm\prims\jni.cpp, l(¬‹∆|@
Event: 4.872 Thread 0x0000000002980800 Implicit null exception at 0x0000000002ee33a2 to 0x0000000002ee3492
Event: 12.583 Thread 0x0000000002980800 Exception <a 'java/lang/ArrayIndexOutOfBoundsException': 18> (0x00000000eb49ed98) thrown at [C:\src\android\AOSP-openjdk\external\jetbrains\jdk\hotspot\src\share\vm\interpreter\interpreterRuntime.cpp, line 366]
Event: 14.789 Thread 0x0000000002980800 Exception <a 'java/lang/ArrayIndexOutOfBoundsException'> (0x00000000eaf5b988) thrown at [C:\src\android\AOSP-openjdk\external\jetbrains\jdk\hotspot\src\share\vm\runtime\sharedRuntime.cpp, line 605]
Event: 14.834 Thread 0x0000000002980800 Exception <a 'java/lang/ArrayIndexOutOfBoundsException'> (0x00000000eaf5cc70) thrown at [C:\src\android\AOSP-openjdk\external\jetbrains\jdk\hotspot\src\share\vm\runtime\sharedRuntime.cpp, line 605]
Event: 22.317 Thread 0x0000000002980800 Implicit null exception at 0x00000000031bbcb3 to 0x00000000031bead5
Event: 42.982 Thread 0x0000000002980800 Implicit null exception at 0x0000000002dc21e7 to 0x0000000002dc4004
Event: 83.192 Thread 0x0000000002980800 Implicit null exception at 0x0000000002fe3414 to 0x0000000002fe4921
Event: 83.192 Thread 0x0000000002980800 Implicit null exception at 0x0000000002c401e4 to 0x0000000002c40369

Events (10 events):
Event: 84.840 Thread 0x0000000002980800 DEOPT PACKING pc=0x000000000324eabc sp=0x000000000297e9f0
Event: 84.840 Thread 0x0000000002980800 DEOPT UNPACKING pc=0x0000000002ac556a sp=0x000000000297e948 mode 2
Event: 84.840 Thread 0x0000000002980800 Uncommon trap: trap_request=0xffffff65 fr.pc=0x00000000033b8904
Event: 84.841 Thread 0x0000000002980800 DEOPT PACKING pc=0x00000000033b8904 sp=0x000000000297eaa0
Event: 84.841 Thread 0x0000000002980800 DEOPT UNPACKING pc=0x0000000002ac556a sp=0x000000000297e900 mode 2
Event: 84.875 Thread 0x0000000002980800 Uncommon trap: trap_request=0xffffff65 fr.pc=0x00000000031e904c
Event: 84.875 Thread 0x0000000002980800 DEOPT PACKING pc=0x00000000031e904c sp=0x000000000297e790
Event: 84.875 Thread 0x0000000002980800 DEOPT UNPACKING pc=0x0000000002ac556a sp=0x000000000297e748 mode 2
Event: 84.878 Executing VM operation: ParallelGCFailedAllocation
Event: 90.891 Executing VM operation: ParallelGCFailedAllocation done


Dynamic libraries:
0x00007ff72b8a0000 - 0x00007ff72b8d1000 	C:\Program Files\Android\Android Studio\jre\bin\java.exe
0x00007ff9f8950000 - 0x00007ff9f8b21000 	C:\WINDOWS\SYSTEM32\ntdll.dll
0x00007ff9f8400000 - 0x00007ff9f84ab000 	C:\WINDOWS\System32\KERNEL32.DLL
0x00007ff9f5100000 - 0x00007ff9f531d000 	C:\WINDOWS\System32\KERNELBASE.dll
0x00007ff9f61d0000 - 0x00007ff9f6272000 	C:\WINDOWS\System32\ADVAPI32.dll
0x00007ff9f8750000 - 0x00007ff9f87ee000 	C:\WINDOWS\System32\msvcrt.dll
0x00007ff9f8180000 - 0x00007ff9f81d9000 	C:\WINDOWS\System32\sechost.dll
0x00007ff9f82d0000 - 0x00007ff9f83f1000 	C:\WINDOWS\System32\RPCRT4.dll
0x00007ff9f62e0000 - 0x00007ff9f6445000 	C:\WINDOWS\System32\USER32.dll
0x00007ff9f57e0000 - 0x00007ff9f57fe000 	C:\WINDOWS\System32\win32u.dll
0x00007ff9f6190000 - 0x00007ff9f61c4000 	C:\WINDOWS\System32\GDI32.dll
0x00007ff9f55f0000 - 0x00007ff9f5772000 	C:\WINDOWS\System32\gdi32full.dll
0x00007ff9f3750000 - 0x00007ff9f39c9000 	C:\WINDOWS\WinSxS\amd64_microsoft.windows.common-controls_6595b64144ccf1df_6.0.14393.447_none_42191651c6827bb3\COMCTL32.dll
0x00007ff9f6460000 - 0x00007ff9f6728000 	C:\WINDOWS\System32\combase.dll
0x00007ff9f4e40000 - 0x00007ff9f4f35000 	C:\WINDOWS\System32\ucrtbase.dll
0x00007ff9f5090000 - 0x00007ff9f50fa000 	C:\WINDOWS\System32\bcryptPrimitives.dll
0x00007ff9f81e0000 - 0x00007ff9f820e000 	C:\WINDOWS\System32\IMM32.DLL
0x0000000052c10000 - 0x0000000052ce2000 	C:\Program Files\Android\Android Studio\jre\jre\bin\msvcr100.dll
0x0000000052dd0000 - 0x0000000053604000 	C:\Program Files\Android\Android Studio\jre\jre\bin\server\jvm.dll
0x00007ff9f8170000 - 0x00007ff9f8178000 	C:\WINDOWS\System32\PSAPI.DLL
0x00007ff9f34e0000 - 0x00007ff9f34ea000 	C:\WINDOWS\SYSTEM32\VERSION.dll
0x00007ff9f2780000 - 0x00007ff9f27a3000 	C:\WINDOWS\SYSTEM32\WINMM.dll
0x0000000000950000 - 0x000000000097b000 	C:\WINDOWS\SYSTEM32\WINMMBASE.dll
0x00007ff9f5320000 - 0x00007ff9f5362000 	C:\WINDOWS\System32\cfgmgr32.dll
0x00007ff9ee110000 - 0x00007ff9ee119000 	C:\WINDOWS\SYSTEM32\WSOCK32.dll
0x00007ff9f5ee0000 - 0x00007ff9f5f4a000 	C:\WINDOWS\System32\ws2_32.DLL
0x00007ff9f1c00000 - 0x00007ff9f1c0f000 	C:\Program Files\Android\Android Studio\jre\jre\bin\verify.dll
0x00007ff9ed890000 - 0x00007ff9ed8b9000 	C:\Program Files\Android\Android Studio\jre\jre\bin\java.dll
0x00007ff9eda70000 - 0x00007ff9eda86000 	C:\Program Files\Android\Android Studio\jre\jre\bin\zip.dll
0x00007ff9f6730000 - 0x00007ff9f7c39000 	C:\WINDOWS\System32\SHELL32.dll
0x00007ff9f5800000 - 0x00007ff9f5eda000 	C:\WINDOWS\System32\windows.storage.dll
0x00007ff9f4dd0000 - 0x00007ff9f4e1c000 	C:\WINDOWS\System32\powrprof.dll
0x00007ff9f84b0000 - 0x00007ff9f8502000 	C:\WINDOWS\System32\shlwapi.dll
0x00007ff9f4dc0000 - 0x00007ff9f4dcf000 	C:\WINDOWS\System32\kernel.appcore.dll
0x00007ff9f4f40000 - 0x00007ff9f4fe9000 	C:\WINDOWS\System32\shcore.dll
0x00007ff9f4e20000 - 0x00007ff9f4e34000 	C:\WINDOWS\System32\profapi.dll

VM Arguments:
jvm_args: -Djava.awt.headless=true -Xmx1024M -Dfile.encoding=x-windows-949 -Duser.country=KR -Duser.language=ko -Duser.variant 
java_command: com.android.dx.command.Main --dex --multi-dex --main-dex-list C:\GitHub\project\TravelPlanner\app\build\intermediates\multi-dex\debug\maindexlist.txt --output C:\GitHub\project\TravelPlanner\app\build\intermediates\transforms\dex\debug\folders\1000\1f\main C:\GitHub\project\TravelPlanner\app\build\intermediates\transforms\jarMerging\debug\jars\1\1f\combined.jar
java_class_path (initial): C:\Users\a0104\AppData\Local\Android\sdk\build-tools\21.1.2\lib\dx.jar
Launcher Type: SUN_STANDARD

Environment Variables:
JAVA_HOME=C:\Program Files\Java\jdk1.8.0_73
PATH=C:\ProgramData\Oracle\Java\javapath;C:\WINDOWS\system32;C:\WINDOWS;C:\WINDOWS\System32\Wbem;C:\WINDOWS\System32\WindowsPowerShell\v1.0\;C:\Program Files\Java\jdk1.8.0_73\bin;C:\Program Files\Bandizip\7z;C:\Users\a0104\AppData\Local\Microsoft\WindowsApps;
USERNAME=a0104
OS=Windows_NT
PROCESSOR_IDENTIFIER=AMD64 Family 22 Model 0 Stepping 1, AuthenticAMD



---------------  S Y S T E M  ---------------

OS: Windows 10.0 , 64 bit Build 14393 (10.0.14393.0)

CPU:total 4 (4 cores per cpu, 1 threads per core) family 22 model 0 stepping 1, cmov, cx8, fxsr, mmx, sse, sse2, sse3, ssse3, sse4.1, sse4.2, popcnt, avx, aes, clmul, mmxext, 3dnowpref, lzcnt, sse4a, tsc, tscinvbit, tscinv, bmi1

Memory: 4k page, physical 3611584k(302204k free), swap 5708736k(3648k free)

vm_info: OpenJDK 64-Bit Server VM (25.76-b03) for windows-amd64 JRE (1.8.0_76-release-b03), built on Jun 29 2016 19:09:20 by "ralucas" with MS VC++ 10.0 (VS2010)

time: Thu Feb 09 23:03:13 2017
elapsed time: 90 seconds (0d 0h 1m 30s)

