#
# There is insufficient memory for the Java Runtime Environment to continue.
# Native memory allocation (malloc) failed to allocate 131088 bytes for Chunk::new
# Possible reasons:
#   The system is out of physical RAM or swap space
#   In 32 bit mode, the process size limit was hit
# Possible solutions:
#   Reduce memory load on the system
#   Increase physical memory or swap space
#   Check if swap backing store is full
#   Use 64 bit Java on a 64 bit OS
#   Decrease Java heap size (-Xmx/-Xms)
#   Decrease number of Java threads
#   Decrease Java thread stack sizes (-Xss)
#   Set larger code cache with -XX:ReservedCodeCacheSize=
# This output file may be truncated or incomplete.
#
#  Out of Memory Error (allocation.cpp:390), pid=3992, tid=0x00000000000004a4
#
# JRE version: OpenJDK Runtime Environment (8.0_76-b03) (build 1.8.0_76-release-b03)
# Java VM: OpenJDK 64-Bit Server VM (25.76-b03 mixed mode windows-amd64 compressed oops)
# Failed to write core dump. Minidumps are not enabled by default on client versions of Windows
#

---------------  T H R E A D  ---------------

Current thread (0x00000000155bb000):  JavaThread "C2 CompilerThread1" daemon [_thread_in_native, id=1188, stack(0x0000000016bc0000,0x0000000016cc0000)]

Stack: [0x0000000016bc0000,0x0000000016cc0000]
[error occurred during error reporting (printing stack bounds), id 0xc0000005]

Native frames: (J=compiled Java code, j=interpreted, Vv=VM code, C=native code)


Current CompileTask:
C2:  72224 2296       4       com.android.dx.ssa.ConstCollector::updateConstUses (248 bytes)


---------------  P R O C E S S  ---------------

Java Threads: ( => current thread )
  0x0000000016d1e000 JavaThread "Service Thread" daemon [_thread_blocked, id=7944, stack(0x00000000171c0000,0x00000000172c0000)]
  0x0000000016d16000 JavaThread "C1 CompilerThread2" daemon [_thread_blocked, id=10224, stack(0x00000000170c0000,0x00000000171c0000)]
=>0x00000000155bb000 JavaThread "C2 CompilerThread1" daemon [_thread_in_native, id=1188, stack(0x0000000016bc0000,0x0000000016cc0000)]
  0x00000000155b8000 JavaThread "C2 CompilerThread0" daemon [_thread_in_native, id=1844, stack(0x0000000016ac0000,0x0000000016bc0000)]
  0x000000001556a000 JavaThread "Attach Listener" daemon [_thread_blocked, id=9968, stack(0x00000000169c0000,0x0000000016ac0000)]
  0x00000000155b7800 JavaThread "Signal Dispatcher" daemon [_thread_blocked, id=6056, stack(0x00000000168c0000,0x00000000169c0000)]
  0x0000000015548800 JavaThread "Finalizer" daemon [_thread_blocked, id=9828, stack(0x00000000167c0000,0x00000000168c0000)]
  0x0000000002e81000 JavaThread "Reference Handler" daemon [_thread_blocked, id=10572, stack(0x00000000166c0000,0x00000000167c0000)]
  0x0000000002d90800 JavaThread "main" [_thread_in_Java, id=11164, stack(0x0000000002c90000,0x0000000002d90000)]

Other Threads:
  0x0000000015525000 VMThread [stack: 0x00000000165c0000,0x00000000166c0000] [id=8052]
  0x0000000016d20800 WatcherThread [stack: 0x00000000172c0000,0x00000000173c0000] [id=10404]

VM state:not at safepoint (normal execution)

VM Mutex/Monitor currently owned by a thread: None

Heap:
 PSYoungGen      total 244736K, used 15928K [0x00000000eab00000, 0x00000000fe500000, 0x0000000100000000)
  eden space 185856K, 2% used [0x00000000eab00000,0x00000000eaeadd90,0x00000000f6080000)
  from space 58880K, 20% used [0x00000000f6080000,0x00000000f6c60468,0x00000000f9a00000)
  to   space 55296K, 0% used [0x00000000faf00000,0x00000000faf00000,0x00000000fe500000)
 ParOldGen       total 352256K, used 219173K [0x00000000c0000000, 0x00000000d5800000, 0x00000000eab00000)
  object space 352256K, 62% used [0x00000000c0000000,0x00000000cd609620,0x00000000d5800000)
 Metaspace       used 6230K, capacity 7216K, committed 7296K, reserved 1056768K
  class space    used 574K, capacity 616K, committed 640K, reserved 1048576K

Card table byte_map: [0x0000000012250000,0x0000000012460000] byte_map_base: 0x0000000011c50000

Marking Bits: (ParMarkBitMap*) 0x0000000065869d00
 Begin Bits: [0x00000000129c0000, 0x00000000139c0000)
 End Bits:   [0x00000000139c0000, 0x00000000149c0000)

Polling page: 0x0000000002850000

CodeCache: size=245760Kb used=11055Kb max_used=11798Kb free=234704Kb
 bounds [0x0000000002e90000, 0x0000000003a50000, 0x0000000011e90000]
 total_blobs=2252 nmethods=1985 adapters=182
 compilation: enabled

Compilation events (10 events):
Event: 64.549 Thread 0x0000000016d16000 2420       2       java.lang.Integer::valueOf (32 bytes)
Event: 64.551 Thread 0x0000000016d16000 nmethod 2420 0x000000000311a010 code [0x000000000311a180, 0x000000000311a350]
Event: 64.652 Thread 0x0000000016d16000 2421       2       java.util.HashMap::entrySet (27 bytes)
Event: 64.653 Thread 0x0000000016d16000 nmethod 2421 0x0000000003116cd0 code [0x0000000003116e20, 0x0000000003117010]
Event: 64.653 Thread 0x0000000016d16000 2422       2       java.util.HashMap$EntrySet::<init> (10 bytes)
Event: 64.654 Thread 0x0000000016d16000 nmethod 2422 0x0000000003058f50 code [0x00000000030590a0, 0x0000000003059210]
Event: 64.655 Thread 0x0000000016d16000 2423       2       com.android.dx.ssa.ConstCollector$1::<init> (15 bytes)
Event: 64.655 Thread 0x0000000016d16000 nmethod 2423 0x00000000034f8a50 code [0x00000000034f8ba0, 0x00000000034f8d10]
Event: 64.656 Thread 0x0000000016d16000 2424       2       java.util.Collections::sort (8 bytes)
Event: 64.657 Thread 0x0000000016d16000 nmethod 2424 0x00000000030e2dd0 code [0x00000000030e2f40, 0x00000000030e30a8]

GC Heap History (10 events):
Event: 47.115 GC heap before
{Heap before GC invocations=17 (full 3):
 PSYoungGen      total 210944K, used 37873K [0x00000000eab00000, 0x00000000fbe00000, 0x0000000100000000)
  eden space 173056K, 0% used [0x00000000eab00000,0x00000000eab00000,0x00000000f5400000)
  from space 37888K, 99% used [0x00000000f8380000,0x00000000fa87c580,0x00000000fa880000)
  to   space 48640K, 0% used [0x00000000f5400000,0x00000000f5400000,0x00000000f8380000)
 ParOldGen       total 131584K, used 121087K [0x00000000c0000000, 0x00000000c8080000, 0x00000000eab00000)
  object space 131584K, 92% used [0x00000000c0000000,0x00000000c763fc40,0x00000000c8080000)
 Metaspace       used 6210K, capacity 7216K, committed 7296K, reserved 1056768K
  class space    used 572K, capacity 616K, committed 640K, reserved 1048576K
Event: 50.117 GC heap after
Heap after GC invocations=17 (full 3):
 PSYoungGen      total 210944K, used 25001K [0x00000000eab00000, 0x00000000fbe00000, 0x0000000100000000)
  eden space 173056K, 0% used [0x00000000eab00000,0x00000000eab00000,0x00000000f5400000)
  from space 37888K, 65% used [0x00000000f8380000,0x00000000f9bea4f8,0x00000000fa880000)
  to   space 48640K, 0% used [0x00000000f5400000,0x00000000f5400000,0x00000000f8380000)
 ParOldGen       total 219648K, used 131564K [0x00000000c0000000, 0x00000000cd680000, 0x00000000eab00000)
  object space 219648K, 59% used [0x00000000c0000000,0x00000000c807b080,0x00000000cd680000)
 Metaspace       used 6210K, capacity 7216K, committed 7296K, reserved 1056768K
  class space    used 572K, capacity 616K, committed 640K, reserved 1048576K
}
Event: 56.947 GC heap before
{Heap before GC invocations=18 (full 3):
 PSYoungGen      total 210944K, used 198057K [0x00000000eab00000, 0x00000000fbe00000, 0x0000000100000000)
  eden space 173056K, 100% used [0x00000000eab00000,0x00000000f5400000,0x00000000f5400000)
  from space 37888K, 65% used [0x00000000f8380000,0x00000000f9bea4f8,0x00000000fa880000)
  to   space 48640K, 0% used [0x00000000f5400000,0x00000000f5400000,0x00000000f8380000)
 ParOldGen       total 219648K, used 131564K [0x00000000c0000000, 0x00000000cd680000, 0x00000000eab00000)
  object space 219648K, 59% used [0x00000000c0000000,0x00000000c807b080,0x00000000cd680000)
 Metaspace       used 6215K, capacity 7216K, committed 7296K, reserved 1056768K
  class space    used 573K, capacity 616K, committed 640K, reserved 1048576K
Event: 57.252 GC heap after
Heap after GC invocations=18 (full 3):
 PSYoungGen      total 221696K, used 28064K [0x00000000eab00000, 0x00000000fca00000, 0x0000000100000000)
  eden space 173056K, 0% used [0x00000000eab00000,0x00000000eab00000,0x00000000f5400000)
  from space 48640K, 57% used [0x00000000f5400000,0x00000000f6f68000,0x00000000f8380000)
  to   space 49152K, 0% used [0x00000000f9a00000,0x00000000f9a00000,0x00000000fca00000)
 ParOldGen       total 219648K, used 156793K [0x00000000c0000000, 0x00000000cd680000, 0x00000000eab00000)
  object space 219648K, 71% used [0x00000000c0000000,0x00000000c991e4a0,0x00000000cd680000)
 Metaspace       used 6215K, capacity 7216K, committed 7296K, reserved 1056768K
  class space    used 573K, capacity 616K, committed 640K, reserved 1048576K
}
Event: 61.510 GC heap before
{Heap before GC invocations=19 (full 3):
 PSYoungGen      total 221696K, used 201120K [0x00000000eab00000, 0x00000000fca00000, 0x0000000100000000)
  eden space 173056K, 100% used [0x00000000eab00000,0x00000000f5400000,0x00000000f5400000)
  from space 48640K, 57% used [0x00000000f5400000,0x00000000f6f68000,0x00000000f8380000)
  to   space 49152K, 0% used [0x00000000f9a00000,0x00000000f9a00000,0x00000000fca00000)
 ParOldGen       total 219648K, used 156793K [0x00000000c0000000, 0x00000000cd680000, 0x00000000eab00000)
  object space 219648K, 71% used [0x00000000c0000000,0x00000000c991e4a0,0x00000000cd680000)
 Metaspace       used 6230K, capacity 7216K, committed 7296K, reserved 1056768K
  class space    used 574K, capacity 616K, committed 640K, reserved 1048576K
Event: 61.883 GC heap after
Heap after GC invocations=19 (full 3):
 PSYoungGen      total 235008K, used 49125K [0x00000000eab00000, 0x00000000fe100000, 0x0000000100000000)
  eden space 185856K, 0% used [0x00000000eab00000,0x00000000eab00000,0x00000000f6080000)
  from space 49152K, 99% used [0x00000000f9a00000,0x00000000fc9f9500,0x00000000fca00000)
  to   space 58880K, 0% used [0x00000000f6080000,0x00000000f6080000,0x00000000f9a00000)
 ParOldGen       total 219648K, used 161631K [0x00000000c0000000, 0x00000000cd680000, 0x00000000eab00000)
  object space 219648K, 73% used [0x00000000c0000000,0x00000000c9dd7de8,0x00000000cd680000)
 Metaspace       used 6230K, capacity 7216K, committed 7296K, reserved 1056768K
  class space    used 574K, capacity 616K, committed 640K, reserved 1048576K
}
Event: 65.835 GC heap before
{Heap before GC invocations=20 (full 3):
 PSYoungGen      total 235008K, used 234981K [0x00000000eab00000, 0x00000000fe100000, 0x0000000100000000)
  eden space 185856K, 100% used [0x00000000eab00000,0x00000000f6080000,0x00000000f6080000)
  from space 49152K, 99% used [0x00000000f9a00000,0x00000000fc9f9500,0x00000000fca00000)
  to   space 58880K, 0% used [0x00000000f6080000,0x00000000f6080000,0x00000000f9a00000)
 ParOldGen       total 219648K, used 161631K [0x00000000c0000000, 0x00000000cd680000, 0x00000000eab00000)
  object space 219648K, 73% used [0x00000000c0000000,0x00000000c9dd7de8,0x00000000cd680000)
 Metaspace       used 6230K, capacity 7216K, committed 7296K, reserved 1056768K
  class space    used 574K, capacity 616K, committed 640K, reserved 1048576K
Event: 66.512 GC heap after
Heap after GC invocations=20 (full 3):
 PSYoungGen      total 244736K, used 23141K [0x00000000eab00000, 0x00000000fe500000, 0x0000000100000000)
  eden space 185856K, 0% used [0x00000000eab00000,0x00000000eab00000,0x00000000f6080000)
  from space 58880K, 39% used [0x00000000f6080000,0x00000000f7719730,0x00000000f9a00000)
  to   space 55296K, 0% used [0x00000000faf00000,0x00000000faf00000,0x00000000fe500000)
 ParOldGen       total 219648K, used 210979K [0x00000000c0000000, 0x00000000cd680000, 0x00000000eab00000)
  object space 219648K, 96% used [0x00000000c0000000,0x00000000cce08c60,0x00000000cd680000)
 Metaspace       used 6230K, capacity 7216K, committed 7296K, reserved 1056768K
  class space    used 574K, capacity 616K, committed 640K, reserved 1048576K
}
Event: 66.512 GC heap before
{Heap before GC invocations=21 (full 4):
 PSYoungGen      total 244736K, used 23141K [0x00000000eab00000, 0x00000000fe500000, 0x0000000100000000)
  eden space 185856K, 0% used [0x00000000eab00000,0x00000000eab00000,0x00000000f6080000)
  from space 58880K, 39% used [0x00000000f6080000,0x00000000f7719730,0x00000000f9a00000)
  to   space 55296K, 0% used [0x00000000faf00000,0x00000000faf00000,0x00000000fe500000)
 ParOldGen       total 219648K, used 210979K [0x00000000c0000000, 0x00000000cd680000, 0x00000000eab00000)
  object space 219648K, 96% used [0x00000000c0000000,0x00000000cce08c60,0x00000000cd680000)
 Metaspace       used 6230K, capacity 7216K, committed 7296K, reserved 1056768K
  class space    used 574K, capacity 616K, committed 640K, reserved 1048576K
Event: 72.090 GC heap after
Heap after GC invocations=21 (full 4):
 PSYoungGen      total 244736K, used 12161K [0x00000000eab00000, 0x00000000fe500000, 0x0000000100000000)
  eden space 185856K, 0% used [0x00000000eab00000,0x00000000eab00000,0x00000000f6080000)
  from space 58880K, 20% used [0x00000000f6080000,0x00000000f6c60468,0x00000000f9a00000)
  to   space 55296K, 0% used [0x00000000faf00000,0x00000000faf00000,0x00000000fe500000)
 ParOldGen       total 352256K, used 219173K [0x00000000c0000000, 0x00000000d5800000, 0x00000000eab00000)
  object space 352256K, 62% used [0x00000000c0000000,0x00000000cd609620,0x00000000d5800000)
 Metaspace       used 6230K, capacity 7216K, committed 7296K, reserved 1056768K
  class space    used 574K, capacity 616K, committed 640K, reserved 1048576K
}

Deoptimization events (10 events):
Event: 53.437 Thread 0x0000000002d90800 Uncommon trap: reason=bimorphic action=maybe_recompile pc=0x0000000003951310 method=com.android.dx.cf.code.BytecodeArray.parseInstruction(ILcom/android/dx/cf/code/BytecodeArray$Visitor;)I @ 1035
Event: 55.877 Thread 0x0000000002d90800 Uncommon trap: reason=unstable_if action=reinterpret pc=0x00000000034dc750 method=com.android.dx.rop.code.LocalItem.compareHandlesNulls(Lcom/android/dx/rop/cst/CstString;Lcom/android/dx/rop/cst/CstString;)I @ 14
Event: 57.342 Thread 0x0000000002d90800 Uncommon trap: reason=unstable_if action=reinterpret pc=0x00000000033a98c4 method=java.util.BitSet.nextClearBit(I)I @ 70
Event: 57.358 Thread 0x0000000002d90800 Uncommon trap: reason=unstable_if action=reinterpret pc=0x00000000030f7e78 method=java.util.BitSet.set(II)V @ 48
Event: 57.358 Thread 0x0000000002d90800 Uncommon trap: reason=unstable_if action=reinterpret pc=0x00000000032ecc08 method=java.util.BitSet.set(II)V @ 48
Event: 57.373 Thread 0x0000000002d90800 Uncommon trap: reason=unstable_if action=reinterpret pc=0x0000000002fa7340 method=java.util.BitSet.set(II)V @ 48
Event: 64.259 Thread 0x0000000002d90800 Uncommon trap: reason=bimorphic action=maybe_recompile pc=0x000000000363d5f0 method=java.util.HashMap.putVal(ILjava/lang/Object;Ljava/lang/Object;ZZ)Ljava/lang/Object; @ 203
Event: 64.400 Thread 0x0000000002d90800 Uncommon trap: reason=bimorphic action=maybe_recompile pc=0x000000000363d5f0 method=java.util.HashMap.putVal(ILjava/lang/Object;Ljava/lang/Object;ZZ)Ljava/lang/Object; @ 203
Event: 64.534 Thread 0x0000000002d90800 Uncommon trap: reason=bimorphic action=maybe_recompile pc=0x000000000363d5e0 method=java.util.HashMap.putVal(ILjava/lang/Object;Ljava/lang/Object;ZZ)Ljava/lang/Object; @ 203
Event: 64.537 Thread 0x0000000002d90800 Uncommon trap: reason=bimorphic action=maybe_recompile pc=0x000000000363d5f0 method=java.util.HashMap.putVal(ILjava/lang/Object;Ljava/lang/Object;ZZ)Ljava/lang/Object; @ 203

Internal exceptions (7 events):
Event: 0.123 Thread 0x0000000002d90800 Exception <a 'java/lang/NoSuchMethodError': Method sun.misc.Unsafe.defineClass(Ljava/lang/String;[BII)Ljava/lang/Class; name or signature does not match> (0x00000000eab07cc0) thrown at [C:\src\android\AOSP-openjdk\external\jetbrains\jdk\hotspot\src\share\vÜåfçîø?
Event: 0.123 Thread 0x0000000002d90800 Exception <a 'java/lang/NoSuchMethodError': Method sun.misc.Unsafe.prefetchRead(Ljava/lang/Object;J)V name or signature does not match> (0x00000000eab07fa8) thrown at [C:\src\android\AOSP-openjdk\external\jetbrains\jdk\hotspot\src\share\vm\prims\jni.cpp, lˆ?Ypﬁ5@
Event: 3.651 Thread 0x0000000002d90800 Implicit null exception at 0x00000000032f1e22 to 0x00000000032f1f12
Event: 7.746 Thread 0x0000000002d90800 Exception <a 'java/lang/ArrayIndexOutOfBoundsException': 18> (0x00000000eacfdce8) thrown at [C:\src\android\AOSP-openjdk\external\jetbrains\jdk\hotspot\src\share\vm\interpreter\interpreterRuntime.cpp, line 366]
Event: 7.747 Thread 0x0000000002d90800 Exception <a 'java/lang/ArrayIndexOutOfBoundsException': 145> (0x00000000eacff868) thrown at [C:\src\android\AOSP-openjdk\external\jetbrains\jdk\hotspot\src\share\vm\interpreter\interpreterRuntime.cpp, line 366]
Event: 7.750 Thread 0x0000000002d90800 Exception <a 'java/lang/ArrayIndexOutOfBoundsException'> (0x00000000ead00b50) thrown at [C:\src\android\AOSP-openjdk\external\jetbrains\jdk\hotspot\src\share\vm\runtime\sharedRuntime.cpp, line 605]
Event: 55.877 Thread 0x0000000002d90800 Implicit null exception at 0x00000000034db0d6 to 0x00000000034dc731

Events (10 events):
Event: 64.400 Thread 0x0000000002d90800 DEOPT PACKING pc=0x000000000363d5f0 sp=0x0000000002d8e330
Event: 64.401 Thread 0x0000000002d90800 DEOPT UNPACKING pc=0x0000000002ed556a sp=0x0000000002d8e218 mode 2
Event: 64.534 Thread 0x0000000002d90800 Uncommon trap: trap_request=0xffffffc6 fr.pc=0x000000000363d5e0
Event: 64.534 Thread 0x0000000002d90800 DEOPT PACKING pc=0x000000000363d5e0 sp=0x0000000002d8e330
Event: 64.534 Thread 0x0000000002d90800 DEOPT UNPACKING pc=0x0000000002ed556a sp=0x0000000002d8e218 mode 2
Event: 64.537 Thread 0x0000000002d90800 Uncommon trap: trap_request=0xffffffc6 fr.pc=0x000000000363d5f0
Event: 64.537 Thread 0x0000000002d90800 DEOPT PACKING pc=0x000000000363d5f0 sp=0x0000000002d8e330
Event: 64.537 Thread 0x0000000002d90800 DEOPT UNPACKING pc=0x0000000002ed556a sp=0x0000000002d8e218 mode 2
Event: 65.835 Executing VM operation: ParallelGCFailedAllocation
Event: 72.090 Executing VM operation: ParallelGCFailedAllocation done


Dynamic libraries:
0x00007ff750280000 - 0x00007ff7502b1000 	C:\Program Files\Android\Android Studio\jre\bin\java.exe
0x00007ff9a3cf0000 - 0x00007ff9a3ec1000 	C:\WINDOWS\SYSTEM32\ntdll.dll
0x00007ff9a14f0000 - 0x00007ff9a159b000 	C:\WINDOWS\System32\KERNEL32.DLL
0x00007ff9a0d40000 - 0x00007ff9a0f5d000 	C:\WINDOWS\System32\KERNELBASE.dll
0x00007ff9a1b40000 - 0x00007ff9a1be2000 	C:\WINDOWS\System32\ADVAPI32.dll
0x00007ff9a3c30000 - 0x00007ff9a3cce000 	C:\WINDOWS\System32\msvcrt.dll
0x00007ff9a3a30000 - 0x00007ff9a3a89000 	C:\WINDOWS\System32\sechost.dll
0x00007ff9a3900000 - 0x00007ff9a3a21000 	C:\WINDOWS\System32\RPCRT4.dll
0x00007ff9a1380000 - 0x00007ff9a14e5000 	C:\WINDOWS\System32\USER32.dll
0x00007ff9a0b30000 - 0x00007ff9a0b4e000 	C:\WINDOWS\System32\win32u.dll
0x00007ff9a15c0000 - 0x00007ff9a15f4000 	C:\WINDOWS\System32\GDI32.dll
0x00007ff9a0b50000 - 0x00007ff9a0cd2000 	C:\WINDOWS\System32\gdi32full.dll
0x00007ff994f00000 - 0x00007ff995179000 	C:\WINDOWS\WinSxS\amd64_microsoft.windows.common-controls_6595b64144ccf1df_6.0.14393.447_none_42191651c6827bb3\COMCTL32.dll
0x00007ff9a1700000 - 0x00007ff9a19c8000 	C:\WINDOWS\System32\combase.dll
0x00007ff9a0350000 - 0x00007ff9a0445000 	C:\WINDOWS\System32\ucrtbase.dll
0x00007ff9a0290000 - 0x00007ff9a02fa000 	C:\WINDOWS\System32\bcryptPrimitives.dll
0x00007ff9a1b10000 - 0x00007ff9a1b3e000 	C:\WINDOWS\System32\IMM32.DLL
0x0000000064ba0000 - 0x0000000064c72000 	C:\Program Files\Android\Android Studio\jre\jre\bin\msvcr100.dll
0x00000000650b0000 - 0x00000000658e4000 	C:\Program Files\Android\Android Studio\jre\jre\bin\server\jvm.dll
0x00007ff9a3ce0000 - 0x00007ff9a3ce8000 	C:\WINDOWS\System32\PSAPI.DLL
0x00007ff994e90000 - 0x00007ff994e99000 	C:\WINDOWS\SYSTEM32\WSOCK32.dll
0x00007ff99e4d0000 - 0x00007ff99e4f3000 	C:\WINDOWS\SYSTEM32\WINMM.dll
0x00007ff9a3820000 - 0x00007ff9a388a000 	C:\WINDOWS\System32\WS2_32.dll
0x00007ff99c8d0000 - 0x00007ff99c8da000 	C:\WINDOWS\SYSTEM32\VERSION.dll
0x00007ff99e0d0000 - 0x00007ff99e0fb000 	C:\WINDOWS\SYSTEM32\WINMMBASE.dll
0x00007ff9a0300000 - 0x00007ff9a0342000 	C:\WINDOWS\System32\cfgmgr32.dll
0x00007ff99c890000 - 0x00007ff99c89f000 	C:\Program Files\Android\Android Studio\jre\jre\bin\verify.dll
0x00007ff9957b0000 - 0x00007ff9957d9000 	C:\Program Files\Android\Android Studio\jre\jre\bin\java.dll
0x00007ff995700000 - 0x00007ff995716000 	C:\Program Files\Android\Android Studio\jre\jre\bin\zip.dll
0x00007ff9a1e10000 - 0x00007ff9a3319000 	C:\WINDOWS\System32\SHELL32.dll
0x00007ff9a0450000 - 0x00007ff9a0b2a000 	C:\WINDOWS\System32\windows.storage.dll
0x00007ff9a0190000 - 0x00007ff9a01dc000 	C:\WINDOWS\System32\powrprof.dll
0x00007ff9a3320000 - 0x00007ff9a3372000 	C:\WINDOWS\System32\shlwapi.dll
0x00007ff9a0180000 - 0x00007ff9a018f000 	C:\WINDOWS\System32\kernel.appcore.dll
0x00007ff9a01e0000 - 0x00007ff9a0289000 	C:\WINDOWS\System32\shcore.dll
0x00007ff9a0150000 - 0x00007ff9a0164000 	C:\WINDOWS\System32\profapi.dll

VM Arguments:
jvm_args: -Djava.awt.headless=true -Xmx1024M -Dfile.encoding=x-windows-949 -Duser.country=KR -Duser.language=ko -Duser.variant 
java_command: com.android.dx.command.Main --dex --multi-dex --main-dex-list C:\GitHub\project\TravelPlanner\app\build\intermediates\multi-dex\debug\maindexlist.txt --output C:\GitHub\project\TravelPlanner\app\build\intermediates\transforms\dex\debug\folders\1000\1f\main C:\GitHub\project\TravelPlanner\app\build\intermediates\transforms\jarMerging\debug\jars\1\1f\combined.jar
java_class_path (initial): C:\Users\a0104\AppData\Local\Android\sdk\build-tools\21.1.2\lib\dx.jar
Launcher Type: SUN_STANDARD

Environment Variables:
JAVA_HOME=C:\Program Files\Java\jdk1.8.0_73
PATH=C:\ProgramData\Oracle\Java\javapath;C:\WINDOWS\system32;C:\WINDOWS;C:\WINDOWS\System32\Wbem;C:\WINDOWS\System32\WindowsPowerShell\v1.0\;C:\Program Files\Java\jdk1.8.0_73\bin;C:\Program Files\Bandizip\7z;C:\Users\a0104\AppData\Local\Microsoft\WindowsApps;
USERNAME=a0104
OS=Windows_NT
PROCESSOR_IDENTIFIER=AMD64 Family 22 Model 0 Stepping 1, AuthenticAMD



---------------  S Y S T E M  ---------------

OS: Windows 10.0 , 64 bit Build 14393 (10.0.14393.0)

CPU:total 4 (4 cores per cpu, 1 threads per core) family 22 model 0 stepping 1, cmov, cx8, fxsr, mmx, sse, sse2, sse3, ssse3, sse4.1, sse4.2, popcnt, avx, aes, clmul, mmxext, 3dnowpref, lzcnt, sse4a, tsc, tscinvbit, tscinv, bmi1

Memory: 4k page, physical 3611584k(153856k free), swap 5708736k(4116k free)

vm_info: OpenJDK 64-Bit Server VM (25.76-b03) for windows-amd64 JRE (1.8.0_76-release-b03), built on Jun 29 2016 19:09:20 by "ralucas" with MS VC++ 10.0 (VS2010)

time: Mon Feb 13 14:05:53 2017
elapsed time: 72 seconds (0d 0h 1m 12s)

