#
# There is insufficient memory for the Java Runtime Environment to continue.
# Native memory allocation (malloc) failed to allocate 65552 bytes for Chunk::new
# Possible reasons:
#   The system is out of physical RAM or swap space
#   In 32 bit mode, the process size limit was hit
# Possible solutions:
#   Reduce memory load on the system
#   Increase physical memory or swap space
#   Check if swap backing store is full
#   Use 64 bit Java on a 64 bit OS
#   Decrease Java heap size (-Xmx/-Xms)
#   Decrease number of Java threads
#   Decrease Java thread stack sizes (-Xss)
#   Set larger code cache with -XX:ReservedCodeCacheSize=
# This output file may be truncated or incomplete.
#
#  Out of Memory Error (allocation.cpp:390), pid=2188, tid=0x0000000000001f7c
#
# JRE version: OpenJDK Runtime Environment (8.0_76-b03) (build 1.8.0_76-release-b03)
# Java VM: OpenJDK 64-Bit Server VM (25.76-b03 mixed mode windows-amd64 compressed oops)
# Failed to write core dump. Minidumps are not enabled by default on client versions of Windows
#

---------------  T H R E A D  ---------------

Current thread (0x0000000015469000):  JavaThread "C2 CompilerThread0" daemon [_thread_in_native, id=8060, stack(0x00000000169f0000,0x0000000016af0000)]

Stack: [0x00000000169f0000,0x0000000016af0000]
[error occurred during error reporting (printing stack bounds), id 0xc0000005]

Native frames: (J=compiled Java code, j=interpreted, Vv=VM code, C=native code)


Current CompileTask:
C2:  78793 2514       4       com.android.dx.ssa.Optimizer::runSsaFormSteps (117 bytes)


---------------  P R O C E S S  ---------------

Java Threads: ( => current thread )
  0x0000000016b66800 JavaThread "Service Thread" daemon [_thread_blocked, id=7800, stack(0x00000000170f0000,0x00000000171f0000)]
  0x0000000016b3e800 JavaThread "C1 CompilerThread2" daemon [_thread_blocked, id=9392, stack(0x0000000016ff0000,0x00000000170f0000)]
  0x0000000016b3b800 JavaThread "C2 CompilerThread1" daemon [_thread_blocked, id=8540, stack(0x0000000016ef0000,0x0000000016ff0000)]
=>0x0000000015469000 JavaThread "C2 CompilerThread0" daemon [_thread_in_native, id=8060, stack(0x00000000169f0000,0x0000000016af0000)]
  0x0000000015467800 JavaThread "Attach Listener" daemon [_thread_blocked, id=9644, stack(0x00000000168f0000,0x00000000169f0000)]
  0x000000001541c000 JavaThread "Signal Dispatcher" daemon [_thread_blocked, id=9600, stack(0x00000000167f0000,0x00000000168f0000)]
  0x00000000153f8800 JavaThread "Finalizer" daemon [_thread_blocked, id=8704, stack(0x0000000016670000,0x0000000016770000)]
  0x0000000002d11000 JavaThread "Reference Handler" daemon [_thread_blocked, id=6032, stack(0x0000000016570000,0x0000000016670000)]
  0x0000000002c20800 JavaThread "main" [_thread_in_native, id=7768, stack(0x00000000027b0000,0x00000000028b0000)]

Other Threads:
  0x00000000153d5800 VMThread [stack: 0x0000000016470000,0x0000000016570000] [id=7744]
  0x0000000016b69000 WatcherThread [stack: 0x00000000171f0000,0x00000000172f0000] [id=5224]

VM state:not at safepoint (normal execution)

VM Mutex/Monitor currently owned by a thread: None

Heap:
 PSYoungGen      total 209920K, used 28418K [0x00000000eab00000, 0x00000000fbf00000, 0x0000000100000000)
  eden space 171520K, 1% used [0x00000000eab00000,0x00000000eae597a0,0x00000000f5280000)
  from space 38400K, 65% used [0x00000000f8300000,0x00000000f9b673a8,0x00000000fa880000)
  to   space 49664K, 0% used [0x00000000f5280000,0x00000000f5280000,0x00000000f8300000)
 ParOldGen       total 133632K, used 133620K [0x00000000c0000000, 0x00000000c8280000, 0x00000000eab00000)
  object space 133632K, 99% used [0x00000000c0000000,0x00000000c827d0c0,0x00000000c8280000)
 Metaspace       used 6206K, capacity 7216K, committed 7296K, reserved 1056768K
  class space    used 573K, capacity 616K, committed 640K, reserved 1048576K

Card table byte_map: [0x00000000120e0000,0x00000000122f0000] byte_map_base: 0x0000000011ae0000

Marking Bits: (ParMarkBitMap*) 0x0000000053e19d00
 Begin Bits: [0x0000000012850000, 0x0000000013850000)
 End Bits:   [0x0000000013850000, 0x0000000014850000)

Polling page: 0x0000000000c50000

CodeCache: size=245760Kb used=10514Kb max_used=10624Kb free=235245Kb
 bounds [0x0000000002d20000, 0x0000000003830000, 0x0000000011d20000]
 total_blobs=2230 nmethods=1963 adapters=182
 compilation: enabled

Compilation events (10 events):
Event: 78.711 Thread 0x0000000016b3e800 nmethod 2544 0x0000000003168b10 code [0x0000000003168c80, 0x0000000003168e28]
Event: 78.712 Thread 0x0000000016b3e800 2545       3       java.lang.ref.Finalizer::access$100 (6 bytes)
Event: 78.712 Thread 0x0000000016b3e800 nmethod 2545 0x00000000034fa3d0 code [0x00000000034fa540, 0x00000000034fa6a8]
Event: 78.713 Thread 0x0000000016b3e800 2546       3       java.util.zip.ZipFile$ZipFileInputStream::finalize (5 bytes)
Event: 78.714 Thread 0x0000000016b3e800 nmethod 2546 0x00000000034fa050 code [0x00000000034fa1c0, 0x00000000034fa348]
Event: 78.714 Thread 0x0000000016b3e800 2547   !   3       java.lang.ref.Finalizer::remove (94 bytes)
Event: 78.716 Thread 0x0000000016b3b800 nmethod 2543 0x00000000030cdd90 code [0x00000000030cdf60, 0x00000000030ceb78]
Event: 78.717 Thread 0x0000000016b3e800 nmethod 2547 0x0000000003617750 code [0x00000000036178c0, 0x0000000003617d90]
Event: 78.717 Thread 0x0000000016b3e800 2548   !   3       java.lang.ref.Finalizer::runFinalizer (62 bytes)
Event: 78.720 Thread 0x0000000016b3e800 nmethod 2548 0x00000000031cfad0 code [0x00000000031cfc80, 0x00000000031d04f8]

GC Heap History (10 events):
Event: 46.856 GC heap before
{Heap before GC invocations=13 (full 2):
 PSYoungGen      total 185856K, used 20161K [0x00000000eab00000, 0x00000000f8480000, 0x0000000100000000)
  eden space 165376K, 0% used [0x00000000eab00000,0x00000000eab00000,0x00000000f4c80000)
  from space 20480K, 98% used [0x00000000f5380000,0x00000000f6730660,0x00000000f6780000)
  to   space 28672K, 0% used [0x00000000f6880000,0x00000000f6880000,0x00000000f8480000)
 ParOldGen       total 73216K, used 65437K [0x00000000c0000000, 0x00000000c4780000, 0x00000000eab00000)
  object space 73216K, 89% used [0x00000000c0000000,0x00000000c3fe74e0,0x00000000c4780000)
 Metaspace       used 6187K, capacity 7216K, committed 7296K, reserved 1056768K
  class space    used 573K, capacity 616K, committed 640K, reserved 1048576K
Event: 49.346 GC heap after
Heap after GC invocations=13 (full 2):
 PSYoungGen      total 185856K, used 10245K [0x00000000eab00000, 0x00000000f8480000, 0x0000000100000000)
  eden space 165376K, 0% used [0x00000000eab00000,0x00000000eab00000,0x00000000f4c80000)
  from space 20480K, 50% used [0x00000000f5380000,0x00000000f5d81670,0x00000000f6780000)
  to   space 28672K, 0% used [0x00000000f6880000,0x00000000f6880000,0x00000000f8480000)
 ParOldGen       total 133632K, used 72732K [0x00000000c0000000, 0x00000000c8280000, 0x00000000eab00000)
  object space 133632K, 54% used [0x00000000c0000000,0x00000000c4707250,0x00000000c8280000)
 Metaspace       used 6187K, capacity 7216K, committed 7296K, reserved 1056768K
  class space    used 573K, capacity 616K, committed 640K, reserved 1048576K
}
Event: 58.783 GC heap before
{Heap before GC invocations=14 (full 2):
 PSYoungGen      total 185856K, used 175621K [0x00000000eab00000, 0x00000000f8480000, 0x0000000100000000)
  eden space 165376K, 100% used [0x00000000eab00000,0x00000000f4c80000,0x00000000f4c80000)
  from space 20480K, 50% used [0x00000000f5380000,0x00000000f5d81670,0x00000000f6780000)
  to   space 28672K, 0% used [0x00000000f6880000,0x00000000f6880000,0x00000000f8480000)
 ParOldGen       total 133632K, used 72732K [0x00000000c0000000, 0x00000000c8280000, 0x00000000eab00000)
  object space 133632K, 54% used [0x00000000c0000000,0x00000000c4707250,0x00000000c8280000)
 Metaspace       used 6197K, capacity 7216K, committed 7296K, reserved 1056768K
  class space    used 573K, capacity 616K, committed 640K, reserved 1048576K
Event: 59.050 GC heap after
Heap after GC invocations=14 (full 2):
 PSYoungGen      total 186880K, used 28648K [0x00000000eab00000, 0x00000000fa780000, 0x0000000100000000)
  eden space 158208K, 0% used [0x00000000eab00000,0x00000000eab00000,0x00000000f4580000)
  from space 28672K, 99% used [0x00000000f6880000,0x00000000f847a0f8,0x00000000f8480000)
  to   space 35840K, 0% used [0x00000000f4580000,0x00000000f4580000,0x00000000f6880000)
 ParOldGen       total 133632K, used 80527K [0x00000000c0000000, 0x00000000c8280000, 0x00000000eab00000)
  object space 133632K, 60% used [0x00000000c0000000,0x00000000c4ea3c38,0x00000000c8280000)
 Metaspace       used 6197K, capacity 7216K, committed 7296K, reserved 1056768K
  class space    used 573K, capacity 616K, committed 640K, reserved 1048576K
}
Event: 66.041 GC heap before
{Heap before GC invocations=15 (full 2):
 PSYoungGen      total 186880K, used 186856K [0x00000000eab00000, 0x00000000fa780000, 0x0000000100000000)
  eden space 158208K, 100% used [0x00000000eab00000,0x00000000f4580000,0x00000000f4580000)
  from space 28672K, 99% used [0x00000000f6880000,0x00000000f847a0f8,0x00000000f8480000)
  to   space 35840K, 0% used [0x00000000f4580000,0x00000000f4580000,0x00000000f6880000)
 ParOldGen       total 133632K, used 80527K [0x00000000c0000000, 0x00000000c8280000, 0x00000000eab00000)
  object space 133632K, 60% used [0x00000000c0000000,0x00000000c4ea3c38,0x00000000c8280000)
 Metaspace       used 6202K, capacity 7216K, committed 7296K, reserved 1056768K
  class space    used 573K, capacity 616K, committed 640K, reserved 1048576K
Event: 66.665 GC heap after
Heap after GC invocations=15 (full 2):
 PSYoungGen      total 194048K, used 27443K [0x00000000eab00000, 0x00000000fa880000, 0x0000000100000000)
  eden space 158208K, 0% used [0x00000000eab00000,0x00000000eab00000,0x00000000f4580000)
  from space 35840K, 76% used [0x00000000f4580000,0x00000000f604ceb0,0x00000000f6880000)
  to   space 38400K, 0% used [0x00000000f8300000,0x00000000f8300000,0x00000000fa880000)
 ParOldGen       total 133632K, used 109292K [0x00000000c0000000, 0x00000000c8280000, 0x00000000eab00000)
  object space 133632K, 81% used [0x00000000c0000000,0x00000000c6abb2c0,0x00000000c8280000)
 Metaspace       used 6202K, capacity 7216K, committed 7296K, reserved 1056768K
  class space    used 573K, capacity 616K, committed 640K, reserved 1048576K
}
Event: 71.844 GC heap before
{Heap before GC invocations=16 (full 2):
 PSYoungGen      total 194048K, used 185651K [0x00000000eab00000, 0x00000000fa880000, 0x0000000100000000)
  eden space 158208K, 100% used [0x00000000eab00000,0x00000000f4580000,0x00000000f4580000)
  from space 35840K, 76% used [0x00000000f4580000,0x00000000f604ceb0,0x00000000f6880000)
  to   space 38400K, 0% used [0x00000000f8300000,0x00000000f8300000,0x00000000fa880000)
 ParOldGen       total 133632K, used 109292K [0x00000000c0000000, 0x00000000c8280000, 0x00000000eab00000)
  object space 133632K, 81% used [0x00000000c0000000,0x00000000c6abb2c0,0x00000000c8280000)
 Metaspace       used 6206K, capacity 7216K, committed 7296K, reserved 1056768K
  class space    used 573K, capacity 616K, committed 640K, reserved 1048576K
Event: 72.153 GC heap after
Heap after GC invocations=16 (full 2):
 PSYoungGen      total 209920K, used 38393K [0x00000000eab00000, 0x00000000fbf00000, 0x0000000100000000)
  eden space 171520K, 0% used [0x00000000eab00000,0x00000000eab00000,0x00000000f5280000)
  from space 38400K, 99% used [0x00000000f8300000,0x00000000fa87e728,0x00000000fa880000)
  to   space 49664K, 0% used [0x00000000f5280000,0x00000000f5280000,0x00000000f8300000)
 ParOldGen       total 133632K, used 122615K [0x00000000c0000000, 0x00000000c8280000, 0x00000000eab00000)
  object space 133632K, 91% used [0x00000000c0000000,0x00000000c77bdf68,0x00000000c8280000)
 Metaspace       used 6206K, capacity 7216K, committed 7296K, reserved 1056768K
  class space    used 573K, capacity 616K, committed 640K, reserved 1048576K
}
Event: 72.153 GC heap before
{Heap before GC invocations=17 (full 3):
 PSYoungGen      total 209920K, used 38393K [0x00000000eab00000, 0x00000000fbf00000, 0x0000000100000000)
  eden space 171520K, 0% used [0x00000000eab00000,0x00000000eab00000,0x00000000f5280000)
  from space 38400K, 99% used [0x00000000f8300000,0x00000000fa87e728,0x00000000fa880000)
  to   space 49664K, 0% used [0x00000000f5280000,0x00000000f5280000,0x00000000f8300000)
 ParOldGen       total 133632K, used 122615K [0x00000000c0000000, 0x00000000c8280000, 0x00000000eab00000)
  object space 133632K, 91% used [0x00000000c0000000,0x00000000c77bdf68,0x00000000c8280000)
 Metaspace       used 6206K, capacity 7216K, committed 7296K, reserved 1056768K
  class space    used 573K, capacity 616K, committed 640K, reserved 1048576K
Event: 78.710 GC heap after
Heap after GC invocations=17 (full 3):
 PSYoungGen      total 209920K, used 24988K [0x00000000eab00000, 0x00000000fbf00000, 0x0000000100000000)
  eden space 171520K, 0% used [0x00000000eab00000,0x00000000eab00000,0x00000000f5280000)
  from space 38400K, 65% used [0x00000000f8300000,0x00000000f9b673a8,0x00000000fa880000)
  to   space 49664K, 0% used [0x00000000f5280000,0x00000000f5280000,0x00000000f8300000)
 ParOldGen       total 133632K, used 133620K [0x00000000c0000000, 0x00000000c8280000, 0x00000000eab00000)
  object space 133632K, 99% used [0x00000000c0000000,0x00000000c827d0c0,0x00000000c8280000)
 Metaspace       used 6206K, capacity 7216K, committed 7296K, reserved 1056768K
  class space    used 573K, capacity 616K, committed 640K, reserved 1048576K
}

Deoptimization events (10 events):
Event: 44.745 Thread 0x0000000002c20800 Uncommon trap: reason=bimorphic action=maybe_recompile pc=0x00000000034fe818 method=com.android.dx.ssa.LiteralOpUpgrader.tryReplacingWithConstant(Lcom/android/dx/ssa/NormalSsaInsn;)Z @ 62
Event: 44.897 Thread 0x0000000002c20800 Uncommon trap: reason=bimorphic action=maybe_recompile pc=0x00000000034fe818 method=com.android.dx.ssa.LiteralOpUpgrader.tryReplacingWithConstant(Lcom/android/dx/ssa/NormalSsaInsn;)Z @ 62
Event: 55.541 Thread 0x0000000002c20800 Uncommon trap: reason=bimorphic action=maybe_recompile pc=0x00000000034fe818 method=com.android.dx.ssa.LiteralOpUpgrader.tryReplacingWithConstant(Lcom/android/dx/ssa/NormalSsaInsn;)Z @ 62
Event: 55.641 Thread 0x0000000002c20800 Uncommon trap: reason=unstable_if action=reinterpret pc=0x00000000034b98ac method=com.android.dx.ssa.SCCP.simulateBranch(Lcom/android/dx/ssa/SsaInsn;)V @ 548
Event: 55.641 Thread 0x0000000002c20800 Uncommon trap: reason=unstable_if action=reinterpret pc=0x0000000003724c00 method=com.android.dx.ssa.SCCP.run()V @ 179
Event: 55.865 Thread 0x0000000002c20800 Uncommon trap: reason=unstable_if action=reinterpret pc=0x000000000375c7c4 method=com.android.dx.cf.code.Ropper.isSynchronized()Z @ 12
Event: 55.899 Thread 0x0000000002c20800 Uncommon trap: reason=unstable_if action=reinterpret pc=0x000000000374df3c method=com.android.dx.cf.code.Ropper.isSynchronized()Z @ 12
Event: 57.118 Thread 0x0000000002c20800 Uncommon trap: reason=bimorphic action=maybe_recompile pc=0x000000000369cd6c method=com.android.dx.cf.code.BytecodeArray.parseInstruction(ILcom/android/dx/cf/code/BytecodeArray$Visitor;)I @ 2135
Event: 57.118 Thread 0x0000000002c20800 Uncommon trap: reason=bimorphic action=maybe_recompile pc=0x000000000369cd6c method=com.android.dx.cf.code.BytecodeArray.parseInstruction(ILcom/android/dx/cf/code/BytecodeArray$Visitor;)I @ 2135
Event: 63.610 Thread 0x0000000002c20800 Uncommon trap: reason=unstable_if action=reinterpret pc=0x0000000002f99678 method=com.android.dx.cf.code.Merger.mergeType(Lcom/android/dx/rop/type/TypeBearer;Lcom/android/dx/rop/type/TypeBearer;)Lcom/android/dx/rop/type/TypeBearer; @ 77

Internal exceptions (7 events):
Event: 0.138 Thread 0x0000000002c20800 Exception <a 'java/lang/NoSuchMethodError': Method sun.misc.Unsafe.defineClass(Ljava/lang/String;[BII)Ljava/lang/Class; name or signature does not match> (0x00000000eab07cc0) thrown at [C:\src\android\AOSP-openjdk\external\jetbrains\jdk\hotspot\src\share\v€íçJÈÆ¡?
Event: 0.138 Thread 0x0000000002c20800 Exception <a 'java/lang/NoSuchMethodError': Method sun.misc.Unsafe.prefetchRead(Ljava/lang/Object;J)V name or signature does not match> (0x00000000eab07fa8) thrown at [C:\src\android\AOSP-openjdk\external\jetbrains\jdk\hotspot\src\share\vm\prims\jni.cpp, leœ¬gÑù@
Event: 5.154 Thread 0x0000000002c20800 Implicit null exception at 0x0000000003118f22 to 0x0000000003119012
Event: 9.826 Thread 0x0000000002c20800 Exception <a 'java/lang/ArrayIndexOutOfBoundsException': 18> (0x00000000eaca4d28) thrown at [C:\src\android\AOSP-openjdk\external\jetbrains\jdk\hotspot\src\share\vm\interpreter\interpreterRuntime.cpp, line 366]
Event: 9.829 Thread 0x0000000002c20800 Exception <a 'java/lang/ArrayIndexOutOfBoundsException'> (0x00000000eaca68a8) thrown at [C:\src\android\AOSP-openjdk\external\jetbrains\jdk\hotspot\src\share\vm\runtime\sharedRuntime.cpp, line 605]
Event: 9.833 Thread 0x0000000002c20800 Exception <a 'java/lang/ArrayIndexOutOfBoundsException'> (0x00000000eaca7b90) thrown at [C:\src\android\AOSP-openjdk\external\jetbrains\jdk\hotspot\src\share\vm\runtime\sharedRuntime.cpp, line 605]
Event: 15.679 Thread 0x0000000002c20800 Implicit null exception at 0x00000000032093f6 to 0x000000000320a635

Events (10 events):
Event: 67.405 Thread 0x0000000016b3e800 flushing nmethod 0x0000000003578d10
Event: 67.414 Thread 0x0000000016b3e800 flushing nmethod 0x0000000003617310
Event: 69.497 Thread 0x0000000016b3e800 flushing nmethod 0x00000000030a5110
Event: 69.535 Thread 0x0000000016b3e800 flushing nmethod 0x00000000031059d0
Event: 69.535 Thread 0x0000000002c20800 DEOPT PACKING pc=0x000000000345914c sp=0x00000000028ae810
Event: 69.536 Thread 0x0000000002c20800 DEOPT UNPACKING pc=0x0000000002d671bf sp=0x00000000028ae720 mode 0
Event: 69.717 Thread 0x0000000016b3e800 flushing nmethod 0x00000000031710d0
Event: 71.210 Thread 0x0000000016b3e800 flushing nmethod 0x00000000035ad4d0
Event: 71.843 Executing VM operation: ParallelGCFailedAllocation
Event: 78.710 Executing VM operation: ParallelGCFailedAllocation done


Dynamic libraries:
0x00007ff72b8a0000 - 0x00007ff72b8d1000 	C:\Program Files\Android\Android Studio\jre\bin\java.exe
0x00007ff9f8950000 - 0x00007ff9f8b21000 	C:\WINDOWS\SYSTEM32\ntdll.dll
0x00007ff9f8400000 - 0x00007ff9f84ab000 	C:\WINDOWS\System32\KERNEL32.DLL
0x00007ff9f5100000 - 0x00007ff9f531d000 	C:\WINDOWS\System32\KERNELBASE.dll
0x00007ff9f61d0000 - 0x00007ff9f6272000 	C:\WINDOWS\System32\ADVAPI32.dll
0x00007ff9f8750000 - 0x00007ff9f87ee000 	C:\WINDOWS\System32\msvcrt.dll
0x00007ff9f8180000 - 0x00007ff9f81d9000 	C:\WINDOWS\System32\sechost.dll
0x00007ff9f82d0000 - 0x00007ff9f83f1000 	C:\WINDOWS\System32\RPCRT4.dll
0x00007ff9f62e0000 - 0x00007ff9f6445000 	C:\WINDOWS\System32\USER32.dll
0x00007ff9f57e0000 - 0x00007ff9f57fe000 	C:\WINDOWS\System32\win32u.dll
0x00007ff9f6190000 - 0x00007ff9f61c4000 	C:\WINDOWS\System32\GDI32.dll
0x00007ff9f55f0000 - 0x00007ff9f5772000 	C:\WINDOWS\System32\gdi32full.dll
0x00007ff9f3750000 - 0x00007ff9f39c9000 	C:\WINDOWS\WinSxS\amd64_microsoft.windows.common-controls_6595b64144ccf1df_6.0.14393.447_none_42191651c6827bb3\COMCTL32.dll
0x00007ff9f6460000 - 0x00007ff9f6728000 	C:\WINDOWS\System32\combase.dll
0x00007ff9f4e40000 - 0x00007ff9f4f35000 	C:\WINDOWS\System32\ucrtbase.dll
0x00007ff9f5090000 - 0x00007ff9f50fa000 	C:\WINDOWS\System32\bcryptPrimitives.dll
0x00007ff9f81e0000 - 0x00007ff9f820e000 	C:\WINDOWS\System32\IMM32.DLL
0x00000000534a0000 - 0x0000000053572000 	C:\Program Files\Android\Android Studio\jre\jre\bin\msvcr100.dll
0x0000000053660000 - 0x0000000053e94000 	C:\Program Files\Android\Android Studio\jre\jre\bin\server\jvm.dll
0x00007ff9f8170000 - 0x00007ff9f8178000 	C:\WINDOWS\System32\PSAPI.DLL
0x00007ff9f2780000 - 0x00007ff9f27a3000 	C:\WINDOWS\SYSTEM32\WINMM.dll
0x00007ff9ee110000 - 0x00007ff9ee119000 	C:\WINDOWS\SYSTEM32\WSOCK32.dll
0x00007ff9f34e0000 - 0x00007ff9f34ea000 	C:\WINDOWS\SYSTEM32\VERSION.dll
0x00007ff9f5ee0000 - 0x00007ff9f5f4a000 	C:\WINDOWS\System32\WS2_32.dll
0x0000000000c00000 - 0x0000000000c2b000 	C:\WINDOWS\SYSTEM32\WINMMBASE.dll
0x00007ff9f5320000 - 0x00007ff9f5362000 	C:\WINDOWS\System32\cfgmgr32.dll
0x00007ff9f0b80000 - 0x00007ff9f0b8f000 	C:\Program Files\Android\Android Studio\jre\jre\bin\verify.dll
0x00007ff9e5ad0000 - 0x00007ff9e5af9000 	C:\Program Files\Android\Android Studio\jre\jre\bin\java.dll
0x00007ff9e9e70000 - 0x00007ff9e9e86000 	C:\Program Files\Android\Android Studio\jre\jre\bin\zip.dll
0x00007ff9f6730000 - 0x00007ff9f7c39000 	C:\WINDOWS\System32\SHELL32.dll
0x00007ff9f5800000 - 0x00007ff9f5eda000 	C:\WINDOWS\System32\windows.storage.dll
0x00007ff9f4dd0000 - 0x00007ff9f4e1c000 	C:\WINDOWS\System32\powrprof.dll
0x00007ff9f84b0000 - 0x00007ff9f8502000 	C:\WINDOWS\System32\shlwapi.dll
0x00007ff9f4dc0000 - 0x00007ff9f4dcf000 	C:\WINDOWS\System32\kernel.appcore.dll
0x00007ff9f4f40000 - 0x00007ff9f4fe9000 	C:\WINDOWS\System32\shcore.dll
0x00007ff9f4e20000 - 0x00007ff9f4e34000 	C:\WINDOWS\System32\profapi.dll

VM Arguments:
jvm_args: -Djava.awt.headless=true -Xmx1024M -Dfile.encoding=x-windows-949 -Duser.country=KR -Duser.language=ko -Duser.variant 
java_command: com.android.dx.command.Main --dex --multi-dex --main-dex-list C:\GitHub\project\TravelPlanner\app\build\intermediates\multi-dex\debug\maindexlist.txt --output C:\GitHub\project\TravelPlanner\app\build\intermediates\transforms\dex\debug\folders\1000\1f\main C:\GitHub\project\TravelPlanner\app\build\intermediates\transforms\jarMerging\debug\jars\1\1f\combined.jar
java_class_path (initial): C:\Users\a0104\AppData\Local\Android\sdk\build-tools\21.1.2\lib\dx.jar
Launcher Type: SUN_STANDARD

Environment Variables:
JAVA_HOME=C:\Program Files\Java\jdk1.8.0_73
PATH=C:\ProgramData\Oracle\Java\javapath;C:\WINDOWS\system32;C:\WINDOWS;C:\WINDOWS\System32\Wbem;C:\WINDOWS\System32\WindowsPowerShell\v1.0\;C:\Program Files\Java\jdk1.8.0_73\bin;C:\Program Files\Bandizip\7z;C:\Users\a0104\AppData\Local\Microsoft\WindowsApps;
USERNAME=a0104
OS=Windows_NT
PROCESSOR_IDENTIFIER=AMD64 Family 22 Model 0 Stepping 1, AuthenticAMD



---------------  S Y S T E M  ---------------

OS: Windows 10.0 , 64 bit Build 14393 (10.0.14393.0)

CPU:total 4 (4 cores per cpu, 1 threads per core) family 22 model 0 stepping 1, cmov, cx8, fxsr, mmx, sse, sse2, sse3, ssse3, sse4.1, sse4.2, popcnt, avx, aes, clmul, mmxext, 3dnowpref, lzcnt, sse4a, tsc, tscinvbit, tscinv, bmi1

Memory: 4k page, physical 3611584k(149456k free), swap 5708736k(400k free)

vm_info: OpenJDK 64-Bit Server VM (25.76-b03) for windows-amd64 JRE (1.8.0_76-release-b03), built on Jun 29 2016 19:09:20 by "ralucas" with MS VC++ 10.0 (VS2010)

time: Fri Feb 10 01:16:56 2017
elapsed time: 78 seconds (0d 0h 1m 18s)

