#
# There is insufficient memory for the Java Runtime Environment to continue.
# Native memory allocation (malloc) failed to allocate 1017456 bytes for Chunk::new
# Possible reasons:
#   The system is out of physical RAM or swap space
#   In 32 bit mode, the process size limit was hit
# Possible solutions:
#   Reduce memory load on the system
#   Increase physical memory or swap space
#   Check if swap backing store is full
#   Use 64 bit Java on a 64 bit OS
#   Decrease Java heap size (-Xmx/-Xms)
#   Decrease number of Java threads
#   Decrease Java thread stack sizes (-Xss)
#   Set larger code cache with -XX:ReservedCodeCacheSize=
# This output file may be truncated or incomplete.
#
#  Out of Memory Error (allocation.cpp:390), pid=5968, tid=0x0000000000001318
#
# JRE version: OpenJDK Runtime Environment (8.0_76-b03) (build 1.8.0_76-release-b03)
# Java VM: OpenJDK 64-Bit Server VM (25.76-b03 mixed mode windows-amd64 compressed oops)
# Failed to write core dump. Minidumps are not enabled by default on client versions of Windows
#

---------------  T H R E A D  ---------------

Current thread (0x0000000015309800):  JavaThread "C2 CompilerThread0" daemon [_thread_in_native, id=4888, stack(0x0000000016810000,0x0000000016910000)]

Stack: [0x0000000016810000,0x0000000016910000]
[error occurred during error reporting (printing stack bounds), id 0xc0000005]

Native frames: (J=compiled Java code, j=interpreted, Vv=VM code, C=native code)


Current CompileTask:
C2:  32938 2103       4       com.android.dx.ssa.SsaMethod::mapRegisters (87 bytes)


---------------  P R O C E S S  ---------------

Java Threads: ( => current thread )
  0x000000001698e800 JavaThread "Service Thread" daemon [_thread_blocked, id=4896, stack(0x0000000016f10000,0x0000000017010000)]
  0x0000000016915000 JavaThread "C1 CompilerThread2" daemon [_thread_blocked, id=9812, stack(0x0000000016e10000,0x0000000016f10000)]
  0x000000001530c800 JavaThread "C2 CompilerThread1" daemon [_thread_in_native, id=12776, stack(0x0000000016d10000,0x0000000016e10000)]
=>0x0000000015309800 JavaThread "C2 CompilerThread0" daemon [_thread_in_native, id=4888, stack(0x0000000016810000,0x0000000016910000)]
  0x0000000015308000 JavaThread "Attach Listener" daemon [_thread_blocked, id=12656, stack(0x0000000016710000,0x0000000016810000)]
  0x00000000152bd800 JavaThread "Signal Dispatcher" daemon [_thread_blocked, id=4160, stack(0x0000000016610000,0x0000000016710000)]
  0x0000000015298800 JavaThread "Finalizer" daemon [_thread_blocked, id=2196, stack(0x0000000016510000,0x0000000016610000)]
  0x0000000002bd2800 JavaThread "Reference Handler" daemon [_thread_blocked, id=12880, stack(0x0000000016410000,0x0000000016510000)]
  0x0000000002ae0800 JavaThread "main" [_thread_in_Java, id=12484, stack(0x0000000002900000,0x0000000002a00000)]

Other Threads:
  0x0000000015275000 VMThread [stack: 0x0000000016310000,0x0000000016410000] [id=11072]
  0x0000000016998800 WatcherThread [stack: 0x0000000017010000,0x0000000017110000] [id=11924]

VM state:not at safepoint (normal execution)

VM Mutex/Monitor currently owned by a thread: None

Heap:
 PSYoungGen      total 115712K, used 19588K [0x00000000eab00000, 0x00000000f7280000, 0x0000000100000000)
  eden space 104448K, 7% used [0x00000000eab00000,0x00000000eb326be8,0x00000000f1100000)
  from space 11264K, 99% used [0x00000000f2a00000,0x00000000f34fa5f8,0x00000000f3500000)
  to   space 25600K, 0% used [0x00000000f1100000,0x00000000f1100000,0x00000000f2a00000)
 ParOldGen       total 76288K, used 51444K [0x00000000c0000000, 0x00000000c4a80000, 0x00000000eab00000)
  object space 76288K, 67% used [0x00000000c0000000,0x00000000c323d268,0x00000000c4a80000)
 Metaspace       used 6180K, capacity 7152K, committed 7296K, reserved 1056768K
  class space    used 571K, capacity 616K, committed 640K, reserved 1048576K

Card table byte_map: [0x0000000011fa0000,0x00000000121b0000] byte_map_base: 0x00000000119a0000

Marking Bits: (ParMarkBitMap*) 0x0000000053ac9d00
 Begin Bits: [0x0000000012710000, 0x0000000013710000)
 End Bits:   [0x0000000013710000, 0x0000000014710000)

Polling page: 0x0000000000dc0000

CodeCache: size=245760Kb used=9622Kb max_used=9652Kb free=236137Kb
 bounds [0x0000000002be0000, 0x0000000003560000, 0x0000000011be0000]
 total_blobs=2246 nmethods=1979 adapters=182
 compilation: enabled

Compilation events (10 events):
Event: 31.906 Thread 0x0000000016915000 2105 %     3       com.android.dx.cf.direct.StdAttributeFactory::lineNumberTable @ 100 (204 bytes)
Event: 31.915 Thread 0x0000000016915000 nmethod 2105% 0x0000000003534590 code [0x0000000003534a40, 0x0000000003537898]
Event: 31.915 Thread 0x0000000016915000 2106 %     3       com.android.dx.dex.file.AnnotationUtils::makeSignature @ 65 (251 bytes)
Event: 31.926 Thread 0x0000000016915000 nmethod 2106% 0x0000000003539d90 code [0x000000000353a200, 0x000000000353cde8]
Event: 32.089 Thread 0x0000000016915000 2107       2       java.util.ArrayList::set (20 bytes)
Event: 32.090 Thread 0x0000000016915000 nmethod 2107 0x000000000351b690 code [0x000000000351b820, 0x000000000351baf8]
Event: 32.380 Thread 0x0000000015309800 nmethod 2077% 0x0000000003545a50 code [0x00000000035461e0, 0x000000000354b538]
Event: 32.380 Thread 0x0000000015309800 2103       4       com.android.dx.ssa.SsaMethod::mapRegisters (87 bytes)
Event: 32.649 Thread 0x0000000016915000 2108       2       com.android.dx.rop.type.Type::getArrayType (50 bytes)
Event: 32.651 Thread 0x0000000016915000 nmethod 2108 0x0000000002d14610 code [0x0000000002d147c0, 0x0000000002d14c28]

GC Heap History (10 events):
Event: 10.631 GC heap before
{Heap before GC invocations=5 (full 0):
 PSYoungGen      total 61440K, used 61430K [0x00000000eab00000, 0x00000000ee900000, 0x0000000100000000)
  eden space 59392K, 100% used [0x00000000eab00000,0x00000000ee500000,0x00000000ee500000)
  from space 2048K, 99% used [0x00000000ee700000,0x00000000ee8fd948,0x00000000ee900000)
  to   space 2048K, 0% used [0x00000000ee500000,0x00000000ee500000,0x00000000ee700000)
 ParOldGen       total 38400K, used 14973K [0x00000000c0000000, 0x00000000c2580000, 0x00000000eab00000)
  object space 38400K, 38% used [0x00000000c0000000,0x00000000c0e9f618,0x00000000c2580000)
 Metaspace       used 6031K, capacity 7088K, committed 7296K, reserved 1056768K
  class space    used 570K, capacity 616K, committed 640K, reserved 1048576K
Event: 10.732 GC heap after
Heap after GC invocations=5 (full 0):
 PSYoungGen      total 61440K, used 2017K [0x00000000eab00000, 0x00000000f3500000, 0x0000000100000000)
  eden space 59392K, 0% used [0x00000000eab00000,0x00000000eab00000,0x00000000ee500000)
  from space 2048K, 98% used [0x00000000ee500000,0x00000000ee6f8628,0x00000000ee700000)
  to   space 11264K, 0% used [0x00000000f2a00000,0x00000000f2a00000,0x00000000f3500000)
 ParOldGen       total 38400K, used 23975K [0x00000000c0000000, 0x00000000c2580000, 0x00000000eab00000)
  object space 38400K, 62% used [0x00000000c0000000,0x00000000c1769e30,0x00000000c2580000)
 Metaspace       used 6031K, capacity 7088K, committed 7296K, reserved 1056768K
  class space    used 570K, capacity 616K, committed 640K, reserved 1048576K
}
Event: 14.637 GC heap before
{Heap before GC invocations=6 (full 0):
 PSYoungGen      total 61440K, used 61409K [0x00000000eab00000, 0x00000000f3500000, 0x0000000100000000)
  eden space 59392K, 100% used [0x00000000eab00000,0x00000000ee500000,0x00000000ee500000)
  from space 2048K, 98% used [0x00000000ee500000,0x00000000ee6f8628,0x00000000ee700000)
  to   space 11264K, 0% used [0x00000000f2a00000,0x00000000f2a00000,0x00000000f3500000)
 ParOldGen       total 38400K, used 23975K [0x00000000c0000000, 0x00000000c2580000, 0x00000000eab00000)
  object space 38400K, 62% used [0x00000000c0000000,0x00000000c1769e30,0x00000000c2580000)
 Metaspace       used 6066K, capacity 7088K, committed 7296K, reserved 1056768K
  class space    used 570K, capacity 616K, committed 640K, reserved 1048576K
Event: 14.744 GC heap after
Heap after GC invocations=6 (full 0):
 PSYoungGen      total 129024K, used 10193K [0x00000000eab00000, 0x00000000f3700000, 0x0000000100000000)
  eden space 117760K, 0% used [0x00000000eab00000,0x00000000eab00000,0x00000000f1e00000)
  from space 11264K, 90% used [0x00000000f2a00000,0x00000000f33f4590,0x00000000f3500000)
  to   space 12288K, 0% used [0x00000000f1e00000,0x00000000f1e00000,0x00000000f2a00000)
 ParOldGen       total 38400K, used 23975K [0x00000000c0000000, 0x00000000c2580000, 0x00000000eab00000)
  object space 38400K, 62% used [0x00000000c0000000,0x00000000c1769e30,0x00000000c2580000)
 Metaspace       used 6066K, capacity 7088K, committed 7296K, reserved 1056768K
  class space    used 570K, capacity 616K, committed 640K, reserved 1048576K
}
Event: 23.639 GC heap before
{Heap before GC invocations=7 (full 0):
 PSYoungGen      total 129024K, used 127953K [0x00000000eab00000, 0x00000000f3700000, 0x0000000100000000)
  eden space 117760K, 100% used [0x00000000eab00000,0x00000000f1e00000,0x00000000f1e00000)
  from space 11264K, 90% used [0x00000000f2a00000,0x00000000f33f4590,0x00000000f3500000)
  to   space 12288K, 0% used [0x00000000f1e00000,0x00000000f1e00000,0x00000000f2a00000)
 ParOldGen       total 38400K, used 23975K [0x00000000c0000000, 0x00000000c2580000, 0x00000000eab00000)
  object space 38400K, 62% used [0x00000000c0000000,0x00000000c1769e30,0x00000000c2580000)
 Metaspace       used 6119K, capacity 7152K, committed 7296K, reserved 1056768K
  class space    used 571K, capacity 616K, committed 640K, reserved 1048576K
Event: 23.862 GC heap after
Heap after GC invocations=7 (full 0):
 PSYoungGen      total 130048K, used 12282K [0x00000000eab00000, 0x00000000f3700000, 0x0000000100000000)
  eden space 117760K, 0% used [0x00000000eab00000,0x00000000eab00000,0x00000000f1e00000)
  from space 12288K, 99% used [0x00000000f1e00000,0x00000000f29fea30,0x00000000f2a00000)
  to   space 11264K, 0% used [0x00000000f2a00000,0x00000000f2a00000,0x00000000f3500000)
 ParOldGen       total 38400K, used 36659K [0x00000000c0000000, 0x00000000c2580000, 0x00000000eab00000)
  object space 38400K, 95% used [0x00000000c0000000,0x00000000c23cce90,0x00000000c2580000)
 Metaspace       used 6119K, capacity 7152K, committed 7296K, reserved 1056768K
  class space    used 571K, capacity 616K, committed 640K, reserved 1048576K
}
Event: 23.863 GC heap before
{Heap before GC invocations=8 (full 1):
 PSYoungGen      total 130048K, used 12282K [0x00000000eab00000, 0x00000000f3700000, 0x0000000100000000)
  eden space 117760K, 0% used [0x00000000eab00000,0x00000000eab00000,0x00000000f1e00000)
  from space 12288K, 99% used [0x00000000f1e00000,0x00000000f29fea30,0x00000000f2a00000)
  to   space 11264K, 0% used [0x00000000f2a00000,0x00000000f2a00000,0x00000000f3500000)
 ParOldGen       total 38400K, used 36659K [0x00000000c0000000, 0x00000000c2580000, 0x00000000eab00000)
  object space 38400K, 95% used [0x00000000c0000000,0x00000000c23cce90,0x00000000c2580000)
 Metaspace       used 6119K, capacity 7152K, committed 7296K, reserved 1056768K
  class space    used 571K, capacity 616K, committed 640K, reserved 1048576K
Event: 25.761 GC heap after
Heap after GC invocations=8 (full 1):
 PSYoungGen      total 130048K, used 5565K [0x00000000eab00000, 0x00000000f3700000, 0x0000000100000000)
  eden space 117760K, 0% used [0x00000000eab00000,0x00000000eab00000,0x00000000f1e00000)
  from space 12288K, 45% used [0x00000000f1e00000,0x00000000f236f6f8,0x00000000f2a00000)
  to   space 11264K, 0% used [0x00000000f2a00000,0x00000000f2a00000,0x00000000f3500000)
 ParOldGen       total 76288K, used 38112K [0x00000000c0000000, 0x00000000c4a80000, 0x00000000eab00000)
  object space 76288K, 49% used [0x00000000c0000000,0x00000000c2538260,0x00000000c4a80000)
 Metaspace       used 6119K, capacity 7152K, committed 7296K, reserved 1056768K
  class space    used 571K, capacity 616K, committed 640K, reserved 1048576K
}
Event: 31.354 GC heap before
{Heap before GC invocations=9 (full 1):
 PSYoungGen      total 130048K, used 123325K [0x00000000eab00000, 0x00000000f3700000, 0x0000000100000000)
  eden space 117760K, 100% used [0x00000000eab00000,0x00000000f1e00000,0x00000000f1e00000)
  from space 12288K, 45% used [0x00000000f1e00000,0x00000000f236f6f8,0x00000000f2a00000)
  to   space 11264K, 0% used [0x00000000f2a00000,0x00000000f2a00000,0x00000000f3500000)
 ParOldGen       total 76288K, used 38112K [0x00000000c0000000, 0x00000000c4a80000, 0x00000000eab00000)
  object space 76288K, 49% used [0x00000000c0000000,0x00000000c2538260,0x00000000c4a80000)
 Metaspace       used 6180K, capacity 7152K, committed 7296K, reserved 1056768K
  class space    used 571K, capacity 616K, committed 640K, reserved 1048576K
Event: 31.731 GC heap after
Heap after GC invocations=9 (full 1):
 PSYoungGen      total 115712K, used 11241K [0x00000000eab00000, 0x00000000f7280000, 0x0000000100000000)
  eden space 104448K, 0% used [0x00000000eab00000,0x00000000eab00000,0x00000000f1100000)
  from space 11264K, 99% used [0x00000000f2a00000,0x00000000f34fa5f8,0x00000000f3500000)
  to   space 25600K, 0% used [0x00000000f1100000,0x00000000f1100000,0x00000000f2a00000)
 ParOldGen       total 76288K, used 51444K [0x00000000c0000000, 0x00000000c4a80000, 0x00000000eab00000)
  object space 76288K, 67% used [0x00000000c0000000,0x00000000c323d268,0x00000000c4a80000)
 Metaspace       used 6180K, capacity 7152K, committed 7296K, reserved 1056768K
  class space    used 571K, capacity 616K, committed 640K, reserved 1048576K
}

Deoptimization events (10 events):
Event: 14.930 Thread 0x0000000002ae0800 Uncommon trap: reason=unstable_if action=reinterpret pc=0x0000000003375c5c method=java.util.HashMap.putVal(ILjava/lang/Object;Ljava/lang/Object;ZZ)Ljava/lang/Object; @ 109
Event: 16.859 Thread 0x0000000002ae0800 Uncommon trap: reason=unstable_if action=reinterpret pc=0x00000000032471c4 method=java.util.HashMap.putVal(ILjava/lang/Object;Ljava/lang/Object;ZZ)Ljava/lang/Object; @ 109
Event: 17.991 Thread 0x0000000002ae0800 Uncommon trap: reason=bimorphic action=maybe_recompile pc=0x000000000333c4c8 method=com.android.dx.ssa.LiteralOpUpgrader.tryReplacingWithConstant(Lcom/android/dx/ssa/NormalSsaInsn;)Z @ 62
Event: 18.877 Thread 0x0000000002ae0800 Uncommon trap: reason=bimorphic action=maybe_recompile pc=0x000000000335703c method=com.android.dx.cf.code.BytecodeArray.parseInstruction(ILcom/android/dx/cf/code/BytecodeArray$Visitor;)I @ 1327
Event: 18.877 Thread 0x0000000002ae0800 Uncommon trap: reason=bimorphic action=maybe_recompile pc=0x000000000335703c method=com.android.dx.cf.code.BytecodeArray.parseInstruction(ILcom/android/dx/cf/code/BytecodeArray$Visitor;)I @ 1327
Event: 26.362 Thread 0x0000000002ae0800 Uncommon trap: reason=bimorphic action=maybe_recompile pc=0x000000000344f49c method=com.android.dx.cf.code.BytecodeArray.parseInstruction(ILcom/android/dx/cf/code/BytecodeArray$Visitor;)I @ 1357
Event: 26.363 Thread 0x0000000002ae0800 Uncommon trap: reason=bimorphic action=maybe_recompile pc=0x000000000344f49c method=com.android.dx.cf.code.BytecodeArray.parseInstruction(ILcom/android/dx/cf/code/BytecodeArray$Visitor;)I @ 1357
Event: 27.340 Thread 0x0000000002ae0800 Uncommon trap: reason=unstable_if action=reinterpret pc=0x00000000030252fc method=com.android.dx.rop.code.RegisterSpecSet.<init>(I)V @ 2
Event: 29.620 Thread 0x0000000002ae0800 Uncommon trap: reason=unstable_if action=reinterpret pc=0x00000000033cd4fc method=java.util.HashMap.putVal(ILjava/lang/Object;Ljava/lang/Object;ZZ)Ljava/lang/Object; @ 109
Event: 31.100 Thread 0x0000000002ae0800 Uncommon trap: reason=unstable_if action=reinterpret pc=0x00000000032316c8 method=com.android.dx.ssa.SCCP.simulateBranch(Lcom/android/dx/ssa/SsaInsn;)V @ 548

Internal exceptions (8 events):
Event: 0.089 Thread 0x0000000002ae0800 Exception <a 'java/lang/NoSuchMethodError': Method sun.misc.Unsafe.defineClass(Ljava/lang/String;[BII)Ljava/lang/Class; name or signature does not match> (0x00000000eab07cc0) thrown at [C:\src\android\AOSP-openjdk\external\jetbrains\jdk\hotspot\src\share\vý]×'²â¶?
Event: 0.089 Thread 0x0000000002ae0800 Exception <a 'java/lang/NoSuchMethodError': Method sun.misc.Unsafe.prefetchRead(Ljava/lang/Object;J)V name or signature does not match> (0x00000000eab07fa8) thrown at [C:\src\android\AOSP-openjdk\external\jetbrains\jdk\hotspot\src\share\vm\prims\jni.cpp, lÕšÇ·è7@
Event: 2.652 Thread 0x0000000002ae0800 Implicit null exception at 0x000000000300d722 to 0x000000000300d812
Event: 5.670 Thread 0x0000000002ae0800 Exception <a 'java/lang/ArrayIndexOutOfBoundsException': 18> (0x00000000eacf39e8) thrown at [C:\src\android\AOSP-openjdk\external\jetbrains\jdk\hotspot\src\share\vm\interpreter\interpreterRuntime.cpp, line 366]
Event: 5.672 Thread 0x0000000002ae0800 Exception <a 'java/lang/ArrayIndexOutOfBoundsException': 145> (0x00000000eacf5568) thrown at [C:\src\android\AOSP-openjdk\external\jetbrains\jdk\hotspot\src\share\vm\interpreter\interpreterRuntime.cpp, line 366]
Event: 5.676 Thread 0x0000000002ae0800 Exception <a 'java/lang/ArrayIndexOutOfBoundsException'> (0x00000000eacf6850) thrown at [C:\src\android\AOSP-openjdk\external\jetbrains\jdk\hotspot\src\share\vm\runtime\sharedRuntime.cpp, line 605]
Event: 9.687 Thread 0x0000000002ae0800 Implicit null exception at 0x00000000030d11f8 to 0x00000000030d37e9
Event: 9.688 Thread 0x0000000002ae0800 Implicit null exception at 0x00000000030b0136 to 0x00000000030b1385

Events (10 events):
Event: 30.281 Thread 0x0000000002ae0800 DEOPT UNPACKING pc=0x0000000002c271bf sp=0x00000000029fe860 mode 0
Event: 30.500 Thread 0x0000000002ae0800 DEOPT PACKING pc=0x0000000002cfb9c6 sp=0x00000000029ff150
Event: 30.501 Thread 0x0000000002ae0800 DEOPT UNPACKING pc=0x0000000002c271bf sp=0x00000000029fee18 mode 0
Event: 31.100 Thread 0x0000000002ae0800 Uncommon trap: trap_request=0xffffff65 fr.pc=0x00000000032316c8
Event: 31.100 Thread 0x0000000002ae0800 DEOPT PACKING pc=0x00000000032316c8 sp=0x00000000029fe810
Event: 31.100 Thread 0x0000000002ae0800 DEOPT UNPACKING pc=0x0000000002c2556a sp=0x00000000029fe808 mode 2
Event: 31.353 Executing VM operation: ParallelGCFailedAllocation
Event: 31.731 Executing VM operation: ParallelGCFailedAllocation done
Event: 31.831 Thread 0x0000000002ae0800 DEOPT PACKING pc=0x0000000002f2877d sp=0x00000000029feac0
Event: 31.831 Thread 0x0000000002ae0800 DEOPT UNPACKING pc=0x0000000002c271bf sp=0x00000000029fe860 mode 0


Dynamic libraries:
0x00007ff6f3290000 - 0x00007ff6f32c1000 	C:\Program Files\Android\Android Studio\jre\bin\java.exe
0x00007ff9f8950000 - 0x00007ff9f8b21000 	C:\WINDOWS\SYSTEM32\ntdll.dll
0x00007ff9f8400000 - 0x00007ff9f84ab000 	C:\WINDOWS\System32\KERNEL32.DLL
0x00007ff9f5100000 - 0x00007ff9f531d000 	C:\WINDOWS\System32\KERNELBASE.dll
0x00007ff9f61d0000 - 0x00007ff9f6272000 	C:\WINDOWS\System32\ADVAPI32.dll
0x00007ff9f8750000 - 0x00007ff9f87ee000 	C:\WINDOWS\System32\msvcrt.dll
0x00007ff9f8180000 - 0x00007ff9f81d9000 	C:\WINDOWS\System32\sechost.dll
0x00007ff9f82d0000 - 0x00007ff9f83f1000 	C:\WINDOWS\System32\RPCRT4.dll
0x00007ff9f62e0000 - 0x00007ff9f6445000 	C:\WINDOWS\System32\USER32.dll
0x00007ff9f57e0000 - 0x00007ff9f57fe000 	C:\WINDOWS\System32\win32u.dll
0x00007ff9f6190000 - 0x00007ff9f61c4000 	C:\WINDOWS\System32\GDI32.dll
0x00007ff9f55f0000 - 0x00007ff9f5772000 	C:\WINDOWS\System32\gdi32full.dll
0x00007ff9f3750000 - 0x00007ff9f39c9000 	C:\WINDOWS\WinSxS\amd64_microsoft.windows.common-controls_6595b64144ccf1df_6.0.14393.447_none_42191651c6827bb3\COMCTL32.dll
0x00007ff9f6460000 - 0x00007ff9f6728000 	C:\WINDOWS\System32\combase.dll
0x00007ff9f4e40000 - 0x00007ff9f4f35000 	C:\WINDOWS\System32\ucrtbase.dll
0x00007ff9f5090000 - 0x00007ff9f50fa000 	C:\WINDOWS\System32\bcryptPrimitives.dll
0x00007ff9f81e0000 - 0x00007ff9f820e000 	C:\WINDOWS\System32\IMM32.DLL
0x0000000053150000 - 0x0000000053222000 	C:\Program Files\Android\Android Studio\jre\jre\bin\msvcr100.dll
0x0000000053310000 - 0x0000000053b44000 	C:\Program Files\Android\Android Studio\jre\jre\bin\server\jvm.dll
0x00007ff9f8170000 - 0x00007ff9f8178000 	C:\WINDOWS\System32\PSAPI.DLL
0x00007ff9f34e0000 - 0x00007ff9f34ea000 	C:\WINDOWS\SYSTEM32\VERSION.dll
0x00007ff9f2780000 - 0x00007ff9f27a3000 	C:\WINDOWS\SYSTEM32\WINMM.dll
0x00007ff9ee110000 - 0x00007ff9ee119000 	C:\WINDOWS\SYSTEM32\WSOCK32.dll
0x00007ff9f5ee0000 - 0x00007ff9f5f4a000 	C:\WINDOWS\System32\WS2_32.dll
0x00007ff9f24e0000 - 0x00007ff9f250b000 	C:\WINDOWS\SYSTEM32\WINMMBASE.dll
0x00007ff9f5320000 - 0x00007ff9f5362000 	C:\WINDOWS\System32\cfgmgr32.dll
0x00007ff9f3550000 - 0x00007ff9f355f000 	C:\Program Files\Android\Android Studio\jre\jre\bin\verify.dll
0x00007ff9e9770000 - 0x00007ff9e9799000 	C:\Program Files\Android\Android Studio\jre\jre\bin\java.dll
0x00007ff9e9bb0000 - 0x00007ff9e9bc6000 	C:\Program Files\Android\Android Studio\jre\jre\bin\zip.dll
0x00007ff9f6730000 - 0x00007ff9f7c39000 	C:\WINDOWS\System32\SHELL32.dll
0x00007ff9f5800000 - 0x00007ff9f5eda000 	C:\WINDOWS\System32\windows.storage.dll
0x00007ff9f4dd0000 - 0x00007ff9f4e1c000 	C:\WINDOWS\System32\powrprof.dll
0x00007ff9f84b0000 - 0x00007ff9f8502000 	C:\WINDOWS\System32\shlwapi.dll
0x00007ff9f4dc0000 - 0x00007ff9f4dcf000 	C:\WINDOWS\System32\kernel.appcore.dll
0x00007ff9f4f40000 - 0x00007ff9f4fe9000 	C:\WINDOWS\System32\shcore.dll
0x00007ff9f4e20000 - 0x00007ff9f4e34000 	C:\WINDOWS\System32\profapi.dll

VM Arguments:
jvm_args: -Djava.awt.headless=true -Xmx1024M -Dfile.encoding=x-windows-949 -Duser.country=KR -Duser.language=ko -Duser.variant 
java_command: com.android.dx.command.Main --dex --multi-dex --main-dex-list C:\GitHub\project\TravelPlanner\app\build\intermediates\multi-dex\debug\maindexlist.txt --output C:\GitHub\project\TravelPlanner\app\build\intermediates\transforms\dex\debug\folders\1000\1f\main C:\GitHub\project\TravelPlanner\app\build\intermediates\transforms\jarMerging\debug\jars\1\1f\combined.jar
java_class_path (initial): C:\Users\a0104\AppData\Local\Android\sdk\build-tools\21.1.2\lib\dx.jar
Launcher Type: SUN_STANDARD

Environment Variables:
JAVA_HOME=C:\Program Files\Java\jdk1.8.0_73
PATH=C:\ProgramData\Oracle\Java\javapath;C:\WINDOWS\system32;C:\WINDOWS;C:\WINDOWS\System32\Wbem;C:\WINDOWS\System32\WindowsPowerShell\v1.0\;C:\Program Files\Java\jdk1.8.0_73\bin;C:\Program Files\Bandizip\7z;C:\Users\a0104\AppData\Local\Microsoft\WindowsApps;
USERNAME=a0104
OS=Windows_NT
PROCESSOR_IDENTIFIER=AMD64 Family 22 Model 0 Stepping 1, AuthenticAMD



---------------  S Y S T E M  ---------------

OS: Windows 10.0 , 64 bit Build 14393 (10.0.14393.0)

CPU:total 4 (4 cores per cpu, 1 threads per core) family 22 model 0 stepping 1, cmov, cx8, fxsr, mmx, sse, sse2, sse3, ssse3, sse4.1, sse4.2, popcnt, avx, aes, clmul, mmxext, 3dnowpref, lzcnt, sse4a, tsc, tscinvbit, tscinv, bmi1

Memory: 4k page, physical 3611584k(150540k free), swap 5708736k(6004k free)

vm_info: OpenJDK 64-Bit Server VM (25.76-b03) for windows-amd64 JRE (1.8.0_76-release-b03), built on Jun 29 2016 19:09:20 by "ralucas" with MS VC++ 10.0 (VS2010)

time: Sun Feb 12 20:06:21 2017
elapsed time: 32 seconds (0d 0h 0m 32s)

