#
# There is insufficient memory for the Java Runtime Environment to continue.
# Native memory allocation (malloc) failed to allocate 32744 bytes for ChunkPool::allocate
# Possible reasons:
#   The system is out of physical RAM or swap space
#   In 32 bit mode, the process size limit was hit
# Possible solutions:
#   Reduce memory load on the system
#   Increase physical memory or swap space
#   Check if swap backing store is full
#   Use 64 bit Java on a 64 bit OS
#   Decrease Java heap size (-Xmx/-Xms)
#   Decrease number of Java threads
#   Decrease Java thread stack sizes (-Xss)
#   Set larger code cache with -XX:ReservedCodeCacheSize=
# This output file may be truncated or incomplete.
#
#  Out of Memory Error (allocation.cpp:273), pid=10392, tid=0x000000000000260c
#
# JRE version: OpenJDK Runtime Environment (8.0_76-b03) (build 1.8.0_76-release-b03)
# Java VM: OpenJDK 64-Bit Server VM (25.76-b03 mixed mode windows-amd64 compressed oops)
# Failed to write core dump. Minidumps are not enabled by default on client versions of Windows
#

---------------  T H R E A D  ---------------

Current thread (0x00000000156bb800):  JavaThread "C2 CompilerThread1" daemon [_thread_in_native, id=9740, stack(0x0000000017150000,0x0000000017250000)]

Stack: [0x0000000017150000,0x0000000017250000]
[error occurred during error reporting (printing stack bounds), id 0xc0000005]

Native frames: (J=compiled Java code, j=interpreted, Vv=VM code, C=native code)


Current CompileTask:
C2:  59691 2334   !   4       com.android.dx.cf.code.Ropper::processBlock (1101 bytes)


---------------  P R O C E S S  ---------------

Java Threads: ( => current thread )
  0x0000000016d8b000 JavaThread "Service Thread" daemon [_thread_blocked, id=3244, stack(0x0000000017350000,0x0000000017450000)]
  0x0000000016d55800 JavaThread "C1 CompilerThread2" daemon [_thread_blocked, id=9108, stack(0x0000000017250000,0x0000000017350000)]
=>0x00000000156bb800 JavaThread "C2 CompilerThread1" daemon [_thread_in_native, id=9740, stack(0x0000000017150000,0x0000000017250000)]
  0x00000000156b8000 JavaThread "C2 CompilerThread0" daemon [_thread_blocked, id=4576, stack(0x0000000016c50000,0x0000000016d50000)]
  0x000000001566a000 JavaThread "Attach Listener" daemon [_thread_blocked, id=9148, stack(0x0000000016b50000,0x0000000016c50000)]
  0x00000000156b7800 JavaThread "Signal Dispatcher" daemon [_thread_blocked, id=7468, stack(0x0000000016a50000,0x0000000016b50000)]
  0x0000000015648800 JavaThread "Finalizer" daemon [_thread_blocked, id=9044, stack(0x00000000168d0000,0x00000000169d0000)]
  0x0000000002f81000 JavaThread "Reference Handler" daemon [_thread_blocked, id=716, stack(0x00000000167d0000,0x00000000168d0000)]
  0x0000000002e90800 JavaThread "main" [_thread_blocked, id=10332, stack(0x0000000002d90000,0x0000000002e90000)]

Other Threads:
  0x0000000015625000 VMThread [stack: 0x00000000166d0000,0x00000000167d0000] [id=7628]
  0x0000000016d8d000 WatcherThread [stack: 0x0000000017450000,0x0000000017550000] [id=7308]

VM state:at safepoint (normal execution)

VM Mutex/Monitor currently owned by a thread:  ([mutex/lock_event])
[0x0000000002d8c540] Threads_lock - owner thread: 0x0000000015625000
[0x0000000002d8c2c0] Heap_lock - owner thread: 0x0000000002e90800

Heap:
 PSYoungGen      total 130560K, used 117760K [0x00000000eab00000, 0x00000000fb900000, 0x0000000100000000)
  eden space 117760K, 100% used [0x00000000eab00000,0x00000000f1e00000,0x00000000f1e00000)
  from space 12800K, 0% used [0x00000000f1e00000,0x00000000f1e00000,0x00000000f2a80000)
  to   space 20480K, 0% used [0x00000000fa500000,0x00000000fa500000,0x00000000fb900000)
 ParOldGen       total 38400K, used 38223K [0x00000000c0000000, 0x00000000c2580000, 0x00000000eab00000)
  object space 38400K, 99% used [0x00000000c0000000,0x00000000c2553d88,0x00000000c2580000)
 Metaspace       used 6203K, capacity 7216K, committed 7296K, reserved 1056768K
  class space    used 573K, capacity 616K, committed 640K, reserved 1048576K

Card table byte_map: [0x0000000012350000,0x0000000012560000] byte_map_base: 0x0000000011d50000

Marking Bits: (ParMarkBitMap*) 0x0000000065869d00
 Begin Bits: [0x0000000012ac0000, 0x0000000013ac0000)
 End Bits:   [0x0000000013ac0000, 0x0000000014ac0000)

Polling page: 0x0000000002d00000

CodeCache: size=245760Kb used=10509Kb max_used=10542Kb free=235250Kb
 bounds [0x0000000002f90000, 0x0000000003a40000, 0x0000000011f90000]
 total_blobs=2224 nmethods=1957 adapters=182
 compilation: enabled

Compilation events (10 events):
Event: 56.810 Thread 0x0000000016d55800 nmethod 2335 0x00000000032203d0 code [0x0000000003220560, 0x0000000003220bb8]
Event: 56.815 Thread 0x00000000156b8000 2336   !   4       com.android.dx.cf.code.RopperMachine::run (1550 bytes)
Event: 56.851 Thread 0x0000000016d55800 2338       3       com.android.dx.cf.code.SwitchList::add (35 bytes)
Event: 56.852 Thread 0x0000000016d55800 nmethod 2338 0x000000000313dbd0 code [0x000000000313dd80, 0x000000000313e338]
Event: 56.995 Thread 0x0000000016d55800 2341       3       com.android.dx.ssa.SsaMethod::updateOneDefinition (70 bytes)
Event: 56.997 Thread 0x0000000016d55800 nmethod 2341 0x0000000003140f10 code [0x00000000031410c0, 0x00000000031418e8]
Event: 57.235 Thread 0x0000000016d55800 2349 %     3       sun.util.calendar.ZoneInfo::getTransitionIndex @ 12 (156 bytes)
Event: 57.237 Thread 0x0000000016d55800 nmethod 2349% 0x00000000031fcb10 code [0x00000000031fcca0, 0x00000000031fd1d0]
Event: 58.695 Thread 0x0000000016d55800 2353       2       java.util.LinkedHashMap$Entry::<init> (10 bytes)
Event: 58.695 Thread 0x0000000016d55800 nmethod 2353 0x00000000031fc790 code [0x00000000031fc8e0, 0x00000000031fca70]

GC Heap History (10 events):
Event: 50.714 GC heap after
Heap after GC invocations=14 (full 7):
 PSYoungGen      total 130560K, used 75515K [0x00000000eab00000, 0x00000000fb900000, 0x0000000100000000)
  eden space 117760K, 64% used [0x00000000eab00000,0x00000000ef4bec80,0x00000000f1e00000)
  from space 12800K, 0% used [0x00000000f1e00000,0x00000000f1e00000,0x00000000f2a80000)
  to   space 20480K, 0% used [0x00000000fa500000,0x00000000fa500000,0x00000000fb900000)
 ParOldGen       total 38400K, used 38223K [0x00000000c0000000, 0x00000000c2580000, 0x00000000eab00000)
  object space 38400K, 99% used [0x00000000c0000000,0x00000000c2553e08,0x00000000c2580000)
 Metaspace       used 6201K, capacity 7216K, committed 7296K, reserved 1056768K
  class space    used 573K, capacity 616K, committed 640K, reserved 1048576K
}
Event: 51.869 GC heap before
{Heap before GC invocations=15 (full 8):
 PSYoungGen      total 130560K, used 117760K [0x00000000eab00000, 0x00000000fb900000, 0x0000000100000000)
  eden space 117760K, 100% used [0x00000000eab00000,0x00000000f1e00000,0x00000000f1e00000)
  from space 12800K, 0% used [0x00000000f1e00000,0x00000000f1e00000,0x00000000f2a80000)
  to   space 20480K, 0% used [0x00000000fa500000,0x00000000fa500000,0x00000000fb900000)
 ParOldGen       total 38400K, used 38223K [0x00000000c0000000, 0x00000000c2580000, 0x00000000eab00000)
  object space 38400K, 99% used [0x00000000c0000000,0x00000000c2553e08,0x00000000c2580000)
 Metaspace       used 6203K, capacity 7216K, committed 7296K, reserved 1056768K
  class space    used 573K, capacity 616K, committed 640K, reserved 1048576K
Event: 53.280 GC heap after
Heap after GC invocations=15 (full 8):
 PSYoungGen      total 130560K, used 83284K [0x00000000eab00000, 0x00000000fb900000, 0x0000000100000000)
  eden space 117760K, 70% used [0x00000000eab00000,0x00000000efc550c0,0x00000000f1e00000)
  from space 12800K, 0% used [0x00000000f1e00000,0x00000000f1e00000,0x00000000f2a80000)
  to   space 20480K, 0% used [0x00000000fa500000,0x00000000fa500000,0x00000000fb900000)
 ParOldGen       total 38400K, used 38223K [0x00000000c0000000, 0x00000000c2580000, 0x00000000eab00000)
  object space 38400K, 99% used [0x00000000c0000000,0x00000000c2553d88,0x00000000c2580000)
 Metaspace       used 6203K, capacity 7216K, committed 7296K, reserved 1056768K
  class space    used 573K, capacity 616K, committed 640K, reserved 1048576K
}
Event: 54.025 GC heap before
{Heap before GC invocations=16 (full 9):
 PSYoungGen      total 130560K, used 117760K [0x00000000eab00000, 0x00000000fb900000, 0x0000000100000000)
  eden space 117760K, 100% used [0x00000000eab00000,0x00000000f1e00000,0x00000000f1e00000)
  from space 12800K, 0% used [0x00000000f1e00000,0x00000000f1e00000,0x00000000f2a80000)
  to   space 20480K, 0% used [0x00000000fa500000,0x00000000fa500000,0x00000000fb900000)
 ParOldGen       total 38400K, used 38223K [0x00000000c0000000, 0x00000000c2580000, 0x00000000eab00000)
  object space 38400K, 99% used [0x00000000c0000000,0x00000000c2553d88,0x00000000c2580000)
 Metaspace       used 6203K, capacity 7216K, committed 7296K, reserved 1056768K
  class space    used 573K, capacity 616K, committed 640K, reserved 1048576K
Event: 55.086 GC heap after
Heap after GC invocations=16 (full 9):
 PSYoungGen      total 130560K, used 89076K [0x00000000eab00000, 0x00000000fb900000, 0x0000000100000000)
  eden space 117760K, 75% used [0x00000000eab00000,0x00000000f01fd158,0x00000000f1e00000)
  from space 12800K, 0% used [0x00000000f1e00000,0x00000000f1e00000,0x00000000f2a80000)
  to   space 20480K, 0% used [0x00000000fa500000,0x00000000fa500000,0x00000000fb900000)
 ParOldGen       total 38400K, used 38223K [0x00000000c0000000, 0x00000000c2580000, 0x00000000eab00000)
  object space 38400K, 99% used [0x00000000c0000000,0x00000000c2553d88,0x00000000c2580000)
 Metaspace       used 6203K, capacity 7216K, committed 7296K, reserved 1056768K
  class space    used 573K, capacity 616K, committed 640K, reserved 1048576K
}
Event: 55.755 GC heap before
{Heap before GC invocations=17 (full 10):
 PSYoungGen      total 130560K, used 117760K [0x00000000eab00000, 0x00000000fb900000, 0x0000000100000000)
  eden space 117760K, 100% used [0x00000000eab00000,0x00000000f1e00000,0x00000000f1e00000)
  from space 12800K, 0% used [0x00000000f1e00000,0x00000000f1e00000,0x00000000f2a80000)
  to   space 20480K, 0% used [0x00000000fa500000,0x00000000fa500000,0x00000000fb900000)
 ParOldGen       total 38400K, used 38223K [0x00000000c0000000, 0x00000000c2580000, 0x00000000eab00000)
  object space 38400K, 99% used [0x00000000c0000000,0x00000000c2553d88,0x00000000c2580000)
 Metaspace       used 6203K, capacity 7216K, committed 7296K, reserved 1056768K
  class space    used 573K, capacity 616K, committed 640K, reserved 1048576K
Event: 56.794 GC heap after
Heap after GC invocations=17 (full 10):
 PSYoungGen      total 130560K, used 92974K [0x00000000eab00000, 0x00000000fb900000, 0x0000000100000000)
  eden space 117760K, 78% used [0x00000000eab00000,0x00000000f05cb940,0x00000000f1e00000)
  from space 12800K, 0% used [0x00000000f1e00000,0x00000000f1e00000,0x00000000f2a80000)
  to   space 20480K, 0% used [0x00000000fa500000,0x00000000fa500000,0x00000000fb900000)
 ParOldGen       total 38400K, used 38223K [0x00000000c0000000, 0x00000000c2580000, 0x00000000eab00000)
  object space 38400K, 99% used [0x00000000c0000000,0x00000000c2553d88,0x00000000c2580000)
 Metaspace       used 6203K, capacity 7216K, committed 7296K, reserved 1056768K
  class space    used 573K, capacity 616K, committed 640K, reserved 1048576K
}
Event: 57.241 GC heap before
{Heap before GC invocations=18 (full 11):
 PSYoungGen      total 130560K, used 117760K [0x00000000eab00000, 0x00000000fb900000, 0x0000000100000000)
  eden space 117760K, 100% used [0x00000000eab00000,0x00000000f1e00000,0x00000000f1e00000)
  from space 12800K, 0% used [0x00000000f1e00000,0x00000000f1e00000,0x00000000f2a80000)
  to   space 20480K, 0% used [0x00000000fa500000,0x00000000fa500000,0x00000000fb900000)
 ParOldGen       total 38400K, used 38223K [0x00000000c0000000, 0x00000000c2580000, 0x00000000eab00000)
  object space 38400K, 99% used [0x00000000c0000000,0x00000000c2553d88,0x00000000c2580000)
 Metaspace       used 6203K, capacity 7216K, committed 7296K, reserved 1056768K
  class space    used 573K, capacity 616K, committed 640K, reserved 1048576K
Event: 58.462 GC heap after
Heap after GC invocations=18 (full 11):
 PSYoungGen      total 130560K, used 96531K [0x00000000eab00000, 0x00000000fb900000, 0x0000000100000000)
  eden space 117760K, 81% used [0x00000000eab00000,0x00000000f0944d60,0x00000000f1e00000)
  from space 12800K, 0% used [0x00000000f1e00000,0x00000000f1e00000,0x00000000f2a80000)
  to   space 20480K, 0% used [0x00000000fa500000,0x00000000fa500000,0x00000000fb900000)
 ParOldGen       total 38400K, used 38223K [0x00000000c0000000, 0x00000000c2580000, 0x00000000eab00000)
  object space 38400K, 99% used [0x00000000c0000000,0x00000000c2553d88,0x00000000c2580000)
 Metaspace       used 6203K, capacity 7216K, committed 7296K, reserved 1056768K
  class space    used 573K, capacity 616K, committed 640K, reserved 1048576K
}
Event: 58.811 GC heap before
{Heap before GC invocations=19 (full 12):
 PSYoungGen      total 130560K, used 117760K [0x00000000eab00000, 0x00000000fb900000, 0x0000000100000000)
  eden space 117760K, 100% used [0x00000000eab00000,0x00000000f1e00000,0x00000000f1e00000)
  from space 12800K, 0% used [0x00000000f1e00000,0x00000000f1e00000,0x00000000f2a80000)
  to   space 20480K, 0% used [0x00000000fa500000,0x00000000fa500000,0x00000000fb900000)
 ParOldGen       total 38400K, used 38223K [0x00000000c0000000, 0x00000000c2580000, 0x00000000eab00000)
  object space 38400K, 99% used [0x00000000c0000000,0x00000000c2553d88,0x00000000c2580000)
 Metaspace       used 6203K, capacity 7216K, committed 7296K, reserved 1056768K
  class space    used 573K, capacity 616K, committed 640K, reserved 1048576K

Deoptimization events (10 events):
Event: 37.932 Thread 0x0000000002e90800 Uncommon trap: reason=unstable_if action=reinterpret pc=0x00000000035abbcc method=com.android.dx.ssa.MoveParamCombiner$1.visitNonMoveInsn(Lcom/android/dx/ssa/NormalSsaInsn;)V @ 27
Event: 37.955 Thread 0x0000000002e90800 Uncommon trap: reason=bimorphic action=maybe_recompile pc=0x0000000003626904 method=com.android.dx.ssa.LiteralOpUpgrader.tryReplacingWithConstant(Lcom/android/dx/ssa/NormalSsaInsn;)Z @ 62
Event: 38.150 Thread 0x0000000002e90800 Uncommon trap: reason=bimorphic action=maybe_recompile pc=0x0000000003626904 method=com.android.dx.ssa.LiteralOpUpgrader.tryReplacingWithConstant(Lcom/android/dx/ssa/NormalSsaInsn;)Z @ 62
Event: 43.670 Thread 0x0000000002e90800 Uncommon trap: reason=unstable_if action=reinterpret pc=0x00000000039b5200 method=com.android.dx.rop.code.Insn.contentEquals(Lcom/android/dx/rop/code/Insn;)Z @ 47
Event: 45.411 Thread 0x0000000002e90800 Uncommon trap: reason=bimorphic action=maybe_recompile pc=0x0000000003626904 method=com.android.dx.ssa.LiteralOpUpgrader.tryReplacingWithConstant(Lcom/android/dx/ssa/NormalSsaInsn;)Z @ 62
Event: 45.518 Thread 0x0000000002e90800 Uncommon trap: reason=unstable_if action=reinterpret pc=0x0000000003715040 method=com.android.dx.ssa.SCCP.simulateBranch(Lcom/android/dx/ssa/SsaInsn;)V @ 548
Event: 45.519 Thread 0x0000000002e90800 Uncommon trap: reason=unstable_if action=reinterpret pc=0x00000000039c05b8 method=com.android.dx.ssa.SCCP.run()V @ 179
Event: 46.239 Thread 0x0000000002e90800 Uncommon trap: reason=bimorphic action=maybe_recompile pc=0x00000000038f9360 method=com.android.dx.cf.code.BytecodeArray.parseInstruction(ILcom/android/dx/cf/code/BytecodeArray$Visitor;)I @ 2135
Event: 46.239 Thread 0x0000000002e90800 Uncommon trap: reason=bimorphic action=maybe_recompile pc=0x00000000038f9360 method=com.android.dx.cf.code.BytecodeArray.parseInstruction(ILcom/android/dx/cf/code/BytecodeArray$Visitor;)I @ 2135
Event: 53.669 Thread 0x0000000002e90800 Uncommon trap: reason=unstable_if action=reinterpret pc=0x00000000031ab014 method=com.android.dx.cf.code.Merger.mergeType(Lcom/android/dx/rop/type/TypeBearer;Lcom/android/dx/rop/type/TypeBearer;)Lcom/android/dx/rop/type/TypeBearer; @ 77

Internal exceptions (6 events):
Event: 0.114 Thread 0x0000000002e90800 Exception <a 'java/lang/NoSuchMethodError': Method sun.misc.Unsafe.defineClass(Ljava/lang/String;[BII)Ljava/lang/Class; name or signature does not match> (0x00000000eab07cc0) thrown at [C:\src\android\AOSP-openjdk\external\jetbrains\jdk\hotspot\src\share\v÷uÀèc?Ω?
Event: 0.114 Thread 0x0000000002e90800 Exception <a 'java/lang/NoSuchMethodError': Method sun.misc.Unsafe.prefetchRead(Ljava/lang/Object;J)V name or signature does not match> (0x00000000eab07fa8) thrown at [C:\src\android\AOSP-openjdk\external\jetbrains\jdk\hotspot\src\share\vm\prims\jni.cpp, lªÓÎÚ˚	@
Event: 3.248 Thread 0x0000000002e90800 Implicit null exception at 0x000000000342d362 to 0x000000000342d452
Event: 8.313 Thread 0x0000000002e90800 Exception <a 'java/lang/ArrayIndexOutOfBoundsException': 18> (0x00000000eac9ff90) thrown at [C:\src\android\AOSP-openjdk\external\jetbrains\jdk\hotspot\src\share\vm\interpreter\interpreterRuntime.cpp, line 366]
Event: 8.315 Thread 0x0000000002e90800 Exception <a 'java/lang/ArrayIndexOutOfBoundsException': 145> (0x00000000eaca1b10) thrown at [C:\src\android\AOSP-openjdk\external\jetbrains\jdk\hotspot\src\share\vm\interpreter\interpreterRuntime.cpp, line 366]
Event: 8.319 Thread 0x0000000002e90800 Exception <a 'java/lang/ArrayIndexOutOfBoundsException'> (0x00000000eaca2df8) thrown at [C:\src\android\AOSP-openjdk\external\jetbrains\jdk\hotspot\src\share\vm\runtime\sharedRuntime.cpp, line 605]

Events (10 events):
Event: 57.238 Thread 0x0000000016d55800 flushing nmethod 0x000000000318b010
Event: 57.238 Thread 0x0000000016d55800 flushing nmethod 0x00000000031c34d0
Event: 57.241 Executing VM operation: ParallelGCFailedAllocation
Event: 58.462 Executing VM operation: ParallelGCFailedAllocation done
Event: 58.496 Thread 0x0000000002e90800 DEOPT PACKING pc=0x0000000003892f44 sp=0x0000000002e8eca0
Event: 58.496 Thread 0x0000000002e90800 DEOPT UNPACKING pc=0x0000000002fd71bf sp=0x0000000002e8ea80 mode 0
Event: 58.696 Thread 0x0000000016d55800 flushing nmethod 0x00000000031caa10
Event: 58.696 Thread 0x0000000016d55800 flushing nmethod 0x00000000031f9190
Event: 58.696 Thread 0x0000000016d55800 flushing nmethod 0x0000000003224890
Event: 58.811 Executing VM operation: ParallelGCFailedAllocation


Dynamic libraries:
0x00007ff750280000 - 0x00007ff7502b1000 	C:\Program Files\Android\Android Studio\jre\bin\java.exe
0x00007ff9a3cf0000 - 0x00007ff9a3ec1000 	C:\WINDOWS\SYSTEM32\ntdll.dll
0x00007ff9a14f0000 - 0x00007ff9a159b000 	C:\WINDOWS\System32\KERNEL32.DLL
0x00007ff9a0d40000 - 0x00007ff9a0f5d000 	C:\WINDOWS\System32\KERNELBASE.dll
0x00007ff9a1b40000 - 0x00007ff9a1be2000 	C:\WINDOWS\System32\ADVAPI32.dll
0x00007ff9a3c30000 - 0x00007ff9a3cce000 	C:\WINDOWS\System32\msvcrt.dll
0x00007ff9a3a30000 - 0x00007ff9a3a89000 	C:\WINDOWS\System32\sechost.dll
0x00007ff9a3900000 - 0x00007ff9a3a21000 	C:\WINDOWS\System32\RPCRT4.dll
0x00007ff9a1380000 - 0x00007ff9a14e5000 	C:\WINDOWS\System32\USER32.dll
0x00007ff9a0b30000 - 0x00007ff9a0b4e000 	C:\WINDOWS\System32\win32u.dll
0x00007ff9a15c0000 - 0x00007ff9a15f4000 	C:\WINDOWS\System32\GDI32.dll
0x00007ff9a0b50000 - 0x00007ff9a0cd2000 	C:\WINDOWS\System32\gdi32full.dll
0x00007ff994f00000 - 0x00007ff995179000 	C:\WINDOWS\WinSxS\amd64_microsoft.windows.common-controls_6595b64144ccf1df_6.0.14393.447_none_42191651c6827bb3\COMCTL32.dll
0x00007ff9a1700000 - 0x00007ff9a19c8000 	C:\WINDOWS\System32\combase.dll
0x00007ff9a0350000 - 0x00007ff9a0445000 	C:\WINDOWS\System32\ucrtbase.dll
0x00007ff9a0290000 - 0x00007ff9a02fa000 	C:\WINDOWS\System32\bcryptPrimitives.dll
0x00007ff9a1b10000 - 0x00007ff9a1b3e000 	C:\WINDOWS\System32\IMM32.DLL
0x0000000064ba0000 - 0x0000000064c72000 	C:\Program Files\Android\Android Studio\jre\jre\bin\msvcr100.dll
0x00000000650b0000 - 0x00000000658e4000 	C:\Program Files\Android\Android Studio\jre\jre\bin\server\jvm.dll
0x00007ff9a3ce0000 - 0x00007ff9a3ce8000 	C:\WINDOWS\System32\PSAPI.DLL
0x00007ff994e90000 - 0x00007ff994e99000 	C:\WINDOWS\SYSTEM32\WSOCK32.dll
0x00007ff99e4d0000 - 0x00007ff99e4f3000 	C:\WINDOWS\SYSTEM32\WINMM.dll
0x00007ff9a3820000 - 0x00007ff9a388a000 	C:\WINDOWS\System32\WS2_32.dll
0x00007ff99c8d0000 - 0x00007ff99c8da000 	C:\WINDOWS\SYSTEM32\VERSION.dll
0x00007ff99e0d0000 - 0x00007ff99e0fb000 	C:\WINDOWS\SYSTEM32\WINMMBASE.dll
0x00007ff9a0300000 - 0x00007ff9a0342000 	C:\WINDOWS\System32\cfgmgr32.dll
0x00007ff99c890000 - 0x00007ff99c89f000 	C:\Program Files\Android\Android Studio\jre\jre\bin\verify.dll
0x00007ff9957b0000 - 0x00007ff9957d9000 	C:\Program Files\Android\Android Studio\jre\jre\bin\java.dll
0x00007ff995700000 - 0x00007ff995716000 	C:\Program Files\Android\Android Studio\jre\jre\bin\zip.dll
0x00007ff9a1e10000 - 0x00007ff9a3319000 	C:\WINDOWS\System32\SHELL32.dll
0x00007ff9a0450000 - 0x00007ff9a0b2a000 	C:\WINDOWS\System32\windows.storage.dll
0x00007ff9a0190000 - 0x00007ff9a01dc000 	C:\WINDOWS\System32\powrprof.dll
0x00007ff9a3320000 - 0x00007ff9a3372000 	C:\WINDOWS\System32\shlwapi.dll
0x00007ff9a0180000 - 0x00007ff9a018f000 	C:\WINDOWS\System32\kernel.appcore.dll
0x00007ff9a01e0000 - 0x00007ff9a0289000 	C:\WINDOWS\System32\shcore.dll
0x00007ff9a0150000 - 0x00007ff9a0164000 	C:\WINDOWS\System32\profapi.dll

VM Arguments:
jvm_args: -Djava.awt.headless=true -Xmx1024M -Dfile.encoding=x-windows-949 -Duser.country=KR -Duser.language=ko -Duser.variant 
java_command: com.android.dx.command.Main --dex --multi-dex --main-dex-list C:\GitHub\project\TravelPlanner\app\build\intermediates\multi-dex\debug\maindexlist.txt --output C:\GitHub\project\TravelPlanner\app\build\intermediates\transforms\dex\debug\folders\1000\1f\main C:\GitHub\project\TravelPlanner\app\build\intermediates\transforms\jarMerging\debug\jars\1\1f\combined.jar
java_class_path (initial): C:\Users\a0104\AppData\Local\Android\sdk\build-tools\21.1.2\lib\dx.jar
Launcher Type: SUN_STANDARD

Environment Variables:
JAVA_HOME=C:\Program Files\Java\jdk1.8.0_73
PATH=C:\ProgramData\Oracle\Java\javapath;C:\WINDOWS\system32;C:\WINDOWS;C:\WINDOWS\System32\Wbem;C:\WINDOWS\System32\WindowsPowerShell\v1.0\;C:\Program Files\Java\jdk1.8.0_73\bin;C:\Program Files\Bandizip\7z;C:\Users\a0104\AppData\Local\Microsoft\WindowsApps;
USERNAME=a0104
OS=Windows_NT
PROCESSOR_IDENTIFIER=AMD64 Family 22 Model 0 Stepping 1, AuthenticAMD



---------------  S Y S T E M  ---------------

OS: Windows 10.0 , 64 bit Build 14393 (10.0.14393.0)

CPU:total 4 (4 cores per cpu, 1 threads per core) family 22 model 0 stepping 1, cmov, cx8, fxsr, mmx, sse, sse2, sse3, ssse3, sse4.1, sse4.2, popcnt, avx, aes, clmul, mmxext, 3dnowpref, lzcnt, sse4a, tsc, tscinvbit, tscinv, bmi1

Memory: 4k page, physical 3611584k(156332k free), swap 5708736k(5568k free)

vm_info: OpenJDK 64-Bit Server VM (25.76-b03) for windows-amd64 JRE (1.8.0_76-release-b03), built on Jun 29 2016 19:09:20 by "ralucas" with MS VC++ 10.0 (VS2010)

time: Mon Feb 13 14:02:36 2017
elapsed time: 59 seconds (0d 0h 0m 59s)

