#
# There is insufficient memory for the Java Runtime Environment to continue.
# Native memory allocation (malloc) failed to allocate 306448 bytes for Chunk::new
# Possible reasons:
#   The system is out of physical RAM or swap space
#   In 32 bit mode, the process size limit was hit
# Possible solutions:
#   Reduce memory load on the system
#   Increase physical memory or swap space
#   Check if swap backing store is full
#   Use 64 bit Java on a 64 bit OS
#   Decrease Java heap size (-Xmx/-Xms)
#   Decrease number of Java threads
#   Decrease Java thread stack sizes (-Xss)
#   Set larger code cache with -XX:ReservedCodeCacheSize=
# This output file may be truncated or incomplete.
#
#  Out of Memory Error (allocation.cpp:390), pid=6760, tid=0x0000000000002dac
#
# JRE version: OpenJDK Runtime Environment (8.0_76-b03) (build 1.8.0_76-release-b03)
# Java VM: OpenJDK 64-Bit Server VM (25.76-b03 mixed mode windows-amd64 compressed oops)
# Failed to write core dump. Minidumps are not enabled by default on client versions of Windows
#

---------------  T H R E A D  ---------------

Current thread (0x0000000014fb8000):  JavaThread "C2 CompilerThread0" daemon [_thread_in_native, id=11692, stack(0x0000000016550000,0x0000000016650000)]

Stack: [0x0000000016550000,0x0000000016650000]
[error occurred during error reporting (printing stack bounds), id 0xc0000005]

Native frames: (J=compiled Java code, j=interpreted, Vv=VM code, C=native code)


Current CompileTask:
C2:  66988 2644   !   4       com.android.dx.cf.code.BytecodeArray::parseInstruction (2764 bytes)


---------------  P R O C E S S  ---------------

Java Threads: ( => current thread )
  0x00000000166c7800 JavaThread "Service Thread" daemon [_thread_blocked, id=6744, stack(0x0000000016c50000,0x0000000016d50000)]
  0x0000000016655800 JavaThread "C1 CompilerThread2" daemon [_thread_blocked, id=5944, stack(0x0000000016b50000,0x0000000016c50000)]
  0x0000000014fbd800 JavaThread "C2 CompilerThread1" daemon [_thread_in_native, id=1052, stack(0x0000000016a50000,0x0000000016b50000)]
=>0x0000000014fb8000 JavaThread "C2 CompilerThread0" daemon [_thread_in_native, id=11692, stack(0x0000000016550000,0x0000000016650000)]
  0x0000000014f6a000 JavaThread "Attach Listener" daemon [_thread_blocked, id=12948, stack(0x0000000016450000,0x0000000016550000)]
  0x0000000014fb7800 JavaThread "Signal Dispatcher" daemon [_thread_blocked, id=2908, stack(0x0000000016350000,0x0000000016450000)]
  0x0000000014f48800 JavaThread "Finalizer" daemon [_thread_blocked, id=9184, stack(0x00000000161d0000,0x00000000162d0000)]
  0x0000000002881000 JavaThread "Reference Handler" daemon [_thread_blocked, id=7364, stack(0x00000000160d0000,0x00000000161d0000)]
  0x0000000002790800 JavaThread "main" [_thread_in_Java, id=8652, stack(0x0000000002630000,0x0000000002730000)]

Other Threads:
  0x0000000014f25000 VMThread [stack: 0x0000000015fd0000,0x00000000160d0000] [id=7304]
  0x00000000166c9800 WatcherThread [stack: 0x0000000016d50000,0x0000000016e50000] [id=12800]

VM state:not at safepoint (normal execution)

VM Mutex/Monitor currently owned by a thread: None

Heap:
 PSYoungGen      total 251904K, used 182831K [0x00000000eab00000, 0x0000000100000000, 0x0000000100000000)
  eden space 191488K, 63% used [0x00000000eab00000,0x00000000f228df20,0x00000000f6600000)
  from space 60416K, 99% used [0x00000000f6600000,0x00000000fa0fddb0,0x00000000fa100000)
  to   space 74752K, 0% used [0x00000000fb700000,0x00000000fb700000,0x0000000100000000)
 ParOldGen       total 217088K, used 176572K [0x00000000c0000000, 0x00000000cd400000, 0x00000000eab00000)
  object space 217088K, 81% used [0x00000000c0000000,0x00000000cac6f320,0x00000000cd400000)
 Metaspace       used 6234K, capacity 7216K, committed 7296K, reserved 1056768K
  class space    used 574K, capacity 616K, committed 640K, reserved 1048576K

Card table byte_map: [0x0000000011c50000,0x0000000011e60000] byte_map_base: 0x0000000011650000

Marking Bits: (ParMarkBitMap*) 0x0000000053ac9d00
 Begin Bits: [0x00000000123c0000, 0x00000000133c0000)
 End Bits:   [0x00000000133c0000, 0x00000000143c0000)

Polling page: 0x0000000000b80000

CodeCache: size=245760Kb used=11564Kb max_used=11951Kb free=234195Kb
 bounds [0x0000000002890000, 0x0000000003460000, 0x0000000011890000]
 total_blobs=2467 nmethods=2200 adapters=182
 compilation: enabled

Compilation events (10 events):
Event: 66.831 Thread 0x0000000016655800 2647       3       com.android.dx.cf.code.BasicBlocker::visitNewarray (15 bytes)
Event: 66.832 Thread 0x0000000016655800 nmethod 2647 0x0000000002afd290 code [0x0000000002afd420, 0x0000000002afd738]
Event: 66.834 Thread 0x0000000016655800 2648       3       com.android.dx.cf.code.Simulator$SimVisitor::visitNewarray (55 bytes)
Event: 66.836 Thread 0x0000000016655800 nmethod 2648 0x0000000002afc790 code [0x0000000002afc940, 0x0000000002afcfe8]
Event: 66.839 Thread 0x0000000016655800 2649       3       com.android.dx.rop.code.FillArrayDataInsn::<init> (39 bytes)
Event: 66.841 Thread 0x0000000016655800 nmethod 2649 0x0000000002afc150 code [0x0000000002afc2e0, 0x0000000002afc658]
Event: 66.841 Thread 0x0000000016655800 2650       3       com.android.dx.rop.code.FillArrayDataInsn::withNewRegisters (25 bytes)
Event: 66.842 Thread 0x0000000016655800 nmethod 2650 0x0000000002afbbd0 code [0x0000000002afbd40, 0x0000000002afc068]
Event: 66.842 Thread 0x0000000016655800 2651       3       com.android.dx.rop.code.FillArrayDataInsn::accept (8 bytes)
Event: 66.843 Thread 0x0000000016655800 nmethod 2651 0x0000000002afb750 code [0x0000000002afb8c0, 0x0000000002afbae8]

GC Heap History (10 events):
Event: 38.509 GC heap before
{Heap before GC invocations=16 (full 3):
 PSYoungGen      total 195072K, used 26752K [0x00000000eab00000, 0x00000000fad80000, 0x0000000100000000)
  eden space 158720K, 0% used [0x00000000eab00000,0x00000000eab00000,0x00000000f4600000)
  from space 36352K, 73% used [0x00000000f4600000,0x00000000f6020010,0x00000000f6980000)
  to   space 38400K, 0% used [0x00000000f8800000,0x00000000f8800000,0x00000000fad80000)
 ParOldGen       total 130560K, used 109575K [0x00000000c0000000, 0x00000000c7f80000, 0x00000000eab00000)
  object space 130560K, 83% used [0x00000000c0000000,0x00000000c6b01e78,0x00000000c7f80000)
 Metaspace       used 6207K, capacity 7216K, committed 7296K, reserved 1056768K
  class space    used 573K, capacity 616K, committed 640K, reserved 1048576K
Event: 42.880 GC heap after
Heap after GC invocations=16 (full 3):
 PSYoungGen      total 195072K, used 4073K [0x00000000eab00000, 0x00000000fad80000, 0x0000000100000000)
  eden space 158720K, 0% used [0x00000000eab00000,0x00000000eab00000,0x00000000f4600000)
  from space 36352K, 11% used [0x00000000f4600000,0x00000000f49fa6f0,0x00000000f6980000)
  to   space 38400K, 0% used [0x00000000f8800000,0x00000000f8800000,0x00000000fad80000)
 ParOldGen       total 217088K, used 130420K [0x00000000c0000000, 0x00000000cd400000, 0x00000000eab00000)
  object space 217088K, 60% used [0x00000000c0000000,0x00000000c7f5d3e0,0x00000000cd400000)
 Metaspace       used 6207K, capacity 7216K, committed 7296K, reserved 1056768K
  class space    used 573K, capacity 616K, committed 640K, reserved 1048576K
}
Event: 46.691 GC heap before
{Heap before GC invocations=17 (full 3):
 PSYoungGen      total 195072K, used 162793K [0x00000000eab00000, 0x00000000fad80000, 0x0000000100000000)
  eden space 158720K, 100% used [0x00000000eab00000,0x00000000f4600000,0x00000000f4600000)
  from space 36352K, 11% used [0x00000000f4600000,0x00000000f49fa6f0,0x00000000f6980000)
  to   space 38400K, 0% used [0x00000000f8800000,0x00000000f8800000,0x00000000fad80000)
 ParOldGen       total 217088K, used 130420K [0x00000000c0000000, 0x00000000cd400000, 0x00000000eab00000)
  object space 217088K, 60% used [0x00000000c0000000,0x00000000c7f5d3e0,0x00000000cd400000)
 Metaspace       used 6214K, capacity 7216K, committed 7296K, reserved 1056768K
  class space    used 574K, capacity 616K, committed 640K, reserved 1048576K
Event: 46.941 GC heap after
Heap after GC invocations=17 (full 3):
 PSYoungGen      total 214016K, used 28363K [0x00000000eab00000, 0x00000000faa00000, 0x0000000100000000)
  eden space 179200K, 0% used [0x00000000eab00000,0x00000000eab00000,0x00000000f5a00000)
  from space 34816K, 81% used [0x00000000f8800000,0x00000000fa3b2f70,0x00000000faa00000)
  to   space 40960K, 0% used [0x00000000f5a00000,0x00000000f5a00000,0x00000000f8200000)
 ParOldGen       total 217088K, used 130420K [0x00000000c0000000, 0x00000000cd400000, 0x00000000eab00000)
  object space 217088K, 60% used [0x00000000c0000000,0x00000000c7f5d3e0,0x00000000cd400000)
 Metaspace       used 6214K, capacity 7216K, committed 7296K, reserved 1056768K
  class space    used 574K, capacity 616K, committed 640K, reserved 1048576K
}
Event: 57.980 GC heap before
{Heap before GC invocations=18 (full 3):
 PSYoungGen      total 214016K, used 207563K [0x00000000eab00000, 0x00000000faa00000, 0x0000000100000000)
  eden space 179200K, 100% used [0x00000000eab00000,0x00000000f5a00000,0x00000000f5a00000)
  from space 34816K, 81% used [0x00000000f8800000,0x00000000fa3b2f70,0x00000000faa00000)
  to   space 40960K, 0% used [0x00000000f5a00000,0x00000000f5a00000,0x00000000f8200000)
 ParOldGen       total 217088K, used 130420K [0x00000000c0000000, 0x00000000cd400000, 0x00000000eab00000)
  object space 217088K, 60% used [0x00000000c0000000,0x00000000c7f5d3e0,0x00000000cd400000)
 Metaspace       used 6219K, capacity 7216K, committed 7296K, reserved 1056768K
  class space    used 574K, capacity 616K, committed 640K, reserved 1048576K
Event: 58.174 GC heap after
Heap after GC invocations=18 (full 3):
 PSYoungGen      total 220160K, used 40936K [0x00000000eab00000, 0x00000000fd480000, 0x0000000100000000)
  eden space 179200K, 0% used [0x00000000eab00000,0x00000000eab00000,0x00000000f5a00000)
  from space 40960K, 99% used [0x00000000f5a00000,0x00000000f81fa188,0x00000000f8200000)
  to   space 52736K, 0% used [0x00000000fa100000,0x00000000fa100000,0x00000000fd480000)
 ParOldGen       total 217088K, used 145570K [0x00000000c0000000, 0x00000000cd400000, 0x00000000eab00000)
  object space 217088K, 67% used [0x00000000c0000000,0x00000000c8e289b0,0x00000000cd400000)
 Metaspace       used 6219K, capacity 7216K, committed 7296K, reserved 1056768K
  class space    used 574K, capacity 616K, committed 640K, reserved 1048576K
}
Event: 60.839 GC heap before
{Heap before GC invocations=19 (full 3):
 PSYoungGen      total 220160K, used 220136K [0x00000000eab00000, 0x00000000fd480000, 0x0000000100000000)
  eden space 179200K, 100% used [0x00000000eab00000,0x00000000f5a00000,0x00000000f5a00000)
  from space 40960K, 99% used [0x00000000f5a00000,0x00000000f81fa188,0x00000000f8200000)
  to   space 52736K, 0% used [0x00000000fa100000,0x00000000fa100000,0x00000000fd480000)
 ParOldGen       total 217088K, used 145570K [0x00000000c0000000, 0x00000000cd400000, 0x00000000eab00000)
  object space 217088K, 67% used [0x00000000c0000000,0x00000000c8e289b0,0x00000000cd400000)
 Metaspace       used 6232K, capacity 7216K, committed 7296K, reserved 1056768K
  class space    used 574K, capacity 616K, committed 640K, reserved 1048576K
Event: 61.476 GC heap after
Heap after GC invocations=19 (full 3):
 PSYoungGen      total 244224K, used 50208K [0x00000000eab00000, 0x00000000fef00000, 0x0000000100000000)
  eden space 191488K, 0% used [0x00000000eab00000,0x00000000eab00000,0x00000000f6600000)
  from space 52736K, 95% used [0x00000000fa100000,0x00000000fd208160,0x00000000fd480000)
  to   space 60416K, 0% used [0x00000000f6600000,0x00000000f6600000,0x00000000fa100000)
 ParOldGen       total 217088K, used 165258K [0x00000000c0000000, 0x00000000cd400000, 0x00000000eab00000)
  object space 217088K, 76% used [0x00000000c0000000,0x00000000ca1628d8,0x00000000cd400000)
 Metaspace       used 6232K, capacity 7216K, committed 7296K, reserved 1056768K
  class space    used 574K, capacity 616K, committed 640K, reserved 1048576K
}
Event: 64.630 GC heap before
{Heap before GC invocations=20 (full 3):
 PSYoungGen      total 244224K, used 241696K [0x00000000eab00000, 0x00000000fef00000, 0x0000000100000000)
  eden space 191488K, 100% used [0x00000000eab00000,0x00000000f6600000,0x00000000f6600000)
  from space 52736K, 95% used [0x00000000fa100000,0x00000000fd208160,0x00000000fd480000)
  to   space 60416K, 0% used [0x00000000f6600000,0x00000000f6600000,0x00000000fa100000)
 ParOldGen       total 217088K, used 165258K [0x00000000c0000000, 0x00000000cd400000, 0x00000000eab00000)
  object space 217088K, 76% used [0x00000000c0000000,0x00000000ca1628d8,0x00000000cd400000)
 Metaspace       used 6232K, capacity 7216K, committed 7296K, reserved 1056768K
  class space    used 574K, capacity 616K, committed 640K, reserved 1048576K
Event: 64.994 GC heap after
Heap after GC invocations=20 (full 3):
 PSYoungGen      total 251904K, used 60407K [0x00000000eab00000, 0x0000000100000000, 0x0000000100000000)
  eden space 191488K, 0% used [0x00000000eab00000,0x00000000eab00000,0x00000000f6600000)
  from space 60416K, 99% used [0x00000000f6600000,0x00000000fa0fddb0,0x00000000fa100000)
  to   space 74752K, 0% used [0x00000000fb700000,0x00000000fb700000,0x0000000100000000)
 ParOldGen       total 217088K, used 176572K [0x00000000c0000000, 0x00000000cd400000, 0x00000000eab00000)
  object space 217088K, 81% used [0x00000000c0000000,0x00000000cac6f320,0x00000000cd400000)
 Metaspace       used 6232K, capacity 7216K, committed 7296K, reserved 1056768K
  class space    used 574K, capacity 616K, committed 640K, reserved 1048576K
}

Deoptimization events (10 events):
Event: 57.811 Thread 0x0000000002790800 Uncommon trap: reason=unstable_if action=reinterpret pc=0x0000000002b0825c method=java.util.BitSet.set(II)V @ 48
Event: 57.851 Thread 0x0000000002790800 Uncommon trap: reason=class_check action=maybe_recompile pc=0x0000000002a533f8 method=com.android.dx.rop.cst.CstKnownNull.equals(Ljava/lang/Object;)Z @ 1
Event: 58.452 Thread 0x0000000002790800 Uncommon trap: reason=class_check action=maybe_recompile pc=0x0000000002a533f8 method=com.android.dx.rop.cst.CstKnownNull.equals(Ljava/lang/Object;)Z @ 1
Event: 59.087 Thread 0x0000000002790800 Uncommon trap: reason=unstable_if action=reinterpret pc=0x00000000034365e8 method=com.android.dx.cf.code.Ropper.processBlock(Lcom/android/dx/cf/code/ByteBlock;Lcom/android/dx/cf/code/Frame;[I)V @ 651
Event: 63.929 Thread 0x0000000002790800 Uncommon trap: reason=unstable_if action=reinterpret pc=0x0000000002bb6928 method=com.android.dx.rop.code.LocalItem.compareHandlesNulls(Lcom/android/dx/rop/cst/CstString;Lcom/android/dx/rop/cst/CstString;)I @ 8
Event: 63.929 Thread 0x0000000002790800 Uncommon trap: reason=unstable_if action=reinterpret pc=0x0000000003150cec method=com.android.dx.rop.code.LocalItem.compareHandlesNulls(Lcom/android/dx/rop/cst/CstString;Lcom/android/dx/rop/cst/CstString;)I @ 8
Event: 63.940 Thread 0x0000000002790800 Uncommon trap: reason=unstable_if action=reinterpret pc=0x0000000002d0b23c method=com.android.dx.rop.code.LocalItem.compareHandlesNulls(Lcom/android/dx/rop/cst/CstString;Lcom/android/dx/rop/cst/CstString;)I @ 8
Event: 63.940 Thread 0x0000000002790800 Uncommon trap: reason=unstable_if action=reinterpret pc=0x0000000002d2d7a8 method=com.android.dx.rop.code.LocalItem.compareHandlesNulls(Lcom/android/dx/rop/cst/CstString;Lcom/android/dx/rop/cst/CstString;)I @ 8
Event: 66.665 Thread 0x0000000002790800 Uncommon trap: reason=bimorphic action=maybe_recompile pc=0x00000000033d0760 method=com.android.dx.cf.code.BytecodeArray.parseInstruction(ILcom/android/dx/cf/code/BytecodeArray$Visitor;)I @ 891
Event: 66.665 Thread 0x0000000002790800 Uncommon trap: reason=bimorphic action=maybe_recompile pc=0x00000000033d0760 method=com.android.dx.cf.code.BytecodeArray.parseInstruction(ILcom/android/dx/cf/code/BytecodeArray$Visitor;)I @ 891

Internal exceptions (10 events):
Event: 5.019 Thread 0x0000000002790800 Exception <a 'java/lang/ArrayIndexOutOfBoundsException'> (0x00000000eace22a8) thrown at [C:\src\android\AOSP-openjdk\external\jetbrains\jdk\hotspot\src\share\vm\runtime\sharedRuntime.cpp, line 605]
Event: 5.024 Thread 0x0000000002790800 Exception <a 'java/lang/ArrayIndexOutOfBoundsException'> (0x00000000eace3590) thrown at [C:\src\android\AOSP-openjdk\external\jetbrains\jdk\hotspot\src\share\vm\runtime\sharedRuntime.cpp, line 605]
Event: 7.903 Thread 0x0000000002790800 Implicit null exception at 0x0000000002d97551 to 0x0000000002d990e9
Event: 7.906 Thread 0x0000000002790800 Implicit null exception at 0x0000000002d872b0 to 0x0000000002d87df1
Event: 57.207 Thread 0x0000000002790800 Implicit null exception at 0x0000000002e8306c to 0x0000000002e84181
Event: 57.437 Thread 0x0000000002790800 Implicit null exception at 0x0000000002ebffcc to 0x0000000002ec160d
Event: 63.929 Thread 0x0000000002790800 Implicit null exception at 0x0000000002bb5dfa to 0x0000000002bb6905
Event: 63.929 Thread 0x0000000002790800 Implicit null exception at 0x0000000003150b6c to 0x0000000003150cd9
Event: 63.940 Thread 0x0000000002790800 Implicit null exception at 0x0000000002d0b0cf to 0x0000000002d0b229
Event: 63.940 Thread 0x0000000002790800 Implicit null exception at 0x0000000002d2d698 to 0x0000000002d2d795

Events (10 events):
Event: 63.940 Thread 0x0000000002790800 DEOPT PACKING pc=0x0000000002d2d7a8 sp=0x000000000272e2a0
Event: 63.940 Thread 0x0000000002790800 DEOPT UNPACKING pc=0x00000000028d556a sp=0x000000000272e248 mode 2
Event: 64.630 Executing VM operation: ParallelGCFailedAllocation
Event: 64.995 Executing VM operation: ParallelGCFailedAllocation done
Event: 66.665 Thread 0x0000000002790800 Uncommon trap: trap_request=0xffffffc6 fr.pc=0x00000000033d0760
Event: 66.665 Thread 0x0000000002790800 DEOPT PACKING pc=0x00000000033d0760 sp=0x000000000272e580
Event: 66.665 Thread 0x0000000002790800 DEOPT UNPACKING pc=0x00000000028d556a sp=0x000000000272e530 mode 2
Event: 66.665 Thread 0x0000000002790800 Uncommon trap: trap_request=0xffffffc6 fr.pc=0x00000000033d0760
Event: 66.665 Thread 0x0000000002790800 DEOPT PACKING pc=0x00000000033d0760 sp=0x000000000272e580
Event: 66.665 Thread 0x0000000002790800 DEOPT UNPACKING pc=0x00000000028d556a sp=0x000000000272e530 mode 2


Dynamic libraries:
0x00007ff6f3290000 - 0x00007ff6f32c1000 	C:\Program Files\Android\Android Studio\jre\bin\java.exe
0x00007ff9f8950000 - 0x00007ff9f8b21000 	C:\WINDOWS\SYSTEM32\ntdll.dll
0x00007ff9f8400000 - 0x00007ff9f84ab000 	C:\WINDOWS\System32\KERNEL32.DLL
0x00007ff9f5100000 - 0x00007ff9f531d000 	C:\WINDOWS\System32\KERNELBASE.dll
0x00007ff9f61d0000 - 0x00007ff9f6272000 	C:\WINDOWS\System32\ADVAPI32.dll
0x00007ff9f8750000 - 0x00007ff9f87ee000 	C:\WINDOWS\System32\msvcrt.dll
0x00007ff9f8180000 - 0x00007ff9f81d9000 	C:\WINDOWS\System32\sechost.dll
0x00007ff9f82d0000 - 0x00007ff9f83f1000 	C:\WINDOWS\System32\RPCRT4.dll
0x00007ff9f62e0000 - 0x00007ff9f6445000 	C:\WINDOWS\System32\USER32.dll
0x00007ff9f57e0000 - 0x00007ff9f57fe000 	C:\WINDOWS\System32\win32u.dll
0x00007ff9f6190000 - 0x00007ff9f61c4000 	C:\WINDOWS\System32\GDI32.dll
0x00007ff9f55f0000 - 0x00007ff9f5772000 	C:\WINDOWS\System32\gdi32full.dll
0x00007ff9f3750000 - 0x00007ff9f39c9000 	C:\WINDOWS\WinSxS\amd64_microsoft.windows.common-controls_6595b64144ccf1df_6.0.14393.447_none_42191651c6827bb3\COMCTL32.dll
0x00007ff9f6460000 - 0x00007ff9f6728000 	C:\WINDOWS\System32\combase.dll
0x00007ff9f4e40000 - 0x00007ff9f4f35000 	C:\WINDOWS\System32\ucrtbase.dll
0x00007ff9f5090000 - 0x00007ff9f50fa000 	C:\WINDOWS\System32\bcryptPrimitives.dll
0x00007ff9f81e0000 - 0x00007ff9f820e000 	C:\WINDOWS\System32\IMM32.DLL
0x0000000053150000 - 0x0000000053222000 	C:\Program Files\Android\Android Studio\jre\jre\bin\msvcr100.dll
0x0000000053310000 - 0x0000000053b44000 	C:\Program Files\Android\Android Studio\jre\jre\bin\server\jvm.dll
0x00007ff9f8170000 - 0x00007ff9f8178000 	C:\WINDOWS\System32\PSAPI.DLL
0x00007ff9ee110000 - 0x00007ff9ee119000 	C:\WINDOWS\SYSTEM32\WSOCK32.dll
0x00007ff9f2780000 - 0x00007ff9f27a3000 	C:\WINDOWS\SYSTEM32\WINMM.dll
0x00007ff9f34e0000 - 0x00007ff9f34ea000 	C:\WINDOWS\SYSTEM32\VERSION.dll
0x00007ff9f5ee0000 - 0x00007ff9f5f4a000 	C:\WINDOWS\System32\WS2_32.dll
0x00007ff9f24e0000 - 0x00007ff9f250b000 	C:\WINDOWS\SYSTEM32\WINMMBASE.dll
0x00007ff9f5320000 - 0x00007ff9f5362000 	C:\WINDOWS\System32\cfgmgr32.dll
0x00007ff9f3550000 - 0x00007ff9f355f000 	C:\Program Files\Android\Android Studio\jre\jre\bin\verify.dll
0x00007ff9edf00000 - 0x00007ff9edf29000 	C:\Program Files\Android\Android Studio\jre\jre\bin\java.dll
0x00007ff9ed330000 - 0x00007ff9ed346000 	C:\Program Files\Android\Android Studio\jre\jre\bin\zip.dll
0x00007ff9f6730000 - 0x00007ff9f7c39000 	C:\WINDOWS\System32\SHELL32.dll
0x00007ff9f5800000 - 0x00007ff9f5eda000 	C:\WINDOWS\System32\windows.storage.dll
0x00007ff9f4dd0000 - 0x00007ff9f4e1c000 	C:\WINDOWS\System32\powrprof.dll
0x00007ff9f84b0000 - 0x00007ff9f8502000 	C:\WINDOWS\System32\shlwapi.dll
0x00007ff9f4dc0000 - 0x00007ff9f4dcf000 	C:\WINDOWS\System32\kernel.appcore.dll
0x00007ff9f4f40000 - 0x00007ff9f4fe9000 	C:\WINDOWS\System32\shcore.dll
0x00007ff9f4e20000 - 0x00007ff9f4e34000 	C:\WINDOWS\System32\profapi.dll

VM Arguments:
jvm_args: -Djava.awt.headless=true -Xmx1024M -Dfile.encoding=x-windows-949 -Duser.country=KR -Duser.language=ko -Duser.variant 
java_command: com.android.dx.command.Main --dex --multi-dex --main-dex-list C:\GitHub\project\TravelPlanner\app\build\intermediates\multi-dex\debug\maindexlist.txt --output C:\GitHub\project\TravelPlanner\app\build\intermediates\transforms\dex\debug\folders\1000\1f\main C:\GitHub\project\TravelPlanner\app\build\intermediates\transforms\jarMerging\debug\jars\1\1f\combined.jar
java_class_path (initial): C:\Users\a0104\AppData\Local\Android\sdk\build-tools\21.1.2\lib\dx.jar
Launcher Type: SUN_STANDARD

Environment Variables:
JAVA_HOME=C:\Program Files\Java\jdk1.8.0_73
PATH=C:\ProgramData\Oracle\Java\javapath;C:\WINDOWS\system32;C:\WINDOWS;C:\WINDOWS\System32\Wbem;C:\WINDOWS\System32\WindowsPowerShell\v1.0\;C:\Program Files\Java\jdk1.8.0_73\bin;C:\Program Files\Bandizip\7z;C:\Users\a0104\AppData\Local\Microsoft\WindowsApps;
USERNAME=a0104
OS=Windows_NT
PROCESSOR_IDENTIFIER=AMD64 Family 22 Model 0 Stepping 1, AuthenticAMD



---------------  S Y S T E M  ---------------

OS: Windows 10.0 , 64 bit Build 14393 (10.0.14393.0)

CPU:total 4 (4 cores per cpu, 1 threads per core) family 22 model 0 stepping 1, cmov, cx8, fxsr, mmx, sse, sse2, sse3, ssse3, sse4.1, sse4.2, popcnt, avx, aes, clmul, mmxext, 3dnowpref, lzcnt, sse4a, tsc, tscinvbit, tscinv, bmi1

Memory: 4k page, physical 3611584k(158864k free), swap 5708736k(5496k free)

vm_info: OpenJDK 64-Bit Server VM (25.76-b03) for windows-amd64 JRE (1.8.0_76-release-b03), built on Jun 29 2016 19:09:20 by "ralucas" with MS VC++ 10.0 (VS2010)

time: Sun Feb 12 20:40:14 2017
elapsed time: 66 seconds (0d 0h 1m 6s)

