#
# There is insufficient memory for the Java Runtime Environment to continue.
# Native memory allocation (malloc) failed to allocate 723216 bytes for Chunk::new
# Possible reasons:
#   The system is out of physical RAM or swap space
#   In 32 bit mode, the process size limit was hit
# Possible solutions:
#   Reduce memory load on the system
#   Increase physical memory or swap space
#   Check if swap backing store is full
#   Use 64 bit Java on a 64 bit OS
#   Decrease Java heap size (-Xmx/-Xms)
#   Decrease number of Java threads
#   Decrease Java thread stack sizes (-Xss)
#   Set larger code cache with -XX:ReservedCodeCacheSize=
# This output file may be truncated or incomplete.
#
#  Out of Memory Error (allocation.cpp:390), pid=2532, tid=0x0000000000001d1c
#
# JRE version: OpenJDK Runtime Environment (8.0_76-b03) (build 1.8.0_76-release-b03)
# Java VM: OpenJDK 64-Bit Server VM (25.76-b03 mixed mode windows-amd64 compressed oops)
# Failed to write core dump. Minidumps are not enabled by default on client versions of Windows
#

---------------  T H R E A D  ---------------

Current thread (0x0000000015ad8800):  JavaThread "C2 CompilerThread0" daemon [_thread_in_native, id=7452, stack(0x0000000017050000,0x0000000017150000)]

Stack: [0x0000000017050000,0x0000000017150000]
[error occurred during error reporting (printing stack bounds), id 0xc0000005]

Native frames: (J=compiled Java code, j=interpreted, Vv=VM code, C=native code)


Current CompileTask:
C2:  80670 2506   !   4       com.android.dx.cf.code.BytecodeArray::parseInstruction (2764 bytes)


---------------  P R O C E S S  ---------------

Java Threads: ( => current thread )
  0x00000000172c6000 JavaThread "Service Thread" daemon [_thread_blocked, id=7864, stack(0x0000000017750000,0x0000000017850000)]
  0x0000000017250800 JavaThread "C1 CompilerThread2" daemon [_thread_blocked, id=7196, stack(0x0000000017650000,0x0000000017750000)]
  0x0000000015adc000 JavaThread "C2 CompilerThread1" daemon [_thread_in_native, id=5264, stack(0x0000000017150000,0x0000000017250000)]
=>0x0000000015ad8800 JavaThread "C2 CompilerThread0" daemon [_thread_in_native, id=7452, stack(0x0000000017050000,0x0000000017150000)]
  0x0000000015a8e000 JavaThread "Attach Listener" daemon [_thread_blocked, id=5600, stack(0x0000000016f50000,0x0000000017050000)]
  0x0000000015a8d000 JavaThread "Signal Dispatcher" daemon [_thread_blocked, id=3724, stack(0x0000000016e50000,0x0000000016f50000)]
  0x0000000015a68800 JavaThread "Finalizer" daemon [_thread_blocked, id=3024, stack(0x0000000016cd0000,0x0000000016dd0000)]
  0x00000000033a2800 JavaThread "Reference Handler" daemon [_thread_blocked, id=8952, stack(0x0000000016bd0000,0x0000000016cd0000)]
  0x00000000032b0800 JavaThread "main" [_thread_in_Java, id=7372, stack(0x00000000031b0000,0x00000000032b0000)]

Other Threads:
  0x0000000015a45000 VMThread [stack: 0x0000000016ad0000,0x0000000016bd0000] [id=4972]
  0x00000000172c8000 WatcherThread [stack: 0x0000000017850000,0x0000000017950000] [id=7812]

VM state:not at safepoint (normal execution)

VM Mutex/Monitor currently owned by a thread: None

Heap:
 PSYoungGen      total 206336K, used 45697K [0x00000000eab00000, 0x00000000fbb00000, 0x0000000100000000)
  eden space 167936K, 15% used [0x00000000eab00000,0x00000000ec536a10,0x00000000f4f00000)
  from space 38400K, 49% used [0x00000000f7f00000,0x00000000f9169ac8,0x00000000fa480000)
  to   space 49152K, 0% used [0x00000000f4f00000,0x00000000f4f00000,0x00000000f7f00000)
 ParOldGen       total 232448K, used 139479K [0x00000000c0000000, 0x00000000ce300000, 0x00000000eab00000)
  object space 232448K, 60% used [0x00000000c0000000,0x00000000c8835c70,0x00000000ce300000)
 Metaspace       used 6224K, capacity 7216K, committed 7296K, reserved 1056768K
  class space    used 574K, capacity 616K, committed 640K, reserved 1048576K

Card table byte_map: [0x0000000012770000,0x0000000012980000] byte_map_base: 0x0000000012170000

Marking Bits: (ParMarkBitMap*) 0x0000000065929d00
 Begin Bits: [0x0000000012ee0000, 0x0000000013ee0000)
 End Bits:   [0x0000000013ee0000, 0x0000000014ee0000)

Polling page: 0x00000000016a0000

CodeCache: size=245760Kb used=9856Kb max_used=10933Kb free=235903Kb
 bounds [0x00000000033b0000, 0x0000000003e90000, 0x00000000123b0000]
 total_blobs=2200 nmethods=1933 adapters=182
 compilation: enabled

Compilation events (10 events):
Event: 79.996 Thread 0x0000000017250800 2505       3       sun.reflect.generics.reflectiveObjects.ParameterizedTypeImpl::getActualTypeArguments (11 bytes)
Event: 79.997 Thread 0x0000000017250800 nmethod 2505 0x000000000369a790 code [0x000000000369a900, 0x000000000369ac28]
Event: 80.071 Thread 0x0000000015ad8800 2506   !   4       com.android.dx.cf.code.BytecodeArray::parseInstruction (2764 bytes)
Event: 80.086 Thread 0x0000000015adc000 2507       4       com.android.dx.ssa.InterferenceRegisterMapper::areAnyPinned (81 bytes)
Event: 80.108 Thread 0x0000000015adc000 nmethod 2507 0x0000000003793990 code [0x0000000003793b00, 0x0000000003793f18]
Event: 80.151 Thread 0x0000000017250800 2508       3       com.android.dx.cf.code.Ropper::getNormalRegCount (13 bytes)
Event: 80.152 Thread 0x0000000017250800 nmethod 2508 0x00000000039588d0 code [0x0000000003958a40, 0x0000000003958d10]
Event: 80.205 Thread 0x0000000015adc000 2509   !   4       com.android.dx.cf.code.Ropper::processBlock (1101 bytes)
Event: 80.278 Thread 0x0000000017250800 2510       3       com.android.dx.cf.code.Ropper::isSynchronized (21 bytes)
Event: 80.279 Thread 0x0000000017250800 nmethod 2510 0x00000000036bb4d0 code [0x00000000036bb640, 0x00000000036bb9a8]

GC Heap History (10 events):
Event: 54.570 GC heap before
{Heap before GC invocations=13 (full 2):
 PSYoungGen      total 173056K, used 19990K [0x00000000eab00000, 0x00000000f7a00000, 0x0000000100000000)
  eden space 152576K, 0% used [0x00000000eab00000,0x00000000eab00000,0x00000000f4000000)
  from space 20480K, 97% used [0x00000000f5100000,0x00000000f6485a70,0x00000000f6500000)
  to   space 21504K, 0% used [0x00000000f6500000,0x00000000f6500000,0x00000000f7a00000)
 ParOldGen       total 75776K, used 66987K [0x00000000c0000000, 0x00000000c4a00000, 0x00000000eab00000)
  object space 75776K, 88% used [0x00000000c0000000,0x00000000c416ad68,0x00000000c4a00000)
 Metaspace       used 6204K, capacity 7216K, committed 7296K, reserved 1056768K
  class space    used 574K, capacity 616K, committed 640K, reserved 1048576K
Event: 58.596 GC heap after
Heap after GC invocations=13 (full 2):
 PSYoungGen      total 173056K, used 9128K [0x00000000eab00000, 0x00000000f7a00000, 0x0000000100000000)
  eden space 152576K, 0% used [0x00000000eab00000,0x00000000eab00000,0x00000000f4000000)
  from space 20480K, 44% used [0x00000000f5100000,0x00000000f59ea388,0x00000000f6500000)
  to   space 21504K, 0% used [0x00000000f6500000,0x00000000f6500000,0x00000000f7a00000)
 ParOldGen       total 139776K, used 75685K [0x00000000c0000000, 0x00000000c8880000, 0x00000000eab00000)
  object space 139776K, 54% used [0x00000000c0000000,0x00000000c49e9600,0x00000000c8880000)
 Metaspace       used 6204K, capacity 7216K, committed 7296K, reserved 1056768K
  class space    used 574K, capacity 616K, committed 640K, reserved 1048576K
}
Event: 66.140 GC heap before
{Heap before GC invocations=14 (full 2):
 PSYoungGen      total 173056K, used 161704K [0x00000000eab00000, 0x00000000f7a00000, 0x0000000100000000)
  eden space 152576K, 100% used [0x00000000eab00000,0x00000000f4000000,0x00000000f4000000)
  from space 20480K, 44% used [0x00000000f5100000,0x00000000f59ea388,0x00000000f6500000)
  to   space 21504K, 0% used [0x00000000f6500000,0x00000000f6500000,0x00000000f7a00000)
 ParOldGen       total 139776K, used 75685K [0x00000000c0000000, 0x00000000c8880000, 0x00000000eab00000)
  object space 139776K, 54% used [0x00000000c0000000,0x00000000c49e9600,0x00000000c8880000)
 Metaspace       used 6214K, capacity 7216K, committed 7296K, reserved 1056768K
  class space    used 574K, capacity 616K, committed 640K, reserved 1048576K
Event: 66.479 GC heap after
Heap after GC invocations=14 (full 2):
 PSYoungGen      total 176128K, used 21489K [0x00000000eab00000, 0x00000000f9700000, 0x0000000100000000)
  eden space 154624K, 0% used [0x00000000eab00000,0x00000000eab00000,0x00000000f4200000)
  from space 21504K, 99% used [0x00000000f6500000,0x00000000f79fc670,0x00000000f7a00000)
  to   space 35840K, 0% used [0x00000000f4200000,0x00000000f4200000,0x00000000f6500000)
 ParOldGen       total 139776K, used 87917K [0x00000000c0000000, 0x00000000c8880000, 0x00000000eab00000)
  object space 139776K, 62% used [0x00000000c0000000,0x00000000c55db7a0,0x00000000c8880000)
 Metaspace       used 6214K, capacity 7216K, committed 7296K, reserved 1056768K
  class space    used 574K, capacity 616K, committed 640K, reserved 1048576K
}
Event: 69.502 GC heap before
{Heap before GC invocations=15 (full 2):
 PSYoungGen      total 176128K, used 176113K [0x00000000eab00000, 0x00000000f9700000, 0x0000000100000000)
  eden space 154624K, 100% used [0x00000000eab00000,0x00000000f4200000,0x00000000f4200000)
  from space 21504K, 99% used [0x00000000f6500000,0x00000000f79fc670,0x00000000f7a00000)
  to   space 35840K, 0% used [0x00000000f4200000,0x00000000f4200000,0x00000000f6500000)
 ParOldGen       total 139776K, used 87917K [0x00000000c0000000, 0x00000000c8880000, 0x00000000eab00000)
  object space 139776K, 62% used [0x00000000c0000000,0x00000000c55db7a0,0x00000000c8880000)
 Metaspace       used 6218K, capacity 7216K, committed 7296K, reserved 1056768K
  class space    used 574K, capacity 616K, committed 640K, reserved 1048576K
Event: 69.880 GC heap after
Heap after GC invocations=15 (full 2):
 PSYoungGen      total 190464K, used 27168K [0x00000000eab00000, 0x00000000fa480000, 0x0000000100000000)
  eden space 154624K, 0% used [0x00000000eab00000,0x00000000eab00000,0x00000000f4200000)
  from space 35840K, 75% used [0x00000000f4200000,0x00000000f5c88010,0x00000000f6500000)
  to   space 38400K, 0% used [0x00000000f7f00000,0x00000000f7f00000,0x00000000fa480000)
 ParOldGen       total 139776K, used 109526K [0x00000000c0000000, 0x00000000c8880000, 0x00000000eab00000)
  object space 139776K, 78% used [0x00000000c0000000,0x00000000c6af5930,0x00000000c8880000)
 Metaspace       used 6218K, capacity 7216K, committed 7296K, reserved 1056768K
  class space    used 574K, capacity 616K, committed 640K, reserved 1048576K
}
Event: 73.379 GC heap before
{Heap before GC invocations=16 (full 2):
 PSYoungGen      total 190464K, used 181792K [0x00000000eab00000, 0x00000000fa480000, 0x0000000100000000)
  eden space 154624K, 100% used [0x00000000eab00000,0x00000000f4200000,0x00000000f4200000)
  from space 35840K, 75% used [0x00000000f4200000,0x00000000f5c88010,0x00000000f6500000)
  to   space 38400K, 0% used [0x00000000f7f00000,0x00000000f7f00000,0x00000000fa480000)
 ParOldGen       total 139776K, used 109526K [0x00000000c0000000, 0x00000000c8880000, 0x00000000eab00000)
  object space 139776K, 78% used [0x00000000c0000000,0x00000000c6af5930,0x00000000c8880000)
 Metaspace       used 6222K, capacity 7216K, committed 7296K, reserved 1056768K
  class space    used 574K, capacity 616K, committed 640K, reserved 1048576K
Event: 73.675 GC heap after
Heap after GC invocations=16 (full 2):
 PSYoungGen      total 206336K, used 38393K [0x00000000eab00000, 0x00000000fbb00000, 0x0000000100000000)
  eden space 167936K, 0% used [0x00000000eab00000,0x00000000eab00000,0x00000000f4f00000)
  from space 38400K, 99% used [0x00000000f7f00000,0x00000000fa47e728,0x00000000fa480000)
  to   space 49152K, 0% used [0x00000000f4f00000,0x00000000f4f00000,0x00000000f7f00000)
 ParOldGen       total 139776K, used 122233K [0x00000000c0000000, 0x00000000c8880000, 0x00000000eab00000)
  object space 139776K, 87% used [0x00000000c0000000,0x00000000c775e5c8,0x00000000c8880000)
 Metaspace       used 6222K, capacity 7216K, committed 7296K, reserved 1056768K
  class space    used 574K, capacity 616K, committed 640K, reserved 1048576K
}
Event: 73.675 GC heap before
{Heap before GC invocations=17 (full 3):
 PSYoungGen      total 206336K, used 38393K [0x00000000eab00000, 0x00000000fbb00000, 0x0000000100000000)
  eden space 167936K, 0% used [0x00000000eab00000,0x00000000eab00000,0x00000000f4f00000)
  from space 38400K, 99% used [0x00000000f7f00000,0x00000000fa47e728,0x00000000fa480000)
  to   space 49152K, 0% used [0x00000000f4f00000,0x00000000f4f00000,0x00000000f7f00000)
 ParOldGen       total 139776K, used 122233K [0x00000000c0000000, 0x00000000c8880000, 0x00000000eab00000)
  object space 139776K, 87% used [0x00000000c0000000,0x00000000c775e5c8,0x00000000c8880000)
 Metaspace       used 6222K, capacity 7216K, committed 7296K, reserved 1056768K
  class space    used 574K, capacity 616K, committed 640K, reserved 1048576K
Event: 79.878 GC heap after
Heap after GC invocations=17 (full 3):
 PSYoungGen      total 206336K, used 18854K [0x00000000eab00000, 0x00000000fbb00000, 0x0000000100000000)
  eden space 167936K, 0% used [0x00000000eab00000,0x00000000eab00000,0x00000000f4f00000)
  from space 38400K, 49% used [0x00000000f7f00000,0x00000000f9169ac8,0x00000000fa480000)
  to   space 49152K, 0% used [0x00000000f4f00000,0x00000000f4f00000,0x00000000f7f00000)
 ParOldGen       total 232448K, used 139479K [0x00000000c0000000, 0x00000000ce300000, 0x00000000eab00000)
  object space 232448K, 60% used [0x00000000c0000000,0x00000000c8835c70,0x00000000ce300000)
 Metaspace       used 6222K, capacity 7216K, committed 7296K, reserved 1056768K
  class space    used 574K, capacity 616K, committed 640K, reserved 1048576K
}

Deoptimization events (10 events):
Event: 64.104 Thread 0x00000000032b0800 Uncommon trap: reason=class_check action=maybe_recompile pc=0x0000000003c88c80 method=com.android.dx.cf.code.Ropper.processBlock(Lcom/android/dx/cf/code/ByteBlock;Lcom/android/dx/cf/code/Frame;[I)V @ 711
Event: 64.548 Thread 0x00000000032b0800 Uncommon trap: reason=bimorphic action=maybe_recompile pc=0x0000000003e2a374 method=com.android.dx.cf.code.BytecodeArray.parseInstruction(ILcom/android/dx/cf/code/BytecodeArray$Visitor;)I @ 2135
Event: 64.549 Thread 0x00000000032b0800 Uncommon trap: reason=bimorphic action=maybe_recompile pc=0x0000000003e2a374 method=com.android.dx.cf.code.BytecodeArray.parseInstruction(ILcom/android/dx/cf/code/BytecodeArray$Visitor;)I @ 2135
Event: 64.631 Thread 0x00000000032b0800 Uncommon trap: reason=unstable_if action=reinterpret pc=0x0000000003de95c8 method=com.android.dx.cf.code.Simulator$SimVisitor.visitNoArgs(IIILcom/android/dx/rop/type/Type;)V @ 1277
Event: 66.897 Thread 0x00000000032b0800 Uncommon trap: reason=unstable_if action=reinterpret pc=0x00000000036c39fc method=com.android.dx.cf.code.BasicBlocker.visitNoArgs(IIILcom/android/dx/rop/type/Type;)V @ 277
Event: 80.055 Thread 0x00000000032b0800 Uncommon trap: reason=class_check action=maybe_recompile pc=0x0000000003a480e4 method=com.android.dx.cf.code.BytecodeArray.parseInstruction(ILcom/android/dx/cf/code/BytecodeArray$Visitor;)I @ 2017
Event: 80.058 Thread 0x00000000032b0800 Uncommon trap: reason=class_check action=maybe_recompile pc=0x0000000003a480e4 method=com.android.dx.cf.code.BytecodeArray.parseInstruction(ILcom/android/dx/cf/code/BytecodeArray$Visitor;)I @ 2017
Event: 80.058 Thread 0x00000000032b0800 Uncommon trap: reason=class_check action=maybe_recompile pc=0x0000000003a480e4 method=com.android.dx.cf.code.BytecodeArray.parseInstruction(ILcom/android/dx/cf/code/BytecodeArray$Visitor;)I @ 2017
Event: 80.067 Thread 0x00000000032b0800 Uncommon trap: reason=class_check action=maybe_recompile pc=0x0000000003a480e4 method=com.android.dx.cf.code.BytecodeArray.parseInstruction(ILcom/android/dx/cf/code/BytecodeArray$Visitor;)I @ 2017
Event: 80.154 Thread 0x00000000032b0800 Uncommon trap: reason=class_check action=maybe_recompile pc=0x0000000003c88c80 method=com.android.dx.cf.code.Ropper.processBlock(Lcom/android/dx/cf/code/ByteBlock;Lcom/android/dx/cf/code/Frame;[I)V @ 711

Internal exceptions (7 events):
Event: 0.132 Thread 0x00000000032b0800 Exception <a 'java/lang/NoSuchMethodError': Method sun.misc.Unsafe.defineClass(Ljava/lang/String;[BII)Ljava/lang/Class; name or signature does not match> (0x00000000eab07cc0) thrown at [C:\src\android\AOSP-openjdk\external\jetbrains\jdk\hotspot\src\share\v4&ññßˆ¿?
Event: 0.133 Thread 0x00000000032b0800 Exception <a 'java/lang/NoSuchMethodError': Method sun.misc.Unsafe.prefetchRead(Ljava/lang/Object;J)V name or signature does not match> (0x00000000eab07fa8) thrown at [C:\src\android\AOSP-openjdk\external\jetbrains\jdk\hotspot\src\share\vm\prims\jni.cpp, l«q— mò*@
Event: 13.298 Thread 0x00000000032b0800 Exception <a 'java/lang/ArrayIndexOutOfBoundsException': 18> (0x00000000eac23658) thrown at [C:\src\android\AOSP-openjdk\external\jetbrains\jdk\hotspot\src\share\vm\interpreter\interpreterRuntime.cpp, line 366]
Event: 13.300 Thread 0x00000000032b0800 Exception <a 'java/lang/ArrayIndexOutOfBoundsException'> (0x00000000eac251d8) thrown at [C:\src\android\AOSP-openjdk\external\jetbrains\jdk\hotspot\src\share\vm\runtime\sharedRuntime.cpp, line 605]
Event: 13.407 Thread 0x00000000032b0800 Exception <a 'java/lang/ArrayIndexOutOfBoundsException'> (0x00000000eac264c0) thrown at [C:\src\android\AOSP-openjdk\external\jetbrains\jdk\hotspot\src\share\vm\runtime\sharedRuntime.cpp, line 605]
Event: 21.573 Thread 0x00000000032b0800 Implicit null exception at 0x000000000396d266 to 0x000000000396fc41
Event: 33.724 Thread 0x00000000032b0800 Implicit null exception at 0x0000000003ca159a to 0x0000000003ca28fc

Events (10 events):
Event: 80.058 Thread 0x00000000032b0800 DEOPT PACKING pc=0x0000000003a480e4 sp=0x00000000032ae400
Event: 80.058 Thread 0x00000000032b0800 DEOPT UNPACKING pc=0x00000000033f556a sp=0x00000000032ae388 mode 2
Event: 80.067 Thread 0x00000000032b0800 Uncommon trap: trap_request=0xffffffde fr.pc=0x0000000003a480e4
Event: 80.067 Thread 0x00000000032b0800 DEOPT PACKING pc=0x0000000003a480e4 sp=0x00000000032ae400
Event: 80.067 Thread 0x00000000032b0800 DEOPT UNPACKING pc=0x00000000033f556a sp=0x00000000032ae388 mode 2
Event: 80.153 Thread 0x0000000017250800 flushing nmethod 0x000000000389f610
Event: 80.153 Thread 0x0000000017250800 flushing nmethod 0x00000000038a8f10
Event: 80.154 Thread 0x00000000032b0800 Uncommon trap: trap_request=0xffffffde fr.pc=0x0000000003c88c80
Event: 80.154 Thread 0x00000000032b0800 DEOPT PACKING pc=0x0000000003c88c80 sp=0x00000000032ae480
Event: 80.154 Thread 0x00000000032b0800 DEOPT UNPACKING pc=0x00000000033f556a sp=0x00000000032ae460 mode 2


Dynamic libraries:
0x00007ff65b4f0000 - 0x00007ff65b521000 	C:\Program Files\Android\Android Studio\jre\bin\java.exe
0x00007ff9a3cf0000 - 0x00007ff9a3ec1000 	C:\WINDOWS\SYSTEM32\ntdll.dll
0x00007ff9a14f0000 - 0x00007ff9a159b000 	C:\WINDOWS\System32\KERNEL32.DLL
0x00007ff9a0d40000 - 0x00007ff9a0f5d000 	C:\WINDOWS\System32\KERNELBASE.dll
0x00007ff9a1b40000 - 0x00007ff9a1be2000 	C:\WINDOWS\System32\ADVAPI32.dll
0x00007ff9a3c30000 - 0x00007ff9a3cce000 	C:\WINDOWS\System32\msvcrt.dll
0x00007ff9a3a30000 - 0x00007ff9a3a89000 	C:\WINDOWS\System32\sechost.dll
0x00007ff9a3900000 - 0x00007ff9a3a21000 	C:\WINDOWS\System32\RPCRT4.dll
0x00007ff9a1380000 - 0x00007ff9a14e5000 	C:\WINDOWS\System32\USER32.dll
0x00007ff9a0b30000 - 0x00007ff9a0b4e000 	C:\WINDOWS\System32\win32u.dll
0x00007ff9a15c0000 - 0x00007ff9a15f4000 	C:\WINDOWS\System32\GDI32.dll
0x00007ff9a0b50000 - 0x00007ff9a0cd2000 	C:\WINDOWS\System32\gdi32full.dll
0x00007ff994f00000 - 0x00007ff995179000 	C:\WINDOWS\WinSxS\amd64_microsoft.windows.common-controls_6595b64144ccf1df_6.0.14393.447_none_42191651c6827bb3\COMCTL32.dll
0x00007ff9a1700000 - 0x00007ff9a19c8000 	C:\WINDOWS\System32\combase.dll
0x00007ff9a0350000 - 0x00007ff9a0445000 	C:\WINDOWS\System32\ucrtbase.dll
0x00007ff9a0290000 - 0x00007ff9a02fa000 	C:\WINDOWS\System32\bcryptPrimitives.dll
0x00007ff9a1b10000 - 0x00007ff9a1b3e000 	C:\WINDOWS\System32\IMM32.DLL
0x0000000064e30000 - 0x0000000064f02000 	C:\Program Files\Android\Android Studio\jre\jre\bin\msvcr100.dll
0x0000000065170000 - 0x00000000659a4000 	C:\Program Files\Android\Android Studio\jre\jre\bin\server\jvm.dll
0x00007ff9a3ce0000 - 0x00007ff9a3ce8000 	C:\WINDOWS\System32\PSAPI.DLL
0x00007ff99e4d0000 - 0x00007ff99e4f3000 	C:\WINDOWS\SYSTEM32\WINMM.dll
0x00007ff99ae70000 - 0x00007ff99ae79000 	C:\WINDOWS\SYSTEM32\WSOCK32.dll
0x00007ff9a3820000 - 0x00007ff9a388a000 	C:\WINDOWS\System32\WS2_32.dll
0x00007ff99e0d0000 - 0x00007ff99e0fb000 	C:\WINDOWS\SYSTEM32\WINMMBASE.dll
0x00007ff99c8d0000 - 0x00007ff99c8da000 	C:\WINDOWS\SYSTEM32\VERSION.dll
0x00007ff9a0300000 - 0x00007ff9a0342000 	C:\WINDOWS\System32\cfgmgr32.dll
0x00007ff9960a0000 - 0x00007ff9960af000 	C:\Program Files\Android\Android Studio\jre\jre\bin\verify.dll
0x00007ff992b30000 - 0x00007ff992b59000 	C:\Program Files\Android\Android Studio\jre\jre\bin\java.dll
0x00007ff98bce0000 - 0x00007ff98bcf6000 	C:\Program Files\Android\Android Studio\jre\jre\bin\zip.dll
0x00007ff9a1e10000 - 0x00007ff9a3319000 	C:\WINDOWS\System32\SHELL32.dll
0x00007ff9a0450000 - 0x00007ff9a0b2a000 	C:\WINDOWS\System32\windows.storage.dll
0x00007ff9a0190000 - 0x00007ff9a01dc000 	C:\WINDOWS\System32\powrprof.dll
0x00007ff9a3320000 - 0x00007ff9a3372000 	C:\WINDOWS\System32\shlwapi.dll
0x00007ff9a0180000 - 0x00007ff9a018f000 	C:\WINDOWS\System32\kernel.appcore.dll
0x00007ff9a01e0000 - 0x00007ff9a0289000 	C:\WINDOWS\System32\shcore.dll
0x00007ff9a0150000 - 0x00007ff9a0164000 	C:\WINDOWS\System32\profapi.dll

VM Arguments:
jvm_args: -Djava.awt.headless=true -Xmx1024M -Dfile.encoding=x-windows-949 -Duser.country=KR -Duser.language=ko -Duser.variant 
java_command: com.android.dx.command.Main --dex --multi-dex --main-dex-list C:\GitHub\project\TravelPlanner\app\build\intermediates\multi-dex\debug\maindexlist.txt --output C:\GitHub\project\TravelPlanner\app\build\intermediates\transforms\dex\debug\folders\1000\1f\main C:\GitHub\project\TravelPlanner\app\build\intermediates\transforms\jarMerging\debug\jars\1\1f\combined.jar
java_class_path (initial): C:\Users\a0104\AppData\Local\Android\sdk\build-tools\21.1.2\lib\dx.jar
Launcher Type: SUN_STANDARD

Environment Variables:
JAVA_HOME=C:\Program Files\Java\jdk1.8.0_73
PATH=C:\ProgramData\Oracle\Java\javapath;C:\WINDOWS\system32;C:\WINDOWS;C:\WINDOWS\System32\Wbem;C:\WINDOWS\System32\WindowsPowerShell\v1.0\;C:\Program Files\Java\jdk1.8.0_73\bin;C:\Program Files\Bandizip\7z;C:\Users\a0104\AppData\Local\Microsoft\WindowsApps;
USERNAME=a0104
OS=Windows_NT
PROCESSOR_IDENTIFIER=AMD64 Family 22 Model 0 Stepping 1, AuthenticAMD



---------------  S Y S T E M  ---------------

OS: Windows 10.0 , 64 bit Build 14393 (10.0.14393.0)

CPU:total 4 (4 cores per cpu, 1 threads per core) family 22 model 0 stepping 1, cmov, cx8, fxsr, mmx, sse, sse2, sse3, ssse3, sse4.1, sse4.2, popcnt, avx, aes, clmul, mmxext, 3dnowpref, lzcnt, sse4a, tsc, tscinvbit, tscinv, bmi1

Memory: 4k page, physical 3611584k(109400k free), swap 5708736k(5564k free)

vm_info: OpenJDK 64-Bit Server VM (25.76-b03) for windows-amd64 JRE (1.8.0_76-release-b03), built on Jun 29 2016 19:09:20 by "ralucas" with MS VC++ 10.0 (VS2010)

time: Mon Feb 13 02:32:10 2017
elapsed time: 80 seconds (0d 0h 1m 20s)

