#
# There is insufficient memory for the Java Runtime Environment to continue.
# Native memory allocation (malloc) failed to allocate 524304 bytes for Chunk::new
# Possible reasons:
#   The system is out of physical RAM or swap space
#   In 32 bit mode, the process size limit was hit
# Possible solutions:
#   Reduce memory load on the system
#   Increase physical memory or swap space
#   Check if swap backing store is full
#   Use 64 bit Java on a 64 bit OS
#   Decrease Java heap size (-Xmx/-Xms)
#   Decrease number of Java threads
#   Decrease Java thread stack sizes (-Xss)
#   Set larger code cache with -XX:ReservedCodeCacheSize=
# This output file may be truncated or incomplete.
#
#  Out of Memory Error (allocation.cpp:390), pid=964, tid=0x0000000000001568
#
# JRE version: OpenJDK Runtime Environment (8.0_76-b03) (build 1.8.0_76-release-b03)
# Java VM: OpenJDK 64-Bit Server VM (25.76-b03 mixed mode windows-amd64 compressed oops)
# Failed to write core dump. Minidumps are not enabled by default on client versions of Windows
#

---------------  T H R E A D  ---------------

Current thread (0x000000001500b800):  JavaThread "C2 CompilerThread1" daemon [_thread_in_native, id=5480, stack(0x0000000016680000,0x0000000016780000)]

Stack: [0x0000000016680000,0x0000000016780000]
[error occurred during error reporting (printing stack bounds), id 0xc0000005]

Native frames: (J=compiled Java code, j=interpreted, Vv=VM code, C=native code)


Current CompileTask:
C2:  60936 2362   !   4       com.android.dx.cf.code.Ropper::processBlock (1101 bytes)


---------------  P R O C E S S  ---------------

Java Threads: ( => current thread )
  0x0000000016801000 JavaThread "Service Thread" daemon [_thread_blocked, id=2056, stack(0x0000000016c80000,0x0000000016d80000)]
  0x00000000167a6000 JavaThread "C1 CompilerThread2" daemon [_thread_blocked, id=6012, stack(0x0000000016b80000,0x0000000016c80000)]
=>0x000000001500b800 JavaThread "C2 CompilerThread1" daemon [_thread_in_native, id=5480, stack(0x0000000016680000,0x0000000016780000)]
  0x0000000015008800 JavaThread "C2 CompilerThread0" daemon [_thread_in_native, id=8520, stack(0x0000000016580000,0x0000000016680000)]
  0x0000000014fbd000 JavaThread "Attach Listener" daemon [_thread_blocked, id=5228, stack(0x0000000016480000,0x0000000016580000)]
  0x0000000014fbc000 JavaThread "Signal Dispatcher" daemon [_thread_blocked, id=1232, stack(0x0000000016380000,0x0000000016480000)]
  0x0000000014f98800 JavaThread "Finalizer" daemon [_thread_blocked, id=3012, stack(0x0000000016200000,0x0000000016300000)]
  0x00000000028d2000 JavaThread "Reference Handler" daemon [_thread_blocked, id=8024, stack(0x0000000016100000,0x0000000016200000)]
  0x00000000027e0800 JavaThread "main" [_thread_in_Java, id=312, stack(0x0000000002660000,0x0000000002760000)]

Other Threads:
  0x0000000014f75000 VMThread [stack: 0x0000000016000000,0x0000000016100000] [id=2812]
  0x0000000016813000 WatcherThread [stack: 0x0000000016d80000,0x0000000016e80000] [id=4708]

VM state:not at safepoint (normal execution)

VM Mutex/Monitor currently owned by a thread: None

Heap:
 PSYoungGen      total 199168K, used 26772K [0x00000000eab00000, 0x00000000f9200000, 0x0000000100000000)
  eden space 171520K, 7% used [0x00000000eab00000,0x00000000eb865138,0x00000000f5280000)
  from space 27648K, 47% used [0x00000000f5280000,0x00000000f5f3ff10,0x00000000f6d80000)
  to   space 29696K, 0% used [0x00000000f7500000,0x00000000f7500000,0x00000000f9200000)
 ParOldGen       total 130560K, used 72408K [0x00000000c0000000, 0x00000000c7f80000, 0x00000000eab00000)
  object space 130560K, 55% used [0x00000000c0000000,0x00000000c46b6020,0x00000000c7f80000)
 Metaspace       used 6192K, capacity 7216K, committed 7296K, reserved 1056768K
  class space    used 572K, capacity 616K, committed 640K, reserved 1048576K

Card table byte_map: [0x0000000011ca0000,0x0000000011eb0000] byte_map_base: 0x00000000116a0000

Marking Bits: (ParMarkBitMap*) 0x0000000065929d00
 Begin Bits: [0x0000000012410000, 0x0000000013410000)
 End Bits:   [0x0000000013410000, 0x0000000014410000)

Polling page: 0x00000000022d0000

CodeCache: size=245760Kb used=9365Kb max_used=10311Kb free=236394Kb
 bounds [0x00000000028e0000, 0x0000000003320000, 0x00000000118e0000]
 total_blobs=2122 nmethods=1855 adapters=182
 compilation: enabled

Compilation events (10 events):
Event: 60.128 Thread 0x0000000015008800 nmethod 2397 0x0000000002aff6d0 code [0x0000000002aff800, 0x0000000002aff898]
Event: 60.129 Thread 0x0000000015008800 2398       4       com.android.dx.cf.direct.AttributeListParser::<init> (83 bytes)
Event: 60.147 Thread 0x0000000015008800 nmethod 2398 0x0000000002c53ad0 code [0x0000000002c53c40, 0x0000000002c53fd8]
Event: 60.148 Thread 0x0000000015008800 2383       4       java.util.RegularEnumSet::remove (74 bytes)
Event: 60.154 Thread 0x0000000015008800 nmethod 2383 0x0000000002db7f90 code [0x0000000002db80e0, 0x0000000002db81d8]
Event: 60.155 Thread 0x0000000015008800 2389       4       java.util.ArrayList::add (54 bytes)
Event: 60.177 Thread 0x0000000015008800 nmethod 2389 0x0000000002dba390 code [0x0000000002dba4e0, 0x0000000002dba8f8]
Event: 60.178 Thread 0x0000000015008800 2395       4       com.android.dx.cf.code.Simulator$SimVisitor::visitNoArgs (2108 bytes)
Event: 60.587 Thread 0x00000000167a6000 2400       3       com.android.dx.dex.file.ValueEncoder::addContents (75 bytes)
Event: 60.594 Thread 0x00000000167a6000 nmethod 2400 0x0000000002eba8d0 code [0x0000000002ebab80, 0x0000000002ebc1d8]

GC Heap History (10 events):
Event: 37.062 GC heap before
{Heap before GC invocations=9 (full 0):
 PSYoungGen      total 125952K, used 125930K [0x00000000eab00000, 0x00000000f3c00000, 0x0000000100000000)
  eden space 114176K, 100% used [0x00000000eab00000,0x00000000f1a80000,0x00000000f1a80000)
  from space 11776K, 99% used [0x00000000f2980000,0x00000000f34fa868,0x00000000f3500000)
  to   space 15360K, 0% used [0x00000000f1a80000,0x00000000f1a80000,0x00000000f2980000)
 ParOldGen       total 38400K, used 28316K [0x00000000c0000000, 0x00000000c2580000, 0x00000000eab00000)
  object space 38400K, 73% used [0x00000000c0000000,0x00000000c1ba7370,0x00000000c2580000)
 Metaspace       used 6143K, capacity 7152K, committed 7296K, reserved 1056768K
  class space    used 572K, capacity 616K, committed 640K, reserved 1048576K
Event: 37.431 GC heap after
Heap after GC invocations=9 (full 0):
 PSYoungGen      total 129536K, used 15351K [0x00000000eab00000, 0x00000000f8880000, 0x0000000100000000)
  eden space 114176K, 0% used [0x00000000eab00000,0x00000000eab00000,0x00000000f1a80000)
  from space 15360K, 99% used [0x00000000f1a80000,0x00000000f297dd88,0x00000000f2980000)
  to   space 22016K, 0% used [0x00000000f7300000,0x00000000f7300000,0x00000000f8880000)
 ParOldGen       total 39424K, used 39288K [0x00000000c0000000, 0x00000000c2680000, 0x00000000eab00000)
  object space 39424K, 99% used [0x00000000c0000000,0x00000000c265e080,0x00000000c2680000)
 Metaspace       used 6143K, capacity 7152K, committed 7296K, reserved 1056768K
  class space    used 572K, capacity 616K, committed 640K, reserved 1048576K
}
Event: 37.431 GC heap before
{Heap before GC invocations=10 (full 1):
 PSYoungGen      total 129536K, used 15351K [0x00000000eab00000, 0x00000000f8880000, 0x0000000100000000)
  eden space 114176K, 0% used [0x00000000eab00000,0x00000000eab00000,0x00000000f1a80000)
  from space 15360K, 99% used [0x00000000f1a80000,0x00000000f297dd88,0x00000000f2980000)
  to   space 22016K, 0% used [0x00000000f7300000,0x00000000f7300000,0x00000000f8880000)
 ParOldGen       total 39424K, used 39288K [0x00000000c0000000, 0x00000000c2680000, 0x00000000eab00000)
  object space 39424K, 99% used [0x00000000c0000000,0x00000000c265e080,0x00000000c2680000)
 Metaspace       used 6143K, capacity 7152K, committed 7296K, reserved 1056768K
  class space    used 572K, capacity 616K, committed 640K, reserved 1048576K
Event: 39.515 GC heap after
Heap after GC invocations=10 (full 1):
 PSYoungGen      total 129536K, used 9158K [0x00000000eab00000, 0x00000000f8880000, 0x0000000100000000)
  eden space 114176K, 0% used [0x00000000eab00000,0x00000000eab00000,0x00000000f1a80000)
  from space 15360K, 59% used [0x00000000f1a80000,0x00000000f2371840,0x00000000f2980000)
  to   space 22016K, 0% used [0x00000000f7300000,0x00000000f7300000,0x00000000f8880000)
 ParOldGen       total 72704K, used 39047K [0x00000000c0000000, 0x00000000c4700000, 0x00000000eab00000)
  object space 72704K, 53% used [0x00000000c0000000,0x00000000c2621d30,0x00000000c4700000)
 Metaspace       used 6143K, capacity 7152K, committed 7296K, reserved 1056768K
  class space    used 572K, capacity 616K, committed 640K, reserved 1048576K
}
Event: 47.416 GC heap before
{Heap before GC invocations=11 (full 1):
 PSYoungGen      total 129536K, used 123334K [0x00000000eab00000, 0x00000000f8880000, 0x0000000100000000)
  eden space 114176K, 100% used [0x00000000eab00000,0x00000000f1a80000,0x00000000f1a80000)
  from space 15360K, 59% used [0x00000000f1a80000,0x00000000f2371840,0x00000000f2980000)
  to   space 22016K, 0% used [0x00000000f7300000,0x00000000f7300000,0x00000000f8880000)
 ParOldGen       total 72704K, used 39047K [0x00000000c0000000, 0x00000000c4700000, 0x00000000eab00000)
  object space 72704K, 53% used [0x00000000c0000000,0x00000000c2621d30,0x00000000c4700000)
 Metaspace       used 6184K, capacity 7152K, committed 7296K, reserved 1056768K
  class space    used 572K, capacity 616K, committed 640K, reserved 1048576K
Event: 47.704 GC heap after
Heap after GC invocations=11 (full 1):
 PSYoungGen      total 162816K, used 22009K [0x00000000eab00000, 0x00000000f8880000, 0x0000000100000000)
  eden space 140800K, 0% used [0x00000000eab00000,0x00000000eab00000,0x00000000f3480000)
  from space 22016K, 99% used [0x00000000f7300000,0x00000000f887e798,0x00000000f8880000)
  to   space 27648K, 0% used [0x00000000f5280000,0x00000000f5280000,0x00000000f6d80000)
 ParOldGen       total 72704K, used 44641K [0x00000000c0000000, 0x00000000c4700000, 0x00000000eab00000)
  object space 72704K, 61% used [0x00000000c0000000,0x00000000c2b98420,0x00000000c4700000)
 Metaspace       used 6184K, capacity 7152K, committed 7296K, reserved 1056768K
  class space    used 572K, capacity 616K, committed 640K, reserved 1048576K
}
Event: 55.829 GC heap before
{Heap before GC invocations=12 (full 1):
 PSYoungGen      total 162816K, used 162809K [0x00000000eab00000, 0x00000000f8880000, 0x0000000100000000)
  eden space 140800K, 100% used [0x00000000eab00000,0x00000000f3480000,0x00000000f3480000)
  from space 22016K, 99% used [0x00000000f7300000,0x00000000f887e798,0x00000000f8880000)
  to   space 27648K, 0% used [0x00000000f5280000,0x00000000f5280000,0x00000000f6d80000)
 ParOldGen       total 72704K, used 44641K [0x00000000c0000000, 0x00000000c4700000, 0x00000000eab00000)
  object space 72704K, 61% used [0x00000000c0000000,0x00000000c2b98420,0x00000000c4700000)
 Metaspace       used 6192K, capacity 7216K, committed 7296K, reserved 1056768K
  class space    used 572K, capacity 616K, committed 640K, reserved 1048576K
Event: 56.309 GC heap after
Heap after GC invocations=12 (full 1):
 PSYoungGen      total 199168K, used 21406K [0x00000000eab00000, 0x00000000f9200000, 0x0000000100000000)
  eden space 171520K, 0% used [0x00000000eab00000,0x00000000eab00000,0x00000000f5280000)
  from space 27648K, 77% used [0x00000000f5280000,0x00000000f6767a60,0x00000000f6d80000)
  to   space 29696K, 0% used [0x00000000f7500000,0x00000000f7500000,0x00000000f9200000)
 ParOldGen       total 72704K, used 66755K [0x00000000c0000000, 0x00000000c4700000, 0x00000000eab00000)
  object space 72704K, 91% used [0x00000000c0000000,0x00000000c4130ce8,0x00000000c4700000)
 Metaspace       used 6192K, capacity 7216K, committed 7296K, reserved 1056768K
  class space    used 572K, capacity 616K, committed 640K, reserved 1048576K
}
Event: 56.309 GC heap before
{Heap before GC invocations=13 (full 2):
 PSYoungGen      total 199168K, used 21406K [0x00000000eab00000, 0x00000000f9200000, 0x0000000100000000)
  eden space 171520K, 0% used [0x00000000eab00000,0x00000000eab00000,0x00000000f5280000)
  from space 27648K, 77% used [0x00000000f5280000,0x00000000f6767a60,0x00000000f6d80000)
  to   space 29696K, 0% used [0x00000000f7500000,0x00000000f7500000,0x00000000f9200000)
 ParOldGen       total 72704K, used 66755K [0x00000000c0000000, 0x00000000c4700000, 0x00000000eab00000)
  object space 72704K, 91% used [0x00000000c0000000,0x00000000c4130ce8,0x00000000c4700000)
 Metaspace       used 6192K, capacity 7216K, committed 7296K, reserved 1056768K
  class space    used 572K, capacity 616K, committed 640K, reserved 1048576K
Event: 59.956 GC heap after
Heap after GC invocations=13 (full 2):
 PSYoungGen      total 199168K, used 13055K [0x00000000eab00000, 0x00000000f9200000, 0x0000000100000000)
  eden space 171520K, 0% used [0x00000000eab00000,0x00000000eab00000,0x00000000f5280000)
  from space 27648K, 47% used [0x00000000f5280000,0x00000000f5f3ff10,0x00000000f6d80000)
  to   space 29696K, 0% used [0x00000000f7500000,0x00000000f7500000,0x00000000f9200000)
 ParOldGen       total 130560K, used 72408K [0x00000000c0000000, 0x00000000c7f80000, 0x00000000eab00000)
  object space 130560K, 55% used [0x00000000c0000000,0x00000000c46b6020,0x00000000c7f80000)
 Metaspace       used 6192K, capacity 7216K, committed 7296K, reserved 1056768K
  class space    used 572K, capacity 616K, committed 640K, reserved 1048576K
}

Deoptimization events (10 events):
Event: 45.126 Thread 0x00000000027e0800 Uncommon trap: reason=class_check action=maybe_recompile pc=0x000000000309f128 method=com.android.dx.ssa.SCCP.simulateBranch(Lcom/android/dx/ssa/SsaInsn;)V @ 145
Event: 45.127 Thread 0x00000000027e0800 Uncommon trap: reason=unstable_if action=reinterpret pc=0x0000000003231f48 method=com.android.dx.ssa.SCCP.replaceBranches()V @ 14
Event: 45.643 Thread 0x00000000027e0800 Uncommon trap: reason=class_check action=maybe_recompile pc=0x000000000320f400 method=com.android.dx.cf.code.Ropper.processBlock(Lcom/android/dx/cf/code/ByteBlock;Lcom/android/dx/cf/code/Frame;[I)V @ 777
Event: 45.647 Thread 0x00000000027e0800 Uncommon trap: reason=class_check action=maybe_recompile pc=0x000000000320f400 method=com.android.dx.cf.code.Ropper.processBlock(Lcom/android/dx/cf/code/ByteBlock;Lcom/android/dx/cf/code/Frame;[I)V @ 777
Event: 45.814 Thread 0x00000000027e0800 Uncommon trap: reason=class_check action=maybe_recompile pc=0x000000000320f400 method=com.android.dx.cf.code.Ropper.processBlock(Lcom/android/dx/cf/code/ByteBlock;Lcom/android/dx/cf/code/Frame;[I)V @ 777
Event: 53.992 Thread 0x00000000027e0800 Uncommon trap: reason=unstable_if action=reinterpret pc=0x0000000003250b2c method=com.android.dx.cf.code.Ropper.isSynchronized()Z @ 12
Event: 54.034 Thread 0x00000000027e0800 Uncommon trap: reason=unstable_if action=reinterpret pc=0x000000000328bbf8 method=com.android.dx.cf.code.Ropper.isSynchronized()Z @ 12
Event: 54.035 Thread 0x00000000027e0800 Uncommon trap: reason=unstable_if action=reinterpret pc=0x0000000002eb88cc method=com.android.dx.ssa.MoveParamCombiner$1.visitNonMoveInsn(Lcom/android/dx/ssa/NormalSsaInsn;)V @ 27
Event: 54.093 Thread 0x00000000027e0800 Uncommon trap: reason=bimorphic action=maybe_recompile pc=0x0000000002eaa0cc method=com.android.dx.ssa.LiteralOpUpgrader.tryReplacingWithConstant(Lcom/android/dx/ssa/NormalSsaInsn;)Z @ 62
Event: 54.093 Thread 0x00000000027e0800 Uncommon trap: reason=unstable_if action=reinterpret pc=0x0000000002bb78d0 method=com.android.dx.ssa.LiteralOpUpgrader$1.visitNonMoveInsn(Lcom/android/dx/ssa/NormalSsaInsn;)V @ 24

Internal exceptions (6 events):
Event: 0.159 Thread 0x00000000027e0800 Exception <a 'java/lang/NoSuchMethodError': Method sun.misc.Unsafe.defineClass(Ljava/lang/String;[BII)Ljava/lang/Class; name or signature does not match> (0x00000000eab07cc0) thrown at [C:\src\android\AOSP-openjdk\external\jetbrains\jdk\hotspot\src\share\vC¢ iÄ?
Event: 0.159 Thread 0x00000000027e0800 Exception <a 'java/lang/NoSuchMethodError': Method sun.misc.Unsafe.prefetchRead(Ljava/lang/Object;J)V name or signature does not match> (0x00000000eab07fa8) thrown at [C:\src\android\AOSP-openjdk\external\jetbrains\jdk\hotspot\src\share\vm\prims\jni.cpp, l«†¶Zã@
Event: 4.472 Thread 0x00000000027e0800 Implicit null exception at 0x0000000002d228e2 to 0x0000000002d229d2
Event: 13.586 Thread 0x00000000027e0800 Exception <a 'java/lang/ArrayIndexOutOfBoundsException': 18> (0x00000000eac5a680) thrown at [C:\src\android\AOSP-openjdk\external\jetbrains\jdk\hotspot\src\share\vm\interpreter\interpreterRuntime.cpp, line 366]
Event: 13.593 Thread 0x00000000027e0800 Exception <a 'java/lang/ArrayIndexOutOfBoundsException'> (0x00000000eac5c200) thrown at [C:\src\android\AOSP-openjdk\external\jetbrains\jdk\hotspot\src\share\vm\runtime\sharedRuntime.cpp, line 605]
Event: 13.755 Thread 0x00000000027e0800 Exception <a 'java/lang/ArrayIndexOutOfBoundsException'> (0x00000000eac5d4e8) thrown at [C:\src\android\AOSP-openjdk\external\jetbrains\jdk\hotspot\src\share\vm\runtime\sharedRuntime.cpp, line 605]

Events (10 events):
Event: 54.854 Thread 0x0000000015008800 flushing nmethod 0x00000000030e3f90
Event: 54.854 Thread 0x0000000015008800 flushing nmethod 0x00000000030e6510
Event: 54.854 Thread 0x0000000015008800 flushing nmethod 0x000000000315d450
Event: 55.829 Executing VM operation: ParallelGCFailedAllocation
Event: 59.957 Executing VM operation: ParallelGCFailedAllocation done
Event: 59.985 Thread 0x00000000167a6000 flushing nmethod 0x0000000002ba3350
Event: 60.125 Thread 0x0000000015008800 flushing nmethod 0x0000000002c40210
Event: 60.126 Thread 0x0000000015008800 flushing nmethod 0x0000000002c538d0
Event: 60.154 Thread 0x0000000015008800 flushing nmethod 0x0000000002dba150
Event: 60.594 Thread 0x00000000167a6000 flushing nmethod 0x0000000002f81e90


Dynamic libraries:
0x00007ff65b4f0000 - 0x00007ff65b521000 	C:\Program Files\Android\Android Studio\jre\bin\java.exe
0x00007ff9a3cf0000 - 0x00007ff9a3ec1000 	C:\WINDOWS\SYSTEM32\ntdll.dll
0x00007ff9a14f0000 - 0x00007ff9a159b000 	C:\WINDOWS\System32\KERNEL32.DLL
0x00007ff9a0d40000 - 0x00007ff9a0f5d000 	C:\WINDOWS\System32\KERNELBASE.dll
0x00007ff9a1b40000 - 0x00007ff9a1be2000 	C:\WINDOWS\System32\ADVAPI32.dll
0x00007ff9a3c30000 - 0x00007ff9a3cce000 	C:\WINDOWS\System32\msvcrt.dll
0x00007ff9a3a30000 - 0x00007ff9a3a89000 	C:\WINDOWS\System32\sechost.dll
0x00007ff9a3900000 - 0x00007ff9a3a21000 	C:\WINDOWS\System32\RPCRT4.dll
0x00007ff9a1380000 - 0x00007ff9a14e5000 	C:\WINDOWS\System32\USER32.dll
0x00007ff9a0b30000 - 0x00007ff9a0b4e000 	C:\WINDOWS\System32\win32u.dll
0x00007ff9a15c0000 - 0x00007ff9a15f4000 	C:\WINDOWS\System32\GDI32.dll
0x00007ff9a0b50000 - 0x00007ff9a0cd2000 	C:\WINDOWS\System32\gdi32full.dll
0x00007ff994f00000 - 0x00007ff995179000 	C:\WINDOWS\WinSxS\amd64_microsoft.windows.common-controls_6595b64144ccf1df_6.0.14393.447_none_42191651c6827bb3\COMCTL32.dll
0x00007ff9a1700000 - 0x00007ff9a19c8000 	C:\WINDOWS\System32\combase.dll
0x00007ff9a0350000 - 0x00007ff9a0445000 	C:\WINDOWS\System32\ucrtbase.dll
0x00007ff9a0290000 - 0x00007ff9a02fa000 	C:\WINDOWS\System32\bcryptPrimitives.dll
0x00007ff9a1b10000 - 0x00007ff9a1b3e000 	C:\WINDOWS\System32\IMM32.DLL
0x0000000064e30000 - 0x0000000064f02000 	C:\Program Files\Android\Android Studio\jre\jre\bin\msvcr100.dll
0x0000000065170000 - 0x00000000659a4000 	C:\Program Files\Android\Android Studio\jre\jre\bin\server\jvm.dll
0x00007ff9a3ce0000 - 0x00007ff9a3ce8000 	C:\WINDOWS\System32\PSAPI.DLL
0x00007ff99e4d0000 - 0x00007ff99e4f3000 	C:\WINDOWS\SYSTEM32\WINMM.dll
0x00007ff99c8d0000 - 0x00007ff99c8da000 	C:\WINDOWS\SYSTEM32\VERSION.dll
0x00007ff99e0d0000 - 0x00007ff99e0fb000 	C:\WINDOWS\SYSTEM32\WINMMBASE.dll
0x00007ff9a0300000 - 0x00007ff9a0342000 	C:\WINDOWS\System32\cfgmgr32.dll
0x00007ff99ae70000 - 0x00007ff99ae79000 	C:\WINDOWS\SYSTEM32\WSOCK32.dll
0x00007ff9a3820000 - 0x00007ff9a388a000 	C:\WINDOWS\System32\WS2_32.dll
0x00007ff9960a0000 - 0x00007ff9960af000 	C:\Program Files\Android\Android Studio\jre\jre\bin\verify.dll
0x00007ff992b30000 - 0x00007ff992b59000 	C:\Program Files\Android\Android Studio\jre\jre\bin\java.dll
0x00007ff98bce0000 - 0x00007ff98bcf6000 	C:\Program Files\Android\Android Studio\jre\jre\bin\zip.dll
0x00007ff9a1e10000 - 0x00007ff9a3319000 	C:\WINDOWS\System32\SHELL32.dll
0x00007ff9a0450000 - 0x00007ff9a0b2a000 	C:\WINDOWS\System32\windows.storage.dll
0x00007ff9a0190000 - 0x00007ff9a01dc000 	C:\WINDOWS\System32\powrprof.dll
0x00007ff9a3320000 - 0x00007ff9a3372000 	C:\WINDOWS\System32\shlwapi.dll
0x00007ff9a0180000 - 0x00007ff9a018f000 	C:\WINDOWS\System32\kernel.appcore.dll
0x00007ff9a01e0000 - 0x00007ff9a0289000 	C:\WINDOWS\System32\shcore.dll
0x00007ff9a0150000 - 0x00007ff9a0164000 	C:\WINDOWS\System32\profapi.dll

VM Arguments:
jvm_args: -Djava.awt.headless=true -Xmx1024M -Dfile.encoding=x-windows-949 -Duser.country=KR -Duser.language=ko -Duser.variant 
java_command: com.android.dx.command.Main --dex --multi-dex --main-dex-list C:\GitHub\project\TravelPlanner\app\build\intermediates\multi-dex\debug\maindexlist.txt --output C:\GitHub\project\TravelPlanner\app\build\intermediates\transforms\dex\debug\folders\1000\1f\main C:\GitHub\project\TravelPlanner\app\build\intermediates\transforms\jarMerging\debug\jars\1\1f\combined.jar
java_class_path (initial): C:\Users\a0104\AppData\Local\Android\sdk\build-tools\21.1.2\lib\dx.jar
Launcher Type: SUN_STANDARD

Environment Variables:
JAVA_HOME=C:\Program Files\Java\jdk1.8.0_73
PATH=C:\ProgramData\Oracle\Java\javapath;C:\WINDOWS\system32;C:\WINDOWS;C:\WINDOWS\System32\Wbem;C:\WINDOWS\System32\WindowsPowerShell\v1.0\;C:\Program Files\Java\jdk1.8.0_73\bin;C:\Program Files\Bandizip\7z;C:\Users\a0104\AppData\Local\Microsoft\WindowsApps;
USERNAME=a0104
OS=Windows_NT
PROCESSOR_IDENTIFIER=AMD64 Family 22 Model 0 Stepping 1, AuthenticAMD



---------------  S Y S T E M  ---------------

OS: Windows 10.0 , 64 bit Build 14393 (10.0.14393.0)

CPU:total 4 (4 cores per cpu, 1 threads per core) family 22 model 0 stepping 1, cmov, cx8, fxsr, mmx, sse, sse2, sse3, ssse3, sse4.1, sse4.2, popcnt, avx, aes, clmul, mmxext, 3dnowpref, lzcnt, sse4a, tsc, tscinvbit, tscinv, bmi1

Memory: 4k page, physical 3611584k(117188k free), swap 5708736k(5532k free)

vm_info: OpenJDK 64-Bit Server VM (25.76-b03) for windows-amd64 JRE (1.8.0_76-release-b03), built on Jun 29 2016 19:09:20 by "ralucas" with MS VC++ 10.0 (VS2010)

time: Mon Feb 13 03:30:25 2017
elapsed time: 60 seconds (0d 0h 1m 0s)

