#
# There is insufficient memory for the Java Runtime Environment to continue.
# Native memory allocation (malloc) failed to allocate 748896 bytes for Chunk::new
# Possible reasons:
#   The system is out of physical RAM or swap space
#   In 32 bit mode, the process size limit was hit
# Possible solutions:
#   Reduce memory load on the system
#   Increase physical memory or swap space
#   Check if swap backing store is full
#   Use 64 bit Java on a 64 bit OS
#   Decrease Java heap size (-Xmx/-Xms)
#   Decrease number of Java threads
#   Decrease Java thread stack sizes (-Xss)
#   Set larger code cache with -XX:ReservedCodeCacheSize=
# This output file may be truncated or incomplete.
#
#  Out of Memory Error (allocation.cpp:390), pid=11948, tid=0x0000000000000650
#
# JRE version: OpenJDK Runtime Environment (8.0_76-b03) (build 1.8.0_76-release-b03)
# Java VM: OpenJDK 64-Bit Server VM (25.76-b03 mixed mode windows-amd64 compressed oops)
# Failed to write core dump. Minidumps are not enabled by default on client versions of Windows
#

---------------  T H R E A D  ---------------

Current thread (0x0000000014e7a800):  JavaThread "C2 CompilerThread0" daemon [_thread_in_native, id=1616, stack(0x00000000163e0000,0x00000000164e0000)]

Stack: [0x00000000163e0000,0x00000000164e0000]
[error occurred during error reporting (printing stack bounds), id 0xc0000005]

Native frames: (J=compiled Java code, j=interpreted, Vv=VM code, C=native code)


Current CompileTask:
C2:  66202 2370   !   4       com.android.dx.cf.code.Ropper::processBlock (1101 bytes)


---------------  P R O C E S S  ---------------

Java Threads: ( => current thread )
  0x000000001655e000 JavaThread "Service Thread" daemon [_thread_blocked, id=10952, stack(0x0000000016ae0000,0x0000000016be0000)]
  0x0000000016526800 JavaThread "C1 CompilerThread2" daemon [_thread_blocked, id=8340, stack(0x00000000169e0000,0x0000000016ae0000)]
  0x0000000014ecb000 JavaThread "C2 CompilerThread1" daemon [_thread_in_native, id=8596, stack(0x00000000168e0000,0x00000000169e0000)]
=>0x0000000014e7a800 JavaThread "C2 CompilerThread0" daemon [_thread_in_native, id=1616, stack(0x00000000163e0000,0x00000000164e0000)]
  0x0000000014e79000 JavaThread "Attach Listener" daemon [_thread_blocked, id=8592, stack(0x00000000162e0000,0x00000000163e0000)]
  0x0000000014ec9800 JavaThread "Signal Dispatcher" daemon [_thread_blocked, id=8428, stack(0x00000000161e0000,0x00000000162e0000)]
  0x0000000014e58800 JavaThread "Finalizer" daemon [_thread_blocked, id=11992, stack(0x00000000160e0000,0x00000000161e0000)]
  0x0000000002791000 JavaThread "Reference Handler" daemon [_thread_blocked, id=8912, stack(0x0000000015fe0000,0x00000000160e0000)]
  0x00000000026a0800 JavaThread "main" [_thread_in_Java, id=11232, stack(0x00000000025a0000,0x00000000026a0000)]

Other Threads:
  0x0000000014e35000 VMThread [stack: 0x0000000015ee0000,0x0000000015fe0000] [id=4632]
  0x0000000016560000 WatcherThread [stack: 0x0000000016be0000,0x0000000016ce0000] [id=8904]

VM state:not at safepoint (normal execution)

VM Mutex/Monitor currently owned by a thread: None

Heap:
 PSYoungGen      total 199680K, used 23929K [0x00000000eab00000, 0x00000000f9200000, 0x0000000100000000)
  eden space 172032K, 5% used [0x00000000eab00000,0x00000000eb507a90,0x00000000f5300000)
  from space 27648K, 49% used [0x00000000f5300000,0x00000000f6056ad0,0x00000000f6e00000)
  to   space 29696K, 0% used [0x00000000f7500000,0x00000000f7500000,0x00000000f9200000)
 ParOldGen       total 72192K, used 72165K [0x00000000c0000000, 0x00000000c4680000, 0x00000000eab00000)
  object space 72192K, 99% used [0x00000000c0000000,0x00000000c4679720,0x00000000c4680000)
 Metaspace       used 6199K, capacity 7216K, committed 7296K, reserved 1056768K
  class space    used 573K, capacity 616K, committed 640K, reserved 1048576K

Card table byte_map: [0x0000000011b60000,0x0000000011d70000] byte_map_base: 0x0000000011560000

Marking Bits: (ParMarkBitMap*) 0x0000000053ac9d00
 Begin Bits: [0x00000000122d0000, 0x00000000132d0000)
 End Bits:   [0x00000000132d0000, 0x00000000142d0000)

Polling page: 0x0000000000970000

CodeCache: size=245760Kb used=9760Kb max_used=9784Kb free=235999Kb
 bounds [0x00000000027a0000, 0x0000000003150000, 0x00000000117a0000]
 total_blobs=2178 nmethods=1911 adapters=182
 compilation: enabled

Compilation events (10 events):
Event: 62.171 Thread 0x0000000016526800 nmethod 2373 0x0000000002989290 code [0x00000000029893e0, 0x00000000029894f0]
Event: 62.190 Thread 0x0000000014ecb000 2374       4       com.android.dx.cf.direct.StdAttributeFactory::code (613 bytes)
Event: 62.253 Thread 0x0000000016526800 2375       3       com.android.dx.cf.attrib.InnerClassList$Item::<init> (40 bytes)
Event: 62.255 Thread 0x0000000016526800 nmethod 2375 0x00000000029a1450 code [0x00000000029a15c0, 0x00000000029a18a8]
Event: 62.280 Thread 0x0000000016526800 2376       1       com.android.dx.rop.cst.CstLiteral64::isCategory2 (2 bytes)
Event: 62.281 Thread 0x0000000016526800 nmethod 2376 0x0000000002ede3d0 code [0x0000000002ede520, 0x0000000002ede630]
Event: 65.810 Thread 0x0000000014ecb000 nmethod 2374 0x000000000313abd0 code [0x000000000313aea0, 0x000000000313e2e8]
Event: 65.810 Thread 0x0000000014ecb000 2377       4       com.android.dx.rop.cst.CstLiteral64::hashCode (15 bytes)
Event: 65.812 Thread 0x0000000014ecb000 nmethod 2377 0x00000000029cc310 code [0x00000000029cc440, 0x00000000029cc4b8]
Event: 65.846 Thread 0x0000000014ecb000 2378       4       com.android.dx.cf.code.Ropper::addSetupBlocks (535 bytes)

GC Heap History (10 events):
Event: 43.227 GC heap before
{Heap before GC invocations=9 (full 0):
 PSYoungGen      total 125440K, used 125420K [0x00000000eab00000, 0x00000000f3d00000, 0x0000000100000000)
  eden space 113664K, 100% used [0x00000000eab00000,0x00000000f1a00000,0x00000000f1a00000)
  from space 11776K, 99% used [0x00000000f2980000,0x00000000f34fb188,0x00000000f3500000)
  to   space 15872K, 0% used [0x00000000f1a00000,0x00000000f1a00000,0x00000000f2980000)
 ParOldGen       total 38400K, used 28462K [0x00000000c0000000, 0x00000000c2580000, 0x00000000eab00000)
  object space 38400K, 74% used [0x00000000c0000000,0x00000000c1bcb8c0,0x00000000c2580000)
 Metaspace       used 6178K, capacity 7152K, committed 7296K, reserved 1056768K
  class space    used 573K, capacity 616K, committed 640K, reserved 1048576K
Event: 43.439 GC heap after
Heap after GC invocations=9 (full 0):
 PSYoungGen      total 129536K, used 15871K [0x00000000eab00000, 0x00000000f8900000, 0x0000000100000000)
  eden space 113664K, 0% used [0x00000000eab00000,0x00000000eab00000,0x00000000f1a00000)
  from space 15872K, 99% used [0x00000000f1a00000,0x00000000f297fe88,0x00000000f2980000)
  to   space 22528K, 0% used [0x00000000f7300000,0x00000000f7300000,0x00000000f8900000)
 ParOldGen       total 38912K, used 38834K [0x00000000c0000000, 0x00000000c2600000, 0x00000000eab00000)
  object space 38912K, 99% used [0x00000000c0000000,0x00000000c25eca78,0x00000000c2600000)
 Metaspace       used 6178K, capacity 7152K, committed 7296K, reserved 1056768K
  class space    used 573K, capacity 616K, committed 640K, reserved 1048576K
}
Event: 43.440 GC heap before
{Heap before GC invocations=10 (full 1):
 PSYoungGen      total 129536K, used 15871K [0x00000000eab00000, 0x00000000f8900000, 0x0000000100000000)
  eden space 113664K, 0% used [0x00000000eab00000,0x00000000eab00000,0x00000000f1a00000)
  from space 15872K, 99% used [0x00000000f1a00000,0x00000000f297fe88,0x00000000f2980000)
  to   space 22528K, 0% used [0x00000000f7300000,0x00000000f7300000,0x00000000f8900000)
 ParOldGen       total 38912K, used 38834K [0x00000000c0000000, 0x00000000c2600000, 0x00000000eab00000)
  object space 38912K, 99% used [0x00000000c0000000,0x00000000c25eca78,0x00000000c2600000)
 Metaspace       used 6178K, capacity 7152K, committed 7296K, reserved 1056768K
  class space    used 573K, capacity 616K, committed 640K, reserved 1048576K
Event: 45.824 GC heap after
Heap after GC invocations=10 (full 1):
 PSYoungGen      total 129536K, used 9706K [0x00000000eab00000, 0x00000000f8900000, 0x0000000100000000)
  eden space 113664K, 0% used [0x00000000eab00000,0x00000000eab00000,0x00000000f1a00000)
  from space 15872K, 61% used [0x00000000f1a00000,0x00000000f237ab20,0x00000000f2980000)
  to   space 22528K, 0% used [0x00000000f7300000,0x00000000f7300000,0x00000000f8900000)
 ParOldGen       total 72192K, used 38572K [0x00000000c0000000, 0x00000000c4680000, 0x00000000eab00000)
  object space 72192K, 53% used [0x00000000c0000000,0x00000000c25ab168,0x00000000c4680000)
 Metaspace       used 6178K, capacity 7152K, committed 7296K, reserved 1056768K
  class space    used 573K, capacity 616K, committed 640K, reserved 1048576K
}
Event: 55.105 GC heap before
{Heap before GC invocations=11 (full 1):
 PSYoungGen      total 129536K, used 123370K [0x00000000eab00000, 0x00000000f8900000, 0x0000000100000000)
  eden space 113664K, 100% used [0x00000000eab00000,0x00000000f1a00000,0x00000000f1a00000)
  from space 15872K, 61% used [0x00000000f1a00000,0x00000000f237ab20,0x00000000f2980000)
  to   space 22528K, 0% used [0x00000000f7300000,0x00000000f7300000,0x00000000f8900000)
 ParOldGen       total 72192K, used 38572K [0x00000000c0000000, 0x00000000c4680000, 0x00000000eab00000)
  object space 72192K, 53% used [0x00000000c0000000,0x00000000c25ab168,0x00000000c4680000)
 Metaspace       used 6192K, capacity 7216K, committed 7296K, reserved 1056768K
  class space    used 573K, capacity 616K, committed 640K, reserved 1048576K
Event: 55.480 GC heap after
Heap after GC invocations=11 (full 1):
 PSYoungGen      total 163328K, used 22500K [0x00000000eab00000, 0x00000000f8900000, 0x0000000100000000)
  eden space 140800K, 0% used [0x00000000eab00000,0x00000000eab00000,0x00000000f3480000)
  from space 22528K, 99% used [0x00000000f7300000,0x00000000f88f9300,0x00000000f8900000)
  to   space 27648K, 0% used [0x00000000f5300000,0x00000000f5300000,0x00000000f6e00000)
 ParOldGen       total 72192K, used 44344K [0x00000000c0000000, 0x00000000c4680000, 0x00000000eab00000)
  object space 72192K, 61% used [0x00000000c0000000,0x00000000c2b4e368,0x00000000c4680000)
 Metaspace       used 6192K, capacity 7216K, committed 7296K, reserved 1056768K
  class space    used 573K, capacity 616K, committed 640K, reserved 1048576K
}
Event: 62.419 GC heap before
{Heap before GC invocations=12 (full 1):
 PSYoungGen      total 163328K, used 163300K [0x00000000eab00000, 0x00000000f8900000, 0x0000000100000000)
  eden space 140800K, 100% used [0x00000000eab00000,0x00000000f3480000,0x00000000f3480000)
  from space 22528K, 99% used [0x00000000f7300000,0x00000000f88f9300,0x00000000f8900000)
  to   space 27648K, 0% used [0x00000000f5300000,0x00000000f5300000,0x00000000f6e00000)
 ParOldGen       total 72192K, used 44344K [0x00000000c0000000, 0x00000000c4680000, 0x00000000eab00000)
  object space 72192K, 61% used [0x00000000c0000000,0x00000000c2b4e368,0x00000000c4680000)
 Metaspace       used 6199K, capacity 7216K, committed 7296K, reserved 1056768K
  class space    used 573K, capacity 616K, committed 640K, reserved 1048576K
Event: 62.824 GC heap after
Heap after GC invocations=12 (full 1):
 PSYoungGen      total 199680K, used 21518K [0x00000000eab00000, 0x00000000f9200000, 0x0000000100000000)
  eden space 172032K, 0% used [0x00000000eab00000,0x00000000eab00000,0x00000000f5300000)
  from space 27648K, 77% used [0x00000000f5300000,0x00000000f68038c0,0x00000000f6e00000)
  to   space 29696K, 0% used [0x00000000f7500000,0x00000000f7500000,0x00000000f9200000)
 ParOldGen       total 72192K, used 66870K [0x00000000c0000000, 0x00000000c4680000, 0x00000000eab00000)
  object space 72192K, 92% used [0x00000000c0000000,0x00000000c414d9a0,0x00000000c4680000)
 Metaspace       used 6199K, capacity 7216K, committed 7296K, reserved 1056768K
  class space    used 573K, capacity 616K, committed 640K, reserved 1048576K
}
Event: 62.824 GC heap before
{Heap before GC invocations=13 (full 2):
 PSYoungGen      total 199680K, used 21518K [0x00000000eab00000, 0x00000000f9200000, 0x0000000100000000)
  eden space 172032K, 0% used [0x00000000eab00000,0x00000000eab00000,0x00000000f5300000)
  from space 27648K, 77% used [0x00000000f5300000,0x00000000f68038c0,0x00000000f6e00000)
  to   space 29696K, 0% used [0x00000000f7500000,0x00000000f7500000,0x00000000f9200000)
 ParOldGen       total 72192K, used 66870K [0x00000000c0000000, 0x00000000c4680000, 0x00000000eab00000)
  object space 72192K, 92% used [0x00000000c0000000,0x00000000c414d9a0,0x00000000c4680000)
 Metaspace       used 6199K, capacity 7216K, committed 7296K, reserved 1056768K
  class space    used 573K, capacity 616K, committed 640K, reserved 1048576K
Event: 65.788 GC heap after
Heap after GC invocations=13 (full 2):
 PSYoungGen      total 199680K, used 13658K [0x00000000eab00000, 0x00000000f9200000, 0x0000000100000000)
  eden space 172032K, 0% used [0x00000000eab00000,0x00000000eab00000,0x00000000f5300000)
  from space 27648K, 49% used [0x00000000f5300000,0x00000000f6056ad0,0x00000000f6e00000)
  to   space 29696K, 0% used [0x00000000f7500000,0x00000000f7500000,0x00000000f9200000)
 ParOldGen       total 72192K, used 72165K [0x00000000c0000000, 0x00000000c4680000, 0x00000000eab00000)
  object space 72192K, 99% used [0x00000000c0000000,0x00000000c4679720,0x00000000c4680000)
 Metaspace       used 6199K, capacity 7216K, committed 7296K, reserved 1056768K
  class space    used 573K, capacity 616K, committed 640K, reserved 1048576K
}

Deoptimization events (10 events):
Event: 52.446 Thread 0x00000000026a0800 Uncommon trap: reason=class_check action=maybe_recompile pc=0x0000000002deddcc method=com.android.dx.cf.code.Ropper.processBlock(Lcom/android/dx/cf/code/ByteBlock;Lcom/android/dx/cf/code/Frame;[I)V @ 777
Event: 52.826 Thread 0x00000000026a0800 Uncommon trap: reason=class_check action=maybe_recompile pc=0x0000000002deddcc method=com.android.dx.cf.code.Ropper.processBlock(Lcom/android/dx/cf/code/ByteBlock;Lcom/android/dx/cf/code/Frame;[I)V @ 777
Event: 55.916 Thread 0x00000000026a0800 Uncommon trap: reason=unstable_if action=reinterpret pc=0x0000000002985e78 method=com.android.dx.ssa.LiteralOpUpgrader$1.visitNonMoveInsn(Lcom/android/dx/ssa/NormalSsaInsn;)V @ 176
Event: 60.245 Thread 0x00000000026a0800 Uncommon trap: reason=unstable_if action=reinterpret pc=0x00000000030d10e8 method=com.android.dx.cf.code.Ropper.isSynchronized()Z @ 12
Event: 60.246 Thread 0x00000000026a0800 Uncommon trap: reason=unstable_if action=reinterpret pc=0x0000000002bfc818 method=com.android.dx.cf.code.Ropper.isSynchronized()Z @ 12
Event: 60.247 Thread 0x00000000026a0800 Uncommon trap: reason=unstable_if action=reinterpret pc=0x0000000002a7ebd0 method=com.android.dx.cf.code.Ropper.isSynchronized()Z @ 12
Event: 60.248 Thread 0x00000000026a0800 Uncommon trap: reason=unstable_if action=reinterpret pc=0x0000000002f3dee8 method=com.android.dx.ssa.MoveParamCombiner$1.visitNonMoveInsn(Lcom/android/dx/ssa/NormalSsaInsn;)V @ 27
Event: 60.348 Thread 0x00000000026a0800 Uncommon trap: reason=bimorphic action=maybe_recompile pc=0x0000000002ddb2b8 method=com.android.dx.ssa.LiteralOpUpgrader.tryReplacingWithConstant(Lcom/android/dx/ssa/NormalSsaInsn;)Z @ 62
Event: 60.349 Thread 0x00000000026a0800 Uncommon trap: reason=unstable_if action=reinterpret pc=0x0000000002ad2910 method=com.android.dx.ssa.LiteralOpUpgrader$1.visitNonMoveInsn(Lcom/android/dx/ssa/NormalSsaInsn;)V @ 24
Event: 60.505 Thread 0x00000000026a0800 Uncommon trap: reason=bimorphic action=maybe_recompile pc=0x0000000002ddb2b8 method=com.android.dx.ssa.LiteralOpUpgrader.tryReplacingWithConstant(Lcom/android/dx/ssa/NormalSsaInsn;)Z @ 62

Internal exceptions (6 events):
Event: 0.131 Thread 0x00000000026a0800 Exception <a 'java/lang/NoSuchMethodError': Method sun.misc.Unsafe.defineClass(Ljava/lang/String;[BII)Ljava/lang/Class; name or signature does not match> (0x00000000eab07cc0) thrown at [C:\src\android\AOSP-openjdk\external\jetbrains\jdk\hotspot\src\share\v
r9WPŒ¿?
Event: 0.131 Thread 0x00000000026a0800 Exception <a 'java/lang/NoSuchMethodError': Method sun.misc.Unsafe.prefetchRead(Ljava/lang/Object;J)V name or signature does not match> (0x00000000eab07fa8) thrown at [C:\src\android\AOSP-openjdk\external\jetbrains\jdk\hotspot\src\share\vm\prims\jni.cpp, lk[cÑw@
Event: 4.867 Thread 0x00000000026a0800 Implicit null exception at 0x0000000002c0e262 to 0x0000000002c0e352
Event: 12.373 Thread 0x00000000026a0800 Exception <a 'java/lang/ArrayIndexOutOfBoundsException': 18> (0x00000000eaca31d8) thrown at [C:\src\android\AOSP-openjdk\external\jetbrains\jdk\hotspot\src\share\vm\interpreter\interpreterRuntime.cpp, line 366]
Event: 12.396 Thread 0x00000000026a0800 Exception <a 'java/lang/ArrayIndexOutOfBoundsException'> (0x00000000eaca4d58) thrown at [C:\src\android\AOSP-openjdk\external\jetbrains\jdk\hotspot\src\share\vm\runtime\sharedRuntime.cpp, line 605]
Event: 12.403 Thread 0x00000000026a0800 Exception <a 'java/lang/ArrayIndexOutOfBoundsException'> (0x00000000eaca6040) thrown at [C:\src\android\AOSP-openjdk\external\jetbrains\jdk\hotspot\src\share\vm\runtime\sharedRuntime.cpp, line 605]

Events (10 events):
Event: 60.348 Thread 0x00000000026a0800 DEOPT PACKING pc=0x0000000002ddb2b8 sp=0x000000000269e620
Event: 60.349 Thread 0x00000000026a0800 DEOPT UNPACKING pc=0x00000000027e556a sp=0x000000000269e5e0 mode 2
Event: 60.349 Thread 0x00000000026a0800 Uncommon trap: trap_request=0xffffff65 fr.pc=0x0000000002ad2910
Event: 60.349 Thread 0x00000000026a0800 DEOPT PACKING pc=0x0000000002ad2910 sp=0x000000000269e6b0
Event: 60.349 Thread 0x00000000026a0800 DEOPT UNPACKING pc=0x00000000027e556a sp=0x000000000269e660 mode 2
Event: 60.505 Thread 0x00000000026a0800 Uncommon trap: trap_request=0xffffffc6 fr.pc=0x0000000002ddb2b8
Event: 60.505 Thread 0x00000000026a0800 DEOPT PACKING pc=0x0000000002ddb2b8 sp=0x000000000269e510
Event: 60.505 Thread 0x00000000026a0800 DEOPT UNPACKING pc=0x00000000027e556a sp=0x000000000269e4d0 mode 2
Event: 62.419 Executing VM operation: ParallelGCFailedAllocation
Event: 65.788 Executing VM operation: ParallelGCFailedAllocation done


Dynamic libraries:
0x00007ff6f3290000 - 0x00007ff6f32c1000 	C:\Program Files\Android\Android Studio\jre\bin\java.exe
0x00007ff9f8950000 - 0x00007ff9f8b21000 	C:\WINDOWS\SYSTEM32\ntdll.dll
0x00007ff9f8400000 - 0x00007ff9f84ab000 	C:\WINDOWS\System32\KERNEL32.DLL
0x00007ff9f5100000 - 0x00007ff9f531d000 	C:\WINDOWS\System32\KERNELBASE.dll
0x00007ff9f61d0000 - 0x00007ff9f6272000 	C:\WINDOWS\System32\ADVAPI32.dll
0x00007ff9f8750000 - 0x00007ff9f87ee000 	C:\WINDOWS\System32\msvcrt.dll
0x00007ff9f8180000 - 0x00007ff9f81d9000 	C:\WINDOWS\System32\sechost.dll
0x00007ff9f82d0000 - 0x00007ff9f83f1000 	C:\WINDOWS\System32\RPCRT4.dll
0x00007ff9f62e0000 - 0x00007ff9f6445000 	C:\WINDOWS\System32\USER32.dll
0x00007ff9f57e0000 - 0x00007ff9f57fe000 	C:\WINDOWS\System32\win32u.dll
0x00007ff9f6190000 - 0x00007ff9f61c4000 	C:\WINDOWS\System32\GDI32.dll
0x00007ff9f55f0000 - 0x00007ff9f5772000 	C:\WINDOWS\System32\gdi32full.dll
0x00007ff9f3750000 - 0x00007ff9f39c9000 	C:\WINDOWS\WinSxS\amd64_microsoft.windows.common-controls_6595b64144ccf1df_6.0.14393.447_none_42191651c6827bb3\COMCTL32.dll
0x00007ff9f6460000 - 0x00007ff9f6728000 	C:\WINDOWS\System32\combase.dll
0x00007ff9f4e40000 - 0x00007ff9f4f35000 	C:\WINDOWS\System32\ucrtbase.dll
0x00007ff9f5090000 - 0x00007ff9f50fa000 	C:\WINDOWS\System32\bcryptPrimitives.dll
0x00007ff9f81e0000 - 0x00007ff9f820e000 	C:\WINDOWS\System32\IMM32.DLL
0x0000000053dc0000 - 0x0000000053e92000 	C:\Program Files\Android\Android Studio\jre\jre\bin\msvcr100.dll
0x0000000053310000 - 0x0000000053b44000 	C:\Program Files\Android\Android Studio\jre\jre\bin\server\jvm.dll
0x00007ff9f8170000 - 0x00007ff9f8178000 	C:\WINDOWS\System32\PSAPI.DLL
0x00007ff9ee110000 - 0x00007ff9ee119000 	C:\WINDOWS\SYSTEM32\WSOCK32.dll
0x00007ff9f5ee0000 - 0x00007ff9f5f4a000 	C:\WINDOWS\System32\WS2_32.dll
0x00007ff9f2780000 - 0x00007ff9f27a3000 	C:\WINDOWS\SYSTEM32\WINMM.dll
0x00007ff9f34e0000 - 0x00007ff9f34ea000 	C:\WINDOWS\SYSTEM32\VERSION.dll
0x0000000000940000 - 0x000000000096b000 	C:\WINDOWS\SYSTEM32\WINMMBASE.dll
0x00007ff9f5320000 - 0x00007ff9f5362000 	C:\WINDOWS\System32\cfgmgr32.dll
0x00007ff9ea5f0000 - 0x00007ff9ea5ff000 	C:\Program Files\Android\Android Studio\jre\jre\bin\verify.dll
0x00007ff9e9c70000 - 0x00007ff9e9c99000 	C:\Program Files\Android\Android Studio\jre\jre\bin\java.dll
0x00007ff9df430000 - 0x00007ff9df446000 	C:\Program Files\Android\Android Studio\jre\jre\bin\zip.dll
0x00007ff9f6730000 - 0x00007ff9f7c39000 	C:\WINDOWS\System32\SHELL32.dll
0x00007ff9f5800000 - 0x00007ff9f5eda000 	C:\WINDOWS\System32\windows.storage.dll
0x00007ff9f4dd0000 - 0x00007ff9f4e1c000 	C:\WINDOWS\System32\powrprof.dll
0x00007ff9f84b0000 - 0x00007ff9f8502000 	C:\WINDOWS\System32\shlwapi.dll
0x00007ff9f4dc0000 - 0x00007ff9f4dcf000 	C:\WINDOWS\System32\kernel.appcore.dll
0x00007ff9f4f40000 - 0x00007ff9f4fe9000 	C:\WINDOWS\System32\shcore.dll
0x00007ff9f4e20000 - 0x00007ff9f4e34000 	C:\WINDOWS\System32\profapi.dll

VM Arguments:
jvm_args: -Djava.awt.headless=true -Xmx1024M -Dfile.encoding=x-windows-949 -Duser.country=KR -Duser.language=ko -Duser.variant 
java_command: com.android.dx.command.Main --dex --multi-dex --main-dex-list C:\GitHub\project\TravelPlanner\app\build\intermediates\multi-dex\debug\maindexlist.txt --output C:\GitHub\project\TravelPlanner\app\build\intermediates\transforms\dex\debug\folders\1000\1f\main C:\GitHub\project\TravelPlanner\app\build\intermediates\transforms\jarMerging\debug\jars\1\1f\combined.jar
java_class_path (initial): C:\Users\a0104\AppData\Local\Android\sdk\build-tools\21.1.2\lib\dx.jar
Launcher Type: SUN_STANDARD

Environment Variables:
JAVA_HOME=C:\Program Files\Java\jdk1.8.0_73
PATH=C:\ProgramData\Oracle\Java\javapath;C:\WINDOWS\system32;C:\WINDOWS;C:\WINDOWS\System32\Wbem;C:\WINDOWS\System32\WindowsPowerShell\v1.0\;C:\Program Files\Java\jdk1.8.0_73\bin;C:\Program Files\Bandizip\7z;C:\Users\a0104\AppData\Local\Microsoft\WindowsApps;
USERNAME=a0104
OS=Windows_NT
PROCESSOR_IDENTIFIER=AMD64 Family 22 Model 0 Stepping 1, AuthenticAMD



---------------  S Y S T E M  ---------------

OS: Windows 10.0 , 64 bit Build 14393 (10.0.14393.0)

CPU:total 4 (4 cores per cpu, 1 threads per core) family 22 model 0 stepping 1, cmov, cx8, fxsr, mmx, sse, sse2, sse3, ssse3, sse4.1, sse4.2, popcnt, avx, aes, clmul, mmxext, 3dnowpref, lzcnt, sse4a, tsc, tscinvbit, tscinv, bmi1

Memory: 4k page, physical 3611584k(296456k free), swap 5708736k(5328k free)

vm_info: OpenJDK 64-Bit Server VM (25.76-b03) for windows-amd64 JRE (1.8.0_76-release-b03), built on Jun 29 2016 19:09:20 by "ralucas" with MS VC++ 10.0 (VS2010)

time: Sun Feb 12 01:37:53 2017
elapsed time: 66 seconds (0d 0h 1m 6s)

