#
# There is insufficient memory for the Java Runtime Environment to continue.
# Native memory allocation (malloc) failed to allocate 479056 bytes for Chunk::new
# Possible reasons:
#   The system is out of physical RAM or swap space
#   In 32 bit mode, the process size limit was hit
# Possible solutions:
#   Reduce memory load on the system
#   Increase physical memory or swap space
#   Check if swap backing store is full
#   Use 64 bit Java on a 64 bit OS
#   Decrease Java heap size (-Xmx/-Xms)
#   Decrease number of Java threads
#   Decrease Java thread stack sizes (-Xss)
#   Set larger code cache with -XX:ReservedCodeCacheSize=
# This output file may be truncated or incomplete.
#
#  Out of Memory Error (allocation.cpp:390), pid=1388, tid=0x0000000000001770
#
# JRE version: OpenJDK Runtime Environment (8.0_76-b03) (build 1.8.0_76-release-b03)
# Java VM: OpenJDK 64-Bit Server VM (25.76-b03 mixed mode windows-amd64 compressed oops)
# Failed to write core dump. Minidumps are not enabled by default on client versions of Windows
#

---------------  T H R E A D  ---------------

Current thread (0x0000000015b79800):  JavaThread "C2 CompilerThread0" daemon [_thread_in_native, id=6000, stack(0x00000000170f0000,0x00000000171f0000)]

Stack: [0x00000000170f0000,0x00000000171f0000]
[error occurred during error reporting (printing stack bounds), id 0xc0000005]

Native frames: (J=compiled Java code, j=interpreted, Vv=VM code, C=native code)


Current CompileTask:
C2:  74159 2381   !   4       com.android.dx.cf.code.Ropper::processBlock (1101 bytes)


---------------  P R O C E S S  ---------------

Java Threads: ( => current thread )
  0x0000000017367800 JavaThread "Service Thread" daemon [_thread_blocked, id=4472, stack(0x00000000177f0000,0x00000000178f0000)]
  0x00000000172f0800 JavaThread "C1 CompilerThread2" daemon [_thread_blocked, id=1580, stack(0x00000000176f0000,0x00000000177f0000)]
  0x0000000015bcb000 JavaThread "C2 CompilerThread1" daemon [_thread_blocked, id=4164, stack(0x00000000171f0000,0x00000000172f0000)]
=>0x0000000015b79800 JavaThread "C2 CompilerThread0" daemon [_thread_in_native, id=6000, stack(0x00000000170f0000,0x00000000171f0000)]
  0x0000000015b78000 JavaThread "Attach Listener" daemon [_thread_blocked, id=7364, stack(0x0000000016ff0000,0x00000000170f0000)]
  0x0000000015bc9000 JavaThread "Signal Dispatcher" daemon [_thread_blocked, id=8464, stack(0x0000000016ef0000,0x0000000016ff0000)]
  0x0000000015b58800 JavaThread "Finalizer" daemon [_thread_blocked, id=5228, stack(0x0000000016df0000,0x0000000016ef0000)]
  0x0000000003490800 JavaThread "Reference Handler" daemon [_thread_blocked, id=8976, stack(0x0000000016cf0000,0x0000000016df0000)]
  0x00000000033a0800 JavaThread "main" [_thread_in_Java, id=8848, stack(0x00000000032a0000,0x00000000033a0000)]

Other Threads:
  0x0000000015b35000 VMThread [stack: 0x0000000016bf0000,0x0000000016cf0000] [id=8952]
  0x0000000017369000 WatcherThread [stack: 0x00000000178f0000,0x00000000179f0000] [id=5804]

VM state:not at safepoint (normal execution)

VM Mutex/Monitor currently owned by a thread: None

Heap:
 PSYoungGen      total 129024K, used 58224K [0x00000000eab00000, 0x00000000f5480000, 0x0000000100000000)
  eden space 110592K, 35% used [0x00000000eab00000,0x00000000ed1df938,0x00000000f1700000)
  from space 18432K, 99% used [0x00000000f3080000,0x00000000f427c9c0,0x00000000f4280000)
  to   space 15360K, 0% used [0x00000000f4580000,0x00000000f4580000,0x00000000f5480000)
 ParOldGen       total 77824K, used 61008K [0x00000000c0000000, 0x00000000c4c00000, 0x00000000eab00000)
  object space 77824K, 78% used [0x00000000c0000000,0x00000000c3b943b0,0x00000000c4c00000)
 Metaspace       used 6195K, capacity 7216K, committed 7296K, reserved 1056768K
  class space    used 573K, capacity 616K, committed 640K, reserved 1048576K

Card table byte_map: [0x0000000012860000,0x0000000012a70000] byte_map_base: 0x0000000012260000

Marking Bits: (ParMarkBitMap*) 0x0000000065929d00
 Begin Bits: [0x0000000012fd0000, 0x0000000013fd0000)
 End Bits:   [0x0000000013fd0000, 0x0000000014fd0000)

Polling page: 0x0000000001420000

CodeCache: size=245760Kb used=9960Kb max_used=10148Kb free=235800Kb
 bounds [0x00000000034a0000, 0x0000000003eb0000, 0x00000000124a0000]
 total_blobs=2167 nmethods=1900 adapters=182
 compilation: enabled

Compilation events (10 events):
Event: 73.265 Thread 0x0000000015bcb000 2393 %     4       com.android.dx.cf.cst.ConstantPoolParser::parse @ 96 (365 bytes)
Event: 73.278 Thread 0x0000000015bcb000 nmethod 2393% 0x0000000003e76410 code [0x0000000003e76560, 0x0000000003e76748]
Event: 73.555 Thread 0x00000000172f0800 2394       3       com.android.dx.ssa.back.FirstFitLocalCombiningAllocator::adjustAndMapSourceRangeRange (196 bytes)
Event: 73.562 Thread 0x00000000172f0800 nmethod 2394 0x0000000003811490 code [0x0000000003811760, 0x0000000003812cc8]
Event: 73.574 Thread 0x00000000172f0800 2395       3       com.android.dx.rop.annotation.Annotations::combine (24 bytes)
Event: 73.576 Thread 0x00000000172f0800 nmethod 2395 0x0000000003935d10 code [0x0000000003935ec0, 0x0000000003936558]
Event: 73.764 Thread 0x00000000172f0800 2396       3       com.android.dx.rop.code.AccessFlags::isAnnotation (14 bytes)
Event: 73.765 Thread 0x00000000172f0800 nmethod 2396 0x0000000003e6a350 code [0x0000000003e6a4a0, 0x0000000003e6a630]
Event: 74.042 Thread 0x00000000172f0800 2397       3       com.android.dx.cf.attrib.InnerClassList$Item::<init> (40 bytes)
Event: 74.043 Thread 0x00000000172f0800 nmethod 2397 0x0000000003c2df90 code [0x0000000003c2e100, 0x0000000003c2e3e8]

GC Heap History (10 events):
Event: 43.496 GC heap before
{Heap before GC invocations=10 (full 0):
 PSYoungGen      total 66560K, used 66555K [0x00000000eab00000, 0x00000000f1e00000, 0x0000000100000000)
  eden space 57344K, 100% used [0x00000000eab00000,0x00000000ee300000,0x00000000ee300000)
  from space 9216K, 99% used [0x00000000ee300000,0x00000000eebfed18,0x00000000eec00000)
  to   space 12800K, 0% used [0x00000000f1180000,0x00000000f1180000,0x00000000f1e00000)
 ParOldGen       total 38400K, used 25959K [0x00000000c0000000, 0x00000000c2580000, 0x00000000eab00000)
  object space 38400K, 67% used [0x00000000c0000000,0x00000000c1959cd8,0x00000000c2580000)
 Metaspace       used 6160K, capacity 7152K, committed 7296K, reserved 1056768K
  class space    used 573K, capacity 616K, committed 640K, reserved 1048576K
Event: 43.781 GC heap after
Heap after GC invocations=10 (full 0):
 PSYoungGen      total 100864K, used 12789K [0x00000000eab00000, 0x00000000f2600000, 0x0000000100000000)
  eden space 88064K, 0% used [0x00000000eab00000,0x00000000eab00000,0x00000000f0100000)
  from space 12800K, 99% used [0x00000000f1180000,0x00000000f1dfd7a0,0x00000000f1e00000)
  to   space 16896K, 0% used [0x00000000f0100000,0x00000000f0100000,0x00000000f1180000)
 ParOldGen       total 38400K, used 32421K [0x00000000c0000000, 0x00000000c2580000, 0x00000000eab00000)
  object space 38400K, 84% used [0x00000000c0000000,0x00000000c1fa9430,0x00000000c2580000)
 Metaspace       used 6160K, capacity 7152K, committed 7296K, reserved 1056768K
  class space    used 573K, capacity 616K, committed 640K, reserved 1048576K
}
Event: 53.507 GC heap before
{Heap before GC invocations=11 (full 0):
 PSYoungGen      total 100864K, used 100853K [0x00000000eab00000, 0x00000000f2600000, 0x0000000100000000)
  eden space 88064K, 100% used [0x00000000eab00000,0x00000000f0100000,0x00000000f0100000)
  from space 12800K, 99% used [0x00000000f1180000,0x00000000f1dfd7a0,0x00000000f1e00000)
  to   space 16896K, 0% used [0x00000000f0100000,0x00000000f0100000,0x00000000f1180000)
 ParOldGen       total 38400K, used 32421K [0x00000000c0000000, 0x00000000c2580000, 0x00000000eab00000)
  object space 38400K, 84% used [0x00000000c0000000,0x00000000c1fa9430,0x00000000c2580000)
 Metaspace       used 6175K, capacity 7152K, committed 7296K, reserved 1056768K
  class space    used 573K, capacity 616K, committed 640K, reserved 1048576K
Event: 54.101 GC heap after
Heap after GC invocations=11 (full 0):
 PSYoungGen      total 104960K, used 10571K [0x00000000eab00000, 0x00000000f5600000, 0x0000000100000000)
  eden space 88064K, 0% used [0x00000000eab00000,0x00000000eab00000,0x00000000f0100000)
  from space 16896K, 62% used [0x00000000f0100000,0x00000000f0b52cf8,0x00000000f1180000)
  to   space 16896K, 0% used [0x00000000f4580000,0x00000000f4580000,0x00000000f5600000)
 ParOldGen       total 45056K, used 44891K [0x00000000c0000000, 0x00000000c2c00000, 0x00000000eab00000)
  object space 45056K, 99% used [0x00000000c0000000,0x00000000c2bd6d50,0x00000000c2c00000)
 Metaspace       used 6175K, capacity 7152K, committed 7296K, reserved 1056768K
  class space    used 573K, capacity 616K, committed 640K, reserved 1048576K
}
Event: 54.102 GC heap before
{Heap before GC invocations=12 (full 1):
 PSYoungGen      total 104960K, used 10571K [0x00000000eab00000, 0x00000000f5600000, 0x0000000100000000)
  eden space 88064K, 0% used [0x00000000eab00000,0x00000000eab00000,0x00000000f0100000)
  from space 16896K, 62% used [0x00000000f0100000,0x00000000f0b52cf8,0x00000000f1180000)
  to   space 16896K, 0% used [0x00000000f4580000,0x00000000f4580000,0x00000000f5600000)
 ParOldGen       total 45056K, used 44891K [0x00000000c0000000, 0x00000000c2c00000, 0x00000000eab00000)
  object space 45056K, 99% used [0x00000000c0000000,0x00000000c2bd6d50,0x00000000c2c00000)
 Metaspace       used 6175K, capacity 7152K, committed 7296K, reserved 1056768K
  class space    used 573K, capacity 616K, committed 640K, reserved 1048576K
Event: 57.706 GC heap after
Heap after GC invocations=12 (full 1):
 PSYoungGen      total 104960K, used 4356K [0x00000000eab00000, 0x00000000f5600000, 0x0000000100000000)
  eden space 88064K, 0% used [0x00000000eab00000,0x00000000eab00000,0x00000000f0100000)
  from space 16896K, 25% used [0x00000000f0100000,0x00000000f0541320,0x00000000f1180000)
  to   space 16896K, 0% used [0x00000000f4580000,0x00000000f4580000,0x00000000f5600000)
 ParOldGen       total 77824K, used 44670K [0x00000000c0000000, 0x00000000c4c00000, 0x00000000eab00000)
  object space 77824K, 57% used [0x00000000c0000000,0x00000000c2b9fbe8,0x00000000c4c00000)
 Metaspace       used 6175K, capacity 7152K, committed 7296K, reserved 1056768K
  class space    used 573K, capacity 616K, committed 640K, reserved 1048576K
}
Event: 64.387 GC heap before
{Heap before GC invocations=13 (full 1):
 PSYoungGen      total 104960K, used 92420K [0x00000000eab00000, 0x00000000f5600000, 0x0000000100000000)
  eden space 88064K, 100% used [0x00000000eab00000,0x00000000f0100000,0x00000000f0100000)
  from space 16896K, 25% used [0x00000000f0100000,0x00000000f0541320,0x00000000f1180000)
  to   space 16896K, 0% used [0x00000000f4580000,0x00000000f4580000,0x00000000f5600000)
 ParOldGen       total 77824K, used 44670K [0x00000000c0000000, 0x00000000c4c00000, 0x00000000eab00000)
  object space 77824K, 57% used [0x00000000c0000000,0x00000000c2b9fbe8,0x00000000c4c00000)
 Metaspace       used 6187K, capacity 7152K, committed 7296K, reserved 1056768K
  class space    used 573K, capacity 616K, committed 640K, reserved 1048576K
Event: 64.930 GC heap after
Heap after GC invocations=13 (full 1):
 PSYoungGen      total 125952K, used 15059K [0x00000000eab00000, 0x00000000f5480000, 0x0000000100000000)
  eden space 110592K, 0% used [0x00000000eab00000,0x00000000eab00000,0x00000000f1700000)
  from space 15360K, 98% used [0x00000000f4580000,0x00000000f5434c20,0x00000000f5480000)
  to   space 18432K, 0% used [0x00000000f3080000,0x00000000f3080000,0x00000000f4280000)
 ParOldGen       total 77824K, used 48608K [0x00000000c0000000, 0x00000000c4c00000, 0x00000000eab00000)
  object space 77824K, 62% used [0x00000000c0000000,0x00000000c2f78140,0x00000000c4c00000)
 Metaspace       used 6187K, capacity 7152K, committed 7296K, reserved 1056768K
  class space    used 573K, capacity 616K, committed 640K, reserved 1048576K
}
Event: 71.260 GC heap before
{Heap before GC invocations=14 (full 1):
 PSYoungGen      total 125952K, used 125651K [0x00000000eab00000, 0x00000000f5480000, 0x0000000100000000)
  eden space 110592K, 100% used [0x00000000eab00000,0x00000000f1700000,0x00000000f1700000)
  from space 15360K, 98% used [0x00000000f4580000,0x00000000f5434c20,0x00000000f5480000)
  to   space 18432K, 0% used [0x00000000f3080000,0x00000000f3080000,0x00000000f4280000)
 ParOldGen       total 77824K, used 48608K [0x00000000c0000000, 0x00000000c4c00000, 0x00000000eab00000)
  object space 77824K, 62% used [0x00000000c0000000,0x00000000c2f78140,0x00000000c4c00000)
 Metaspace       used 6190K, capacity 7216K, committed 7296K, reserved 1056768K
  class space    used 573K, capacity 616K, committed 640K, reserved 1048576K
Event: 71.566 GC heap after
Heap after GC invocations=14 (full 1):
 PSYoungGen      total 129024K, used 18418K [0x00000000eab00000, 0x00000000f5480000, 0x0000000100000000)
  eden space 110592K, 0% used [0x00000000eab00000,0x00000000eab00000,0x00000000f1700000)
  from space 18432K, 99% used [0x00000000f3080000,0x00000000f427c9c0,0x00000000f4280000)
  to   space 15360K, 0% used [0x00000000f4580000,0x00000000f4580000,0x00000000f5480000)
 ParOldGen       total 77824K, used 61008K [0x00000000c0000000, 0x00000000c4c00000, 0x00000000eab00000)
  object space 77824K, 78% used [0x00000000c0000000,0x00000000c3b943b0,0x00000000c4c00000)
 Metaspace       used 6190K, capacity 7216K, committed 7296K, reserved 1056768K
  class space    used 573K, capacity 616K, committed 640K, reserved 1048576K
}

Deoptimization events (10 events):
Event: 62.552 Thread 0x00000000033a0800 Uncommon trap: reason=class_check action=maybe_recompile pc=0x0000000003c77ecc method=com.android.dx.ssa.SCCP.simulateBranch(Lcom/android/dx/ssa/SsaInsn;)V @ 145
Event: 62.552 Thread 0x00000000033a0800 Uncommon trap: reason=unstable_if action=reinterpret pc=0x00000000036b5120 method=com.android.dx.ssa.SCCP.replaceBranches()V @ 14
Event: 63.461 Thread 0x00000000033a0800 Uncommon trap: reason=unstable_if action=reinterpret pc=0x0000000003d219a0 method=com.android.dx.cf.code.Merger.mergeType(Lcom/android/dx/rop/type/TypeBearer;Lcom/android/dx/rop/type/TypeBearer;)Lcom/android/dx/rop/type/TypeBearer; @ 52
Event: 63.703 Thread 0x00000000033a0800 Uncommon trap: reason=bimorphic action=maybe_recompile pc=0x00000000037bb140 method=com.android.dx.cf.code.BytecodeArray.parseInstruction(ILcom/android/dx/cf/code/BytecodeArray$Visitor;)I @ 2484
Event: 63.703 Thread 0x00000000033a0800 Uncommon trap: reason=bimorphic action=maybe_recompile pc=0x00000000037bb140 method=com.android.dx.cf.code.BytecodeArray.parseInstruction(ILcom/android/dx/cf/code/BytecodeArray$Visitor;)I @ 2484
Event: 70.830 Thread 0x00000000033a0800 Uncommon trap: reason=unstable_if action=reinterpret pc=0x0000000003e56a54 method=com.android.dx.cf.code.Ropper.isSynchronized()Z @ 12
Event: 70.831 Thread 0x00000000033a0800 Uncommon trap: reason=unstable_if action=reinterpret pc=0x00000000037958c0 method=com.android.dx.cf.code.Ropper.isSynchronized()Z @ 12
Event: 70.831 Thread 0x00000000033a0800 Uncommon trap: reason=unstable_if action=reinterpret pc=0x0000000003b0e408 method=com.android.dx.cf.code.Ropper.isSynchronized()Z @ 12
Event: 70.834 Thread 0x00000000033a0800 Uncommon trap: reason=unstable_if action=reinterpret pc=0x0000000003e230e0 method=com.android.dx.ssa.MoveParamCombiner$1.visitNonMoveInsn(Lcom/android/dx/ssa/NormalSsaInsn;)V @ 27
Event: 70.968 Thread 0x00000000033a0800 Uncommon trap: reason=bimorphic action=maybe_recompile pc=0x0000000003b8b984 method=com.android.dx.ssa.LiteralOpUpgrader.tryReplacingWithConstant(Lcom/android/dx/ssa/NormalSsaInsn;)Z @ 62

Internal exceptions (6 events):
Event: 0.166 Thread 0x00000000033a0800 Exception <a 'java/lang/NoSuchMethodError': Method sun.misc.Unsafe.defineClass(Ljava/lang/String;[BII)Ljava/lang/Class; name or signature does not match> (0x00000000eab07cc0) thrown at [C:\src\android\AOSP-openjdk\external\jetbrains\jdk\hotspot\src\share\v(¶ójZ?Å?
Event: 0.166 Thread 0x00000000033a0800 Exception <a 'java/lang/NoSuchMethodError': Method sun.misc.Unsafe.prefetchRead(Ljava/lang/Object;J)V name or signature does not match> (0x00000000eab07fa8) thrown at [C:\src\android\AOSP-openjdk\external\jetbrains\jdk\hotspot\src\share\vm\prims\jni.cpp, l#i¬¿Ð@
Event: 7.954 Thread 0x00000000033a0800 Implicit null exception at 0x000000000391b862 to 0x000000000391b952
Event: 15.711 Thread 0x00000000033a0800 Exception <a 'java/lang/ArrayIndexOutOfBoundsException': 18> (0x00000000eac6f730) thrown at [C:\src\android\AOSP-openjdk\external\jetbrains\jdk\hotspot\src\share\vm\interpreter\interpreterRuntime.cpp, line 366]
Event: 15.714 Thread 0x00000000033a0800 Exception <a 'java/lang/ArrayIndexOutOfBoundsException'> (0x00000000eac712b0) thrown at [C:\src\android\AOSP-openjdk\external\jetbrains\jdk\hotspot\src\share\vm\runtime\sharedRuntime.cpp, line 605]
Event: 15.722 Thread 0x00000000033a0800 Exception <a 'java/lang/ArrayIndexOutOfBoundsException'> (0x00000000eac72598) thrown at [C:\src\android\AOSP-openjdk\external\jetbrains\jdk\hotspot\src\share\vm\runtime\sharedRuntime.cpp, line 605]

Events (10 events):
Event: 71.234 Thread 0x00000000172f0800 flushing nmethod 0x000000000394d1d0
Event: 71.234 Thread 0x00000000172f0800 flushing nmethod 0x00000000039879d0
Event: 71.260 Executing VM operation: ParallelGCFailedAllocation
Event: 71.566 Executing VM operation: ParallelGCFailedAllocation done
Event: 71.580 Thread 0x0000000015bcb000 flushing nmethod 0x0000000003a1da50
Event: 72.739 Thread 0x00000000172f0800 flushing nmethod 0x0000000003c2df90
Event: 72.873 Thread 0x00000000172f0800 flushing nmethod 0x0000000003d0b690
Event: 72.873 Thread 0x00000000172f0800 flushing nmethod 0x0000000003d11e10
Event: 72.873 Thread 0x00000000172f0800 flushing nmethod 0x0000000003d156d0
Event: 72.873 Thread 0x00000000172f0800 flushing nmethod 0x0000000003d41250


Dynamic libraries:
0x00007ff65b4f0000 - 0x00007ff65b521000 	C:\Program Files\Android\Android Studio\jre\bin\java.exe
0x00007ff9a3cf0000 - 0x00007ff9a3ec1000 	C:\WINDOWS\SYSTEM32\ntdll.dll
0x00007ff9a14f0000 - 0x00007ff9a159b000 	C:\WINDOWS\System32\KERNEL32.DLL
0x00007ff9a0d40000 - 0x00007ff9a0f5d000 	C:\WINDOWS\System32\KERNELBASE.dll
0x00007ff9a1b40000 - 0x00007ff9a1be2000 	C:\WINDOWS\System32\ADVAPI32.dll
0x00007ff9a3c30000 - 0x00007ff9a3cce000 	C:\WINDOWS\System32\msvcrt.dll
0x00007ff9a3a30000 - 0x00007ff9a3a89000 	C:\WINDOWS\System32\sechost.dll
0x00007ff9a3900000 - 0x00007ff9a3a21000 	C:\WINDOWS\System32\RPCRT4.dll
0x00007ff9a1380000 - 0x00007ff9a14e5000 	C:\WINDOWS\System32\USER32.dll
0x00007ff9a0b30000 - 0x00007ff9a0b4e000 	C:\WINDOWS\System32\win32u.dll
0x00007ff9a15c0000 - 0x00007ff9a15f4000 	C:\WINDOWS\System32\GDI32.dll
0x00007ff9a0b50000 - 0x00007ff9a0cd2000 	C:\WINDOWS\System32\gdi32full.dll
0x00007ff994f00000 - 0x00007ff995179000 	C:\WINDOWS\WinSxS\amd64_microsoft.windows.common-controls_6595b64144ccf1df_6.0.14393.447_none_42191651c6827bb3\COMCTL32.dll
0x00007ff9a1700000 - 0x00007ff9a19c8000 	C:\WINDOWS\System32\combase.dll
0x00007ff9a0350000 - 0x00007ff9a0445000 	C:\WINDOWS\System32\ucrtbase.dll
0x00007ff9a0290000 - 0x00007ff9a02fa000 	C:\WINDOWS\System32\bcryptPrimitives.dll
0x00007ff9a1b10000 - 0x00007ff9a1b3e000 	C:\WINDOWS\System32\IMM32.DLL
0x0000000064e30000 - 0x0000000064f02000 	C:\Program Files\Android\Android Studio\jre\jre\bin\msvcr100.dll
0x0000000065170000 - 0x00000000659a4000 	C:\Program Files\Android\Android Studio\jre\jre\bin\server\jvm.dll
0x00007ff9a3ce0000 - 0x00007ff9a3ce8000 	C:\WINDOWS\System32\PSAPI.DLL
0x00007ff99ae70000 - 0x00007ff99ae79000 	C:\WINDOWS\SYSTEM32\WSOCK32.dll
0x00007ff9a3820000 - 0x00007ff9a388a000 	C:\WINDOWS\System32\WS2_32.dll
0x00007ff99e4d0000 - 0x00007ff99e4f3000 	C:\WINDOWS\SYSTEM32\WINMM.dll
0x00007ff99c8d0000 - 0x00007ff99c8da000 	C:\WINDOWS\SYSTEM32\VERSION.dll
0x00007ff99e0d0000 - 0x00007ff99e0fb000 	C:\WINDOWS\SYSTEM32\WINMMBASE.dll
0x00007ff9a0300000 - 0x00007ff9a0342000 	C:\WINDOWS\System32\cfgmgr32.dll
0x00007ff9960a0000 - 0x00007ff9960af000 	C:\Program Files\Android\Android Studio\jre\jre\bin\verify.dll
0x00007ff992b30000 - 0x00007ff992b59000 	C:\Program Files\Android\Android Studio\jre\jre\bin\java.dll
0x00007ff98bce0000 - 0x00007ff98bcf6000 	C:\Program Files\Android\Android Studio\jre\jre\bin\zip.dll
0x00007ff9a1e10000 - 0x00007ff9a3319000 	C:\WINDOWS\System32\SHELL32.dll
0x00007ff9a0450000 - 0x00007ff9a0b2a000 	C:\WINDOWS\System32\windows.storage.dll
0x00007ff9a0190000 - 0x00007ff9a01dc000 	C:\WINDOWS\System32\powrprof.dll
0x00007ff9a3320000 - 0x00007ff9a3372000 	C:\WINDOWS\System32\shlwapi.dll
0x00007ff9a0180000 - 0x00007ff9a018f000 	C:\WINDOWS\System32\kernel.appcore.dll
0x00007ff9a01e0000 - 0x00007ff9a0289000 	C:\WINDOWS\System32\shcore.dll
0x00007ff9a0150000 - 0x00007ff9a0164000 	C:\WINDOWS\System32\profapi.dll

VM Arguments:
jvm_args: -Djava.awt.headless=true -Xmx1024M -Dfile.encoding=x-windows-949 -Duser.country=KR -Duser.language=ko -Duser.variant 
java_command: com.android.dx.command.Main --dex --multi-dex --main-dex-list C:\GitHub\project\TravelPlanner\app\build\intermediates\multi-dex\debug\maindexlist.txt --output C:\GitHub\project\TravelPlanner\app\build\intermediates\transforms\dex\debug\folders\1000\1f\main C:\GitHub\project\TravelPlanner\app\build\intermediates\transforms\jarMerging\debug\jars\1\1f\combined.jar
java_class_path (initial): C:\Users\a0104\AppData\Local\Android\sdk\build-tools\21.1.2\lib\dx.jar
Launcher Type: SUN_STANDARD

Environment Variables:
JAVA_HOME=C:\Program Files\Java\jdk1.8.0_73
PATH=C:\ProgramData\Oracle\Java\javapath;C:\WINDOWS\system32;C:\WINDOWS;C:\WINDOWS\System32\Wbem;C:\WINDOWS\System32\WindowsPowerShell\v1.0\;C:\Program Files\Java\jdk1.8.0_73\bin;C:\Program Files\Bandizip\7z;C:\Users\a0104\AppData\Local\Microsoft\WindowsApps;
USERNAME=a0104
OS=Windows_NT
PROCESSOR_IDENTIFIER=AMD64 Family 22 Model 0 Stepping 1, AuthenticAMD



---------------  S Y S T E M  ---------------

OS: Windows 10.0 , 64 bit Build 14393 (10.0.14393.0)

CPU:total 4 (4 cores per cpu, 1 threads per core) family 22 model 0 stepping 1, cmov, cx8, fxsr, mmx, sse, sse2, sse3, ssse3, sse4.1, sse4.2, popcnt, avx, aes, clmul, mmxext, 3dnowpref, lzcnt, sse4a, tsc, tscinvbit, tscinv, bmi1

Memory: 4k page, physical 3611584k(131324k free), swap 5708736k(4696k free)

vm_info: OpenJDK 64-Bit Server VM (25.76-b03) for windows-amd64 JRE (1.8.0_76-release-b03), built on Jun 29 2016 19:09:20 by "ralucas" with MS VC++ 10.0 (VS2010)

time: Mon Feb 13 01:11:50 2017
elapsed time: 74 seconds (0d 0h 1m 14s)

