#
# There is insufficient memory for the Java Runtime Environment to continue.
# Native memory allocation (malloc) failed to allocate 32744 bytes for ChunkPool::allocate
# Possible reasons:
#   The system is out of physical RAM or swap space
#   In 32 bit mode, the process size limit was hit
# Possible solutions:
#   Reduce memory load on the system
#   Increase physical memory or swap space
#   Check if swap backing store is full
#   Use 64 bit Java on a 64 bit OS
#   Decrease Java heap size (-Xmx/-Xms)
#   Decrease number of Java threads
#   Decrease Java thread stack sizes (-Xss)
#   Set larger code cache with -XX:ReservedCodeCacheSize=
# This output file may be truncated or incomplete.
#
#  Out of Memory Error (allocation.cpp:273), pid=7604, tid=0x00000000000022cc
#
# JRE version: OpenJDK Runtime Environment (8.0_76-b03) (build 1.8.0_76-release-b03)
# Java VM: OpenJDK 64-Bit Server VM (25.76-b03 mixed mode windows-amd64 compressed oops)
# Failed to write core dump. Minidumps are not enabled by default on client versions of Windows
#

---------------  T H R E A D  ---------------

Current thread (0x0000000016955800):  JavaThread "C1 CompilerThread2" daemon [_thread_in_native, id=8908, stack(0x0000000016d00000,0x0000000016e00000)]

Stack: [0x0000000016d00000,0x0000000016e00000]
[error occurred during error reporting (printing stack bounds), id 0xc0000005]

Native frames: (J=compiled Java code, j=interpreted, Vv=VM code, C=native code)


Current CompileTask:
C1:   7968  734   !   3       com.android.dx.cf.code.RopperMachine::run (1550 bytes)


---------------  P R O C E S S  ---------------

Java Threads: ( => current thread )
  0x000000001695d800 JavaThread "Service Thread" daemon [_thread_blocked, id=1008, stack(0x0000000016e00000,0x0000000016f00000)]
=>0x0000000016955800 JavaThread "C1 CompilerThread2" daemon [_thread_in_native, id=8908, stack(0x0000000016d00000,0x0000000016e00000)]
  0x00000000151fb000 JavaThread "C2 CompilerThread1" daemon [_thread_blocked, id=10948, stack(0x0000000016800000,0x0000000016900000)]
  0x00000000151f8000 JavaThread "C2 CompilerThread0" daemon [_thread_blocked, id=9760, stack(0x0000000016700000,0x0000000016800000)]
  0x00000000151ab000 JavaThread "Attach Listener" daemon [_thread_blocked, id=9152, stack(0x0000000016600000,0x0000000016700000)]
  0x00000000151f7800 JavaThread "Signal Dispatcher" daemon [_thread_blocked, id=9560, stack(0x0000000016500000,0x0000000016600000)]
  0x0000000002ac6800 JavaThread "Finalizer" daemon [_thread_blocked, id=5600, stack(0x0000000016400000,0x0000000016500000)]
  0x0000000002ac1000 JavaThread "Reference Handler" daemon [_thread_blocked, id=7340, stack(0x0000000016300000,0x0000000016400000)]
  0x00000000029d0800 JavaThread "main" [_thread_in_Java, id=9352, stack(0x00000000028d0000,0x00000000029d0000)]

Other Threads:
  0x0000000015165000 VMThread [stack: 0x0000000016200000,0x0000000016300000] [id=10792]
  0x0000000016960000 WatcherThread [stack: 0x0000000016f00000,0x0000000017000000] [id=3772]

VM state:not at safepoint (normal execution)

VM Mutex/Monitor currently owned by a thread: None

Heap:
 PSYoungGen      total 16896K, used 10822K [0x00000000eab00000, 0x00000000ebd80000, 0x0000000100000000)
  eden space 14848K, 72% used [0x00000000eab00000,0x00000000eb591a58,0x00000000eb980000)
  from space 2048K, 0% used [0x00000000ebb80000,0x00000000ebb80000,0x00000000ebd80000)
  to   space 2048K, 0% used [0x00000000eb980000,0x00000000eb980000,0x00000000ebb80000)
 ParOldGen       total 38400K, used 0K [0x00000000c0000000, 0x00000000c2580000, 0x00000000eab00000)
  object space 38400K, 0% used [0x00000000c0000000,0x00000000c0000000,0x00000000c2580000)
 Metaspace       used 5418K, capacity 6640K, committed 6784K, reserved 1056768K
  class space    used 542K, capacity 616K, committed 640K, reserved 1048576K

Card table byte_map: [0x0000000011e90000,0x00000000120a0000] byte_map_base: 0x0000000011890000

Marking Bits: (ParMarkBitMap*) 0x0000000061739d00
 Begin Bits: [0x0000000012600000, 0x0000000013600000)
 End Bits:   [0x0000000013600000, 0x0000000014600000)

Polling page: 0x0000000000d20000

CodeCache: size=245760Kb used=3064Kb max_used=3064Kb free=242695Kb
 bounds [0x0000000002ad0000, 0x0000000002de0000, 0x0000000011ad0000]
 total_blobs=994 nmethods=729 adapters=180
 compilation: enabled

Compilation events (10 events):
Event: 7.914 Thread 0x0000000016955800 nmethod 727 0x0000000002dcaa10 code [0x0000000002dcac80, 0x0000000002dcbc68]
Event: 7.914 Thread 0x0000000016955800  728       3       com.android.dx.rop.code.LocalVariableInfo::mergeStarts (75 bytes)
Event: 7.916 Thread 0x0000000016955800 nmethod 728 0x0000000002dc86d0 code [0x0000000002dc88c0, 0x0000000002dc9278]
Event: 7.916 Thread 0x0000000016955800  729       3       com.android.dx.cf.code.BaseMachine::getLocalTarget (151 bytes)
Event: 7.920 Thread 0x0000000016955800 nmethod 729 0x0000000002dcc950 code [0x0000000002dccc00, 0x0000000002dcddc8]
Event: 7.920 Thread 0x0000000016955800  731       3       com.android.dx.ssa.LocalVariableInfo::mergeStarts (59 bytes)
Event: 7.921 Thread 0x0000000016955800 nmethod 731 0x0000000002dce610 code [0x0000000002dce7e0, 0x0000000002dceef8]
Event: 7.921 Thread 0x0000000016955800  721       3       com.android.dx.ssa.SsaBasicBlock::<init> (109 bytes)
Event: 7.924 Thread 0x0000000016955800 nmethod 721 0x0000000002dcf2d0 code [0x0000000002dcf4c0, 0x0000000002dcfea8]
Event: 7.924 Thread 0x0000000016955800  734   !   3       com.android.dx.cf.code.RopperMachine::run (1550 bytes)

GC Heap History (0 events):
No events

Deoptimization events (0 events):
No events

Internal exceptions (2 events):
Event: 0.305 Thread 0x00000000029d0800 Exception <a 'java/lang/NoSuchMethodError': Method sun.misc.Unsafe.defineClass(Ljava/lang/String;[BII)Ljava/lang/Class; name or signature does not match> (0x00000000eab07cc0) thrown at [C:\src\android\AOSP-openjdk\external\jetbrains\jdk\hotspot\src\share\vR‰ÇçNÉ”?
Event: 0.305 Thread 0x00000000029d0800 Exception <a 'java/lang/NoSuchMethodError': Method sun.misc.Unsafe.prefetchRead(Ljava/lang/Object;J)V name or signature does not match> (0x00000000eab07fa8) thrown at [C:\src\android\AOSP-openjdk\external\jetbrains\jdk\hotspot\src\share\vm\prims\jni.cpp, l

Events (10 events):
Event: 7.490 loading class com/android/dx/cf/direct/DirectClassFile$DcfTypeList
Event: 7.490 loading class com/android/dx/cf/direct/DirectClassFile$DcfTypeList done
Event: 7.746 loading class com/android/dx/cf/attrib/AttEnclosingMethod
Event: 7.746 loading class com/android/dx/cf/attrib/AttEnclosingMethod done
Event: 7.889 loading class com/android/dx/cf/attrib/AttSignature
Event: 7.889 loading class com/android/dx/cf/attrib/AttSignature done
Event: 7.900 loading class com/android/dx/dex/file/FieldAnnotationStruct
Event: 7.900 loading class com/android/dx/dex/file/FieldAnnotationStruct done
Event: 7.907 loading class java/util/ArrayList$1
Event: 7.907 loading class java/util/ArrayList$1 done


Dynamic libraries:
0x00007ff68c230000 - 0x00007ff68c261000 	C:\Program Files\Android\Android Studio\jre\bin\java.exe
0x00007ffd9ae40000 - 0x00007ffd9b011000 	C:\WINDOWS\SYSTEM32\ntdll.dll
0x00007ffd9ad90000 - 0x00007ffd9ae3b000 	C:\WINDOWS\System32\KERNEL32.DLL
0x00007ffd98160000 - 0x00007ffd9837d000 	C:\WINDOWS\System32\KERNELBASE.dll
0x00007ffd9aba0000 - 0x00007ffd9ac42000 	C:\WINDOWS\System32\ADVAPI32.dll
0x00007ffd9ac50000 - 0x00007ffd9acee000 	C:\WINDOWS\System32\msvcrt.dll
0x00007ffd9a730000 - 0x00007ffd9a789000 	C:\WINDOWS\System32\sechost.dll
0x00007ffd9a530000 - 0x00007ffd9a651000 	C:\WINDOWS\System32\RPCRT4.dll
0x00007ffd98800000 - 0x00007ffd98965000 	C:\WINDOWS\System32\USER32.dll
0x00007ffd97330000 - 0x00007ffd9734e000 	C:\WINDOWS\System32\win32u.dll
0x00007ffd98970000 - 0x00007ffd989a4000 	C:\WINDOWS\System32\GDI32.dll
0x00007ffd97460000 - 0x00007ffd975e2000 	C:\WINDOWS\System32\gdi32full.dll
0x00007ffd8c050000 - 0x00007ffd8c2c9000 	C:\WINDOWS\WinSxS\amd64_microsoft.windows.common-controls_6595b64144ccf1df_6.0.14393.447_none_42191651c6827bb3\COMCTL32.dll
0x00007ffd9a130000 - 0x00007ffd9a3f8000 	C:\WINDOWS\System32\combase.dll
0x00007ffd97860000 - 0x00007ffd97955000 	C:\WINDOWS\System32\ucrtbase.dll
0x00007ffd97a10000 - 0x00007ffd97a7a000 	C:\WINDOWS\System32\bcryptPrimitives.dll
0x00007ffd9aa10000 - 0x00007ffd9aa3e000 	C:\WINDOWS\System32\IMM32.DLL
0x0000000060dc0000 - 0x0000000060e92000 	C:\Program Files\Android\Android Studio\jre\jre\bin\msvcr100.dll
0x0000000060f80000 - 0x00000000617b4000 	C:\Program Files\Android\Android Studio\jre\jre\bin\server\jvm.dll
0x00007ffd9a4c0000 - 0x00007ffd9a4c8000 	C:\WINDOWS\System32\PSAPI.DLL
0x00007ffd84d80000 - 0x00007ffd84d89000 	C:\WINDOWS\SYSTEM32\WSOCK32.dll
0x00007ffd9a9a0000 - 0x00007ffd9aa0a000 	C:\WINDOWS\System32\WS2_32.dll
0x00007ffd95730000 - 0x00007ffd95753000 	C:\WINDOWS\SYSTEM32\WINMM.dll
0x00007ffd939c0000 - 0x00007ffd939ca000 	C:\WINDOWS\SYSTEM32\VERSION.dll
0x00007ffd956a0000 - 0x00007ffd956cb000 	C:\WINDOWS\SYSTEM32\WINMMBASE.dll
0x00007ffd98380000 - 0x00007ffd983c2000 	C:\WINDOWS\System32\cfgmgr32.dll
0x00007ffd93d60000 - 0x00007ffd93d6f000 	C:\Program Files\Android\Android Studio\jre\jre\bin\verify.dll
0x00007ffd93d30000 - 0x00007ffd93d59000 	C:\Program Files\Android\Android Studio\jre\jre\bin\java.dll
0x00007ffd904a0000 - 0x00007ffd904b6000 	C:\Program Files\Android\Android Studio\jre\jre\bin\zip.dll
0x00007ffd98c00000 - 0x00007ffd9a109000 	C:\WINDOWS\System32\SHELL32.dll
0x00007ffd97a80000 - 0x00007ffd9815a000 	C:\WINDOWS\System32\windows.storage.dll
0x00007ffd972c0000 - 0x00007ffd9730c000 	C:\WINDOWS\System32\powrprof.dll
0x00007ffd9a660000 - 0x00007ffd9a6b2000 	C:\WINDOWS\System32\shlwapi.dll
0x00007ffd972a0000 - 0x00007ffd972af000 	C:\WINDOWS\System32\kernel.appcore.dll
0x00007ffd97960000 - 0x00007ffd97a09000 	C:\WINDOWS\System32\shcore.dll
0x00007ffd97310000 - 0x00007ffd97324000 	C:\WINDOWS\System32\profapi.dll

VM Arguments:
jvm_args: -Djava.awt.headless=true -Xmx1024M -Dfile.encoding=x-windows-949 -Duser.country=KR -Duser.language=ko -Duser.variant 
java_command: com.android.dx.command.Main --dex --force-jumbo --output C:\GitHub\project\TravelPlanner\app\build\intermediates\pre-dexed\debug\internal_impl-23.2.0_c6ae607ecac3ae6249f0c9794fc708636eafd702.jar C:\GitHub\project\TravelPlanner\app\build\intermediates\exploded-aar\com.android.support\support-v4\23.2.0\jars\libs\internal_impl-23.2.0.jar
java_class_path (initial): C:\Users\a0104\AppData\Local\Android\sdk\build-tools\21.1.2\lib\dx.jar
Launcher Type: SUN_STANDARD

Environment Variables:
JAVA_HOME=C:\Program Files\Java\jdk1.8.0_73
PATH=C:\ProgramData\Oracle\Java\javapath;C:\WINDOWS\system32;C:\WINDOWS;C:\WINDOWS\System32\Wbem;C:\WINDOWS\System32\WindowsPowerShell\v1.0\;C:\Program Files\Java\jdk1.8.0_73\bin;C:\Program Files\Bandizip\7z;C:\Users\a0104\AppData\Local\Microsoft\WindowsApps;
USERNAME=a0104
OS=Windows_NT
PROCESSOR_IDENTIFIER=AMD64 Family 22 Model 0 Stepping 1, AuthenticAMD



---------------  S Y S T E M  ---------------

OS: Windows 10.0 , 64 bit Build 14393 (10.0.14393.0)

CPU:total 4 (4 cores per cpu, 1 threads per core) family 22 model 0 stepping 1, cmov, cx8, fxsr, mmx, sse, sse2, sse3, ssse3, sse4.1, sse4.2, popcnt, avx, aes, clmul, mmxext, 3dnowpref, lzcnt, sse4a, tsc, tscinvbit, tscinv, bmi1

Memory: 4k page, physical 3611584k(333568k free), swap 5708736k(4748k free)

vm_info: OpenJDK 64-Bit Server VM (25.76-b03) for windows-amd64 JRE (1.8.0_76-release-b03), built on Jun 29 2016 19:09:20 by "ralucas" with MS VC++ 10.0 (VS2010)

time: Wed Feb 08 02:12:37 2017
elapsed time: 7 seconds (0d 0h 0m 7s)

