#
# There is insufficient memory for the Java Runtime Environment to continue.
# Native memory allocation (malloc) failed to allocate 1420336 bytes for Chunk::new
# Possible reasons:
#   The system is out of physical RAM or swap space
#   In 32 bit mode, the process size limit was hit
# Possible solutions:
#   Reduce memory load on the system
#   Increase physical memory or swap space
#   Check if swap backing store is full
#   Use 64 bit Java on a 64 bit OS
#   Decrease Java heap size (-Xmx/-Xms)
#   Decrease number of Java threads
#   Decrease Java thread stack sizes (-Xss)
#   Set larger code cache with -XX:ReservedCodeCacheSize=
# This output file may be truncated or incomplete.
#
#  Out of Memory Error (allocation.cpp:390), pid=9528, tid=0x00000000000014f0
#
# JRE version: OpenJDK Runtime Environment (8.0_76-b03) (build 1.8.0_76-release-b03)
# Java VM: OpenJDK 64-Bit Server VM (25.76-b03 mixed mode windows-amd64 compressed oops)
# Failed to write core dump. Minidumps are not enabled by default on client versions of Windows
#

---------------  T H R E A D  ---------------

Current thread (0x00000000154f8000):  JavaThread "C2 CompilerThread0" daemon [_thread_in_native, id=5360, stack(0x0000000016aa0000,0x0000000016ba0000)]

Stack: [0x0000000016aa0000,0x0000000016ba0000]
[error occurred during error reporting (printing stack bounds), id 0xc0000005]

Native frames: (J=compiled Java code, j=interpreted, Vv=VM code, C=native code)


Current CompileTask:
C2:  94088 3368       4       com.android.dx.dex.file.DebugInfoEncoder::emitLocalsAtAddress (150 bytes)


---------------  P R O C E S S  ---------------

Java Threads: ( => current thread )
  0x0000000016c27800 JavaThread "Service Thread" daemon [_thread_blocked, id=8864, stack(0x00000000171a0000,0x00000000172a0000)]
  0x0000000016bcb800 JavaThread "C1 CompilerThread2" daemon [_thread_blocked, id=10436, stack(0x00000000170a0000,0x00000000171a0000)]
  0x00000000154fb800 JavaThread "C2 CompilerThread1" daemon [_thread_blocked, id=10948, stack(0x0000000016fa0000,0x00000000170a0000)]
=>0x00000000154f8000 JavaThread "C2 CompilerThread0" daemon [_thread_in_native, id=5360, stack(0x0000000016aa0000,0x0000000016ba0000)]
  0x00000000154aa000 JavaThread "Attach Listener" daemon [_thread_blocked, id=3380, stack(0x00000000169a0000,0x0000000016aa0000)]
  0x00000000154f7800 JavaThread "Signal Dispatcher" daemon [_thread_blocked, id=9580, stack(0x00000000168a0000,0x00000000169a0000)]
  0x0000000015488800 JavaThread "Finalizer" daemon [_thread_blocked, id=12392, stack(0x0000000016720000,0x0000000016820000)]
  0x0000000002dc1000 JavaThread "Reference Handler" daemon [_thread_blocked, id=4268, stack(0x0000000016620000,0x0000000016720000)]
  0x0000000002cd0800 JavaThread "main" [_thread_in_vm, id=7456, stack(0x0000000002bd0000,0x0000000002cd0000)]

Other Threads:
  0x0000000015465000 VMThread [stack: 0x0000000016520000,0x0000000016620000] [id=2404]
  0x0000000016c29800 WatcherThread [stack: 0x00000000172a0000,0x00000000173a0000] [id=4540]

VM state:not at safepoint (normal execution)

VM Mutex/Monitor currently owned by a thread: None

Heap:
 PSYoungGen      total 227328K, used 10403K [0x00000000eab00000, 0x00000000fbb80000, 0x0000000100000000)
  eden space 186880K, 5% used [0x00000000eab00000,0x00000000eb528ef0,0x00000000f6180000)
  from space 40448K, 0% used [0x00000000f9300000,0x00000000f9300000,0x00000000fba80000)
  to   space 46080K, 0% used [0x00000000f6180000,0x00000000f6180000,0x00000000f8e80000)
 ParOldGen       total 331264K, used 140074K [0x00000000c0000000, 0x00000000d4380000, 0x00000000eab00000)
  object space 331264K, 42% used [0x00000000c0000000,0x00000000c88ca920,0x00000000d4380000)
 Metaspace       used 6739K, capacity 7664K, committed 7808K, reserved 1056768K
  class space    used 595K, capacity 616K, committed 640K, reserved 1048576K

Card table byte_map: [0x0000000012190000,0x00000000123a0000] byte_map_base: 0x0000000011b90000

Marking Bits: (ParMarkBitMap*) 0x0000000053ac9d00
 Begin Bits: [0x0000000012900000, 0x0000000013900000)
 End Bits:   [0x0000000013900000, 0x0000000014900000)

Polling page: 0x00000000010b0000

CodeCache: size=245760Kb used=13115Kb max_used=13173Kb free=232644Kb
 bounds [0x0000000002dd0000, 0x0000000003ac0000, 0x0000000011dd0000]
 total_blobs=2993 nmethods=2724 adapters=183
 compilation: enabled

Compilation events (10 events):
Event: 93.974 Thread 0x0000000016bcb800 nmethod 3490 0x0000000003892750 code [0x00000000038928c0, 0x0000000003892bf8]
Event: 93.974 Thread 0x0000000016bcb800 3491       3       com.android.dx.dex.file.CodeItem::getInsSize (12 bytes)
Event: 93.975 Thread 0x0000000016bcb800 nmethod 3491 0x0000000003892010 code [0x00000000038921a0, 0x00000000038925d8]
Event: 93.975 Thread 0x0000000016bcb800 3492   !   3       com.android.dx.dex.file.CodeItem::writeCodes (50 bytes)
Event: 93.999 Thread 0x0000000016bcb800 nmethod 3492 0x0000000003890e90 code [0x00000000038910a0, 0x0000000003891ae8]
Event: 94.001 Thread 0x0000000016bcb800 3494       3       com.android.dx.dex.code.form.Form10x::writeTo (10 bytes)
Event: 94.002 Thread 0x0000000016bcb800 nmethod 3494 0x0000000003890950 code [0x0000000003890ae0, 0x0000000003890d38]
Event: 94.002 Thread 0x0000000016bcb800 3495       3       com.android.dx.dex.code.form.Form10t::writeTo (22 bytes)
Event: 94.004 Thread 0x0000000016bcb800 nmethod 3495 0x0000000003882c90 code [0x0000000003882e60, 0x0000000003883658]
Event: 94.009 Thread 0x0000000016bcb800 3496       3       com.android.dx.dex.code.form.Form11n::writeTo (45 bytes)

GC Heap History (10 events):
Event: 57.750 GC heap before
{Heap before GC invocations=18 (full 3):
 PSYoungGen      total 227328K, used 223820K [0x00000000eab00000, 0x00000000fbb80000, 0x0000000100000000)
  eden space 186880K, 100% used [0x00000000eab00000,0x00000000f6180000,0x00000000f6180000)
  from space 40448K, 91% used [0x00000000f9300000,0x00000000fb713048,0x00000000fba80000)
  to   space 46080K, 0% used [0x00000000f6180000,0x00000000f6180000,0x00000000f8e80000)
 ParOldGen       total 214528K, used 128540K [0x00000000c0000000, 0x00000000cd180000, 0x00000000eab00000)
  object space 214528K, 59% used [0x00000000c0000000,0x00000000c7d87200,0x00000000cd180000)
 Metaspace       used 6220K, capacity 7216K, committed 7296K, reserved 1056768K
  class space    used 573K, capacity 616K, committed 640K, reserved 1048576K
Event: 58.131 GC heap after
Heap after GC invocations=18 (full 3):
 PSYoungGen      total 232960K, used 46077K [0x00000000eab00000, 0x00000000fbb80000, 0x0000000100000000)
  eden space 186880K, 0% used [0x00000000eab00000,0x00000000eab00000,0x00000000f6180000)
  from space 46080K, 99% used [0x00000000f6180000,0x00000000f8e7f530,0x00000000f8e80000)
  to   space 40448K, 0% used [0x00000000f9300000,0x00000000f9300000,0x00000000fba80000)
 ParOldGen       total 214528K, used 148533K [0x00000000c0000000, 0x00000000cd180000, 0x00000000eab00000)
  object space 214528K, 69% used [0x00000000c0000000,0x00000000c910d6e8,0x00000000cd180000)
 Metaspace       used 6220K, capacity 7216K, committed 7296K, reserved 1056768K
  class space    used 573K, capacity 616K, committed 640K, reserved 1048576K
}
Event: 61.795 GC heap before
{Heap before GC invocations=19 (full 3):
 PSYoungGen      total 232960K, used 232957K [0x00000000eab00000, 0x00000000fbb80000, 0x0000000100000000)
  eden space 186880K, 100% used [0x00000000eab00000,0x00000000f6180000,0x00000000f6180000)
  from space 46080K, 99% used [0x00000000f6180000,0x00000000f8e7f530,0x00000000f8e80000)
  to   space 40448K, 0% used [0x00000000f9300000,0x00000000f9300000,0x00000000fba80000)
 ParOldGen       total 214528K, used 148533K [0x00000000c0000000, 0x00000000cd180000, 0x00000000eab00000)
  object space 214528K, 69% used [0x00000000c0000000,0x00000000c910d6e8,0x00000000cd180000)
 Metaspace       used 6233K, capacity 7216K, committed 7296K, reserved 1056768K
  class space    used 574K, capacity 616K, committed 640K, reserved 1048576K
Event: 62.570 GC heap after
Heap after GC invocations=19 (full 3):
 PSYoungGen      total 227328K, used 40417K [0x00000000eab00000, 0x00000000fbb80000, 0x0000000100000000)
  eden space 186880K, 0% used [0x00000000eab00000,0x00000000eab00000,0x00000000f6180000)
  from space 40448K, 99% used [0x00000000f9300000,0x00000000fba78520,0x00000000fba80000)
  to   space 46080K, 0% used [0x00000000f6180000,0x00000000f6180000,0x00000000f8e80000)
 ParOldGen       total 214528K, used 183693K [0x00000000c0000000, 0x00000000cd180000, 0x00000000eab00000)
  object space 214528K, 85% used [0x00000000c0000000,0x00000000cb363510,0x00000000cd180000)
 Metaspace       used 6233K, capacity 7216K, committed 7296K, reserved 1056768K
  class space    used 574K, capacity 616K, committed 640K, reserved 1048576K
}
Event: 62.570 GC heap before
{Heap before GC invocations=20 (full 4):
 PSYoungGen      total 227328K, used 40417K [0x00000000eab00000, 0x00000000fbb80000, 0x0000000100000000)
  eden space 186880K, 0% used [0x00000000eab00000,0x00000000eab00000,0x00000000f6180000)
  from space 40448K, 99% used [0x00000000f9300000,0x00000000fba78520,0x00000000fba80000)
  to   space 46080K, 0% used [0x00000000f6180000,0x00000000f6180000,0x00000000f8e80000)
 ParOldGen       total 214528K, used 183693K [0x00000000c0000000, 0x00000000cd180000, 0x00000000eab00000)
  object space 214528K, 85% used [0x00000000c0000000,0x00000000cb363510,0x00000000cd180000)
 Metaspace       used 6233K, capacity 7216K, committed 7296K, reserved 1056768K
  class space    used 574K, capacity 616K, committed 640K, reserved 1048576K
Event: 70.416 GC heap after
Heap after GC invocations=20 (full 4):
 PSYoungGen      total 227328K, used 6104K [0x00000000eab00000, 0x00000000fbb80000, 0x0000000100000000)
  eden space 186880K, 0% used [0x00000000eab00000,0x00000000eab00000,0x00000000f6180000)
  from space 40448K, 15% used [0x00000000f9300000,0x00000000f98f6108,0x00000000fba80000)
  to   space 46080K, 0% used [0x00000000f6180000,0x00000000f6180000,0x00000000f8e80000)
 ParOldGen       total 214528K, used 214289K [0x00000000c0000000, 0x00000000cd180000, 0x00000000eab00000)
  object space 214528K, 99% used [0x00000000c0000000,0x00000000cd144610,0x00000000cd180000)
 Metaspace       used 6233K, capacity 7216K, committed 7296K, reserved 1056768K
  class space    used 574K, capacity 616K, committed 640K, reserved 1048576K
}
Event: 72.263 GC heap before
{Heap before GC invocations=21 (full 5):
 PSYoungGen      total 227328K, used 192984K [0x00000000eab00000, 0x00000000fbb80000, 0x0000000100000000)
  eden space 186880K, 100% used [0x00000000eab00000,0x00000000f6180000,0x00000000f6180000)
  from space 40448K, 15% used [0x00000000f9300000,0x00000000f98f6108,0x00000000fba80000)
  to   space 46080K, 0% used [0x00000000f6180000,0x00000000f6180000,0x00000000f8e80000)
 ParOldGen       total 214528K, used 214289K [0x00000000c0000000, 0x00000000cd180000, 0x00000000eab00000)
  object space 214528K, 99% used [0x00000000c0000000,0x00000000cd144610,0x00000000cd180000)
 Metaspace       used 6233K, capacity 7216K, committed 7296K, reserved 1056768K
  class space    used 574K, capacity 616K, committed 640K, reserved 1048576K
Event: 77.746 GC heap after
Heap after GC invocations=21 (full 5):
 PSYoungGen      total 227328K, used 22734K [0x00000000eab00000, 0x00000000fbb80000, 0x0000000100000000)
  eden space 186880K, 12% used [0x00000000eab00000,0x00000000ec1339b8,0x00000000f6180000)
  from space 40448K, 0% used [0x00000000f9300000,0x00000000f9300000,0x00000000fba80000)
  to   space 46080K, 0% used [0x00000000f6180000,0x00000000f6180000,0x00000000f8e80000)
 ParOldGen       total 214528K, used 214482K [0x00000000c0000000, 0x00000000cd180000, 0x00000000eab00000)
  object space 214528K, 99% used [0x00000000c0000000,0x00000000cd174a68,0x00000000cd180000)
 Metaspace       used 6233K, capacity 7216K, committed 7296K, reserved 1056768K
  class space    used 574K, capacity 616K, committed 640K, reserved 1048576K
}
Event: 88.597 GC heap before
{Heap before GC invocations=22 (full 6):
 PSYoungGen      total 227328K, used 186880K [0x00000000eab00000, 0x00000000fbb80000, 0x0000000100000000)
  eden space 186880K, 100% used [0x00000000eab00000,0x00000000f6180000,0x00000000f6180000)
  from space 40448K, 0% used [0x00000000f9300000,0x00000000f9300000,0x00000000fba80000)
  to   space 46080K, 0% used [0x00000000f6180000,0x00000000f6180000,0x00000000f8e80000)
 ParOldGen       total 214528K, used 214482K [0x00000000c0000000, 0x00000000cd180000, 0x00000000eab00000)
  object space 214528K, 99% used [0x00000000c0000000,0x00000000cd174a68,0x00000000cd180000)
 Metaspace       used 6665K, capacity 7600K, committed 7808K, reserved 1056768K
  class space    used 594K, capacity 616K, committed 640K, reserved 1048576K
Event: 92.974 GC heap after
Heap after GC invocations=22 (full 6):
 PSYoungGen      total 227328K, used 0K [0x00000000eab00000, 0x00000000fbb80000, 0x0000000100000000)
  eden space 186880K, 0% used [0x00000000eab00000,0x00000000eab00000,0x00000000f6180000)
  from space 40448K, 0% used [0x00000000f9300000,0x00000000f9300000,0x00000000fba80000)
  to   space 46080K, 0% used [0x00000000f6180000,0x00000000f6180000,0x00000000f8e80000)
 ParOldGen       total 331264K, used 140074K [0x00000000c0000000, 0x00000000d4380000, 0x00000000eab00000)
  object space 331264K, 42% used [0x00000000c0000000,0x00000000c88ca920,0x00000000d4380000)
 Metaspace       used 6665K, capacity 7600K, committed 7808K, reserved 1056768K
  class space    used 594K, capacity 616K, committed 640K, reserved 1048576K
}

Deoptimization events (10 events):
Event: 83.439 Thread 0x0000000002cd0800 Uncommon trap: reason=unstable_if action=reinterpret pc=0x0000000003a758d8 method=com.android.dx.dex.code.OutputFinisher.align64bits([Lcom/android/dx/dex/code/Dop;)V @ 205
Event: 83.772 Thread 0x0000000002cd0800 Uncommon trap: reason=unstable_if action=reinterpret pc=0x0000000003a31bac method=com.android.dx.dex.code.LocalList$MakeState.filterSpec(Lcom/android/dx/rop/code/RegisterSpec;)Lcom/android/dx/rop/code/RegisterSpec; @ 11
Event: 83.772 Thread 0x0000000002cd0800 Uncommon trap: reason=unstable_if action=reinterpret pc=0x00000000034a94a8 method=com.android.dx.dex.code.LocalList$MakeState.filterSpec(Lcom/android/dx/rop/code/RegisterSpec;)Lcom/android/dx/rop/code/RegisterSpec; @ 11
Event: 84.103 Thread 0x0000000002cd0800 Uncommon trap: reason=unstable_if action=reinterpret pc=0x0000000003a53490 method=com.android.dx.dex.code.LocalList$MakeState.aboutToProcess(II)V @ 54
Event: 85.844 Thread 0x0000000002cd0800 Uncommon trap: reason=null_check action=make_not_entrant pc=0x000000000320e34c method=com.android.dx.dex.code.LocalList$MakeState.checkForEmptyRange(ILcom/android/dx/rop/code/RegisterSpec;)Z @ 119
Event: 87.923 Thread 0x0000000002cd0800 Uncommon trap: reason=bimorphic action=maybe_recompile pc=0x00000000039f19bc method=java.util.ComparableTimSort.countRunAndMakeAscending([Ljava/lang/Object;II)I @ 42
Event: 88.164 Thread 0x0000000002cd0800 Uncommon trap: reason=unstable_if action=reinterpret pc=0x000000000327c32c method=com.android.dx.dex.file.DebugInfoEncoder.emitLocalsAtAddress(I)I @ 137
Event: 88.553 Thread 0x0000000002cd0800 Uncommon trap: reason=unstable_if action=reinterpret pc=0x000000000301c63c method=java.lang.Long.numberOfTrailingZeros(J)I @ 3
Event: 93.015 Thread 0x0000000002cd0800 Uncommon trap: reason=unstable_if action=reinterpret pc=0x00000000033650a8 method=com.android.dx.util.ByteArrayAnnotatedOutput.ensureCapacity(I)V @ 6
Event: 93.017 Thread 0x0000000002cd0800 Uncommon trap: reason=unstable_if action=reinterpret pc=0x00000000031585dc method=com.android.dx.util.ByteArrayAnnotatedOutput.ensureCapacity(I)V @ 6

Internal exceptions (10 events):
Event: 6.875 Thread 0x0000000002cd0800 Exception <a 'java/lang/ArrayIndexOutOfBoundsException'> (0x00000000eacd8b90) thrown at [C:\src\android\AOSP-openjdk\external\jetbrains\jdk\hotspot\src\share\vm\runtime\sharedRuntime.cpp, line 605]
Event: 6.887 Thread 0x0000000002cd0800 Exception <a 'java/lang/ArrayIndexOutOfBoundsException'> (0x00000000eacd9e78) thrown at [C:\src\android\AOSP-openjdk\external\jetbrains\jdk\hotspot\src\share\vm\runtime\sharedRuntime.cpp, line 605]
Event: 12.158 Thread 0x0000000002cd0800 Implicit null exception at 0x00000000032efd8d to 0x00000000032f2081
Event: 23.456 Thread 0x0000000002cd0800 Implicit null exception at 0x000000000363cc12 to 0x000000000363e42c
Event: 56.181 Thread 0x0000000002cd0800 Implicit null exception at 0x00000000033fd7b5 to 0x00000000033feec1
Event: 56.181 Thread 0x0000000002cd0800 Implicit null exception at 0x00000000034e7dcc to 0x00000000034e802d
Event: 71.255 Thread 0x0000000002cd0800 Implicit null exception at 0x0000000003296d95 to 0x0000000003297c75
Event: 71.256 Thread 0x0000000002cd0800 Implicit null exception at 0x000000000368b408 to 0x000000000368b65d
Event: 71.266 Thread 0x0000000002cd0800 Implicit null exception at 0x000000000323960f to 0x0000000003239769
Event: 85.844 Thread 0x0000000002cd0800 Implicit null exception at 0x000000000320d065 to 0x000000000320e325

Events (10 events):
Event: 93.015 Thread 0x0000000002cd0800 DEOPT UNPACKING pc=0x0000000002e1556a sp=0x0000000002cced88 mode 2
Event: 93.017 Thread 0x0000000002cd0800 Uncommon trap: trap_request=0xffffff65 fr.pc=0x00000000031585dc
Event: 93.017 Thread 0x0000000002cd0800 DEOPT PACKING pc=0x00000000031585dc sp=0x0000000002ccedf0
Event: 93.017 Thread 0x0000000002cd0800 DEOPT UNPACKING pc=0x0000000002e1556a sp=0x0000000002cced78 mode 2
Event: 93.126 Thread 0x0000000002cd0800 DEOPT PACKING pc=0x0000000003160ef7 sp=0x0000000002ccef90
Event: 93.126 Thread 0x0000000002cd0800 DEOPT UNPACKING pc=0x0000000002e171bf sp=0x0000000002cced18 mode 0
Event: 93.170 loading class com/android/dx/dex/file/MapItem
Event: 93.170 loading class com/android/dx/dex/file/MapItem done
Event: 93.269 loading class com/android/dex/DexFormat
Event: 93.269 loading class com/android/dex/DexFormat done


Dynamic libraries:
0x00007ff6f3290000 - 0x00007ff6f32c1000 	C:\Program Files\Android\Android Studio\jre\bin\java.exe
0x00007ff9f8950000 - 0x00007ff9f8b21000 	C:\WINDOWS\SYSTEM32\ntdll.dll
0x00007ff9f8400000 - 0x00007ff9f84ab000 	C:\WINDOWS\System32\KERNEL32.DLL
0x00007ff9f5100000 - 0x00007ff9f531d000 	C:\WINDOWS\System32\KERNELBASE.dll
0x00007ff9f61d0000 - 0x00007ff9f6272000 	C:\WINDOWS\System32\ADVAPI32.dll
0x00007ff9f8750000 - 0x00007ff9f87ee000 	C:\WINDOWS\System32\msvcrt.dll
0x00007ff9f8180000 - 0x00007ff9f81d9000 	C:\WINDOWS\System32\sechost.dll
0x00007ff9f82d0000 - 0x00007ff9f83f1000 	C:\WINDOWS\System32\RPCRT4.dll
0x00007ff9f62e0000 - 0x00007ff9f6445000 	C:\WINDOWS\System32\USER32.dll
0x00007ff9f57e0000 - 0x00007ff9f57fe000 	C:\WINDOWS\System32\win32u.dll
0x00007ff9f6190000 - 0x00007ff9f61c4000 	C:\WINDOWS\System32\GDI32.dll
0x00007ff9f55f0000 - 0x00007ff9f5772000 	C:\WINDOWS\System32\gdi32full.dll
0x00007ff9f3750000 - 0x00007ff9f39c9000 	C:\WINDOWS\WinSxS\amd64_microsoft.windows.common-controls_6595b64144ccf1df_6.0.14393.447_none_42191651c6827bb3\COMCTL32.dll
0x00007ff9f6460000 - 0x00007ff9f6728000 	C:\WINDOWS\System32\combase.dll
0x00007ff9f4e40000 - 0x00007ff9f4f35000 	C:\WINDOWS\System32\ucrtbase.dll
0x00007ff9f5090000 - 0x00007ff9f50fa000 	C:\WINDOWS\System32\bcryptPrimitives.dll
0x00007ff9f81e0000 - 0x00007ff9f820e000 	C:\WINDOWS\System32\IMM32.DLL
0x0000000053150000 - 0x0000000053222000 	C:\Program Files\Android\Android Studio\jre\jre\bin\msvcr100.dll
0x0000000053310000 - 0x0000000053b44000 	C:\Program Files\Android\Android Studio\jre\jre\bin\server\jvm.dll
0x00007ff9f8170000 - 0x00007ff9f8178000 	C:\WINDOWS\System32\PSAPI.DLL
0x00007ff9ee110000 - 0x00007ff9ee119000 	C:\WINDOWS\SYSTEM32\WSOCK32.dll
0x00007ff9f5ee0000 - 0x00007ff9f5f4a000 	C:\WINDOWS\System32\WS2_32.dll
0x00007ff9f2780000 - 0x00007ff9f27a3000 	C:\WINDOWS\SYSTEM32\WINMM.dll
0x00007ff9f34e0000 - 0x00007ff9f34ea000 	C:\WINDOWS\SYSTEM32\VERSION.dll
0x00007ff9f24e0000 - 0x00007ff9f250b000 	C:\WINDOWS\SYSTEM32\WINMMBASE.dll
0x00007ff9f5320000 - 0x00007ff9f5362000 	C:\WINDOWS\System32\cfgmgr32.dll
0x00007ff9f3550000 - 0x00007ff9f355f000 	C:\Program Files\Android\Android Studio\jre\jre\bin\verify.dll
0x00007ff9e9770000 - 0x00007ff9e9799000 	C:\Program Files\Android\Android Studio\jre\jre\bin\java.dll
0x00007ff9e9bb0000 - 0x00007ff9e9bc6000 	C:\Program Files\Android\Android Studio\jre\jre\bin\zip.dll
0x00007ff9f6730000 - 0x00007ff9f7c39000 	C:\WINDOWS\System32\SHELL32.dll
0x00007ff9f5800000 - 0x00007ff9f5eda000 	C:\WINDOWS\System32\windows.storage.dll
0x00007ff9f4dd0000 - 0x00007ff9f4e1c000 	C:\WINDOWS\System32\powrprof.dll
0x00007ff9f84b0000 - 0x00007ff9f8502000 	C:\WINDOWS\System32\shlwapi.dll
0x00007ff9f4dc0000 - 0x00007ff9f4dcf000 	C:\WINDOWS\System32\kernel.appcore.dll
0x00007ff9f4f40000 - 0x00007ff9f4fe9000 	C:\WINDOWS\System32\shcore.dll
0x00007ff9f4e20000 - 0x00007ff9f4e34000 	C:\WINDOWS\System32\profapi.dll

VM Arguments:
jvm_args: -Djava.awt.headless=true -Xmx1024M -Dfile.encoding=x-windows-949 -Duser.country=KR -Duser.language=ko -Duser.variant 
java_command: com.android.dx.command.Main --dex --multi-dex --main-dex-list C:\GitHub\project\TravelPlanner\app\build\intermediates\multi-dex\debug\maindexlist.txt --output C:\GitHub\project\TravelPlanner\app\build\intermediates\transforms\dex\debug\folders\1000\1f\main C:\GitHub\project\TravelPlanner\app\build\intermediates\transforms\jarMerging\debug\jars\1\1f\combined.jar
java_class_path (initial): C:\Users\a0104\AppData\Local\Android\sdk\build-tools\21.1.2\lib\dx.jar
Launcher Type: SUN_STANDARD

Environment Variables:
JAVA_HOME=C:\Program Files\Java\jdk1.8.0_73
PATH=C:\ProgramData\Oracle\Java\javapath;C:\WINDOWS\system32;C:\WINDOWS;C:\WINDOWS\System32\Wbem;C:\WINDOWS\System32\WindowsPowerShell\v1.0\;C:\Program Files\Java\jdk1.8.0_73\bin;C:\Program Files\Bandizip\7z;C:\Users\a0104\AppData\Local\Microsoft\WindowsApps;
USERNAME=a0104
OS=Windows_NT
PROCESSOR_IDENTIFIER=AMD64 Family 22 Model 0 Stepping 1, AuthenticAMD



---------------  S Y S T E M  ---------------

OS: Windows 10.0 , 64 bit Build 14393 (10.0.14393.0)

CPU:total 4 (4 cores per cpu, 1 threads per core) family 22 model 0 stepping 1, cmov, cx8, fxsr, mmx, sse, sse2, sse3, ssse3, sse4.1, sse4.2, popcnt, avx, aes, clmul, mmxext, 3dnowpref, lzcnt, sse4a, tsc, tscinvbit, tscinv, bmi1

Memory: 4k page, physical 3611584k(307040k free), swap 5708736k(3924k free)

vm_info: OpenJDK 64-Bit Server VM (25.76-b03) for windows-amd64 JRE (1.8.0_76-release-b03), built on Jun 29 2016 19:09:20 by "ralucas" with MS VC++ 10.0 (VS2010)

time: Sun Feb 12 19:52:19 2017
elapsed time: 94 seconds (0d 0h 1m 34s)

