#
# There is insufficient memory for the Java Runtime Environment to continue.
# Native memory allocation (malloc) failed to allocate 943696 bytes for Chunk::new
# Possible reasons:
#   The system is out of physical RAM or swap space
#   In 32 bit mode, the process size limit was hit
# Possible solutions:
#   Reduce memory load on the system
#   Increase physical memory or swap space
#   Check if swap backing store is full
#   Use 64 bit Java on a 64 bit OS
#   Decrease Java heap size (-Xmx/-Xms)
#   Decrease number of Java threads
#   Decrease Java thread stack sizes (-Xss)
#   Set larger code cache with -XX:ReservedCodeCacheSize=
# This output file may be truncated or incomplete.
#
#  Out of Memory Error (allocation.cpp:390), pid=3156, tid=0x0000000000001f74
#
# JRE version: OpenJDK Runtime Environment (8.0_76-b03) (build 1.8.0_76-release-b03)
# Java VM: OpenJDK 64-Bit Server VM (25.76-b03 mixed mode windows-amd64 compressed oops)
# Failed to write core dump. Minidumps are not enabled by default on client versions of Windows
#

---------------  T H R E A D  ---------------

Current thread (0x0000000014f89800):  JavaThread "C2 CompilerThread0" daemon [_thread_in_native, id=8052, stack(0x0000000016570000,0x0000000016670000)]

Stack: [0x0000000016570000,0x0000000016670000]
[error occurred during error reporting (printing stack bounds), id 0xc0000005]

Native frames: (J=compiled Java code, j=interpreted, Vv=VM code, C=native code)


Current CompileTask:
C2:  71839 2594   !   4       com.android.dx.cf.code.Ropper::processBlock (1101 bytes)


---------------  P R O C E S S  ---------------

Java Threads: ( => current thread )
  0x00000000166e7000 JavaThread "Service Thread" daemon [_thread_blocked, id=2828, stack(0x0000000016c70000,0x0000000016d70000)]
  0x000000001667d800 JavaThread "C1 CompilerThread2" daemon [_thread_blocked, id=7180, stack(0x0000000016b70000,0x0000000016c70000)]
  0x0000000014fdb000 JavaThread "C2 CompilerThread1" daemon [_thread_blocked, id=8008, stack(0x0000000016a70000,0x0000000016b70000)]
=>0x0000000014f89800 JavaThread "C2 CompilerThread0" daemon [_thread_in_native, id=8052, stack(0x0000000016570000,0x0000000016670000)]
  0x0000000014f88000 JavaThread "Attach Listener" daemon [_thread_blocked, id=2868, stack(0x0000000016470000,0x0000000016570000)]
  0x0000000014fd9000 JavaThread "Signal Dispatcher" daemon [_thread_blocked, id=3832, stack(0x0000000016370000,0x0000000016470000)]
  0x0000000014f68800 JavaThread "Finalizer" daemon [_thread_blocked, id=4572, stack(0x00000000161f0000,0x00000000162f0000)]
  0x00000000028a0800 JavaThread "Reference Handler" daemon [_thread_blocked, id=1188, stack(0x00000000160f0000,0x00000000161f0000)]
  0x00000000027b0800 JavaThread "main" [_thread_in_Java, id=6100, stack(0x0000000002620000,0x0000000002720000)]

Other Threads:
  0x0000000014f45000 VMThread [stack: 0x0000000015ff0000,0x00000000160f0000] [id=8620]
  0x00000000166f8800 WatcherThread [stack: 0x0000000016d70000,0x0000000016e70000] [id=2148]

VM state:not at safepoint (normal execution)

VM Mutex/Monitor currently owned by a thread: None

Heap:
 PSYoungGen      total 235008K, used 67227K [0x00000000eab00000, 0x00000000fee80000, 0x0000000100000000)
  eden space 186368K, 9% used [0x00000000eab00000,0x00000000ebd2ed20,0x00000000f6100000)
  from space 48640K, 99% used [0x00000000f9980000,0x00000000fc8f82a0,0x00000000fc900000)
  to   space 57856K, 0% used [0x00000000f6100000,0x00000000f6100000,0x00000000f9980000)
 ParOldGen       total 228352K, used 163334K [0x00000000c0000000, 0x00000000cdf00000, 0x00000000eab00000)
  object space 228352K, 71% used [0x00000000c0000000,0x00000000c9f81938,0x00000000cdf00000)
 Metaspace       used 6229K, capacity 7216K, committed 7296K, reserved 1056768K
  class space    used 573K, capacity 616K, committed 640K, reserved 1048576K

Card table byte_map: [0x0000000011c70000,0x0000000011e80000] byte_map_base: 0x0000000011670000

Marking Bits: (ParMarkBitMap*) 0x0000000065929d00
 Begin Bits: [0x00000000123e0000, 0x00000000133e0000)
 End Bits:   [0x00000000133e0000, 0x00000000143e0000)

Polling page: 0x0000000002720000

CodeCache: size=245760Kb used=11171Kb max_used=11181Kb free=234588Kb
 bounds [0x00000000028b0000, 0x00000000033b0000, 0x00000000118b0000]
 total_blobs=2434 nmethods=2166 adapters=182
 compilation: enabled

Compilation events (10 events):
Event: 68.932 Thread 0x0000000014fdb000 2713   !   4       java.util.zip.ZipFile$ZipFileInflaterInputStream::close (67 bytes)
Event: 68.974 Thread 0x0000000014fdb000 nmethod 2713 0x00000000033a5690 code [0x00000000033a5840, 0x00000000033a6448]
Event: 68.998 Thread 0x0000000014fdb000 2714       4       sun.util.calendar.ZoneInfo::getTransitionIndex (156 bytes)
Event: 69.009 Thread 0x0000000014fdb000 nmethod 2714 0x000000000339e810 code [0x000000000339e960, 0x000000000339eb98]
Event: 70.784 Thread 0x0000000014fdb000 2715       4       java.lang.ref.ReferenceQueue::remove (6 bytes)
Event: 70.807 Thread 0x0000000014fdb000 nmethod 2715 0x0000000003199a90 code [0x0000000003199c20, 0x000000000319a1d0]
Event: 70.807 Thread 0x0000000014fdb000 2716   !   4       java.lang.ref.ReferenceQueue::remove (125 bytes)
Event: 70.831 Thread 0x0000000014fdb000 nmethod 2716 0x00000000033a6e10 code [0x00000000033a6fa0, 0x00000000033a76d0]
Event: 71.453 Thread 0x000000001667d800 2717       3       com.android.dx.rop.annotation.Annotation::<init> (54 bytes)
Event: 71.455 Thread 0x000000001667d800 nmethod 2717 0x000000000339f910 code [0x000000000339fac0, 0x00000000033a0078]

GC Heap History (10 events):
Event: 54.735 GC heap before
{Heap before GC invocations=15 (full 2):
 PSYoungGen      total 183808K, used 183779K [0x00000000eab00000, 0x00000000fa280000, 0x0000000100000000)
  eden space 155648K, 100% used [0x00000000eab00000,0x00000000f4300000,0x00000000f4300000)
  from space 28160K, 99% used [0x00000000f6600000,0x00000000f8178ce0,0x00000000f8180000)
  to   space 35840K, 0% used [0x00000000f4300000,0x00000000f4300000,0x00000000f6600000)
 ParOldGen       total 137728K, used 81607K [0x00000000c0000000, 0x00000000c8680000, 0x00000000eab00000)
  object space 137728K, 59% used [0x00000000c0000000,0x00000000c4fb1c90,0x00000000c8680000)
 Metaspace       used 6205K, capacity 7216K, committed 7296K, reserved 1056768K
  class space    used 573K, capacity 616K, committed 640K, reserved 1048576K
Event: 55.105 GC heap after
Heap after GC invocations=15 (full 2):
 PSYoungGen      total 191488K, used 27072K [0x00000000eab00000, 0x00000000fa400000, 0x0000000100000000)
  eden space 155648K, 0% used [0x00000000eab00000,0x00000000eab00000,0x00000000f4300000)
  from space 35840K, 75% used [0x00000000f4300000,0x00000000f5d70010,0x00000000f6600000)
  to   space 38400K, 0% used [0x00000000f7e80000,0x00000000f7e80000,0x00000000fa400000)
 ParOldGen       total 137728K, used 109967K [0x00000000c0000000, 0x00000000c8680000, 0x00000000eab00000)
  object space 137728K, 79% used [0x00000000c0000000,0x00000000c6b63d58,0x00000000c8680000)
 Metaspace       used 6205K, capacity 7216K, committed 7296K, reserved 1056768K
  class space    used 573K, capacity 616K, committed 640K, reserved 1048576K
}
Event: 58.907 GC heap before
{Heap before GC invocations=16 (full 2):
 PSYoungGen      total 191488K, used 182720K [0x00000000eab00000, 0x00000000fa400000, 0x0000000100000000)
  eden space 155648K, 100% used [0x00000000eab00000,0x00000000f4300000,0x00000000f4300000)
  from space 35840K, 75% used [0x00000000f4300000,0x00000000f5d70010,0x00000000f6600000)
  to   space 38400K, 0% used [0x00000000f7e80000,0x00000000f7e80000,0x00000000fa400000)
 ParOldGen       total 137728K, used 109967K [0x00000000c0000000, 0x00000000c8680000, 0x00000000eab00000)
  object space 137728K, 79% used [0x00000000c0000000,0x00000000c6b63d58,0x00000000c8680000)
 Metaspace       used 6210K, capacity 7216K, committed 7296K, reserved 1056768K
  class space    used 573K, capacity 616K, committed 640K, reserved 1048576K
Event: 59.140 GC heap after
Heap after GC invocations=16 (full 2):
 PSYoungGen      total 205824K, used 38374K [0x00000000eab00000, 0x00000000fba80000, 0x0000000100000000)
  eden space 167424K, 0% used [0x00000000eab00000,0x00000000eab00000,0x00000000f4e80000)
  from space 38400K, 99% used [0x00000000f7e80000,0x00000000fa3f98b8,0x00000000fa400000)
  to   space 49152K, 0% used [0x00000000f4e80000,0x00000000f4e80000,0x00000000f7e80000)
 ParOldGen       total 137728K, used 122487K [0x00000000c0000000, 0x00000000c8680000, 0x00000000eab00000)
  object space 137728K, 88% used [0x00000000c0000000,0x00000000c779dd50,0x00000000c8680000)
 Metaspace       used 6210K, capacity 7216K, committed 7296K, reserved 1056768K
  class space    used 573K, capacity 616K, committed 640K, reserved 1048576K
}
Event: 59.140 GC heap before
{Heap before GC invocations=17 (full 3):
 PSYoungGen      total 205824K, used 38374K [0x00000000eab00000, 0x00000000fba80000, 0x0000000100000000)
  eden space 167424K, 0% used [0x00000000eab00000,0x00000000eab00000,0x00000000f4e80000)
  from space 38400K, 99% used [0x00000000f7e80000,0x00000000fa3f98b8,0x00000000fa400000)
  to   space 49152K, 0% used [0x00000000f4e80000,0x00000000f4e80000,0x00000000f7e80000)
 ParOldGen       total 137728K, used 122487K [0x00000000c0000000, 0x00000000c8680000, 0x00000000eab00000)
  object space 137728K, 88% used [0x00000000c0000000,0x00000000c779dd50,0x00000000c8680000)
 Metaspace       used 6210K, capacity 7216K, committed 7296K, reserved 1056768K
  class space    used 573K, capacity 616K, committed 640K, reserved 1048576K
Event: 62.732 GC heap after
Heap after GC invocations=17 (full 3):
 PSYoungGen      total 205824K, used 21906K [0x00000000eab00000, 0x00000000fba80000, 0x0000000100000000)
  eden space 167424K, 0% used [0x00000000eab00000,0x00000000eab00000,0x00000000f4e80000)
  from space 38400K, 57% used [0x00000000f7e80000,0x00000000f93e4ac8,0x00000000fa400000)
  to   space 49152K, 0% used [0x00000000f4e80000,0x00000000f4e80000,0x00000000f7e80000)
 ParOldGen       total 228352K, used 137493K [0x00000000c0000000, 0x00000000cdf00000, 0x00000000eab00000)
  object space 228352K, 60% used [0x00000000c0000000,0x00000000c8645660,0x00000000cdf00000)
 Metaspace       used 6210K, capacity 7216K, committed 7296K, reserved 1056768K
  class space    used 573K, capacity 616K, committed 640K, reserved 1048576K
}
Event: 65.574 GC heap before
{Heap before GC invocations=18 (full 3):
 PSYoungGen      total 205824K, used 189330K [0x00000000eab00000, 0x00000000fba80000, 0x0000000100000000)
  eden space 167424K, 100% used [0x00000000eab00000,0x00000000f4e80000,0x00000000f4e80000)
  from space 38400K, 57% used [0x00000000f7e80000,0x00000000f93e4ac8,0x00000000fa400000)
  to   space 49152K, 0% used [0x00000000f4e80000,0x00000000f4e80000,0x00000000f7e80000)
 ParOldGen       total 228352K, used 137493K [0x00000000c0000000, 0x00000000cdf00000, 0x00000000eab00000)
  object space 228352K, 60% used [0x00000000c0000000,0x00000000c8645660,0x00000000cdf00000)
 Metaspace       used 6216K, capacity 7216K, committed 7296K, reserved 1056768K
  class space    used 573K, capacity 616K, committed 640K, reserved 1048576K
Event: 66.194 GC heap after
Heap after GC invocations=18 (full 3):
 PSYoungGen      total 216576K, used 26880K [0x00000000eab00000, 0x00000000fc900000, 0x0000000100000000)
  eden space 167424K, 0% used [0x00000000eab00000,0x00000000eab00000,0x00000000f4e80000)
  from space 49152K, 54% used [0x00000000f4e80000,0x00000000f68c0000,0x00000000f7e80000)
  to   space 48640K, 0% used [0x00000000f9980000,0x00000000f9980000,0x00000000fc900000)
 ParOldGen       total 228352K, used 159588K [0x00000000c0000000, 0x00000000cdf00000, 0x00000000eab00000)
  object space 228352K, 69% used [0x00000000c0000000,0x00000000c9bd9360,0x00000000cdf00000)
 Metaspace       used 6216K, capacity 7216K, committed 7296K, reserved 1056768K
  class space    used 573K, capacity 616K, committed 640K, reserved 1048576K
}
Event: 69.049 GC heap before
{Heap before GC invocations=19 (full 3):
 PSYoungGen      total 216576K, used 194304K [0x00000000eab00000, 0x00000000fc900000, 0x0000000100000000)
  eden space 167424K, 100% used [0x00000000eab00000,0x00000000f4e80000,0x00000000f4e80000)
  from space 49152K, 54% used [0x00000000f4e80000,0x00000000f68c0000,0x00000000f7e80000)
  to   space 48640K, 0% used [0x00000000f9980000,0x00000000f9980000,0x00000000fc900000)
 ParOldGen       total 228352K, used 159588K [0x00000000c0000000, 0x00000000cdf00000, 0x00000000eab00000)
  object space 228352K, 69% used [0x00000000c0000000,0x00000000c9bd9360,0x00000000cdf00000)
 Metaspace       used 6229K, capacity 7216K, committed 7296K, reserved 1056768K
  class space    used 573K, capacity 616K, committed 640K, reserved 1048576K
Event: 70.776 GC heap after
Heap after GC invocations=19 (full 3):
 PSYoungGen      total 235008K, used 48608K [0x00000000eab00000, 0x00000000fee80000, 0x0000000100000000)
  eden space 186368K, 0% used [0x00000000eab00000,0x00000000eab00000,0x00000000f6100000)
  from space 48640K, 99% used [0x00000000f9980000,0x00000000fc8f82a0,0x00000000fc900000)
  to   space 57856K, 0% used [0x00000000f6100000,0x00000000f6100000,0x00000000f9980000)
 ParOldGen       total 228352K, used 163334K [0x00000000c0000000, 0x00000000cdf00000, 0x00000000eab00000)
  object space 228352K, 71% used [0x00000000c0000000,0x00000000c9f81938,0x00000000cdf00000)
 Metaspace       used 6229K, capacity 7216K, committed 7296K, reserved 1056768K
  class space    used 573K, capacity 616K, committed 640K, reserved 1048576K
}

Deoptimization events (10 events):
Event: 62.929 Thread 0x00000000027b0800 Uncommon trap: reason=class_check action=maybe_recompile pc=0x0000000002fe82a8 method=com.android.dx.cf.code.Ropper.processBlock(Lcom/android/dx/cf/code/ByteBlock;Lcom/android/dx/cf/code/Frame;[I)V @ 711
Event: 62.929 Thread 0x00000000027b0800 Uncommon trap: reason=class_check action=maybe_recompile pc=0x0000000002fe82a8 method=com.android.dx.cf.code.Ropper.processBlock(Lcom/android/dx/cf/code/ByteBlock;Lcom/android/dx/cf/code/Frame;[I)V @ 711
Event: 63.171 Thread 0x00000000027b0800 Uncommon trap: reason=unstable_if action=reinterpret pc=0x0000000002a6a514 method=com.android.dx.ssa.SCCP.simulateStmt(Lcom/android/dx/ssa/SsaInsn;)V @ 435
Event: 64.774 Thread 0x00000000027b0800 Uncommon trap: reason=unstable_if action=reinterpret pc=0x0000000003171880 method=com.android.dx.rop.code.LocalItem.compareHandlesNulls(Lcom/android/dx/rop/cst/CstString;Lcom/android/dx/rop/cst/CstString;)I @ 14
Event: 64.774 Thread 0x00000000027b0800 Uncommon trap: reason=unstable_if action=reinterpret pc=0x0000000002df4f50 method=com.android.dx.rop.code.LocalItem.compareHandlesNulls(Lcom/android/dx/rop/cst/CstString;Lcom/android/dx/rop/cst/CstString;)I @ 14
Event: 65.446 Thread 0x00000000027b0800 Uncommon trap: reason=unstable_if action=reinterpret pc=0x0000000002a9b004 method=java.util.BitSet.nextClearBit(I)I @ 70
Event: 65.456 Thread 0x00000000027b0800 Uncommon trap: reason=unstable_if action=reinterpret pc=0x00000000031da23c method=java.util.BitSet.set(II)V @ 48
Event: 65.456 Thread 0x00000000027b0800 Uncommon trap: reason=unstable_if action=reinterpret pc=0x00000000032afd64 method=java.util.BitSet.set(II)V @ 48
Event: 65.461 Thread 0x00000000027b0800 Uncommon trap: reason=unstable_if action=reinterpret pc=0x0000000002ad5948 method=java.util.BitSet.set(II)V @ 48
Event: 69.044 Thread 0x00000000027b0800 Uncommon trap: reason=unstable_if action=reinterpret pc=0x0000000002e7fd10 method=com.android.dx.ssa.InterferenceRegisterMapper.areAnyPinned(Lcom/android/dx/rop/code/RegisterSpecList;II)Z @ 68

Internal exceptions (10 events):
Event: 0.100 Thread 0x00000000027b0800 Exception <a 'java/lang/NoSuchMethodError': Method sun.misc.Unsafe.defineClass(Ljava/lang/String;[BII)Ljava/lang/Class; name or signature does not match> (0x00000000eab07cc0) thrown at [C:\src\android\AOSP-openjdk\external\jetbrains\jdk\hotspot\src\share\vjÏË.³¹?
Event: 0.100 Thread 0x00000000027b0800 Exception <a 'java/lang/NoSuchMethodError': Method sun.misc.Unsafe.prefetchRead(Ljava/lang/Object;J)V name or signature does not match> (0x00000000eab07fa8) thrown at [C:\src\android\AOSP-openjdk\external\jetbrains\jdk\hotspot\src\share\vm\prims\jni.cpp, l¼:²VH@
Event: 3.035 Thread 0x00000000027b0800 Implicit null exception at 0x0000000002d493e2 to 0x0000000002d494d2
Event: 7.208 Thread 0x00000000027b0800 Exception <a 'java/lang/ArrayIndexOutOfBoundsException': 18> (0x00000000eacd1d20) thrown at [C:\src\android\AOSP-openjdk\external\jetbrains\jdk\hotspot\src\share\vm\interpreter\interpreterRuntime.cpp, line 366]
Event: 7.210 Thread 0x00000000027b0800 Exception <a 'java/lang/ArrayIndexOutOfBoundsException'> (0x00000000eacd38a0) thrown at [C:\src\android\AOSP-openjdk\external\jetbrains\jdk\hotspot\src\share\vm\runtime\sharedRuntime.cpp, line 605]
Event: 7.214 Thread 0x00000000027b0800 Exception <a 'java/lang/ArrayIndexOutOfBoundsException'> (0x00000000eacd4b88) thrown at [C:\src\android\AOSP-openjdk\external\jetbrains\jdk\hotspot\src\share\vm\runtime\sharedRuntime.cpp, line 605]
Event: 13.846 Thread 0x00000000027b0800 Implicit null exception at 0x0000000002db5163 to 0x0000000002db6785
Event: 13.847 Thread 0x00000000027b0800 Implicit null exception at 0x0000000002dc6a37 to 0x0000000002dc99e5
Event: 64.774 Thread 0x00000000027b0800 Implicit null exception at 0x000000000317160c to 0x000000000317186d
Event: 64.774 Thread 0x00000000027b0800 Implicit null exception at 0x0000000002df3fab to 0x0000000002df4f1d

Events (10 events):
Event: 65.461 Thread 0x00000000027b0800 Uncommon trap: trap_request=0xffffff65 fr.pc=0x0000000002ad5948
Event: 65.461 Thread 0x00000000027b0800 DEOPT PACKING pc=0x0000000002ad5948 sp=0x000000000271e370
Event: 65.461 Thread 0x00000000027b0800 DEOPT UNPACKING pc=0x00000000028f556a sp=0x000000000271e2c8 mode 2
Event: 65.574 Executing VM operation: ParallelGCFailedAllocation
Event: 66.194 Executing VM operation: ParallelGCFailedAllocation done
Event: 69.044 Thread 0x00000000027b0800 Uncommon trap: trap_request=0xffffff65 fr.pc=0x0000000002e7fd10
Event: 69.044 Thread 0x00000000027b0800 DEOPT PACKING pc=0x0000000002e7fd10 sp=0x000000000271e3b0
Event: 69.044 Thread 0x00000000027b0800 DEOPT UNPACKING pc=0x00000000028f556a sp=0x000000000271e330 mode 2
Event: 69.049 Executing VM operation: ParallelGCFailedAllocation
Event: 70.776 Executing VM operation: ParallelGCFailedAllocation done


Dynamic libraries:
0x00007ff65b4f0000 - 0x00007ff65b521000 	C:\Program Files\Android\Android Studio\jre\bin\java.exe
0x00007ff9a3cf0000 - 0x00007ff9a3ec1000 	C:\WINDOWS\SYSTEM32\ntdll.dll
0x00007ff9a14f0000 - 0x00007ff9a159b000 	C:\WINDOWS\System32\KERNEL32.DLL
0x00007ff9a0d40000 - 0x00007ff9a0f5d000 	C:\WINDOWS\System32\KERNELBASE.dll
0x00007ff9a1b40000 - 0x00007ff9a1be2000 	C:\WINDOWS\System32\ADVAPI32.dll
0x00007ff9a3c30000 - 0x00007ff9a3cce000 	C:\WINDOWS\System32\msvcrt.dll
0x00007ff9a3a30000 - 0x00007ff9a3a89000 	C:\WINDOWS\System32\sechost.dll
0x00007ff9a3900000 - 0x00007ff9a3a21000 	C:\WINDOWS\System32\RPCRT4.dll
0x00007ff9a1380000 - 0x00007ff9a14e5000 	C:\WINDOWS\System32\USER32.dll
0x00007ff9a0b30000 - 0x00007ff9a0b4e000 	C:\WINDOWS\System32\win32u.dll
0x00007ff9a15c0000 - 0x00007ff9a15f4000 	C:\WINDOWS\System32\GDI32.dll
0x00007ff9a0b50000 - 0x00007ff9a0cd2000 	C:\WINDOWS\System32\gdi32full.dll
0x00007ff994f00000 - 0x00007ff995179000 	C:\WINDOWS\WinSxS\amd64_microsoft.windows.common-controls_6595b64144ccf1df_6.0.14393.447_none_42191651c6827bb3\COMCTL32.dll
0x00007ff9a1700000 - 0x00007ff9a19c8000 	C:\WINDOWS\System32\combase.dll
0x00007ff9a0350000 - 0x00007ff9a0445000 	C:\WINDOWS\System32\ucrtbase.dll
0x00007ff9a0290000 - 0x00007ff9a02fa000 	C:\WINDOWS\System32\bcryptPrimitives.dll
0x00007ff9a1b10000 - 0x00007ff9a1b3e000 	C:\WINDOWS\System32\IMM32.DLL
0x0000000064e30000 - 0x0000000064f02000 	C:\Program Files\Android\Android Studio\jre\jre\bin\msvcr100.dll
0x0000000065170000 - 0x00000000659a4000 	C:\Program Files\Android\Android Studio\jre\jre\bin\server\jvm.dll
0x00007ff9a3ce0000 - 0x00007ff9a3ce8000 	C:\WINDOWS\System32\PSAPI.DLL
0x00007ff99e4d0000 - 0x00007ff99e4f3000 	C:\WINDOWS\SYSTEM32\WINMM.dll
0x00007ff99c8d0000 - 0x00007ff99c8da000 	C:\WINDOWS\SYSTEM32\VERSION.dll
0x00007ff99e0d0000 - 0x00007ff99e0fb000 	C:\WINDOWS\SYSTEM32\WINMMBASE.dll
0x00007ff9a0300000 - 0x00007ff9a0342000 	C:\WINDOWS\System32\cfgmgr32.dll
0x00007ff99ae70000 - 0x00007ff99ae79000 	C:\WINDOWS\SYSTEM32\WSOCK32.dll
0x00007ff9a3820000 - 0x00007ff9a388a000 	C:\WINDOWS\System32\WS2_32.dll
0x00007ff9960a0000 - 0x00007ff9960af000 	C:\Program Files\Android\Android Studio\jre\jre\bin\verify.dll
0x00007ff992b30000 - 0x00007ff992b59000 	C:\Program Files\Android\Android Studio\jre\jre\bin\java.dll
0x00007ff98bce0000 - 0x00007ff98bcf6000 	C:\Program Files\Android\Android Studio\jre\jre\bin\zip.dll
0x00007ff9a1e10000 - 0x00007ff9a3319000 	C:\WINDOWS\System32\SHELL32.dll
0x00007ff9a0450000 - 0x00007ff9a0b2a000 	C:\WINDOWS\System32\windows.storage.dll
0x00007ff9a0190000 - 0x00007ff9a01dc000 	C:\WINDOWS\System32\powrprof.dll
0x00007ff9a3320000 - 0x00007ff9a3372000 	C:\WINDOWS\System32\shlwapi.dll
0x00007ff9a0180000 - 0x00007ff9a018f000 	C:\WINDOWS\System32\kernel.appcore.dll
0x00007ff9a01e0000 - 0x00007ff9a0289000 	C:\WINDOWS\System32\shcore.dll
0x00007ff9a0150000 - 0x00007ff9a0164000 	C:\WINDOWS\System32\profapi.dll

VM Arguments:
jvm_args: -Djava.awt.headless=true -Xmx1024M -Dfile.encoding=x-windows-949 -Duser.country=KR -Duser.language=ko -Duser.variant 
java_command: com.android.dx.command.Main --dex --multi-dex --main-dex-list C:\GitHub\project\TravelPlanner\app\build\intermediates\multi-dex\debug\maindexlist.txt --output C:\GitHub\project\TravelPlanner\app\build\intermediates\transforms\dex\debug\folders\1000\1f\main C:\GitHub\project\TravelPlanner\app\build\intermediates\transforms\jarMerging\debug\jars\1\1f\combined.jar
java_class_path (initial): C:\Users\a0104\AppData\Local\Android\sdk\build-tools\21.1.2\lib\dx.jar
Launcher Type: SUN_STANDARD

Environment Variables:
JAVA_HOME=C:\Program Files\Java\jdk1.8.0_73
PATH=C:\ProgramData\Oracle\Java\javapath;C:\WINDOWS\system32;C:\WINDOWS;C:\WINDOWS\System32\Wbem;C:\WINDOWS\System32\WindowsPowerShell\v1.0\;C:\Program Files\Java\jdk1.8.0_73\bin;C:\Program Files\Bandizip\7z;C:\Users\a0104\AppData\Local\Microsoft\WindowsApps;
USERNAME=a0104
OS=Windows_NT
PROCESSOR_IDENTIFIER=AMD64 Family 22 Model 0 Stepping 1, AuthenticAMD



---------------  S Y S T E M  ---------------

OS: Windows 10.0 , 64 bit Build 14393 (10.0.14393.0)

CPU:total 4 (4 cores per cpu, 1 threads per core) family 22 model 0 stepping 1, cmov, cx8, fxsr, mmx, sse, sse2, sse3, ssse3, sse4.1, sse4.2, popcnt, avx, aes, clmul, mmxext, 3dnowpref, lzcnt, sse4a, tsc, tscinvbit, tscinv, bmi1

Memory: 4k page, physical 3611584k(136528k free), swap 5708736k(4412k free)

vm_info: OpenJDK 64-Bit Server VM (25.76-b03) for windows-amd64 JRE (1.8.0_76-release-b03), built on Jun 29 2016 19:09:20 by "ralucas" with MS VC++ 10.0 (VS2010)

time: Mon Feb 13 01:34:58 2017
elapsed time: 71 seconds (0d 0h 1m 11s)

