#
# There is insufficient memory for the Java Runtime Environment to continue.
# Native memory allocation (malloc) failed to allocate 199056 bytes for Chunk::new
# Possible reasons:
#   The system is out of physical RAM or swap space
#   In 32 bit mode, the process size limit was hit
# Possible solutions:
#   Reduce memory load on the system
#   Increase physical memory or swap space
#   Check if swap backing store is full
#   Use 64 bit Java on a 64 bit OS
#   Decrease Java heap size (-Xmx/-Xms)
#   Decrease number of Java threads
#   Decrease Java thread stack sizes (-Xss)
#   Set larger code cache with -XX:ReservedCodeCacheSize=
# This output file may be truncated or incomplete.
#
#  Out of Memory Error (allocation.cpp:390), pid=844, tid=0x0000000000000564
#
# JRE version: OpenJDK Runtime Environment (8.0_76-b03) (build 1.8.0_76-release-b03)
# Java VM: OpenJDK 64-Bit Server VM (25.76-b03 mixed mode windows-amd64 compressed oops)
# Failed to write core dump. Minidumps are not enabled by default on client versions of Windows
#

---------------  T H R E A D  ---------------

Current thread (0x0000000015058000):  JavaThread "C2 CompilerThread0" daemon [_thread_in_native, id=1380, stack(0x0000000016600000,0x0000000016700000)]

Stack: [0x0000000016600000,0x0000000016700000]
[error occurred during error reporting (printing stack bounds), id 0xc0000005]

Native frames: (J=compiled Java code, j=interpreted, Vv=VM code, C=native code)


Current CompileTask:
C2:  13584 1154       4       com.android.dx.ssa.SsaRenamer$BlockRenamer::process (191 bytes)


---------------  P R O C E S S  ---------------

Java Threads: ( => current thread )
  0x000000001675d800 JavaThread "Service Thread" daemon [_thread_blocked, id=10980, stack(0x0000000016d00000,0x0000000016e00000)]
  0x0000000016759800 JavaThread "C1 CompilerThread2" daemon [_thread_blocked, id=7112, stack(0x0000000016c00000,0x0000000016d00000)]
  0x0000000016756000 JavaThread "C2 CompilerThread1" daemon [_thread_blocked, id=4604, stack(0x0000000016b00000,0x0000000016c00000)]
=>0x0000000015058000 JavaThread "C2 CompilerThread0" daemon [_thread_in_native, id=1380, stack(0x0000000016600000,0x0000000016700000)]
  0x000000001500b000 JavaThread "Attach Listener" daemon [_thread_blocked, id=9608, stack(0x0000000016500000,0x0000000016600000)]
  0x0000000015057800 JavaThread "Signal Dispatcher" daemon [_thread_blocked, id=8188, stack(0x0000000016400000,0x0000000016500000)]
  0x0000000002926800 JavaThread "Finalizer" daemon [_thread_blocked, id=9872, stack(0x0000000016280000,0x0000000016380000)]
  0x0000000002920800 JavaThread "Reference Handler" daemon [_thread_blocked, id=3276, stack(0x0000000016180000,0x0000000016280000)]
  0x0000000002830800 JavaThread "main" [_thread_in_vm, id=6092, stack(0x0000000002730000,0x0000000002830000)]

Other Threads:
  0x0000000014fc5000 VMThread [stack: 0x0000000016080000,0x0000000016180000] [id=3808]
  0x0000000016760000 WatcherThread [stack: 0x0000000016e00000,0x0000000016f00000] [id=2044]

VM state:not at safepoint (normal execution)

VM Mutex/Monitor currently owned by a thread: None

Heap:
 PSYoungGen      total 16896K, used 4116K [0x00000000eab00000, 0x00000000ebd80000, 0x0000000100000000)
  eden space 14848K, 13% used [0x00000000eab00000,0x00000000ead050c8,0x00000000eb980000)
  from space 2048K, 100% used [0x00000000ebb80000,0x00000000ebd80000,0x00000000ebd80000)
  to   space 2048K, 0% used [0x00000000eb980000,0x00000000eb980000,0x00000000ebb80000)
 ParOldGen       total 38400K, used 8476K [0x00000000c0000000, 0x00000000c2580000, 0x00000000eab00000)
  object space 38400K, 22% used [0x00000000c0000000,0x00000000c0847088,0x00000000c2580000)
 Metaspace       used 5407K, capacity 6832K, committed 7040K, reserved 1056768K
  class space    used 522K, capacity 616K, committed 640K, reserved 1048576K

Card table byte_map: [0x0000000011cf0000,0x0000000011f00000] byte_map_base: 0x00000000116f0000

Marking Bits: (ParMarkBitMap*) 0x0000000061739d00
 Begin Bits: [0x0000000012460000, 0x0000000013460000)
 End Bits:   [0x0000000013460000, 0x0000000014460000)

Polling page: 0x00000000022f0000

CodeCache: size=245760Kb used=4824Kb max_used=4836Kb free=240935Kb
 bounds [0x0000000002930000, 0x0000000002df0000, 0x0000000011930000]
 total_blobs=1409 nmethods=1151 adapters=173
 compilation: enabled

Compilation events (10 events):
Event: 13.344 Thread 0x0000000015058000 nmethod 1149 0x0000000002dc9ed0 code [0x0000000002dca020, 0x0000000002dca178]
Event: 13.347 Thread 0x0000000016756000 1150       4       com.android.dx.ssa.SsaBasicBlock::forEachPhiInsn (54 bytes)
Event: 13.367 Thread 0x0000000016756000 nmethod 1150 0x0000000002dcbf50 code [0x0000000002dcc0e0, 0x0000000002dcc528]
Event: 13.374 Thread 0x0000000015058000 1151       4       com.android.dx.ssa.SsaRenamer$BlockRenamer::processResultReg (56 bytes)
Event: 13.376 Thread 0x0000000016756000 1152       4       com.android.dx.ssa.SsaRenamer$BlockRenamer::visitNonMoveInsn (14 bytes)
Event: 13.417 Thread 0x0000000016756000 nmethod 1152 0x0000000002debad0 code [0x0000000002debc60, 0x0000000002dec328]
Event: 13.420 Thread 0x0000000015058000 nmethod 1151 0x0000000002deab50 code [0x0000000002deacc0, 0x0000000002deb358]
Event: 13.507 Thread 0x0000000016756000 1153       4       com.android.dx.ssa.SsaRenamer$BlockRenamer$RenamingMapper::map (28 bytes)
Event: 13.512 Thread 0x0000000016756000 nmethod 1153 0x0000000002dd1510 code [0x0000000002dd1660, 0x0000000002dd1768]
Event: 13.514 Thread 0x0000000015058000 1154       4       com.android.dx.ssa.SsaRenamer$BlockRenamer::process (191 bytes)

GC Heap History (4 events):
Event: 9.067 GC heap before
{Heap before GC invocations=1 (full 0):
 PSYoungGen      total 16896K, used 14848K [0x00000000eab00000, 0x00000000ebd80000, 0x0000000100000000)
  eden space 14848K, 100% used [0x00000000eab00000,0x00000000eb980000,0x00000000eb980000)
  from space 2048K, 0% used [0x00000000ebb80000,0x00000000ebb80000,0x00000000ebd80000)
  to   space 2048K, 0% used [0x00000000eb980000,0x00000000eb980000,0x00000000ebb80000)
 ParOldGen       total 38400K, used 0K [0x00000000c0000000, 0x00000000c2580000, 0x00000000eab00000)
  object space 38400K, 0% used [0x00000000c0000000,0x00000000c0000000,0x00000000c2580000)
 Metaspace       used 5331K, capacity 6736K, committed 7040K, reserved 1056768K
  class space    used 517K, capacity 584K, committed 640K, reserved 1048576K
Event: 9.129 GC heap after
Heap after GC invocations=1 (full 0):
 PSYoungGen      total 16896K, used 2046K [0x00000000eab00000, 0x00000000ebd80000, 0x0000000100000000)
  eden space 14848K, 0% used [0x00000000eab00000,0x00000000eab00000,0x00000000eb980000)
  from space 2048K, 99% used [0x00000000eb980000,0x00000000ebb7fb50,0x00000000ebb80000)
  to   space 2048K, 0% used [0x00000000ebb80000,0x00000000ebb80000,0x00000000ebd80000)
 ParOldGen       total 38400K, used 2193K [0x00000000c0000000, 0x00000000c2580000, 0x00000000eab00000)
  object space 38400K, 5% used [0x00000000c0000000,0x00000000c0224798,0x00000000c2580000)
 Metaspace       used 5331K, capacity 6736K, committed 7040K, reserved 1056768K
  class space    used 517K, capacity 584K, committed 640K, reserved 1048576K
}
Event: 12.968 GC heap before
{Heap before GC invocations=2 (full 0):
 PSYoungGen      total 16896K, used 16894K [0x00000000eab00000, 0x00000000ebd80000, 0x0000000100000000)
  eden space 14848K, 100% used [0x00000000eab00000,0x00000000eb980000,0x00000000eb980000)
  from space 2048K, 99% used [0x00000000eb980000,0x00000000ebb7fb50,0x00000000ebb80000)
  to   space 2048K, 0% used [0x00000000ebb80000,0x00000000ebb80000,0x00000000ebd80000)
 ParOldGen       total 38400K, used 2193K [0x00000000c0000000, 0x00000000c2580000, 0x00000000eab00000)
  object space 38400K, 5% used [0x00000000c0000000,0x00000000c0224798,0x00000000c2580000)
 Metaspace       used 5407K, capacity 6832K, committed 7040K, reserved 1056768K
  class space    used 522K, capacity 616K, committed 640K, reserved 1048576K
Event: 13.301 GC heap after
Heap after GC invocations=2 (full 0):
 PSYoungGen      total 16896K, used 2048K [0x00000000eab00000, 0x00000000ebd80000, 0x0000000100000000)
  eden space 14848K, 0% used [0x00000000eab00000,0x00000000eab00000,0x00000000eb980000)
  from space 2048K, 100% used [0x00000000ebb80000,0x00000000ebd80000,0x00000000ebd80000)
  to   space 2048K, 0% used [0x00000000eb980000,0x00000000eb980000,0x00000000ebb80000)
 ParOldGen       total 38400K, used 8476K [0x00000000c0000000, 0x00000000c2580000, 0x00000000eab00000)
  object space 38400K, 22% used [0x00000000c0000000,0x00000000c0847088,0x00000000c2580000)
 Metaspace       used 5407K, capacity 6832K, committed 7040K, reserved 1056768K
  class space    used 522K, capacity 616K, committed 640K, reserved 1048576K
}

Deoptimization events (10 events):
Event: 9.854 Thread 0x0000000002830800 Uncommon trap: reason=unloaded action=reinterpret pc=0x0000000002c41ae4 method=com.android.dx.ssa.SsaRenamer$BlockRenamer.visitMoveInsn(Lcom/android/dx/ssa/NormalSsaInsn;)V @ 208
Event: 9.970 Thread 0x0000000002830800 Uncommon trap: reason=unstable_if action=reinterpret pc=0x0000000002d3080c method=com.android.dx.ssa.NormalSsaInsn.getLocalAssignment()Lcom/android/dx/rop/code/RegisterSpec; @ 12
Event: 9.970 Thread 0x0000000002830800 Uncommon trap: reason=unstable_if action=reinterpret pc=0x0000000002cdcd28 method=com.android.dx.ssa.NormalSsaInsn.getLocalAssignment()Lcom/android/dx/rop/code/RegisterSpec; @ 12
Event: 9.971 Thread 0x0000000002830800 Uncommon trap: reason=unstable_if action=reinterpret pc=0x0000000002ca0fb0 method=com.android.dx.ssa.NormalSsaInsn.getLocalAssignment()Lcom/android/dx/rop/code/RegisterSpec; @ 12
Event: 9.978 Thread 0x0000000002830800 Uncommon trap: reason=unstable_if action=reinterpret pc=0x0000000002c2a84c method=com.android.dx.rop.code.RegisterSpec.equals(ILcom/android/dx/rop/type/TypeBearer;Lcom/android/dx/rop/code/LocalItem;)Z @ 24
Event: 9.990 Thread 0x0000000002830800 Uncommon trap: reason=unstable_if action=reinterpret pc=0x0000000002d49fe0 method=com.android.dx.util.IntList.binarysearch(I)I @ 26
Event: 9.996 Thread 0x0000000002830800 Uncommon trap: reason=class_check action=maybe_recompile pc=0x0000000002c928e0 method=com.android.dx.rop.type.Type.equals(Ljava/lang/Object;)Z @ 8
Event: 9.996 Thread 0x0000000002830800 Uncommon trap: reason=null_check action=make_not_entrant pc=0x0000000002c928f0 method=com.android.dx.rop.type.Type.equals(Ljava/lang/Object;)Z @ 8
Event: 9.998 Thread 0x0000000002830800 Uncommon trap: reason=unstable_if action=reinterpret pc=0x0000000002d2dc78 method=com.android.dx.cf.code.Ropper.labelToResultIndex(I)I @ 34
Event: 10.213 Thread 0x0000000002830800 Uncommon trap: reason=class_check action=maybe_recompile pc=0x0000000002b80770 method=com.android.dx.ssa.NormalSsaInsn.accept(Lcom/android/dx/ssa/SsaInsn$Visitor;)V @ 9

Internal exceptions (3 events):
Event: 0.790 Thread 0x0000000002830800 Exception <a 'java/lang/NoSuchMethodError': Method sun.misc.Unsafe.defineClass(Ljava/lang/String;[BII)Ljava/lang/Class; name or signature does not match> (0x00000000eab07cc0) thrown at [C:\src\android\AOSP-openjdk\external\jetbrains\jdk\hotspot\src\share\vÂÛYgFÈ?
Event: 0.790 Thread 0x0000000002830800 Exception <a 'java/lang/NoSuchMethodError': Method sun.misc.Unsafe.prefetchRead(Ljava/lang/Object;J)V name or signature does not match> (0x00000000eab07fa8) thrown at [C:\src\android\AOSP-openjdk\external\jetbrains\jdk\hotspot\src\share\vm\prims\jni.cpp, lÏà.ê
˛#@
Event: 9.996 Thread 0x0000000002830800 Implicit null exception at 0x0000000002c927e2 to 0x0000000002c928e1

Events (10 events):
Event: 11.147 Thread 0x0000000002830800 DEOPT PACKING pc=0x0000000002d6dac2 sp=0x000000000282e380
Event: 11.147 Thread 0x0000000002830800 DEOPT UNPACKING pc=0x00000000029771bf sp=0x000000000282e0e8 mode 0
Event: 11.150 Thread 0x0000000002830800 DEOPT PACKING pc=0x0000000002d6dac2 sp=0x000000000282e380
Event: 11.150 Thread 0x0000000002830800 DEOPT UNPACKING pc=0x00000000029771bf sp=0x000000000282e0e8 mode 0
Event: 11.152 Thread 0x0000000002830800 DEOPT PACKING pc=0x0000000002d6dac2 sp=0x000000000282e380
Event: 11.152 Thread 0x0000000002830800 DEOPT UNPACKING pc=0x00000000029771bf sp=0x000000000282e0e8 mode 0
Event: 12.471 Thread 0x0000000002830800 DEOPT PACKING pc=0x0000000002c2e38c sp=0x000000000282e600
Event: 12.471 Thread 0x0000000002830800 DEOPT UNPACKING pc=0x00000000029771bf sp=0x000000000282e328 mode 0
Event: 12.968 Executing VM operation: ParallelGCFailedAllocation
Event: 13.301 Executing VM operation: ParallelGCFailedAllocation done


Dynamic libraries:
0x00007ff68c230000 - 0x00007ff68c261000 	C:\Program Files\Android\Android Studio\jre\bin\java.exe
0x00007ffd9ae40000 - 0x00007ffd9b011000 	C:\WINDOWS\SYSTEM32\ntdll.dll
0x00007ffd9ad90000 - 0x00007ffd9ae3b000 	C:\WINDOWS\System32\KERNEL32.DLL
0x00007ffd98160000 - 0x00007ffd9837d000 	C:\WINDOWS\System32\KERNELBASE.dll
0x00007ffd9aba0000 - 0x00007ffd9ac42000 	C:\WINDOWS\System32\ADVAPI32.dll
0x00007ffd9ac50000 - 0x00007ffd9acee000 	C:\WINDOWS\System32\msvcrt.dll
0x00007ffd9a730000 - 0x00007ffd9a789000 	C:\WINDOWS\System32\sechost.dll
0x00007ffd9a530000 - 0x00007ffd9a651000 	C:\WINDOWS\System32\RPCRT4.dll
0x00007ffd98800000 - 0x00007ffd98965000 	C:\WINDOWS\System32\USER32.dll
0x00007ffd97330000 - 0x00007ffd9734e000 	C:\WINDOWS\System32\win32u.dll
0x00007ffd98970000 - 0x00007ffd989a4000 	C:\WINDOWS\System32\GDI32.dll
0x00007ffd97460000 - 0x00007ffd975e2000 	C:\WINDOWS\System32\gdi32full.dll
0x00007ffd8c050000 - 0x00007ffd8c2c9000 	C:\WINDOWS\WinSxS\amd64_microsoft.windows.common-controls_6595b64144ccf1df_6.0.14393.447_none_42191651c6827bb3\COMCTL32.dll
0x00007ffd9a130000 - 0x00007ffd9a3f8000 	C:\WINDOWS\System32\combase.dll
0x00007ffd97860000 - 0x00007ffd97955000 	C:\WINDOWS\System32\ucrtbase.dll
0x00007ffd97a10000 - 0x00007ffd97a7a000 	C:\WINDOWS\System32\bcryptPrimitives.dll
0x00007ffd9aa10000 - 0x00007ffd9aa3e000 	C:\WINDOWS\System32\IMM32.DLL
0x0000000060dc0000 - 0x0000000060e92000 	C:\Program Files\Android\Android Studio\jre\jre\bin\msvcr100.dll
0x0000000060f80000 - 0x00000000617b4000 	C:\Program Files\Android\Android Studio\jre\jre\bin\server\jvm.dll
0x00007ffd9a4c0000 - 0x00007ffd9a4c8000 	C:\WINDOWS\System32\PSAPI.DLL
0x00007ffd84d80000 - 0x00007ffd84d89000 	C:\WINDOWS\SYSTEM32\WSOCK32.dll
0x00007ffd9a9a0000 - 0x00007ffd9aa0a000 	C:\WINDOWS\System32\WS2_32.dll
0x00007ffd95730000 - 0x00007ffd95753000 	C:\WINDOWS\SYSTEM32\WINMM.dll
0x00007ffd939c0000 - 0x00007ffd939ca000 	C:\WINDOWS\SYSTEM32\VERSION.dll
0x00007ffd956a0000 - 0x00007ffd956cb000 	C:\WINDOWS\SYSTEM32\WINMMBASE.dll
0x00007ffd98380000 - 0x00007ffd983c2000 	C:\WINDOWS\System32\cfgmgr32.dll
0x00007ffd93d60000 - 0x00007ffd93d6f000 	C:\Program Files\Android\Android Studio\jre\jre\bin\verify.dll
0x00007ffd93d30000 - 0x00007ffd93d59000 	C:\Program Files\Android\Android Studio\jre\jre\bin\java.dll
0x00007ffd904a0000 - 0x00007ffd904b6000 	C:\Program Files\Android\Android Studio\jre\jre\bin\zip.dll
0x00007ffd98c00000 - 0x00007ffd9a109000 	C:\WINDOWS\System32\SHELL32.dll
0x00007ffd97a80000 - 0x00007ffd9815a000 	C:\WINDOWS\System32\windows.storage.dll
0x00007ffd972c0000 - 0x00007ffd9730c000 	C:\WINDOWS\System32\powrprof.dll
0x00007ffd9a660000 - 0x00007ffd9a6b2000 	C:\WINDOWS\System32\shlwapi.dll
0x00007ffd972a0000 - 0x00007ffd972af000 	C:\WINDOWS\System32\kernel.appcore.dll
0x00007ffd97960000 - 0x00007ffd97a09000 	C:\WINDOWS\System32\shcore.dll
0x00007ffd97310000 - 0x00007ffd97324000 	C:\WINDOWS\System32\profapi.dll

VM Arguments:
jvm_args: -Djava.awt.headless=true -Xmx1024M -Dfile.encoding=x-windows-949 -Duser.country=KR -Duser.language=ko -Duser.variant 
java_command: com.android.dx.command.Main --dex --force-jumbo --output C:\GitHub\project\TravelPlanner\app\build\intermediates\pre-dexed\debug\main_3055ac3b7905324349e7b618542b297468f5c604.jar C:\GitHub\project\TravelPlanner\app\build\intermediates\transforms\instantRun\debug\folders\1\5\main
java_class_path (initial): C:\Users\a0104\AppData\Local\Android\sdk\build-tools\21.1.2\lib\dx.jar
Launcher Type: SUN_STANDARD

Environment Variables:
JAVA_HOME=C:\Program Files\Java\jdk1.8.0_73
PATH=C:\ProgramData\Oracle\Java\javapath;C:\WINDOWS\system32;C:\WINDOWS;C:\WINDOWS\System32\Wbem;C:\WINDOWS\System32\WindowsPowerShell\v1.0\;C:\Program Files\Java\jdk1.8.0_73\bin;C:\Program Files\Bandizip\7z;C:\Users\a0104\AppData\Local\Microsoft\WindowsApps;
USERNAME=a0104
OS=Windows_NT
PROCESSOR_IDENTIFIER=AMD64 Family 22 Model 0 Stepping 1, AuthenticAMD



---------------  S Y S T E M  ---------------

OS: Windows 10.0 , 64 bit Build 14393 (10.0.14393.0)

CPU:total 4 (4 cores per cpu, 1 threads per core) family 22 model 0 stepping 1, cmov, cx8, fxsr, mmx, sse, sse2, sse3, ssse3, sse4.1, sse4.2, popcnt, avx, aes, clmul, mmxext, 3dnowpref, lzcnt, sse4a, tsc, tscinvbit, tscinv, bmi1

Memory: 4k page, physical 3611584k(328860k free), swap 5708736k(4084k free)

vm_info: OpenJDK 64-Bit Server VM (25.76-b03) for windows-amd64 JRE (1.8.0_76-release-b03), built on Jun 29 2016 19:09:20 by "ralucas" with MS VC++ 10.0 (VS2010)

time: Wed Feb 08 02:12:53 2017
elapsed time: 13 seconds (0d 0h 0m 13s)

