#
# There is insufficient memory for the Java Runtime Environment to continue.
# Native memory allocation (malloc) failed to allocate 229696 bytes for Chunk::new
# Possible reasons:
#   The system is out of physical RAM or swap space
#   In 32 bit mode, the process size limit was hit
# Possible solutions:
#   Reduce memory load on the system
#   Increase physical memory or swap space
#   Check if swap backing store is full
#   Use 64 bit Java on a 64 bit OS
#   Decrease Java heap size (-Xmx/-Xms)
#   Decrease number of Java threads
#   Decrease Java thread stack sizes (-Xss)
#   Set larger code cache with -XX:ReservedCodeCacheSize=
# This output file may be truncated or incomplete.
#
#  Out of Memory Error (allocation.cpp:390), pid=9196, tid=0x00000000000019b8
#
# JRE version: OpenJDK Runtime Environment (8.0_76-b03) (build 1.8.0_76-release-b03)
# Java VM: OpenJDK 64-Bit Server VM (25.76-b03 mixed mode windows-amd64 compressed oops)
# Failed to write core dump. Minidumps are not enabled by default on client versions of Windows
#

---------------  T H R E A D  ---------------

Current thread (0x00000000164fb800):  JavaThread "C2 CompilerThread1" daemon [_thread_in_native, id=6584, stack(0x00000000168c0000,0x00000000169c0000)]

Stack: [0x00000000168c0000,0x00000000169c0000]
[error occurred during error reporting (printing stack bounds), id 0xc0000005]

Native frames: (J=compiled Java code, j=interpreted, Vv=VM code, C=native code)


Current CompileTask:
C2:  99186 3091       4       com.android.dx.dex.code.LocalList$MakeState::startLocal (266 bytes)


---------------  P R O C E S S  ---------------

Java Threads: ( => current thread )
  0x0000000016537000 JavaThread "Service Thread" daemon [_thread_blocked, id=10116, stack(0x0000000016ac0000,0x0000000016bc0000)]
  0x0000000016519800 JavaThread "C1 CompilerThread2" daemon [_thread_blocked, id=4968, stack(0x00000000169c0000,0x0000000016ac0000)]
=>0x00000000164fb800 JavaThread "C2 CompilerThread1" daemon [_thread_in_native, id=6584, stack(0x00000000168c0000,0x00000000169c0000)]
  0x0000000014e48000 JavaThread "C2 CompilerThread0" daemon [_thread_in_native, id=11136, stack(0x00000000163c0000,0x00000000164c0000)]
  0x0000000014dfa000 JavaThread "Attach Listener" daemon [_thread_blocked, id=3392, stack(0x00000000162c0000,0x00000000163c0000)]
  0x0000000014e47800 JavaThread "Signal Dispatcher" daemon [_thread_blocked, id=7204, stack(0x00000000161c0000,0x00000000162c0000)]
  0x0000000014dd8800 JavaThread "Finalizer" daemon [_thread_blocked, id=10740, stack(0x0000000016040000,0x0000000016140000)]
  0x0000000002711000 JavaThread "Reference Handler" daemon [_thread_blocked, id=2796, stack(0x0000000015f40000,0x0000000016040000)]
  0x0000000002620800 JavaThread "main" [_thread_in_Java, id=11820, stack(0x0000000002520000,0x0000000002620000)]

Other Threads:
  0x0000000014db5000 VMThread [stack: 0x0000000015e40000,0x0000000015f40000] [id=10928]
  0x0000000016539000 WatcherThread [stack: 0x0000000016bc0000,0x0000000016cc0000] [id=8692]

VM state:not at safepoint (normal execution)

VM Mutex/Monitor currently owned by a thread: None

Heap:
 PSYoungGen      total 242176K, used 179573K [0x00000000eab00000, 0x00000000fe100000, 0x0000000100000000)
  eden space 183808K, 94% used [0x00000000eab00000,0x00000000f53bc728,0x00000000f5e80000)
  from space 58368K, 11% used [0x00000000f5e80000,0x00000000f6520fc0,0x00000000f9780000)
  to   space 54784K, 0% used [0x00000000fab80000,0x00000000fab80000,0x00000000fe100000)
 ParOldGen       total 224256K, used 224032K [0x00000000c0000000, 0x00000000cdb00000, 0x00000000eab00000)
  object space 224256K, 99% used [0x00000000c0000000,0x00000000cdac80c8,0x00000000cdb00000)
 Metaspace       used 6566K, capacity 7472K, committed 7552K, reserved 1056768K
  class space    used 592K, capacity 616K, committed 640K, reserved 1048576K

Card table byte_map: [0x0000000011ae0000,0x0000000011cf0000] byte_map_base: 0x00000000114e0000

Marking Bits: (ParMarkBitMap*) 0x0000000053e19d00
 Begin Bits: [0x0000000012250000, 0x0000000013250000)
 End Bits:   [0x0000000013250000, 0x0000000014250000)

Polling page: 0x0000000000580000

CodeCache: size=245760Kb used=12623Kb max_used=12643Kb free=233136Kb
 bounds [0x0000000002720000, 0x0000000003390000, 0x0000000011720000]
 total_blobs=2771 nmethods=2503 adapters=182
 compilation: enabled

Compilation events (10 events):
Event: 98.962 Thread 0x0000000016519800 3092       3       com.android.dx.dex.code.form.Form22t::compatibleRegs (48 bytes)
Event: 98.965 Thread 0x0000000016519800 nmethod 3092 0x000000000336e450 code [0x000000000336e680, 0x000000000336f328]
Event: 98.965 Thread 0x00000000164fb800 nmethod 3080 0x000000000337d450 code [0x000000000337d840, 0x00000000033818f8]
Event: 98.966 Thread 0x00000000164fb800 3090       4       com.android.dx.dex.code.LocalList$MakeState::aboutToProcess (127 bytes)
Event: 98.977 Thread 0x0000000016519800 3093       1       com.android.dx.dex.code.form.Form31t::codeSize (2 bytes)
Event: 98.978 Thread 0x0000000016519800 nmethod 3093 0x000000000336e190 code [0x000000000336e2e0, 0x000000000336e3f0]
Event: 98.978 Thread 0x0000000016519800 3094       1       com.android.dx.dex.code.form.Form31t::branchFits (2 bytes)
Event: 98.978 Thread 0x0000000016519800 nmethod 3094 0x000000000336ded0 code [0x000000000336e020, 0x000000000336e130]
Event: 98.989 Thread 0x00000000164fb800 nmethod 3090 0x0000000003369f90 code [0x000000000336a100, 0x000000000336a588]
Event: 98.990 Thread 0x00000000164fb800 3091       4       com.android.dx.dex.code.LocalList$MakeState::startLocal (266 bytes)

GC Heap History (10 events):
Event: 62.600 GC heap before
{Heap before GC invocations=17 (full 3):
 PSYoungGen      total 207872K, used 37870K [0x00000000eab00000, 0x00000000fbc00000, 0x0000000100000000)
  eden space 169984K, 0% used [0x00000000eab00000,0x00000000eab00000,0x00000000f5100000)
  from space 37888K, 99% used [0x00000000f8080000,0x00000000fa57ba08,0x00000000fa580000)
  to   space 48640K, 0% used [0x00000000f5100000,0x00000000f5100000,0x00000000f8080000)
 ParOldGen       total 134656K, used 121764K [0x00000000c0000000, 0x00000000c8380000, 0x00000000eab00000)
  object space 134656K, 90% used [0x00000000c0000000,0x00000000c76e91d8,0x00000000c8380000)
 Metaspace       used 6205K, capacity 7216K, committed 7296K, reserved 1056768K
  class space    used 574K, capacity 616K, committed 640K, reserved 1048576K
Event: 67.731 GC heap after
Heap after GC invocations=17 (full 3):
 PSYoungGen      total 207872K, used 23393K [0x00000000eab00000, 0x00000000fbc00000, 0x0000000100000000)
  eden space 169984K, 0% used [0x00000000eab00000,0x00000000eab00000,0x00000000f5100000)
  from space 37888K, 61% used [0x00000000f8080000,0x00000000f9758570,0x00000000fa580000)
  to   space 48640K, 0% used [0x00000000f5100000,0x00000000f5100000,0x00000000f8080000)
 ParOldGen       total 224256K, used 134641K [0x00000000c0000000, 0x00000000cdb00000, 0x00000000eab00000)
  object space 224256K, 60% used [0x00000000c0000000,0x00000000c837c6b0,0x00000000cdb00000)
 Metaspace       used 6205K, capacity 7216K, committed 7296K, reserved 1056768K
  class space    used 574K, capacity 616K, committed 640K, reserved 1048576K
}
Event: 73.111 GC heap before
{Heap before GC invocations=18 (full 3):
 PSYoungGen      total 207872K, used 193377K [0x00000000eab00000, 0x00000000fbc00000, 0x0000000100000000)
  eden space 169984K, 100% used [0x00000000eab00000,0x00000000f5100000,0x00000000f5100000)
  from space 37888K, 61% used [0x00000000f8080000,0x00000000f9758570,0x00000000fa580000)
  to   space 48640K, 0% used [0x00000000f5100000,0x00000000f5100000,0x00000000f8080000)
 ParOldGen       total 224256K, used 134641K [0x00000000c0000000, 0x00000000cdb00000, 0x00000000eab00000)
  object space 224256K, 60% used [0x00000000c0000000,0x00000000c837c6b0,0x00000000cdb00000)
 Metaspace       used 6210K, capacity 7216K, committed 7296K, reserved 1056768K
  class space    used 574K, capacity 616K, committed 640K, reserved 1048576K
Event: 73.599 GC heap after
Heap after GC invocations=18 (full 3):
 PSYoungGen      total 218624K, used 27552K [0x00000000eab00000, 0x00000000fc700000, 0x0000000100000000)
  eden space 169984K, 0% used [0x00000000eab00000,0x00000000eab00000,0x00000000f5100000)
  from space 48640K, 56% used [0x00000000f5100000,0x00000000f6be8000,0x00000000f8080000)
  to   space 48640K, 0% used [0x00000000f9780000,0x00000000f9780000,0x00000000fc700000)
 ParOldGen       total 224256K, used 158238K [0x00000000c0000000, 0x00000000cdb00000, 0x00000000eab00000)
  object space 224256K, 70% used [0x00000000c0000000,0x00000000c9a87928,0x00000000cdb00000)
 Metaspace       used 6210K, capacity 7216K, committed 7296K, reserved 1056768K
  class space    used 574K, capacity 616K, committed 640K, reserved 1048576K
}
Event: 77.293 GC heap before
{Heap before GC invocations=19 (full 3):
 PSYoungGen      total 218624K, used 197536K [0x00000000eab00000, 0x00000000fc700000, 0x0000000100000000)
  eden space 169984K, 100% used [0x00000000eab00000,0x00000000f5100000,0x00000000f5100000)
  from space 48640K, 56% used [0x00000000f5100000,0x00000000f6be8000,0x00000000f8080000)
  to   space 48640K, 0% used [0x00000000f9780000,0x00000000f9780000,0x00000000fc700000)
 ParOldGen       total 224256K, used 158238K [0x00000000c0000000, 0x00000000cdb00000, 0x00000000eab00000)
  object space 224256K, 70% used [0x00000000c0000000,0x00000000c9a87928,0x00000000cdb00000)
 Metaspace       used 6224K, capacity 7216K, committed 7296K, reserved 1056768K
  class space    used 574K, capacity 616K, committed 640K, reserved 1048576K
Event: 77.835 GC heap after
Heap after GC invocations=19 (full 3):
 PSYoungGen      total 232448K, used 48618K [0x00000000eab00000, 0x00000000fe100000, 0x0000000100000000)
  eden space 183808K, 0% used [0x00000000eab00000,0x00000000eab00000,0x00000000f5e80000)
  from space 48640K, 99% used [0x00000000f9780000,0x00000000fc6fabc0,0x00000000fc700000)
  to   space 58368K, 0% used [0x00000000f5e80000,0x00000000f5e80000,0x00000000f9780000)
 ParOldGen       total 224256K, used 163101K [0x00000000c0000000, 0x00000000cdb00000, 0x00000000eab00000)
  object space 224256K, 72% used [0x00000000c0000000,0x00000000c9f476d0,0x00000000cdb00000)
 Metaspace       used 6224K, capacity 7216K, committed 7296K, reserved 1056768K
  class space    used 574K, capacity 616K, committed 640K, reserved 1048576K
}
Event: 81.104 GC heap before
{Heap before GC invocations=20 (full 3):
 PSYoungGen      total 232448K, used 232426K [0x00000000eab00000, 0x00000000fe100000, 0x0000000100000000)
  eden space 183808K, 100% used [0x00000000eab00000,0x00000000f5e80000,0x00000000f5e80000)
  from space 48640K, 99% used [0x00000000f9780000,0x00000000fc6fabc0,0x00000000fc700000)
  to   space 58368K, 0% used [0x00000000f5e80000,0x00000000f5e80000,0x00000000f9780000)
 ParOldGen       total 224256K, used 163101K [0x00000000c0000000, 0x00000000cdb00000, 0x00000000eab00000)
  object space 224256K, 72% used [0x00000000c0000000,0x00000000c9f476d0,0x00000000cdb00000)
 Metaspace       used 6224K, capacity 7216K, committed 7296K, reserved 1056768K
  class space    used 574K, capacity 616K, committed 640K, reserved 1048576K
Event: 81.449 GC heap after
Heap after GC invocations=20 (full 3):
 PSYoungGen      total 242176K, used 22840K [0x00000000eab00000, 0x00000000fe100000, 0x0000000100000000)
  eden space 183808K, 0% used [0x00000000eab00000,0x00000000eab00000,0x00000000f5e80000)
  from space 58368K, 39% used [0x00000000f5e80000,0x00000000f74ce198,0x00000000f9780000)
  to   space 54784K, 0% used [0x00000000fab80000,0x00000000fab80000,0x00000000fe100000)
 ParOldGen       total 224256K, used 211627K [0x00000000c0000000, 0x00000000cdb00000, 0x00000000eab00000)
  object space 224256K, 94% used [0x00000000c0000000,0x00000000cceaafb0,0x00000000cdb00000)
 Metaspace       used 6224K, capacity 7216K, committed 7296K, reserved 1056768K
  class space    used 574K, capacity 616K, committed 640K, reserved 1048576K
}
Event: 81.450 GC heap before
{Heap before GC invocations=21 (full 4):
 PSYoungGen      total 242176K, used 22840K [0x00000000eab00000, 0x00000000fe100000, 0x0000000100000000)
  eden space 183808K, 0% used [0x00000000eab00000,0x00000000eab00000,0x00000000f5e80000)
  from space 58368K, 39% used [0x00000000f5e80000,0x00000000f74ce198,0x00000000f9780000)
  to   space 54784K, 0% used [0x00000000fab80000,0x00000000fab80000,0x00000000fe100000)
 ParOldGen       total 224256K, used 211627K [0x00000000c0000000, 0x00000000cdb00000, 0x00000000eab00000)
  object space 224256K, 94% used [0x00000000c0000000,0x00000000cceaafb0,0x00000000cdb00000)
 Metaspace       used 6224K, capacity 7216K, committed 7296K, reserved 1056768K
  class space    used 574K, capacity 616K, committed 640K, reserved 1048576K
Event: 87.051 GC heap after
Heap after GC invocations=21 (full 4):
 PSYoungGen      total 242176K, used 6787K [0x00000000eab00000, 0x00000000fe100000, 0x0000000100000000)
  eden space 183808K, 0% used [0x00000000eab00000,0x00000000eab00000,0x00000000f5e80000)
  from space 58368K, 11% used [0x00000000f5e80000,0x00000000f6520fc0,0x00000000f9780000)
  to   space 54784K, 0% used [0x00000000fab80000,0x00000000fab80000,0x00000000fe100000)
 ParOldGen       total 224256K, used 224032K [0x00000000c0000000, 0x00000000cdb00000, 0x00000000eab00000)
  object space 224256K, 99% used [0x00000000c0000000,0x00000000cdac80c8,0x00000000cdb00000)
 Metaspace       used 6224K, capacity 7216K, committed 7296K, reserved 1056768K
  class space    used 574K, capacity 616K, committed 640K, reserved 1048576K
}

Deoptimization events (10 events):
Event: 96.242 Thread 0x0000000002620800 Uncommon trap: reason=unstable_if action=reinterpret pc=0x0000000003098a28 method=com.android.dx.rop.code.RegisterSpec.matchesVariable(Lcom/android/dx/rop/code/RegisterSpec;)Z @ 59
Event: 96.246 Thread 0x0000000002620800 Uncommon trap: reason=array_check action=maybe_recompile pc=0x0000000002c1a95c method=java.util.ComparableTimSort.binarySort([Ljava/lang/Object;III)V @ 193
Event: 96.542 Thread 0x0000000002620800 Uncommon trap: reason=array_check action=maybe_recompile pc=0x000000000330f9d8 method=java.util.ComparableTimSort.binarySort([Ljava/lang/Object;III)V @ 215
Event: 96.690 Thread 0x0000000002620800 Uncommon trap: reason=array_check action=maybe_recompile pc=0x000000000330f9d8 method=java.util.ComparableTimSort.binarySort([Ljava/lang/Object;III)V @ 215
Event: 96.853 Thread 0x0000000002620800 Uncommon trap: reason=array_check action=maybe_recompile pc=0x000000000331c970 method=java.util.ComparableTimSort.binarySort([Ljava/lang/Object;III)V @ 215
Event: 97.069 Thread 0x0000000002620800 Uncommon trap: reason=unstable_if action=reinterpret pc=0x0000000003307b18 method=com.android.dx.dex.code.OutputFinisher.align64bits([Lcom/android/dx/dex/code/Dop;)V @ 205
Event: 97.407 Thread 0x0000000002620800 Uncommon trap: reason=unstable_if action=reinterpret pc=0x00000000032d05a8 method=com.android.dx.dex.code.LocalList$MakeState.filterSpec(Lcom/android/dx/rop/code/RegisterSpec;)Lcom/android/dx/rop/code/RegisterSpec; @ 11
Event: 97.407 Thread 0x0000000002620800 Uncommon trap: reason=unstable_if action=reinterpret pc=0x0000000003047668 method=com.android.dx.dex.code.LocalList$MakeState.filterSpec(Lcom/android/dx/rop/code/RegisterSpec;)Lcom/android/dx/rop/code/RegisterSpec; @ 11
Event: 97.773 Thread 0x0000000002620800 Uncommon trap: reason=unstable_if action=reinterpret pc=0x0000000003352fe4 method=com.android.dx.dex.code.LocalList$MakeState.startLocal(ILcom/android/dx/rop/code/RegisterSpec;)V @ 121
Event: 98.129 Thread 0x0000000002620800 Uncommon trap: reason=unstable_if action=reinterpret pc=0x00000000032f848c method=com.android.dx.dex.code.LocalList$MakeState.aboutToProcess(II)V @ 54

Internal exceptions (10 events):
Event: 7.548 Thread 0x0000000002620800 Exception <a 'java/lang/ArrayIndexOutOfBoundsException': 18> (0x00000000eac9eec8) thrown at [C:\src\android\AOSP-openjdk\external\jetbrains\jdk\hotspot\src\share\vm\interpreter\interpreterRuntime.cpp, line 366]
Event: 7.552 Thread 0x0000000002620800 Exception <a 'java/lang/ArrayIndexOutOfBoundsException'> (0x00000000eaca0a48) thrown at [C:\src\android\AOSP-openjdk\external\jetbrains\jdk\hotspot\src\share\vm\runtime\sharedRuntime.cpp, line 605]
Event: 7.557 Thread 0x0000000002620800 Exception <a 'java/lang/ArrayIndexOutOfBoundsException'> (0x00000000eaca1d30) thrown at [C:\src\android\AOSP-openjdk\external\jetbrains\jdk\hotspot\src\share\vm\runtime\sharedRuntime.cpp, line 605]
Event: 13.615 Thread 0x0000000002620800 Implicit null exception at 0x0000000002c35bb3 to 0x0000000002c3869d
Event: 13.618 Thread 0x0000000002620800 Implicit null exception at 0x0000000002c13b42 to 0x0000000002c15249
Event: 72.083 Thread 0x0000000002620800 Implicit null exception at 0x0000000002cb1f68 to 0x0000000002cb30fd
Event: 80.765 Thread 0x0000000002620800 Implicit null exception at 0x0000000002b91348 to 0x0000000002b92279
Event: 80.766 Thread 0x0000000002620800 Implicit null exception at 0x0000000002989e2c to 0x0000000002989f99
Event: 80.794 Thread 0x0000000002620800 Implicit null exception at 0x0000000002c4b354 to 0x0000000002c4b4b1
Event: 80.794 Thread 0x0000000002620800 Implicit null exception at 0x0000000002dc8155 to 0x0000000002dc8255

Events (10 events):
Event: 98.939 Thread 0x0000000002620800 DEOPT PACKING pc=0x000000000304cac9 sp=0x000000000261ebb0
Event: 98.939 Thread 0x0000000002620800 DEOPT UNPACKING pc=0x00000000027671bf sp=0x000000000261e900 mode 0
Event: 98.982 Thread 0x0000000002620800 DEOPT PACKING pc=0x000000000304cac9 sp=0x000000000261ebb0
Event: 98.982 Thread 0x0000000002620800 DEOPT UNPACKING pc=0x00000000027671bf sp=0x000000000261e900 mode 0
Event: 99.004 Thread 0x0000000002620800 DEOPT PACKING pc=0x000000000304cac9 sp=0x000000000261ebb0
Event: 99.004 Thread 0x0000000002620800 DEOPT UNPACKING pc=0x00000000027671bf sp=0x000000000261e900 mode 0
Event: 99.033 Thread 0x0000000002620800 DEOPT PACKING pc=0x000000000304cac9 sp=0x000000000261ebb0
Event: 99.033 Thread 0x0000000002620800 DEOPT UNPACKING pc=0x00000000027671bf sp=0x000000000261e900 mode 0
Event: 99.066 Thread 0x0000000002620800 DEOPT PACKING pc=0x000000000304cac9 sp=0x000000000261ebb0
Event: 99.067 Thread 0x0000000002620800 DEOPT UNPACKING pc=0x00000000027671bf sp=0x000000000261e900 mode 0


Dynamic libraries:
0x00007ff72b8a0000 - 0x00007ff72b8d1000 	C:\Program Files\Android\Android Studio\jre\bin\java.exe
0x00007ff9f8950000 - 0x00007ff9f8b21000 	C:\WINDOWS\SYSTEM32\ntdll.dll
0x00007ff9f8400000 - 0x00007ff9f84ab000 	C:\WINDOWS\System32\KERNEL32.DLL
0x00007ff9f5100000 - 0x00007ff9f531d000 	C:\WINDOWS\System32\KERNELBASE.dll
0x00007ff9f61d0000 - 0x00007ff9f6272000 	C:\WINDOWS\System32\ADVAPI32.dll
0x00007ff9f8750000 - 0x00007ff9f87ee000 	C:\WINDOWS\System32\msvcrt.dll
0x00007ff9f8180000 - 0x00007ff9f81d9000 	C:\WINDOWS\System32\sechost.dll
0x00007ff9f82d0000 - 0x00007ff9f83f1000 	C:\WINDOWS\System32\RPCRT4.dll
0x00007ff9f62e0000 - 0x00007ff9f6445000 	C:\WINDOWS\System32\USER32.dll
0x00007ff9f57e0000 - 0x00007ff9f57fe000 	C:\WINDOWS\System32\win32u.dll
0x00007ff9f6190000 - 0x00007ff9f61c4000 	C:\WINDOWS\System32\GDI32.dll
0x00007ff9f55f0000 - 0x00007ff9f5772000 	C:\WINDOWS\System32\gdi32full.dll
0x00007ff9f3750000 - 0x00007ff9f39c9000 	C:\WINDOWS\WinSxS\amd64_microsoft.windows.common-controls_6595b64144ccf1df_6.0.14393.447_none_42191651c6827bb3\COMCTL32.dll
0x00007ff9f6460000 - 0x00007ff9f6728000 	C:\WINDOWS\System32\combase.dll
0x00007ff9f4e40000 - 0x00007ff9f4f35000 	C:\WINDOWS\System32\ucrtbase.dll
0x00007ff9f5090000 - 0x00007ff9f50fa000 	C:\WINDOWS\System32\bcryptPrimitives.dll
0x00007ff9f81e0000 - 0x00007ff9f820e000 	C:\WINDOWS\System32\IMM32.DLL
0x00000000534a0000 - 0x0000000053572000 	C:\Program Files\Android\Android Studio\jre\jre\bin\msvcr100.dll
0x0000000053660000 - 0x0000000053e94000 	C:\Program Files\Android\Android Studio\jre\jre\bin\server\jvm.dll
0x00007ff9f8170000 - 0x00007ff9f8178000 	C:\WINDOWS\System32\PSAPI.DLL
0x00007ff9f34e0000 - 0x00007ff9f34ea000 	C:\WINDOWS\SYSTEM32\VERSION.dll
0x00007ff9f2780000 - 0x00007ff9f27a3000 	C:\WINDOWS\SYSTEM32\WINMM.dll
0x00007ff9ee110000 - 0x00007ff9ee119000 	C:\WINDOWS\SYSTEM32\WSOCK32.dll
0x00007ff9f5ee0000 - 0x00007ff9f5f4a000 	C:\WINDOWS\System32\WS2_32.dll
0x00000000020b0000 - 0x00000000020db000 	C:\WINDOWS\SYSTEM32\WINMMBASE.dll
0x00007ff9f5320000 - 0x00007ff9f5362000 	C:\WINDOWS\System32\cfgmgr32.dll
0x00007ff9f0b80000 - 0x00007ff9f0b8f000 	C:\Program Files\Android\Android Studio\jre\jre\bin\verify.dll
0x00007ff9e5ad0000 - 0x00007ff9e5af9000 	C:\Program Files\Android\Android Studio\jre\jre\bin\java.dll
0x00007ff9e9e70000 - 0x00007ff9e9e86000 	C:\Program Files\Android\Android Studio\jre\jre\bin\zip.dll
0x00007ff9f6730000 - 0x00007ff9f7c39000 	C:\WINDOWS\System32\SHELL32.dll
0x00007ff9f5800000 - 0x00007ff9f5eda000 	C:\WINDOWS\System32\windows.storage.dll
0x00007ff9f4dd0000 - 0x00007ff9f4e1c000 	C:\WINDOWS\System32\powrprof.dll
0x00007ff9f84b0000 - 0x00007ff9f8502000 	C:\WINDOWS\System32\shlwapi.dll
0x00007ff9f4dc0000 - 0x00007ff9f4dcf000 	C:\WINDOWS\System32\kernel.appcore.dll
0x00007ff9f4f40000 - 0x00007ff9f4fe9000 	C:\WINDOWS\System32\shcore.dll
0x00007ff9f4e20000 - 0x00007ff9f4e34000 	C:\WINDOWS\System32\profapi.dll

VM Arguments:
jvm_args: -Djava.awt.headless=true -Xmx1024M -Dfile.encoding=x-windows-949 -Duser.country=KR -Duser.language=ko -Duser.variant 
java_command: com.android.dx.command.Main --dex --multi-dex --main-dex-list C:\GitHub\project\TravelPlanner\app\build\intermediates\multi-dex\debug\maindexlist.txt --output C:\GitHub\project\TravelPlanner\app\build\intermediates\transforms\dex\debug\folders\1000\1f\main C:\GitHub\project\TravelPlanner\app\build\intermediates\transforms\jarMerging\debug\jars\1\1f\combined.jar
java_class_path (initial): C:\Users\a0104\AppData\Local\Android\sdk\build-tools\21.1.2\lib\dx.jar
Launcher Type: SUN_STANDARD

Environment Variables:
JAVA_HOME=C:\Program Files\Java\jdk1.8.0_73
PATH=C:\ProgramData\Oracle\Java\javapath;C:\WINDOWS\system32;C:\WINDOWS;C:\WINDOWS\System32\Wbem;C:\WINDOWS\System32\WindowsPowerShell\v1.0\;C:\Program Files\Java\jdk1.8.0_73\bin;C:\Program Files\Bandizip\7z;C:\Users\a0104\AppData\Local\Microsoft\WindowsApps;
USERNAME=a0104
OS=Windows_NT
PROCESSOR_IDENTIFIER=AMD64 Family 22 Model 0 Stepping 1, AuthenticAMD



---------------  S Y S T E M  ---------------

OS: Windows 10.0 , 64 bit Build 14393 (10.0.14393.0)

CPU:total 4 (4 cores per cpu, 1 threads per core) family 22 model 0 stepping 1, cmov, cx8, fxsr, mmx, sse, sse2, sse3, ssse3, sse4.1, sse4.2, popcnt, avx, aes, clmul, mmxext, 3dnowpref, lzcnt, sse4a, tsc, tscinvbit, tscinv, bmi1

Memory: 4k page, physical 3611584k(175024k free), swap 5708736k(4392k free)

vm_info: OpenJDK 64-Bit Server VM (25.76-b03) for windows-amd64 JRE (1.8.0_76-release-b03), built on Jun 29 2016 19:09:20 by "ralucas" with MS VC++ 10.0 (VS2010)

time: Fri Feb 10 01:02:14 2017
elapsed time: 99 seconds (0d 0h 1m 39s)

