#
# There is insufficient memory for the Java Runtime Environment to continue.
# Native memory allocation (malloc) failed to allocate 262160 bytes for Chunk::new
# Possible reasons:
#   The system is out of physical RAM or swap space
#   In 32 bit mode, the process size limit was hit
# Possible solutions:
#   Reduce memory load on the system
#   Increase physical memory or swap space
#   Check if swap backing store is full
#   Use 64 bit Java on a 64 bit OS
#   Decrease Java heap size (-Xmx/-Xms)
#   Decrease number of Java threads
#   Decrease Java thread stack sizes (-Xss)
#   Set larger code cache with -XX:ReservedCodeCacheSize=
# This output file may be truncated or incomplete.
#
#  Out of Memory Error (allocation.cpp:390), pid=9072, tid=0x0000000000001b60
#
# JRE version: OpenJDK Runtime Environment (8.0_76-b03) (build 1.8.0_76-release-b03)
# Java VM: OpenJDK 64-Bit Server VM (25.76-b03 mixed mode windows-amd64 compressed oops)
# Failed to write core dump. Minidumps are not enabled by default on client versions of Windows
#

---------------  T H R E A D  ---------------

Current thread (0x0000000015a69000):  JavaThread "C2 CompilerThread0" daemon [_thread_in_native, id=7008, stack(0x0000000016f60000,0x0000000017060000)]

Stack: [0x0000000016f60000,0x0000000017060000]
[error occurred during error reporting (printing stack bounds), id 0xc0000005]

Native frames: (J=compiled Java code, j=interpreted, Vv=VM code, C=native code)


Current CompileTask:
C2:  42872 2194   !   4       com.android.dx.cf.code.BytecodeArray::parseInstruction (2764 bytes)


---------------  P R O C E S S  ---------------

Java Threads: ( => current thread )
  0x000000001708c000 JavaThread "Service Thread" daemon [_thread_blocked, id=3464, stack(0x0000000017660000,0x0000000017760000)]
  0x0000000017067800 JavaThread "C1 CompilerThread2" daemon [_thread_in_native, id=4404, stack(0x0000000017560000,0x0000000017660000)]
  0x0000000015a6c800 JavaThread "C2 CompilerThread1" daemon [_thread_in_native, id=3696, stack(0x0000000017460000,0x0000000017560000)]
=>0x0000000015a69000 JavaThread "C2 CompilerThread0" daemon [_thread_in_native, id=7008, stack(0x0000000016f60000,0x0000000017060000)]
  0x0000000015a67800 JavaThread "Attach Listener" daemon [_thread_blocked, id=6948, stack(0x0000000016e60000,0x0000000016f60000)]
  0x0000000015a1c000 JavaThread "Signal Dispatcher" daemon [_thread_blocked, id=8972, stack(0x0000000016d60000,0x0000000016e60000)]
  0x00000000159f8800 JavaThread "Finalizer" daemon [_thread_blocked, id=11684, stack(0x0000000016c60000,0x0000000016d60000)]
  0x0000000003330800 JavaThread "Reference Handler" daemon [_thread_blocked, id=12592, stack(0x0000000016b60000,0x0000000016c60000)]
  0x0000000003240800 JavaThread "main" [_thread_in_Java, id=10092, stack(0x0000000002d50000,0x0000000002e50000)]

Other Threads:
  0x00000000159d5000 VMThread [stack: 0x0000000016a60000,0x0000000016b60000] [id=12144]
  0x000000001708e000 WatcherThread [stack: 0x0000000017760000,0x0000000017860000] [id=12460]

VM state:not at safepoint (normal execution)

VM Mutex/Monitor currently owned by a thread: None

Heap:
 PSYoungGen      total 129536K, used 13650K [0x00000000eab00000, 0x00000000f8880000, 0x0000000100000000)
  eden space 114176K, 3% used [0x00000000eab00000,0x00000000eaf74c48,0x00000000f1a80000)
  from space 15360K, 59% used [0x00000000f1a80000,0x00000000f235fbf0,0x00000000f2980000)
  to   space 22016K, 0% used [0x00000000f7300000,0x00000000f7300000,0x00000000f8880000)
 ParOldGen       total 38912K, used 38641K [0x00000000c0000000, 0x00000000c2600000, 0x00000000eab00000)
  object space 38912K, 99% used [0x00000000c0000000,0x00000000c25bc4a0,0x00000000c2600000)
 Metaspace       used 6175K, capacity 7152K, committed 7296K, reserved 1056768K
  class space    used 572K, capacity 616K, committed 640K, reserved 1048576K

Card table byte_map: [0x0000000012700000,0x0000000012910000] byte_map_base: 0x0000000012100000

Marking Bits: (ParMarkBitMap*) 0x0000000053ac9d00
 Begin Bits: [0x0000000012e70000, 0x0000000013e70000)
 End Bits:   [0x0000000013e70000, 0x0000000014e70000)

Polling page: 0x0000000000df0000

CodeCache: size=245760Kb used=9675Kb max_used=10768Kb free=236084Kb
 bounds [0x0000000003340000, 0x0000000003df0000, 0x0000000012340000]
 total_blobs=2069 nmethods=1802 adapters=182
 compilation: enabled

Compilation events (10 events):
Event: 42.815 Thread 0x0000000017067800 2224       2       sun.util.calendar.AbstractCalendar::getTime (174 bytes)
Event: 42.818 Thread 0x0000000017067800 nmethod 2224 0x00000000034f5850 code [0x00000000034f5a40, 0x00000000034f6028]
Event: 42.819 Thread 0x0000000017067800 2225       2       sun.util.calendar.BaseCalendar::normalizeMonth (117 bytes)
Event: 42.820 Thread 0x0000000017067800 nmethod 2225 0x000000000350fc10 code [0x000000000350fda0, 0x0000000003510168]
Event: 42.821 Thread 0x0000000017067800 2226       2       sun.util.calendar.BaseCalendar::getFixedDate (324 bytes)
Event: 42.828 Thread 0x0000000017067800 nmethod 2226 0x0000000003510910 code [0x0000000003510ae0, 0x00000000035116f0]
Event: 42.828 Thread 0x0000000017067800 2227       2       sun.util.calendar.AbstractCalendar::getTimeOfDayValue (50 bytes)
Event: 42.829 Thread 0x0000000017067800 nmethod 2227 0x00000000035c3b90 code [0x00000000035c3ce0, 0x00000000035c3e70]
Event: 42.830 Thread 0x0000000017067800 2228       2       sun.util.calendar.AbstractCalendar::getCalendarDate (217 bytes)
Event: 42.832 Thread 0x0000000017067800 nmethod 2228 0x000000000345b1d0 code [0x000000000345b3a0, 0x000000000345b958]

GC Heap History (10 events):
Event: 12.390 GC heap before
{Heap before GC invocations=6 (full 0):
 PSYoungGen      total 31744K, used 31737K [0x00000000eab00000, 0x00000000ef200000, 0x0000000100000000)
  eden space 29696K, 100% used [0x00000000eab00000,0x00000000ec800000,0x00000000ec800000)
  from space 2048K, 99% used [0x00000000ec800000,0x00000000ec9fe7e0,0x00000000eca00000)
  to   space 6656K, 0% used [0x00000000eeb80000,0x00000000eeb80000,0x00000000ef200000)
 ParOldGen       total 38400K, used 15448K [0x00000000c0000000, 0x00000000c2580000, 0x00000000eab00000)
  object space 38400K, 40% used [0x00000000c0000000,0x00000000c0f160d0,0x00000000c2580000)
 Metaspace       used 6017K, capacity 7088K, committed 7296K, reserved 1056768K
  class space    used 570K, capacity 616K, committed 640K, reserved 1048576K
Event: 12.444 GC heap after
Heap after GC invocations=6 (full 0):
 PSYoungGen      total 65536K, used 6434K [0x00000000eab00000, 0x00000000ef300000, 0x0000000100000000)
  eden space 58880K, 0% used [0x00000000eab00000,0x00000000eab00000,0x00000000ee480000)
  from space 6656K, 96% used [0x00000000eeb80000,0x00000000ef1c89e0,0x00000000ef200000)
  to   space 7168K, 0% used [0x00000000ee480000,0x00000000ee480000,0x00000000eeb80000)
 ParOldGen       total 38400K, used 15456K [0x00000000c0000000, 0x00000000c2580000, 0x00000000eab00000)
  object space 38400K, 40% used [0x00000000c0000000,0x00000000c0f180d0,0x00000000c2580000)
 Metaspace       used 6017K, capacity 7088K, committed 7296K, reserved 1056768K
  class space    used 570K, capacity 616K, committed 640K, reserved 1048576K
}
Event: 19.858 GC heap before
{Heap before GC invocations=7 (full 0):
 PSYoungGen      total 65536K, used 65314K [0x00000000eab00000, 0x00000000ef300000, 0x0000000100000000)
  eden space 58880K, 100% used [0x00000000eab00000,0x00000000ee480000,0x00000000ee480000)
  from space 6656K, 96% used [0x00000000eeb80000,0x00000000ef1c89e0,0x00000000ef200000)
  to   space 7168K, 0% used [0x00000000ee480000,0x00000000ee480000,0x00000000eeb80000)
 ParOldGen       total 38400K, used 15456K [0x00000000c0000000, 0x00000000c2580000, 0x00000000eab00000)
  object space 38400K, 40% used [0x00000000c0000000,0x00000000c0f180d0,0x00000000c2580000)
 Metaspace       used 6045K, capacity 7088K, committed 7296K, reserved 1056768K
  class space    used 571K, capacity 616K, committed 640K, reserved 1048576K
Event: 20.371 GC heap after
Heap after GC invocations=7 (full 0):
 PSYoungGen      total 66048K, used 7145K [0x00000000eab00000, 0x00000000f3500000, 0x0000000100000000)
  eden space 58880K, 0% used [0x00000000eab00000,0x00000000eab00000,0x00000000ee480000)
  from space 7168K, 99% used [0x00000000ee480000,0x00000000eeb7a5c8,0x00000000eeb80000)
  to   space 11776K, 0% used [0x00000000f2980000,0x00000000f2980000,0x00000000f3500000)
 ParOldGen       total 38400K, used 22963K [0x00000000c0000000, 0x00000000c2580000, 0x00000000eab00000)
  object space 38400K, 59% used [0x00000000c0000000,0x00000000c166cdf8,0x00000000c2580000)
 Metaspace       used 6045K, capacity 7088K, committed 7296K, reserved 1056768K
  class space    used 571K, capacity 616K, committed 640K, reserved 1048576K
}
Event: 28.538 GC heap before
{Heap before GC invocations=8 (full 0):
 PSYoungGen      total 66048K, used 66025K [0x00000000eab00000, 0x00000000f3500000, 0x0000000100000000)
  eden space 58880K, 100% used [0x00000000eab00000,0x00000000ee480000,0x00000000ee480000)
  from space 7168K, 99% used [0x00000000ee480000,0x00000000eeb7a5c8,0x00000000eeb80000)
  to   space 11776K, 0% used [0x00000000f2980000,0x00000000f2980000,0x00000000f3500000)
 ParOldGen       total 38400K, used 22963K [0x00000000c0000000, 0x00000000c2580000, 0x00000000eab00000)
  object space 38400K, 59% used [0x00000000c0000000,0x00000000c166cdf8,0x00000000c2580000)
 Metaspace       used 6079K, capacity 7088K, committed 7296K, reserved 1056768K
  class space    used 571K, capacity 616K, committed 640K, reserved 1048576K
Event: 28.880 GC heap after
Heap after GC invocations=8 (full 0):
 PSYoungGen      total 125952K, used 11765K [0x00000000eab00000, 0x00000000f3c00000, 0x0000000100000000)
  eden space 114176K, 0% used [0x00000000eab00000,0x00000000eab00000,0x00000000f1a80000)
  from space 11776K, 99% used [0x00000000f2980000,0x00000000f34fd618,0x00000000f3500000)
  to   space 15360K, 0% used [0x00000000f1a80000,0x00000000f1a80000,0x00000000f2980000)
 ParOldGen       total 38400K, used 28040K [0x00000000c0000000, 0x00000000c2580000, 0x00000000eab00000)
  object space 38400K, 73% used [0x00000000c0000000,0x00000000c1b62328,0x00000000c2580000)
 Metaspace       used 6079K, capacity 7088K, committed 7296K, reserved 1056768K
  class space    used 571K, capacity 616K, committed 640K, reserved 1048576K
}
Event: 38.551 GC heap before
{Heap before GC invocations=9 (full 0):
 PSYoungGen      total 125952K, used 125941K [0x00000000eab00000, 0x00000000f3c00000, 0x0000000100000000)
  eden space 114176K, 100% used [0x00000000eab00000,0x00000000f1a80000,0x00000000f1a80000)
  from space 11776K, 99% used [0x00000000f2980000,0x00000000f34fd618,0x00000000f3500000)
  to   space 15360K, 0% used [0x00000000f1a80000,0x00000000f1a80000,0x00000000f2980000)
 ParOldGen       total 38400K, used 28040K [0x00000000c0000000, 0x00000000c2580000, 0x00000000eab00000)
  object space 38400K, 73% used [0x00000000c0000000,0x00000000c1b62328,0x00000000c2580000)
 Metaspace       used 6175K, capacity 7152K, committed 7296K, reserved 1056768K
  class space    used 572K, capacity 616K, committed 640K, reserved 1048576K
Event: 38.966 GC heap after
Heap after GC invocations=9 (full 0):
 PSYoungGen      total 129536K, used 15336K [0x00000000eab00000, 0x00000000f8880000, 0x0000000100000000)
  eden space 114176K, 0% used [0x00000000eab00000,0x00000000eab00000,0x00000000f1a80000)
  from space 15360K, 99% used [0x00000000f1a80000,0x00000000f297a250,0x00000000f2980000)
  to   space 22016K, 0% used [0x00000000f7300000,0x00000000f7300000,0x00000000f8880000)
 ParOldGen       total 38912K, used 38901K [0x00000000c0000000, 0x00000000c2600000, 0x00000000eab00000)
  object space 38912K, 99% used [0x00000000c0000000,0x00000000c25fd7c0,0x00000000c2600000)
 Metaspace       used 6175K, capacity 7152K, committed 7296K, reserved 1056768K
  class space    used 572K, capacity 616K, committed 640K, reserved 1048576K
}
Event: 38.967 GC heap before
{Heap before GC invocations=10 (full 1):
 PSYoungGen      total 129536K, used 15336K [0x00000000eab00000, 0x00000000f8880000, 0x0000000100000000)
  eden space 114176K, 0% used [0x00000000eab00000,0x00000000eab00000,0x00000000f1a80000)
  from space 15360K, 99% used [0x00000000f1a80000,0x00000000f297a250,0x00000000f2980000)
  to   space 22016K, 0% used [0x00000000f7300000,0x00000000f7300000,0x00000000f8880000)
 ParOldGen       total 38912K, used 38901K [0x00000000c0000000, 0x00000000c2600000, 0x00000000eab00000)
  object space 38912K, 99% used [0x00000000c0000000,0x00000000c25fd7c0,0x00000000c2600000)
 Metaspace       used 6175K, capacity 7152K, committed 7296K, reserved 1056768K
  class space    used 572K, capacity 616K, committed 640K, reserved 1048576K
Event: 42.749 GC heap after
Heap after GC invocations=10 (full 1):
 PSYoungGen      total 129536K, used 9086K [0x00000000eab00000, 0x00000000f8880000, 0x0000000100000000)
  eden space 114176K, 0% used [0x00000000eab00000,0x00000000eab00000,0x00000000f1a80000)
  from space 15360K, 59% used [0x00000000f1a80000,0x00000000f235fbf0,0x00000000f2980000)
  to   space 22016K, 0% used [0x00000000f7300000,0x00000000f7300000,0x00000000f8880000)
 ParOldGen       total 38912K, used 38641K [0x00000000c0000000, 0x00000000c2600000, 0x00000000eab00000)
  object space 38912K, 99% used [0x00000000c0000000,0x00000000c25bc4a0,0x00000000c2600000)
 Metaspace       used 6175K, capacity 7152K, committed 7296K, reserved 1056768K
  class space    used 572K, capacity 616K, committed 640K, reserved 1048576K
}

Deoptimization events (10 events):
Event: 31.358 Thread 0x0000000003240800 Uncommon trap: reason=unstable_if action=reinterpret pc=0x0000000003c32684 method=com.android.dx.cf.code.Merger.mergeType(Lcom/android/dx/rop/type/TypeBearer;Lcom/android/dx/rop/type/TypeBearer;)Lcom/android/dx/rop/type/TypeBearer; @ 52
Event: 32.503 Thread 0x0000000003240800 Uncommon trap: reason=bimorphic action=maybe_recompile pc=0x0000000003b7d50c method=com.android.dx.cf.code.BytecodeArray.parseInstruction(ILcom/android/dx/cf/code/BytecodeArray$Visitor;)I @ 1327
Event: 32.503 Thread 0x0000000003240800 Uncommon trap: reason=bimorphic action=maybe_recompile pc=0x0000000003b7d50c method=com.android.dx.cf.code.BytecodeArray.parseInstruction(ILcom/android/dx/cf/code/BytecodeArray$Visitor;)I @ 1327
Event: 34.663 Thread 0x0000000003240800 Uncommon trap: reason=unstable_if action=reinterpret pc=0x0000000003bf3374 method=com.android.dx.ssa.back.FirstFitLocalCombiningAllocator.findNextUnreservedRopReg(IILcom/android/dx/ssa/back/FirstFitLocalCombiningAllocator$Alignment;)I @ 32
Event: 36.937 Thread 0x0000000003240800 Uncommon trap: reason=unstable_if action=reinterpret pc=0x0000000003bea040 method=com.android.dx.rop.code.BasicBlockList.preferredSuccessorOf(Lcom/android/dx/rop/code/BasicBlock;)Lcom/android/dx/rop/code/BasicBlock; @ 58
Event: 37.371 Thread 0x0000000003240800 Uncommon trap: reason=bimorphic action=maybe_recompile pc=0x0000000003d2efd8 method=com.android.dx.cf.code.BytecodeArray.parseInstruction(ILcom/android/dx/cf/code/BytecodeArray$Visitor;)I @ 1357
Event: 37.371 Thread 0x0000000003240800 Uncommon trap: reason=bimorphic action=maybe_recompile pc=0x0000000003d2efd8 method=com.android.dx.cf.code.BytecodeArray.parseInstruction(ILcom/android/dx/cf/code/BytecodeArray$Visitor;)I @ 1357
Event: 42.809 Thread 0x0000000003240800 Uncommon trap: reason=unstable_if action=reinterpret pc=0x0000000003c9f2bc method=java.util.ArrayList.<init>(I)V @ 5
Event: 42.809 Thread 0x0000000003240800 Uncommon trap: reason=unstable_if action=reinterpret pc=0x0000000003c1e73c method=com.android.dx.rop.code.RegisterSpecSet.<init>(I)V @ 2
Event: 42.809 Thread 0x0000000003240800 Uncommon trap: reason=unstable_if action=reinterpret pc=0x0000000003780b3c method=com.android.dx.rop.code.RegisterSpecSet.<init>(I)V @ 2

Internal exceptions (8 events):
Event: 0.145 Thread 0x0000000003240800 Exception <a 'java/lang/NoSuchMethodError': Method sun.misc.Unsafe.defineClass(Ljava/lang/String;[BII)Ljava/lang/Class; name or signature does not match> (0x00000000eab07cc0) thrown at [C:\src\android\AOSP-openjdk\external\jetbrains\jdk\hotspot\src\share\vd'$ZÒ Â?
Event: 0.146 Thread 0x0000000003240800 Exception <a 'java/lang/NoSuchMethodError': Method sun.misc.Unsafe.prefetchRead(Ljava/lang/Object;J)V name or signature does not match> (0x00000000eab07fa8) thrown at [C:\src\android\AOSP-openjdk\external\jetbrains\jdk\hotspot\src\share\vm\prims\jni.cpp, lÐK:îÚ'@
Event: 2.894 Thread 0x0000000003240800 Implicit null exception at 0x000000000376c6a2 to 0x000000000376c792
Event: 6.821 Thread 0x0000000003240800 Exception <a 'java/lang/ArrayIndexOutOfBoundsException': 18> (0x00000000eaca1d28) thrown at [C:\src\android\AOSP-openjdk\external\jetbrains\jdk\hotspot\src\share\vm\interpreter\interpreterRuntime.cpp, line 366]
Event: 6.823 Thread 0x0000000003240800 Exception <a 'java/lang/ArrayIndexOutOfBoundsException': 145> (0x00000000eaca38a8) thrown at [C:\src\android\AOSP-openjdk\external\jetbrains\jdk\hotspot\src\share\vm\interpreter\interpreterRuntime.cpp, line 366]
Event: 6.827 Thread 0x0000000003240800 Exception <a 'java/lang/ArrayIndexOutOfBoundsException'> (0x00000000eaca4b90) thrown at [C:\src\android\AOSP-openjdk\external\jetbrains\jdk\hotspot\src\share\vm\runtime\sharedRuntime.cpp, line 605]
Event: 15.886 Thread 0x0000000003240800 Implicit null exception at 0x0000000003808771 to 0x0000000003809331
Event: 15.888 Thread 0x0000000003240800 Implicit null exception at 0x000000000382a6f4 to 0x000000000382b1a9

Events (10 events):
Event: 42.829 Thread 0x0000000017067800 flushing nmethod 0x00000000036d26d0
Event: 42.829 Thread 0x0000000017067800 flushing nmethod 0x00000000036d45d0
Event: 42.829 Thread 0x0000000017067800 flushing nmethod 0x00000000036dd310
Event: 42.829 Thread 0x0000000017067800 flushing nmethod 0x00000000036e6c90
Event: 42.829 Thread 0x0000000017067800 flushing nmethod 0x00000000036f12d0
Event: 42.829 Thread 0x0000000017067800 flushing nmethod 0x00000000036fc310
Event: 42.830 Thread 0x0000000017067800 flushing nmethod 0x0000000003711550
Event: 42.832 Thread 0x0000000017067800 flushing nmethod 0x000000000374ced0
Event: 42.832 Thread 0x0000000017067800 flushing nmethod 0x0000000003752250
Event: 42.832 Thread 0x0000000017067800 flushing nmethod 0x000000000375bc50


Dynamic libraries:
0x00007ff6f3290000 - 0x00007ff6f32c1000 	C:\Program Files\Android\Android Studio\jre\bin\java.exe
0x00007ff9f8950000 - 0x00007ff9f8b21000 	C:\WINDOWS\SYSTEM32\ntdll.dll
0x00007ff9f8400000 - 0x00007ff9f84ab000 	C:\WINDOWS\System32\KERNEL32.DLL
0x00007ff9f5100000 - 0x00007ff9f531d000 	C:\WINDOWS\System32\KERNELBASE.dll
0x00007ff9f61d0000 - 0x00007ff9f6272000 	C:\WINDOWS\System32\ADVAPI32.dll
0x00007ff9f8750000 - 0x00007ff9f87ee000 	C:\WINDOWS\System32\msvcrt.dll
0x00007ff9f8180000 - 0x00007ff9f81d9000 	C:\WINDOWS\System32\sechost.dll
0x00007ff9f82d0000 - 0x00007ff9f83f1000 	C:\WINDOWS\System32\RPCRT4.dll
0x00007ff9f62e0000 - 0x00007ff9f6445000 	C:\WINDOWS\System32\USER32.dll
0x00007ff9f57e0000 - 0x00007ff9f57fe000 	C:\WINDOWS\System32\win32u.dll
0x00007ff9f6190000 - 0x00007ff9f61c4000 	C:\WINDOWS\System32\GDI32.dll
0x00007ff9f55f0000 - 0x00007ff9f5772000 	C:\WINDOWS\System32\gdi32full.dll
0x00007ff9f3750000 - 0x00007ff9f39c9000 	C:\WINDOWS\WinSxS\amd64_microsoft.windows.common-controls_6595b64144ccf1df_6.0.14393.447_none_42191651c6827bb3\COMCTL32.dll
0x00007ff9f6460000 - 0x00007ff9f6728000 	C:\WINDOWS\System32\combase.dll
0x00007ff9f4e40000 - 0x00007ff9f4f35000 	C:\WINDOWS\System32\ucrtbase.dll
0x00007ff9f5090000 - 0x00007ff9f50fa000 	C:\WINDOWS\System32\bcryptPrimitives.dll
0x00007ff9f81e0000 - 0x00007ff9f820e000 	C:\WINDOWS\System32\IMM32.DLL
0x0000000053dc0000 - 0x0000000053e92000 	C:\Program Files\Android\Android Studio\jre\jre\bin\msvcr100.dll
0x0000000053310000 - 0x0000000053b44000 	C:\Program Files\Android\Android Studio\jre\jre\bin\server\jvm.dll
0x00007ff9f8170000 - 0x00007ff9f8178000 	C:\WINDOWS\System32\PSAPI.DLL
0x00007ff9ee110000 - 0x00007ff9ee119000 	C:\WINDOWS\SYSTEM32\WSOCK32.dll
0x00007ff9f5ee0000 - 0x00007ff9f5f4a000 	C:\WINDOWS\System32\WS2_32.dll
0x00007ff9f2780000 - 0x00007ff9f27a3000 	C:\WINDOWS\SYSTEM32\WINMM.dll
0x00007ff9f34e0000 - 0x00007ff9f34ea000 	C:\WINDOWS\SYSTEM32\VERSION.dll
0x00007ff9f24e0000 - 0x00007ff9f250b000 	C:\WINDOWS\SYSTEM32\WINMMBASE.dll
0x00007ff9f5320000 - 0x00007ff9f5362000 	C:\WINDOWS\System32\cfgmgr32.dll
0x00007ff9ea5f0000 - 0x00007ff9ea5ff000 	C:\Program Files\Android\Android Studio\jre\jre\bin\verify.dll
0x00007ff9e9c70000 - 0x00007ff9e9c99000 	C:\Program Files\Android\Android Studio\jre\jre\bin\java.dll
0x00007ff9df430000 - 0x00007ff9df446000 	C:\Program Files\Android\Android Studio\jre\jre\bin\zip.dll
0x00007ff9f6730000 - 0x00007ff9f7c39000 	C:\WINDOWS\System32\SHELL32.dll
0x00007ff9f5800000 - 0x00007ff9f5eda000 	C:\WINDOWS\System32\windows.storage.dll
0x00007ff9f4dd0000 - 0x00007ff9f4e1c000 	C:\WINDOWS\System32\powrprof.dll
0x00007ff9f84b0000 - 0x00007ff9f8502000 	C:\WINDOWS\System32\shlwapi.dll
0x00007ff9f4dc0000 - 0x00007ff9f4dcf000 	C:\WINDOWS\System32\kernel.appcore.dll
0x00007ff9f4f40000 - 0x00007ff9f4fe9000 	C:\WINDOWS\System32\shcore.dll
0x00007ff9f4e20000 - 0x00007ff9f4e34000 	C:\WINDOWS\System32\profapi.dll

VM Arguments:
jvm_args: -Djava.awt.headless=true -Xmx1024M -Dfile.encoding=x-windows-949 -Duser.country=KR -Duser.language=ko -Duser.variant 
java_command: com.android.dx.command.Main --dex --multi-dex --main-dex-list C:\GitHub\project\TravelPlanner\app\build\intermediates\multi-dex\debug\maindexlist.txt --output C:\GitHub\project\TravelPlanner\app\build\intermediates\transforms\dex\debug\folders\1000\1f\main C:\GitHub\project\TravelPlanner\app\build\intermediates\transforms\jarMerging\debug\jars\1\1f\combined.jar
java_class_path (initial): C:\Users\a0104\AppData\Local\Android\sdk\build-tools\21.1.2\lib\dx.jar
Launcher Type: SUN_STANDARD

Environment Variables:
JAVA_HOME=C:\Program Files\Java\jdk1.8.0_73
PATH=C:\ProgramData\Oracle\Java\javapath;C:\WINDOWS\system32;C:\WINDOWS;C:\WINDOWS\System32\Wbem;C:\WINDOWS\System32\WindowsPowerShell\v1.0\;C:\Program Files\Java\jdk1.8.0_73\bin;C:\Program Files\Bandizip\7z;C:\Users\a0104\AppData\Local\Microsoft\WindowsApps;
USERNAME=a0104
OS=Windows_NT
PROCESSOR_IDENTIFIER=AMD64 Family 22 Model 0 Stepping 1, AuthenticAMD



---------------  S Y S T E M  ---------------

OS: Windows 10.0 , 64 bit Build 14393 (10.0.14393.0)

CPU:total 4 (4 cores per cpu, 1 threads per core) family 22 model 0 stepping 1, cmov, cx8, fxsr, mmx, sse, sse2, sse3, ssse3, sse4.1, sse4.2, popcnt, avx, aes, clmul, mmxext, 3dnowpref, lzcnt, sse4a, tsc, tscinvbit, tscinv, bmi1

Memory: 4k page, physical 3611584k(115540k free), swap 5708736k(4344k free)

vm_info: OpenJDK 64-Bit Server VM (25.76-b03) for windows-amd64 JRE (1.8.0_76-release-b03), built on Jun 29 2016 19:09:20 by "ralucas" with MS VC++ 10.0 (VS2010)

time: Sun Feb 12 01:31:47 2017
elapsed time: 42 seconds (0d 0h 0m 42s)

