#
# There is insufficient memory for the Java Runtime Environment to continue.
# Native memory allocation (malloc) failed to allocate 32744 bytes for ChunkPool::allocate
# Possible reasons:
#   The system is out of physical RAM or swap space
#   In 32 bit mode, the process size limit was hit
# Possible solutions:
#   Reduce memory load on the system
#   Increase physical memory or swap space
#   Check if swap backing store is full
#   Use 64 bit Java on a 64 bit OS
#   Decrease Java heap size (-Xmx/-Xms)
#   Decrease number of Java threads
#   Decrease Java thread stack sizes (-Xss)
#   Set larger code cache with -XX:ReservedCodeCacheSize=
# This output file may be truncated or incomplete.
#
#  Out of Memory Error (allocation.cpp:273), pid=2616, tid=0x0000000000001748
#
# JRE version: OpenJDK Runtime Environment (8.0_76-b03) (build 1.8.0_76-release-b03)
# Java VM: OpenJDK 64-Bit Server VM (25.76-b03 mixed mode windows-amd64 compressed oops)
# Failed to write core dump. Minidumps are not enabled by default on client versions of Windows
#

---------------  T H R E A D  ---------------

Current thread (0x0000000015c8a800):  JavaThread "C2 CompilerThread1" daemon [_thread_in_native, id=5960, stack(0x0000000017300000,0x0000000017400000)]

Stack: [0x0000000017300000,0x0000000017400000]
[error occurred during error reporting (printing stack bounds), id 0xc0000005]

Native frames: (J=compiled Java code, j=interpreted, Vv=VM code, C=native code)


Current CompileTask:
C2:  60360 2449       4       com.android.dx.dex.cf.AttributeTranslator::getMethodAnnotations (37 bytes)


---------------  P R O C E S S  ---------------

Java Threads: ( => current thread )
  0x0000000017479000 JavaThread "Service Thread" daemon [_thread_blocked, id=4004, stack(0x0000000017900000,0x0000000017a00000)]
  0x0000000017428800 JavaThread "C1 CompilerThread2" daemon [_thread_blocked, id=5988, stack(0x0000000017800000,0x0000000017900000)]
=>0x0000000015c8a800 JavaThread "C2 CompilerThread1" daemon [_thread_in_native, id=5960, stack(0x0000000017300000,0x0000000017400000)]
  0x0000000015c88800 JavaThread "C2 CompilerThread0" daemon [_thread_in_native, id=5304, stack(0x0000000017200000,0x0000000017300000)]
  0x0000000015c87000 JavaThread "Attach Listener" daemon [_thread_blocked, id=5348, stack(0x0000000017100000,0x0000000017200000)]
  0x0000000015c3c800 JavaThread "Signal Dispatcher" daemon [_thread_blocked, id=7840, stack(0x0000000017000000,0x0000000017100000)]
  0x0000000015c18800 JavaThread "Finalizer" daemon [_thread_blocked, id=10588, stack(0x0000000016e80000,0x0000000016f80000)]
  0x0000000003551000 JavaThread "Reference Handler" daemon [_thread_blocked, id=9864, stack(0x0000000016d80000,0x0000000016e80000)]
  0x0000000003460800 JavaThread "main" [_thread_in_Java, id=3576, stack(0x0000000002f90000,0x0000000003090000)]

Other Threads:
  0x0000000015bf6000 VMThread [stack: 0x0000000016c80000,0x0000000016d80000] [id=4988]
  0x00000000174ab800 WatcherThread [stack: 0x0000000017a00000,0x0000000017b00000] [id=5944]

VM state:not at safepoint (normal execution)

VM Mutex/Monitor currently owned by a thread: None

Heap:
 PSYoungGen      total 193536K, used 25542K [0x00000000eab00000, 0x00000000fa400000, 0x0000000100000000)
  eden space 156160K, 1% used [0x00000000eab00000,0x00000000eae0cbb0,0x00000000f4380000)
  from space 37376K, 59% used [0x00000000f7f80000,0x00000000f9564d08,0x00000000fa400000)
  to   space 34816K, 0% used [0x00000000f4380000,0x00000000f4380000,0x00000000f6580000)
 ParOldGen       total 134144K, used 133822K [0x00000000c0000000, 0x00000000c8300000, 0x00000000eab00000)
  object space 134144K, 99% used [0x00000000c0000000,0x00000000c82afb18,0x00000000c8300000)
 Metaspace       used 6208K, capacity 7216K, committed 7296K, reserved 1056768K
  class space    used 574K, capacity 616K, committed 640K, reserved 1048576K

Card table byte_map: [0x0000000012920000,0x0000000012b30000] byte_map_base: 0x0000000012320000

Marking Bits: (ParMarkBitMap*) 0x0000000053589d00
 Begin Bits: [0x0000000013090000, 0x0000000014090000)
 End Bits:   [0x0000000014090000, 0x0000000015090000)

Polling page: 0x0000000003090000

CodeCache: size=245760Kb used=10790Kb max_used=10790Kb free=234969Kb
 bounds [0x0000000003560000, 0x0000000004000000, 0x0000000012560000]
 total_blobs=2309 nmethods=2039 adapters=182
 compilation: enabled

Compilation events (10 events):
Event: 53.228 Thread 0x0000000015c8a800 nmethod 2451 0x0000000003fe6050 code [0x0000000003fe61c0, 0x0000000003fe6918]
Event: 53.228 Thread 0x0000000015c8a800 2447       4       com.android.dx.rop.code.Rops::pickIf (154 bytes)
Event: 53.245 Thread 0x0000000015c8a800 nmethod 2447 0x0000000003c88f10 code [0x0000000003c890a0, 0x0000000003c894c8]
Event: 53.245 Thread 0x0000000015c8a800 2448       4       com.android.dx.dex.file.EncodedMethod::<init> (68 bytes)
Event: 53.252 Thread 0x0000000015c8a800 nmethod 2448 0x0000000003fe72d0 code [0x0000000003fe7420, 0x0000000003fe75f8]
Event: 53.253 Thread 0x0000000015c8a800 2449       4       com.android.dx.dex.cf.AttributeTranslator::getMethodAnnotations (37 bytes)
Event: 53.288 Thread 0x0000000017428800 2460       3       com.android.dx.util.ByteArray::getByte (14 bytes)
Event: 53.288 Thread 0x0000000017428800 nmethod 2460 0x0000000003717450 code [0x00000000037175c0, 0x0000000003717808]
Event: 53.321 Thread 0x0000000017428800 2461       3       com.android.dx.cf.code.LocalVariableList::itemToLocal (47 bytes)
Event: 53.322 Thread 0x0000000017428800 nmethod 2461 0x0000000003fbd190 code [0x0000000003fbd340, 0x0000000003fbd8b8]

GC Heap History (10 events):
Event: 37.538 GC heap before
{Heap before GC invocations=13 (full 2):
 PSYoungGen      total 172544K, used 19437K [0x00000000eab00000, 0x00000000f7780000, 0x0000000100000000)
  eden space 153088K, 0% used [0x00000000eab00000,0x00000000eab00000,0x00000000f4080000)
  from space 19456K, 99% used [0x00000000f5280000,0x00000000f657b640,0x00000000f6580000)
  to   space 18432K, 0% used [0x00000000f6580000,0x00000000f6580000,0x00000000f7780000)
 ParOldGen       total 73216K, used 65781K [0x00000000c0000000, 0x00000000c4780000, 0x00000000eab00000)
  object space 73216K, 89% used [0x00000000c0000000,0x00000000c403d7d0,0x00000000c4780000)
 Metaspace       used 6184K, capacity 7152K, committed 7296K, reserved 1056768K
  class space    used 573K, capacity 616K, committed 640K, reserved 1048576K
Event: 39.427 GC heap after
Heap after GC invocations=13 (full 2):
 PSYoungGen      total 172544K, used 9554K [0x00000000eab00000, 0x00000000f7780000, 0x0000000100000000)
  eden space 153088K, 0% used [0x00000000eab00000,0x00000000eab00000,0x00000000f4080000)
  from space 19456K, 49% used [0x00000000f5280000,0x00000000f5bd4b48,0x00000000f6580000)
  to   space 18432K, 0% used [0x00000000f6580000,0x00000000f6580000,0x00000000f7780000)
 ParOldGen       total 134144K, used 72999K [0x00000000c0000000, 0x00000000c8300000, 0x00000000eab00000)
  object space 134144K, 54% used [0x00000000c0000000,0x00000000c4749fa0,0x00000000c8300000)
 Metaspace       used 6184K, capacity 7152K, committed 7296K, reserved 1056768K
  class space    used 573K, capacity 616K, committed 640K, reserved 1048576K
}
Event: 44.055 GC heap before
{Heap before GC invocations=14 (full 2):
 PSYoungGen      total 172544K, used 162642K [0x00000000eab00000, 0x00000000f7780000, 0x0000000100000000)
  eden space 153088K, 100% used [0x00000000eab00000,0x00000000f4080000,0x00000000f4080000)
  from space 19456K, 49% used [0x00000000f5280000,0x00000000f5bd4b48,0x00000000f6580000)
  to   space 18432K, 0% used [0x00000000f6580000,0x00000000f6580000,0x00000000f7780000)
 ParOldGen       total 134144K, used 72999K [0x00000000c0000000, 0x00000000c8300000, 0x00000000eab00000)
  object space 134144K, 54% used [0x00000000c0000000,0x00000000c4749fa0,0x00000000c8300000)
 Metaspace       used 6199K, capacity 7216K, committed 7296K, reserved 1056768K
  class space    used 574K, capacity 616K, committed 640K, reserved 1048576K
Event: 44.583 GC heap after
Heap after GC invocations=14 (full 2):
 PSYoungGen      total 174592K, used 18417K [0x00000000eab00000, 0x00000000f9c80000, 0x0000000100000000)
  eden space 156160K, 0% used [0x00000000eab00000,0x00000000eab00000,0x00000000f4380000)
  from space 18432K, 99% used [0x00000000f6580000,0x00000000f777c670,0x00000000f7780000)
  to   space 34816K, 0% used [0x00000000f4380000,0x00000000f4380000,0x00000000f6580000)
 ParOldGen       total 134144K, used 88605K [0x00000000c0000000, 0x00000000c8300000, 0x00000000eab00000)
  object space 134144K, 66% used [0x00000000c0000000,0x00000000c5687590,0x00000000c8300000)
 Metaspace       used 6199K, capacity 7216K, committed 7296K, reserved 1056768K
  class space    used 574K, capacity 616K, committed 640K, reserved 1048576K
}
Event: 50.160 GC heap before
{Heap before GC invocations=15 (full 2):
 PSYoungGen      total 174592K, used 174577K [0x00000000eab00000, 0x00000000f9c80000, 0x0000000100000000)
  eden space 156160K, 100% used [0x00000000eab00000,0x00000000f4380000,0x00000000f4380000)
  from space 18432K, 99% used [0x00000000f6580000,0x00000000f777c670,0x00000000f7780000)
  to   space 34816K, 0% used [0x00000000f4380000,0x00000000f4380000,0x00000000f6580000)
 ParOldGen       total 134144K, used 88605K [0x00000000c0000000, 0x00000000c8300000, 0x00000000eab00000)
  object space 134144K, 66% used [0x00000000c0000000,0x00000000c5687590,0x00000000c8300000)
 Metaspace       used 6204K, capacity 7216K, committed 7296K, reserved 1056768K
  class space    used 574K, capacity 616K, committed 640K, reserved 1048576K
Event: 50.362 GC heap after
Heap after GC invocations=15 (full 2):
 PSYoungGen      total 190976K, used 26867K [0x00000000eab00000, 0x00000000fa400000, 0x0000000100000000)
  eden space 156160K, 0% used [0x00000000eab00000,0x00000000eab00000,0x00000000f4380000)
  from space 34816K, 77% used [0x00000000f4380000,0x00000000f5dbceb0,0x00000000f6580000)
  to   space 37376K, 0% used [0x00000000f7f80000,0x00000000f7f80000,0x00000000fa400000)
 ParOldGen       total 134144K, used 107177K [0x00000000c0000000, 0x00000000c8300000, 0x00000000eab00000)
  object space 134144K, 79% used [0x00000000c0000000,0x00000000c68aa6f8,0x00000000c8300000)
 Metaspace       used 6204K, capacity 7216K, committed 7296K, reserved 1056768K
  class space    used 574K, capacity 616K, committed 640K, reserved 1048576K
}
Event: 53.558 GC heap before
{Heap before GC invocations=16 (full 2):
 PSYoungGen      total 190976K, used 183027K [0x00000000eab00000, 0x00000000fa400000, 0x0000000100000000)
  eden space 156160K, 100% used [0x00000000eab00000,0x00000000f4380000,0x00000000f4380000)
  from space 34816K, 77% used [0x00000000f4380000,0x00000000f5dbceb0,0x00000000f6580000)
  to   space 37376K, 0% used [0x00000000f7f80000,0x00000000f7f80000,0x00000000fa400000)
 ParOldGen       total 134144K, used 107177K [0x00000000c0000000, 0x00000000c8300000, 0x00000000eab00000)
  object space 134144K, 79% used [0x00000000c0000000,0x00000000c68aa6f8,0x00000000c8300000)
 Metaspace       used 6208K, capacity 7216K, committed 7296K, reserved 1056768K
  class space    used 574K, capacity 616K, committed 640K, reserved 1048576K
Event: 53.918 GC heap after
Heap after GC invocations=16 (full 2):
 PSYoungGen      total 193536K, used 37361K [0x00000000eab00000, 0x00000000fa400000, 0x0000000100000000)
  eden space 156160K, 0% used [0x00000000eab00000,0x00000000eab00000,0x00000000f4380000)
  from space 37376K, 99% used [0x00000000f7f80000,0x00000000fa3fc580,0x00000000fa400000)
  to   space 34816K, 0% used [0x00000000f4380000,0x00000000f4380000,0x00000000f6580000)
 ParOldGen       total 134144K, used 120352K [0x00000000c0000000, 0x00000000c8300000, 0x00000000eab00000)
  object space 134144K, 89% used [0x00000000c0000000,0x00000000c75881c0,0x00000000c8300000)
 Metaspace       used 6208K, capacity 7216K, committed 7296K, reserved 1056768K
  class space    used 574K, capacity 616K, committed 640K, reserved 1048576K
}
Event: 53.918 GC heap before
{Heap before GC invocations=17 (full 3):
 PSYoungGen      total 193536K, used 37361K [0x00000000eab00000, 0x00000000fa400000, 0x0000000100000000)
  eden space 156160K, 0% used [0x00000000eab00000,0x00000000eab00000,0x00000000f4380000)
  from space 37376K, 99% used [0x00000000f7f80000,0x00000000fa3fc580,0x00000000fa400000)
  to   space 34816K, 0% used [0x00000000f4380000,0x00000000f4380000,0x00000000f6580000)
 ParOldGen       total 134144K, used 120352K [0x00000000c0000000, 0x00000000c8300000, 0x00000000eab00000)
  object space 134144K, 89% used [0x00000000c0000000,0x00000000c75881c0,0x00000000c8300000)
 Metaspace       used 6208K, capacity 7216K, committed 7296K, reserved 1056768K
  class space    used 574K, capacity 616K, committed 640K, reserved 1048576K
Event: 60.298 GC heap after
Heap after GC invocations=17 (full 3):
 PSYoungGen      total 193536K, used 22419K [0x00000000eab00000, 0x00000000fa400000, 0x0000000100000000)
  eden space 156160K, 0% used [0x00000000eab00000,0x00000000eab00000,0x00000000f4380000)
  from space 37376K, 59% used [0x00000000f7f80000,0x00000000f9564d08,0x00000000fa400000)
  to   space 34816K, 0% used [0x00000000f4380000,0x00000000f4380000,0x00000000f6580000)
 ParOldGen       total 134144K, used 133822K [0x00000000c0000000, 0x00000000c8300000, 0x00000000eab00000)
  object space 134144K, 99% used [0x00000000c0000000,0x00000000c82afb18,0x00000000c8300000)
 Metaspace       used 6208K, capacity 7216K, committed 7296K, reserved 1056768K
  class space    used 574K, capacity 616K, committed 640K, reserved 1048576K
}

Deoptimization events (10 events):
Event: 36.758 Thread 0x0000000003460800 Uncommon trap: reason=bimorphic action=maybe_recompile pc=0x0000000003c05a00 method=com.android.dx.ssa.LiteralOpUpgrader.tryReplacingWithConstant(Lcom/android/dx/ssa/NormalSsaInsn;)Z @ 62
Event: 42.244 Thread 0x0000000003460800 Uncommon trap: reason=unstable_if action=reinterpret pc=0x0000000003ecb894 method=com.android.dx.rop.code.Insn.contentEquals(Lcom/android/dx/rop/code/Insn;)Z @ 47
Event: 42.494 Thread 0x0000000003460800 Uncommon trap: reason=bimorphic action=maybe_recompile pc=0x0000000003c05a00 method=com.android.dx.ssa.LiteralOpUpgrader.tryReplacingWithConstant(Lcom/android/dx/ssa/NormalSsaInsn;)Z @ 62
Event: 42.557 Thread 0x0000000003460800 Uncommon trap: reason=unstable_if action=reinterpret pc=0x0000000003cb0cd4 method=com.android.dx.ssa.SCCP.simulateBranch(Lcom/android/dx/ssa/SsaInsn;)V @ 548
Event: 42.564 Thread 0x0000000003460800 Uncommon trap: reason=unstable_if action=reinterpret pc=0x0000000003eaa6f0 method=com.android.dx.ssa.SCCP.run()V @ 179
Event: 42.730 Thread 0x0000000003460800 Uncommon trap: reason=unstable_if action=reinterpret pc=0x0000000003e96068 method=com.android.dx.ssa.back.IdenticalBlockCombiner.replaceSucc(Lcom/android/dx/rop/code/BasicBlock;II)V @ 30
Event: 43.285 Thread 0x0000000003460800 Uncommon trap: reason=bimorphic action=maybe_recompile pc=0x0000000003e7e784 method=com.android.dx.cf.code.BytecodeArray.parseInstruction(ILcom/android/dx/cf/code/BytecodeArray$Visitor;)I @ 2135
Event: 43.285 Thread 0x0000000003460800 Uncommon trap: reason=bimorphic action=maybe_recompile pc=0x0000000003e7e784 method=com.android.dx.cf.code.BytecodeArray.parseInstruction(ILcom/android/dx/cf/code/BytecodeArray$Visitor;)I @ 2135
Event: 49.429 Thread 0x0000000003460800 Uncommon trap: reason=unstable_if action=reinterpret pc=0x0000000003cc9dfc method=com.android.dx.cf.code.Merger.mergeType(Lcom/android/dx/rop/type/TypeBearer;Lcom/android/dx/rop/type/TypeBearer;)Lcom/android/dx/rop/type/TypeBearer; @ 77
Event: 52.638 Thread 0x0000000003460800 Uncommon trap: reason=bimorphic action=maybe_recompile pc=0x0000000003f66ae4 method=com.android.dx.cf.code.RopperMachine.run(Lcom/android/dx/cf/code/Frame;II)V @ 310

Internal exceptions (7 events):
Event: 0.095 Thread 0x0000000003460800 Exception <a 'java/lang/NoSuchMethodError': Method sun.misc.Unsafe.defineClass(Ljava/lang/String;[BII)Ljava/lang/Class; name or signature does not match> (0x00000000eab07cc0) thrown at [C:\src\android\AOSP-openjdk\external\jetbrains\jdk\hotspot\src\share\vû¦w]m¸?
Event: 0.095 Thread 0x0000000003460800 Exception <a 'java/lang/NoSuchMethodError': Method sun.misc.Unsafe.prefetchRead(Ljava/lang/Object;J)V name or signature does not match> (0x00000000eab07fa8) thrown at [C:\src\android\AOSP-openjdk\external\jetbrains\jdk\hotspot\src\share\vm\prims\jni.cpp, lä¢ÉÞe@
Event: 6.349 Thread 0x0000000003460800 Exception <a 'java/lang/ArrayIndexOutOfBoundsException': 18> (0x00000000eac7a310) thrown at [C:\src\android\AOSP-openjdk\external\jetbrains\jdk\hotspot\src\share\vm\interpreter\interpreterRuntime.cpp, line 366]
Event: 6.351 Thread 0x0000000003460800 Exception <a 'java/lang/ArrayIndexOutOfBoundsException'> (0x00000000eac7be90) thrown at [C:\src\android\AOSP-openjdk\external\jetbrains\jdk\hotspot\src\share\vm\runtime\sharedRuntime.cpp, line 605]
Event: 6.356 Thread 0x0000000003460800 Exception <a 'java/lang/ArrayIndexOutOfBoundsException'> (0x00000000eac7d178) thrown at [C:\src\android\AOSP-openjdk\external\jetbrains\jdk\hotspot\src\share\vm\runtime\sharedRuntime.cpp, line 605]
Event: 11.357 Thread 0x0000000003460800 Implicit null exception at 0x0000000003a70de7 to 0x0000000003a72501
Event: 11.357 Thread 0x0000000003460800 Implicit null exception at 0x0000000003a569b6 to 0x0000000003a57c05

Events (10 events):
Event: 52.435 Thread 0x0000000003460800 DEOPT UNPACKING pc=0x00000000035a71bf sp=0x000000000308ed40 mode 0
Event: 52.638 Thread 0x0000000003460800 Uncommon trap: trap_request=0xffffffc6 fr.pc=0x0000000003f66ae4
Event: 52.638 Thread 0x0000000003460800 DEOPT PACKING pc=0x0000000003f66ae4 sp=0x000000000308e820
Event: 52.638 Thread 0x0000000003460800 DEOPT UNPACKING pc=0x00000000035a556a sp=0x000000000308e7b0 mode 2
Event: 52.995 Thread 0x0000000003460800 DEOPT PACKING pc=0x0000000003c20250 sp=0x000000000308e6a0
Event: 52.995 Thread 0x0000000003460800 DEOPT UNPACKING pc=0x00000000035a71bf sp=0x000000000308e3e0 mode 0
Event: 53.384 Thread 0x0000000003460800 DEOPT PACKING pc=0x0000000003e6ca84 sp=0x000000000308ee40
Event: 53.384 Thread 0x0000000003460800 DEOPT UNPACKING pc=0x00000000035a71bf sp=0x000000000308ec20 mode 0
Event: 53.558 Executing VM operation: ParallelGCFailedAllocation
Event: 60.298 Executing VM operation: ParallelGCFailedAllocation done


Dynamic libraries:
0x00007ff75ee80000 - 0x00007ff75eeb1000 	C:\Program Files\Android\Android Studio\jre\bin\java.exe
0x00007ff9f8950000 - 0x00007ff9f8b21000 	C:\WINDOWS\SYSTEM32\ntdll.dll
0x00007ff9f8400000 - 0x00007ff9f84ab000 	C:\WINDOWS\System32\KERNEL32.DLL
0x00007ff9f5100000 - 0x00007ff9f531d000 	C:\WINDOWS\System32\KERNELBASE.dll
0x00007ff9f61d0000 - 0x00007ff9f6272000 	C:\WINDOWS\System32\ADVAPI32.dll
0x00007ff9f8750000 - 0x00007ff9f87ee000 	C:\WINDOWS\System32\msvcrt.dll
0x00007ff9f8180000 - 0x00007ff9f81d9000 	C:\WINDOWS\System32\sechost.dll
0x00007ff9f82d0000 - 0x00007ff9f83f1000 	C:\WINDOWS\System32\RPCRT4.dll
0x00007ff9f62e0000 - 0x00007ff9f6445000 	C:\WINDOWS\System32\USER32.dll
0x00007ff9f57e0000 - 0x00007ff9f57fe000 	C:\WINDOWS\System32\win32u.dll
0x00007ff9f6190000 - 0x00007ff9f61c4000 	C:\WINDOWS\System32\GDI32.dll
0x00007ff9f55f0000 - 0x00007ff9f5772000 	C:\WINDOWS\System32\gdi32full.dll
0x00007ff9f3750000 - 0x00007ff9f39c9000 	C:\WINDOWS\WinSxS\amd64_microsoft.windows.common-controls_6595b64144ccf1df_6.0.14393.447_none_42191651c6827bb3\COMCTL32.dll
0x00007ff9f6460000 - 0x00007ff9f6728000 	C:\WINDOWS\System32\combase.dll
0x00007ff9f4e40000 - 0x00007ff9f4f35000 	C:\WINDOWS\System32\ucrtbase.dll
0x00007ff9f5090000 - 0x00007ff9f50fa000 	C:\WINDOWS\System32\bcryptPrimitives.dll
0x00007ff9f81e0000 - 0x00007ff9f820e000 	C:\WINDOWS\System32\IMM32.DLL
0x0000000052c10000 - 0x0000000052ce2000 	C:\Program Files\Android\Android Studio\jre\jre\bin\msvcr100.dll
0x0000000052dd0000 - 0x0000000053604000 	C:\Program Files\Android\Android Studio\jre\jre\bin\server\jvm.dll
0x00007ff9f8170000 - 0x00007ff9f8178000 	C:\WINDOWS\System32\PSAPI.DLL
0x00007ff9f34e0000 - 0x00007ff9f34ea000 	C:\WINDOWS\SYSTEM32\VERSION.dll
0x00007ff9f2780000 - 0x00007ff9f27a3000 	C:\WINDOWS\SYSTEM32\WINMM.dll
0x00007ff9ee110000 - 0x00007ff9ee119000 	C:\WINDOWS\SYSTEM32\WSOCK32.dll
0x00007ff9f5ee0000 - 0x00007ff9f5f4a000 	C:\WINDOWS\System32\WS2_32.dll
0x0000000002f60000 - 0x0000000002f8b000 	C:\WINDOWS\SYSTEM32\WINMMBASE.dll
0x00007ff9f5320000 - 0x00007ff9f5362000 	C:\WINDOWS\System32\cfgmgr32.dll
0x00007ff9f1bf0000 - 0x00007ff9f1bff000 	C:\Program Files\Android\Android Studio\jre\jre\bin\verify.dll
0x00007ff9e5680000 - 0x00007ff9e56a9000 	C:\Program Files\Android\Android Studio\jre\jre\bin\java.dll
0x00007ff9e9bb0000 - 0x00007ff9e9bc6000 	C:\Program Files\Android\Android Studio\jre\jre\bin\zip.dll
0x00007ff9f6730000 - 0x00007ff9f7c39000 	C:\WINDOWS\System32\SHELL32.dll
0x00007ff9f5800000 - 0x00007ff9f5eda000 	C:\WINDOWS\System32\windows.storage.dll
0x00007ff9f4dd0000 - 0x00007ff9f4e1c000 	C:\WINDOWS\System32\powrprof.dll
0x00007ff9f84b0000 - 0x00007ff9f8502000 	C:\WINDOWS\System32\shlwapi.dll
0x00007ff9f4dc0000 - 0x00007ff9f4dcf000 	C:\WINDOWS\System32\kernel.appcore.dll
0x00007ff9f4f40000 - 0x00007ff9f4fe9000 	C:\WINDOWS\System32\shcore.dll
0x00007ff9f4e20000 - 0x00007ff9f4e34000 	C:\WINDOWS\System32\profapi.dll

VM Arguments:
jvm_args: -Djava.awt.headless=true -Xmx1024M -Dfile.encoding=x-windows-949 -Duser.country=KR -Duser.language=ko -Duser.variant 
java_command: com.android.dx.command.Main --dex --multi-dex --main-dex-list C:\GitHub\project\TravelPlanner\app\build\intermediates\multi-dex\debug\maindexlist.txt --output C:\GitHub\project\TravelPlanner\app\build\intermediates\transforms\dex\debug\folders\1000\1f\main C:\GitHub\project\TravelPlanner\app\build\intermediates\transforms\jarMerging\debug\jars\1\1f\combined.jar
java_class_path (initial): C:\Users\a0104\AppData\Local\Android\sdk\build-tools\21.1.2\lib\dx.jar
Launcher Type: SUN_STANDARD

Environment Variables:
JAVA_HOME=C:\Program Files\Java\jdk1.8.0_73
PATH=C:\ProgramData\Oracle\Java\javapath;C:\WINDOWS\system32;C:\WINDOWS;C:\WINDOWS\System32\Wbem;C:\WINDOWS\System32\WindowsPowerShell\v1.0\;C:\Program Files\Java\jdk1.8.0_73\bin;C:\Program Files\Bandizip\7z;C:\Users\a0104\AppData\Local\Microsoft\WindowsApps;
USERNAME=a0104
OS=Windows_NT
PROCESSOR_IDENTIFIER=AMD64 Family 22 Model 0 Stepping 1, AuthenticAMD



---------------  S Y S T E M  ---------------

OS: Windows 10.0 , 64 bit Build 14393 (10.0.14393.0)

CPU:total 4 (4 cores per cpu, 1 threads per core) family 22 model 0 stepping 1, cmov, cx8, fxsr, mmx, sse, sse2, sse3, ssse3, sse4.1, sse4.2, popcnt, avx, aes, clmul, mmxext, 3dnowpref, lzcnt, sse4a, tsc, tscinvbit, tscinv, bmi1

Memory: 4k page, physical 3611584k(107060k free), swap 5708736k(0k free)

vm_info: OpenJDK 64-Bit Server VM (25.76-b03) for windows-amd64 JRE (1.8.0_76-release-b03), built on Jun 29 2016 19:09:20 by "ralucas" with MS VC++ 10.0 (VS2010)

time: Fri Feb 10 03:38:08 2017
elapsed time: 60 seconds (0d 0h 1m 0s)

