#
# There is insufficient memory for the Java Runtime Environment to continue.
# Native memory allocation (malloc) failed to allocate 65552 bytes for Chunk::new
# Possible reasons:
#   The system is out of physical RAM or swap space
#   In 32 bit mode, the process size limit was hit
# Possible solutions:
#   Reduce memory load on the system
#   Increase physical memory or swap space
#   Check if swap backing store is full
#   Use 64 bit Java on a 64 bit OS
#   Decrease Java heap size (-Xmx/-Xms)
#   Decrease number of Java threads
#   Decrease Java thread stack sizes (-Xss)
#   Set larger code cache with -XX:ReservedCodeCacheSize=
# This output file may be truncated or incomplete.
#
#  Out of Memory Error (allocation.cpp:390), pid=10560, tid=0x0000000000002300
#
# JRE version: OpenJDK Runtime Environment (8.0_76-b03) (build 1.8.0_76-release-b03)
# Java VM: OpenJDK 64-Bit Server VM (25.76-b03 mixed mode windows-amd64 compressed oops)
# Failed to write core dump. Minidumps are not enabled by default on client versions of Windows
#

---------------  T H R E A D  ---------------

Current thread (0x0000000015a8d000):  JavaThread "C2 CompilerThread0" daemon [_thread_in_native, id=8960, stack(0x0000000016fd0000,0x00000000170d0000)]

Stack: [0x0000000016fd0000,0x00000000170d0000]
[error occurred during error reporting (printing stack bounds), id 0xc0000005]

Native frames: (J=compiled Java code, j=interpreted, Vv=VM code, C=native code)


Current CompileTask:
C2: 213949 2802       4       com.android.dx.ssa.back.FirstFitLocalCombiningAllocator::addMapping (76 bytes)


---------------  P R O C E S S  ---------------

Java Threads: ( => current thread )
  0x000000001714e000 JavaThread "Service Thread" daemon [_thread_blocked, id=8900, stack(0x00000000176d0000,0x00000000177d0000)]
  0x000000001710b000 JavaThread "C1 CompilerThread2" daemon [_thread_blocked, id=2884, stack(0x00000000175d0000,0x00000000176d0000)]
  0x0000000015add800 JavaThread "C2 CompilerThread1" daemon [_thread_blocked, id=5768, stack(0x00000000174d0000,0x00000000175d0000)]
=>0x0000000015a8d000 JavaThread "C2 CompilerThread0" daemon [_thread_in_native, id=8960, stack(0x0000000016fd0000,0x00000000170d0000)]
  0x0000000015a8c000 JavaThread "Attach Listener" daemon [_thread_blocked, id=6104, stack(0x0000000016ed0000,0x0000000016fd0000)]
  0x0000000015ad8800 JavaThread "Signal Dispatcher" daemon [_thread_blocked, id=5916, stack(0x0000000016dd0000,0x0000000016ed0000)]
  0x0000000015a68800 JavaThread "Finalizer" daemon [_thread_blocked, id=6684, stack(0x0000000016cd0000,0x0000000016dd0000)]
  0x00000000033a2000 JavaThread "Reference Handler" daemon [_thread_blocked, id=1880, stack(0x0000000016bd0000,0x0000000016cd0000)]
  0x00000000032b0800 JavaThread "main" [_thread_in_Java, id=7976, stack(0x00000000030e0000,0x00000000031e0000)]

Other Threads:
  0x0000000015a45000 VMThread [stack: 0x0000000016ad0000,0x0000000016bd0000] [id=3004]
  0x0000000017170000 WatcherThread [stack: 0x00000000177d0000,0x00000000178d0000] [id=10472]

VM state:not at safepoint (normal execution)

VM Mutex/Monitor currently owned by a thread: None

Heap:
 PSYoungGen      total 211456K, used 140113K [0x00000000eab00000, 0x00000000fc400000, 0x0000000100000000)
  eden space 161792K, 55% used [0x00000000eab00000,0x00000000f035c1b8,0x00000000f4900000)
  from space 49664K, 99% used [0x00000000f8180000,0x00000000fb1f83e8,0x00000000fb200000)
  to   space 57856K, 0% used [0x00000000f4900000,0x00000000f4900000,0x00000000f8180000)
 ParOldGen       total 233984K, used 161849K [0x00000000c0000000, 0x00000000ce480000, 0x00000000eab00000)
  object space 233984K, 69% used [0x00000000c0000000,0x00000000c9e0e628,0x00000000ce480000)
 Metaspace       used 6252K, capacity 7216K, committed 7296K, reserved 1056768K
  class space    used 574K, capacity 616K, committed 640K, reserved 1048576K

Card table byte_map: [0x0000000012770000,0x0000000012980000] byte_map_base: 0x0000000012170000

Marking Bits: (ParMarkBitMap*) 0x0000000065869d00
 Begin Bits: [0x0000000012ee0000, 0x0000000013ee0000)
 End Bits:   [0x0000000013ee0000, 0x0000000014ee0000)

Polling page: 0x0000000001530000

CodeCache: size=245760Kb used=10829Kb max_used=11730Kb free=234930Kb
 bounds [0x00000000033b0000, 0x0000000003f50000, 0x00000000123b0000]
 total_blobs=2351 nmethods=2083 adapters=182
 compilation: enabled

Compilation events (10 events):
Event: 213.434 Thread 0x0000000015a8d000 2798       4       com.android.dx.dex.file.AnnotationItem::<init> (41 bytes)
Event: 213.520 Thread 0x000000001710b000 2799       3       com.android.dx.cf.code.OneLocalsArray::invalidate (12 bytes)
Event: 213.522 Thread 0x000000001710b000 nmethod 2799 0x0000000003633b10 code [0x0000000003633ca0, 0x0000000003634148]
Event: 213.533 Thread 0x0000000015add800 nmethod 2797 0x000000000385ad50 code [0x000000000385b020, 0x000000000385c8c0]
Event: 213.558 Thread 0x0000000015add800 2800       4       com.android.dx.cf.attrib.InnerClassList$Item::<init> (40 bytes)
Event: 213.562 Thread 0x0000000015add800 nmethod 2800 0x0000000003788690 code [0x00000000037887c0, 0x0000000003788878]
Event: 213.665 Thread 0x0000000015a8d000 nmethod 2798 0x0000000003e1d3d0 code [0x0000000003e1d700, 0x0000000003e1f790]
Event: 213.694 Thread 0x0000000015add800 2801       4       java.util.zip.ZipEntry::isDirectory (10 bytes)
Event: 213.699 Thread 0x0000000015add800 nmethod 2801 0x00000000034e8ed0 code [0x00000000034e9020, 0x00000000034e90f8]
Event: 213.709 Thread 0x0000000015a8d000 2802       4       com.android.dx.ssa.back.FirstFitLocalCombiningAllocator::addMapping (76 bytes)

GC Heap History (10 events):
Event: 197.852 GC heap before
{Heap before GC invocations=15 (full 2):
 PSYoungGen      total 190976K, used 190965K [0x00000000eab00000, 0x00000000f9f00000, 0x0000000100000000)
  eden space 162304K, 100% used [0x00000000eab00000,0x00000000f4980000,0x00000000f4980000)
  from space 28672K, 99% used [0x00000000f6d80000,0x00000000f897d620,0x00000000f8980000)
  to   space 36864K, 0% used [0x00000000f4980000,0x00000000f4980000,0x00000000f6d80000)
 ParOldGen       total 135680K, used 82110K [0x00000000c0000000, 0x00000000c8480000, 0x00000000eab00000)
  object space 135680K, 60% used [0x00000000c0000000,0x00000000c502f890,0x00000000c8480000)
 Metaspace       used 6225K, capacity 7216K, committed 7296K, reserved 1056768K
  class space    used 574K, capacity 616K, committed 640K, reserved 1048576K
Event: 198.155 GC heap after
Heap after GC invocations=15 (full 2):
 PSYoungGen      total 199168K, used 28263K [0x00000000eab00000, 0x00000000f9e80000, 0x0000000100000000)
  eden space 162304K, 0% used [0x00000000eab00000,0x00000000eab00000,0x00000000f4980000)
  from space 36864K, 76% used [0x00000000f4980000,0x00000000f6519cb8,0x00000000f6d80000)
  to   space 39424K, 0% used [0x00000000f7800000,0x00000000f7800000,0x00000000f9e80000)
 ParOldGen       total 135680K, used 110899K [0x00000000c0000000, 0x00000000c8480000, 0x00000000eab00000)
  object space 135680K, 81% used [0x00000000c0000000,0x00000000c6c4cc40,0x00000000c8480000)
 Metaspace       used 6225K, capacity 7216K, committed 7296K, reserved 1056768K
  class space    used 574K, capacity 616K, committed 640K, reserved 1048576K
}
Event: 201.238 GC heap before
{Heap before GC invocations=16 (full 2):
 PSYoungGen      total 199168K, used 190567K [0x00000000eab00000, 0x00000000f9e80000, 0x0000000100000000)
  eden space 162304K, 100% used [0x00000000eab00000,0x00000000f4980000,0x00000000f4980000)
  from space 36864K, 76% used [0x00000000f4980000,0x00000000f6519cb8,0x00000000f6d80000)
  to   space 39424K, 0% used [0x00000000f7800000,0x00000000f7800000,0x00000000f9e80000)
 ParOldGen       total 135680K, used 110899K [0x00000000c0000000, 0x00000000c8480000, 0x00000000eab00000)
  object space 135680K, 81% used [0x00000000c0000000,0x00000000c6c4cc40,0x00000000c8480000)
 Metaspace       used 6233K, capacity 7216K, committed 7296K, reserved 1056768K
  class space    used 574K, capacity 616K, committed 640K, reserved 1048576K
Event: 201.492 GC heap after
Heap after GC invocations=16 (full 2):
 PSYoungGen      total 198656K, used 39398K [0x00000000eab00000, 0x00000000fb600000, 0x0000000100000000)
  eden space 159232K, 0% used [0x00000000eab00000,0x00000000eab00000,0x00000000f4680000)
  from space 39424K, 99% used [0x00000000f7800000,0x00000000f9e79960,0x00000000f9e80000)
  to   space 50688K, 0% used [0x00000000f4680000,0x00000000f4680000,0x00000000f7800000)
 ParOldGen       total 135680K, used 124615K [0x00000000c0000000, 0x00000000c8480000, 0x00000000eab00000)
  object space 135680K, 91% used [0x00000000c0000000,0x00000000c79b1fc0,0x00000000c8480000)
 Metaspace       used 6233K, capacity 7216K, committed 7296K, reserved 1056768K
  class space    used 574K, capacity 616K, committed 640K, reserved 1048576K
}
Event: 201.492 GC heap before
{Heap before GC invocations=17 (full 3):
 PSYoungGen      total 198656K, used 39398K [0x00000000eab00000, 0x00000000fb600000, 0x0000000100000000)
  eden space 159232K, 0% used [0x00000000eab00000,0x00000000eab00000,0x00000000f4680000)
  from space 39424K, 99% used [0x00000000f7800000,0x00000000f9e79960,0x00000000f9e80000)
  to   space 50688K, 0% used [0x00000000f4680000,0x00000000f4680000,0x00000000f7800000)
 ParOldGen       total 135680K, used 124615K [0x00000000c0000000, 0x00000000c8480000, 0x00000000eab00000)
  object space 135680K, 91% used [0x00000000c0000000,0x00000000c79b1fc0,0x00000000c8480000)
 Metaspace       used 6233K, capacity 7216K, committed 7296K, reserved 1056768K
  class space    used 574K, capacity 616K, committed 640K, reserved 1048576K
Event: 206.135 GC heap after
Heap after GC invocations=17 (full 3):
 PSYoungGen      total 198656K, used 25989K [0x00000000eab00000, 0x00000000fb600000, 0x0000000100000000)
  eden space 159232K, 0% used [0x00000000eab00000,0x00000000eab00000,0x00000000f4680000)
  from space 39424K, 65% used [0x00000000f7800000,0x00000000f91617e8,0x00000000f9e80000)
  to   space 50688K, 0% used [0x00000000f4680000,0x00000000f4680000,0x00000000f7800000)
 ParOldGen       total 233984K, used 135568K [0x00000000c0000000, 0x00000000ce480000, 0x00000000eab00000)
  object space 233984K, 57% used [0x00000000c0000000,0x00000000c8464328,0x00000000ce480000)
 Metaspace       used 6233K, capacity 7216K, committed 7296K, reserved 1056768K
  class space    used 574K, capacity 616K, committed 640K, reserved 1048576K
}
Event: 209.223 GC heap before
{Heap before GC invocations=18 (full 3):
 PSYoungGen      total 198656K, used 185221K [0x00000000eab00000, 0x00000000fb600000, 0x0000000100000000)
  eden space 159232K, 100% used [0x00000000eab00000,0x00000000f4680000,0x00000000f4680000)
  from space 39424K, 65% used [0x00000000f7800000,0x00000000f91617e8,0x00000000f9e80000)
  to   space 50688K, 0% used [0x00000000f4680000,0x00000000f4680000,0x00000000f7800000)
 ParOldGen       total 233984K, used 135568K [0x00000000c0000000, 0x00000000ce480000, 0x00000000eab00000)
  object space 233984K, 57% used [0x00000000c0000000,0x00000000c8464328,0x00000000ce480000)
 Metaspace       used 6239K, capacity 7216K, committed 7296K, reserved 1056768K
  class space    used 574K, capacity 616K, committed 640K, reserved 1048576K
Event: 209.612 GC heap after
Heap after GC invocations=18 (full 3):
 PSYoungGen      total 209920K, used 25708K [0x00000000eab00000, 0x00000000fb200000, 0x0000000100000000)
  eden space 159232K, 0% used [0x00000000eab00000,0x00000000eab00000,0x00000000f4680000)
  from space 50688K, 50% used [0x00000000f4680000,0x00000000f5f9b050,0x00000000f7800000)
  to   space 49664K, 0% used [0x00000000f8180000,0x00000000f8180000,0x00000000fb200000)
 ParOldGen       total 233984K, used 161674K [0x00000000c0000000, 0x00000000ce480000, 0x00000000eab00000)
  object space 233984K, 69% used [0x00000000c0000000,0x00000000c9de2b40,0x00000000ce480000)
 Metaspace       used 6239K, capacity 7216K, committed 7296K, reserved 1056768K
  class space    used 574K, capacity 616K, committed 640K, reserved 1048576K
}
Event: 212.214 GC heap before
{Heap before GC invocations=19 (full 3):
 PSYoungGen      total 209920K, used 184940K [0x00000000eab00000, 0x00000000fb200000, 0x0000000100000000)
  eden space 159232K, 100% used [0x00000000eab00000,0x00000000f4680000,0x00000000f4680000)
  from space 50688K, 50% used [0x00000000f4680000,0x00000000f5f9b050,0x00000000f7800000)
  to   space 49664K, 0% used [0x00000000f8180000,0x00000000f8180000,0x00000000fb200000)
 ParOldGen       total 233984K, used 161674K [0x00000000c0000000, 0x00000000ce480000, 0x00000000eab00000)
  object space 233984K, 69% used [0x00000000c0000000,0x00000000c9de2b40,0x00000000ce480000)
 Metaspace       used 6252K, capacity 7216K, committed 7296K, reserved 1056768K
  class space    used 574K, capacity 616K, committed 640K, reserved 1048576K
Event: 212.496 GC heap after
Heap after GC invocations=19 (full 3):
 PSYoungGen      total 211456K, used 49632K [0x00000000eab00000, 0x00000000fc400000, 0x0000000100000000)
  eden space 161792K, 0% used [0x00000000eab00000,0x00000000eab00000,0x00000000f4900000)
  from space 49664K, 99% used [0x00000000f8180000,0x00000000fb1f83e8,0x00000000fb200000)
  to   space 57856K, 0% used [0x00000000f4900000,0x00000000f4900000,0x00000000f8180000)
 ParOldGen       total 233984K, used 161849K [0x00000000c0000000, 0x00000000ce480000, 0x00000000eab00000)
  object space 233984K, 69% used [0x00000000c0000000,0x00000000c9e0e628,0x00000000ce480000)
 Metaspace       used 6252K, capacity 7216K, committed 7296K, reserved 1056768K
  class space    used 574K, capacity 616K, committed 640K, reserved 1048576K
}

Deoptimization events (10 events):
Event: 206.162 Thread 0x00000000032b0800 Uncommon trap: reason=class_check action=maybe_recompile pc=0x00000000035fe2b0 method=com.android.dx.cf.code.Ropper.processBlock(Lcom/android/dx/cf/code/ByteBlock;Lcom/android/dx/cf/code/Frame;[I)V @ 711
Event: 206.162 Thread 0x00000000032b0800 Uncommon trap: reason=class_check action=maybe_recompile pc=0x00000000035fe2b0 method=com.android.dx.cf.code.Ropper.processBlock(Lcom/android/dx/cf/code/ByteBlock;Lcom/android/dx/cf/code/Frame;[I)V @ 711
Event: 206.410 Thread 0x00000000032b0800 Uncommon trap: reason=unstable_if action=reinterpret pc=0x00000000034fe270 method=com.android.dx.ssa.SCCP.simulateStmt(Lcom/android/dx/ssa/SsaInsn;)V @ 435
Event: 208.580 Thread 0x00000000032b0800 Uncommon trap: reason=unstable_if action=reinterpret pc=0x0000000003a2bb8c method=com.android.dx.rop.code.LocalItem.compareHandlesNulls(Lcom/android/dx/rop/cst/CstString;Lcom/android/dx/rop/cst/CstString;)I @ 14
Event: 209.035 Thread 0x00000000032b0800 Uncommon trap: reason=unstable_if action=reinterpret pc=0x0000000003dfdf84 method=java.util.BitSet.nextClearBit(I)I @ 70
Event: 209.052 Thread 0x00000000032b0800 Uncommon trap: reason=unstable_if action=reinterpret pc=0x0000000003d3c5fc method=java.util.BitSet.set(II)V @ 48
Event: 209.052 Thread 0x00000000032b0800 Uncommon trap: reason=unstable_if action=reinterpret pc=0x0000000003bffb80 method=java.util.BitSet.set(II)V @ 48
Event: 209.057 Thread 0x00000000032b0800 Uncommon trap: reason=unstable_if action=reinterpret pc=0x0000000003e0b014 method=java.util.BitSet.set(II)V @ 48
Event: 210.159 Thread 0x00000000032b0800 Uncommon trap: reason=speculate_class_check action=maybe_recompile pc=0x0000000003634c54 method=com.android.dx.rop.cst.TypedConstant.getBasicType()I @ 1
Event: 210.614 Thread 0x00000000032b0800 Uncommon trap: reason=speculate_class_check action=maybe_recompile pc=0x0000000003634c54 method=com.android.dx.rop.cst.TypedConstant.getBasicType()I @ 1

Internal exceptions (9 events):
Event: 0.113 Thread 0x00000000032b0800 Exception <a 'java/lang/NoSuchMethodError': Method sun.misc.Unsafe.defineClass(Ljava/lang/String;[BII)Ljava/lang/Class; name or signature does not match> (0x00000000eab07cc0) thrown at [C:\src\android\AOSP-openjdk\external\jetbrains\jdk\hotspot\src\share\v±]Ígq½?
Event: 0.114 Thread 0x00000000032b0800 Exception <a 'java/lang/NoSuchMethodError': Method sun.misc.Unsafe.prefetchRead(Ljava/lang/Object;J)V name or signature does not match> (0x00000000eab07fa8) thrown at [C:\src\android\AOSP-openjdk\external\jetbrains\jdk\hotspot\src\share\vm\prims\jni.cpp, l$Ö+Þ
ä@
Event: 3.736 Thread 0x00000000032b0800 Implicit null exception at 0x0000000003770f62 to 0x0000000003771052
Event: 6.457 Thread 0x00000000032b0800 Exception <a 'java/lang/ArrayIndexOutOfBoundsException': 18> (0x00000000eace4d08) thrown at [C:\src\android\AOSP-openjdk\external\jetbrains\jdk\hotspot\src\share\vm\interpreter\interpreterRuntime.cpp, line 366]
Event: 6.458 Thread 0x00000000032b0800 Exception <a 'java/lang/ArrayIndexOutOfBoundsException'> (0x00000000eace6888) thrown at [C:\src\android\AOSP-openjdk\external\jetbrains\jdk\hotspot\src\share\vm\runtime\sharedRuntime.cpp, line 605]
Event: 6.461 Thread 0x00000000032b0800 Exception <a 'java/lang/ArrayIndexOutOfBoundsException'> (0x00000000eace7b70) thrown at [C:\src\android\AOSP-openjdk\external\jetbrains\jdk\hotspot\src\share\vm\runtime\sharedRuntime.cpp, line 605]
Event: 9.936 Thread 0x00000000032b0800 Implicit null exception at 0x00000000038cc41a to 0x00000000038ce4e1
Event: 9.942 Thread 0x00000000032b0800 Implicit null exception at 0x00000000038bf165 to 0x00000000038c1821
Event: 208.580 Thread 0x00000000032b0800 Implicit null exception at 0x0000000003a2a6ee to 0x0000000003a2bb6d

Events (10 events):
Event: 213.099 Thread 0x0000000015add800 flushing nmethod 0x0000000003633b10
Event: 213.522 Thread 0x000000001710b000 flushing nmethod 0x00000000037f5b90
Event: 213.522 Thread 0x000000001710b000 flushing nmethod 0x00000000037f7c10
Event: 213.534 Thread 0x0000000015add800 flushing nmethod 0x00000000038271d0
Event: 213.534 Thread 0x0000000015add800 flushing nmethod 0x000000000384ee50
Event: 213.534 Thread 0x0000000015add800 flushing nmethod 0x0000000003869710
Event: 213.534 Thread 0x0000000015add800 flushing nmethod 0x0000000003882610
Event: 213.562 Thread 0x0000000015add800 flushing nmethod 0x00000000038e63d0
Event: 213.562 Thread 0x0000000015add800 flushing nmethod 0x000000000390fe90
Event: 213.563 Thread 0x0000000015add800 flushing nmethod 0x0000000003962f90


Dynamic libraries:
0x00007ff750280000 - 0x00007ff7502b1000 	C:\Program Files\Android\Android Studio\jre\bin\java.exe
0x00007ff9a3cf0000 - 0x00007ff9a3ec1000 	C:\WINDOWS\SYSTEM32\ntdll.dll
0x00007ff9a14f0000 - 0x00007ff9a159b000 	C:\WINDOWS\System32\KERNEL32.DLL
0x00007ff9a0d40000 - 0x00007ff9a0f5d000 	C:\WINDOWS\System32\KERNELBASE.dll
0x00007ff9a1b40000 - 0x00007ff9a1be2000 	C:\WINDOWS\System32\ADVAPI32.dll
0x00007ff9a3c30000 - 0x00007ff9a3cce000 	C:\WINDOWS\System32\msvcrt.dll
0x00007ff9a3a30000 - 0x00007ff9a3a89000 	C:\WINDOWS\System32\sechost.dll
0x00007ff9a3900000 - 0x00007ff9a3a21000 	C:\WINDOWS\System32\RPCRT4.dll
0x00007ff9a1380000 - 0x00007ff9a14e5000 	C:\WINDOWS\System32\USER32.dll
0x00007ff9a0b30000 - 0x00007ff9a0b4e000 	C:\WINDOWS\System32\win32u.dll
0x00007ff9a15c0000 - 0x00007ff9a15f4000 	C:\WINDOWS\System32\GDI32.dll
0x00007ff9a0b50000 - 0x00007ff9a0cd2000 	C:\WINDOWS\System32\gdi32full.dll
0x00007ff994f00000 - 0x00007ff995179000 	C:\WINDOWS\WinSxS\amd64_microsoft.windows.common-controls_6595b64144ccf1df_6.0.14393.447_none_42191651c6827bb3\COMCTL32.dll
0x00007ff9a1700000 - 0x00007ff9a19c8000 	C:\WINDOWS\System32\combase.dll
0x00007ff9a0350000 - 0x00007ff9a0445000 	C:\WINDOWS\System32\ucrtbase.dll
0x00007ff9a0290000 - 0x00007ff9a02fa000 	C:\WINDOWS\System32\bcryptPrimitives.dll
0x00007ff9a1b10000 - 0x00007ff9a1b3e000 	C:\WINDOWS\System32\IMM32.DLL
0x0000000064ba0000 - 0x0000000064c72000 	C:\Program Files\Android\Android Studio\jre\jre\bin\msvcr100.dll
0x00000000650b0000 - 0x00000000658e4000 	C:\Program Files\Android\Android Studio\jre\jre\bin\server\jvm.dll
0x00007ff9a3ce0000 - 0x00007ff9a3ce8000 	C:\WINDOWS\System32\PSAPI.DLL
0x00007ff994e90000 - 0x00007ff994e99000 	C:\WINDOWS\SYSTEM32\WSOCK32.dll
0x00007ff99e4d0000 - 0x00007ff99e4f3000 	C:\WINDOWS\SYSTEM32\WINMM.dll
0x00007ff9a3820000 - 0x00007ff9a388a000 	C:\WINDOWS\System32\WS2_32.dll
0x00007ff99c8d0000 - 0x00007ff99c8da000 	C:\WINDOWS\SYSTEM32\VERSION.dll
0x00007ff99e0d0000 - 0x00007ff99e0fb000 	C:\WINDOWS\SYSTEM32\WINMMBASE.dll
0x00007ff9a0300000 - 0x00007ff9a0342000 	C:\WINDOWS\System32\cfgmgr32.dll
0x00007ff99c890000 - 0x00007ff99c89f000 	C:\Program Files\Android\Android Studio\jre\jre\bin\verify.dll
0x00007ff9957b0000 - 0x00007ff9957d9000 	C:\Program Files\Android\Android Studio\jre\jre\bin\java.dll
0x00007ff995700000 - 0x00007ff995716000 	C:\Program Files\Android\Android Studio\jre\jre\bin\zip.dll
0x00007ff9a1e10000 - 0x00007ff9a3319000 	C:\WINDOWS\System32\SHELL32.dll
0x00007ff9a0450000 - 0x00007ff9a0b2a000 	C:\WINDOWS\System32\windows.storage.dll
0x00007ff9a0190000 - 0x00007ff9a01dc000 	C:\WINDOWS\System32\powrprof.dll
0x00007ff9a3320000 - 0x00007ff9a3372000 	C:\WINDOWS\System32\shlwapi.dll
0x00007ff9a0180000 - 0x00007ff9a018f000 	C:\WINDOWS\System32\kernel.appcore.dll
0x00007ff9a01e0000 - 0x00007ff9a0289000 	C:\WINDOWS\System32\shcore.dll
0x00007ff9a0150000 - 0x00007ff9a0164000 	C:\WINDOWS\System32\profapi.dll

VM Arguments:
jvm_args: -Djava.awt.headless=true -Xmx1024M -Dfile.encoding=x-windows-949 -Duser.country=KR -Duser.language=ko -Duser.variant 
java_command: com.android.dx.command.Main --dex --multi-dex --main-dex-list C:\GitHub\project\TravelPlanner\app\build\intermediates\multi-dex\debug\maindexlist.txt --output C:\GitHub\project\TravelPlanner\app\build\intermediates\transforms\dex\debug\folders\1000\1f\main C:\GitHub\project\TravelPlanner\app\build\intermediates\transforms\jarMerging\debug\jars\1\1f\combined.jar
java_class_path (initial): C:\Users\a0104\AppData\Local\Android\sdk\build-tools\21.1.2\lib\dx.jar
Launcher Type: SUN_STANDARD

Environment Variables:
JAVA_HOME=C:\Program Files\Java\jdk1.8.0_73
PATH=C:\ProgramData\Oracle\Java\javapath;C:\WINDOWS\system32;C:\WINDOWS;C:\WINDOWS\System32\Wbem;C:\WINDOWS\System32\WindowsPowerShell\v1.0\;C:\Program Files\Java\jdk1.8.0_73\bin;C:\Program Files\Bandizip\7z;C:\Users\a0104\AppData\Local\Microsoft\WindowsApps;
USERNAME=a0104
OS=Windows_NT
PROCESSOR_IDENTIFIER=AMD64 Family 22 Model 0 Stepping 1, AuthenticAMD



---------------  S Y S T E M  ---------------

OS: Windows 10.0 , 64 bit Build 14393 (10.0.14393.0)

CPU:total 4 (4 cores per cpu, 1 threads per core) family 22 model 0 stepping 1, cmov, cx8, fxsr, mmx, sse, sse2, sse3, ssse3, sse4.1, sse4.2, popcnt, avx, aes, clmul, mmxext, 3dnowpref, lzcnt, sse4a, tsc, tscinvbit, tscinv, bmi1

Memory: 4k page, physical 3611584k(296008k free), swap 5708736k(5128k free)

vm_info: OpenJDK 64-Bit Server VM (25.76-b03) for windows-amd64 JRE (1.8.0_76-release-b03), built on Jun 29 2016 19:09:20 by "ralucas" with MS VC++ 10.0 (VS2010)

time: Mon Feb 13 14:17:55 2017
elapsed time: 213 seconds (0d 0h 3m 33s)

